{"C:\\Users\\guill\\Documents\\Freelance\\Maya Mobile App\\components\\animated-screen.tsx": {"path":"C:\\Users\\guill\\Documents\\Freelance\\Maya Mobile App\\components\\animated-screen.tsx","statementMap":{"0":{"start":{"line":15,"column":18},"end":{"line":15,"column":35}},"1":{"start":{"line":16,"column":21},"end":{"line":16,"column":39}},"2":{"start":{"line":17,"column":16},"end":{"line":17,"column":35}},"3":{"start":{"line":19,"column":2},"end":{"line":27,"column":14}},"4":{"start":{"line":20,"column":18},"end":{"line":24,"column":13}},"5":{"start":{"line":21,"column":6},"end":{"line":21,"column":55}},"6":{"start":{"line":22,"column":6},"end":{"line":22,"column":58}},"7":{"start":{"line":23,"column":6},"end":{"line":23,"column":53}},"8":{"start":{"line":26,"column":4},"end":{"line":26,"column":37}},"9":{"start":{"line":26,"column":17},"end":{"line":26,"column":36}},"10":{"start":{"line":29,"column":24},"end":{"line":37,"column":4}},"11":{"start":{"line":30,"column":4},"end":{"line":36,"column":6}},"12":{"start":{"line":39,"column":2},"end":{"line":43,"column":4}},"13":{"start":{"line":46,"column":15},"end":{"line":50,"column":2}}},"fnMap":{"0":{"name":"AnimatedScreen","decl":{"start":{"line":14,"column":16},"end":{"line":14,"column":30}},"loc":{"start":{"line":14,"column":77},"end":{"line":44,"column":1}},"line":14},"1":{"name":"(anonymous_1)","decl":{"start":{"line":19,"column":12},"end":{"line":19,"column":13}},"loc":{"start":{"line":19,"column":18},"end":{"line":27,"column":3}},"line":19},"2":{"name":"(anonymous_2)","decl":{"start":{"line":20,"column":29},"end":{"line":20,"column":30}},"loc":{"start":{"line":20,"column":35},"end":{"line":24,"column":5}},"line":20},"3":{"name":"(anonymous_3)","decl":{"start":{"line":26,"column":11},"end":{"line":26,"column":12}},"loc":{"start":{"line":26,"column":17},"end":{"line":26,"column":36}},"line":26},"4":{"name":"(anonymous_4)","decl":{"start":{"line":29,"column":41},"end":{"line":29,"column":42}},"loc":{"start":{"line":29,"column":47},"end":{"line":37,"column":3}},"line":29}},"branchMap":{"0":{"loc":{"start":{"line":14,"column":43},"end":{"line":14,"column":52}},"type":"default-arg","locations":[{"start":{"line":14,"column":51},"end":{"line":14,"column":52}}],"line":14}},"s":{"0":0,"1":0,"2":0,"3":0,"4":0,"5":0,"6":0,"7":0,"8":0,"9":0,"10":0,"11":0,"12":0,"13":0},"f":{"0":0,"1":0,"2":0,"3":0,"4":0},"b":{"0":[0]}}
,"C:\\Users\\guill\\Documents\\Freelance\\Maya Mobile App\\components\\debug-users-viewer.tsx": {"path":"C:\\Users\\guill\\Documents\\Freelance\\Maya Mobile App\\components\\debug-users-viewer.tsx","statementMap":{"0":{"start":{"line":27,"column":28},"end":{"line":27,"column":54}},"1":{"start":{"line":28,"column":32},"end":{"line":28,"column":47}},"2":{"start":{"line":30,"column":2},"end":{"line":34,"column":16}},"3":{"start":{"line":31,"column":4},"end":{"line":33,"column":5}},"4":{"start":{"line":32,"column":6},"end":{"line":32,"column":18}},"5":{"start":{"line":36,"column":20},"end":{"line":46,"column":3}},"6":{"start":{"line":37,"column":4},"end":{"line":37,"column":21}},"7":{"start":{"line":38,"column":4},"end":{"line":45,"column":5}},"8":{"start":{"line":39,"column":23},"end":{"line":39,"column":54}},"9":{"start":{"line":40,"column":6},"end":{"line":40,"column":25}},"10":{"start":{"line":42,"column":6},"end":{"line":42,"column":70}},"11":{"start":{"line":44,"column":6},"end":{"line":44,"column":24}},"12":{"start":{"line":48,"column":22},"end":{"line":69,"column":3}},"13":{"start":{"line":49,"column":4},"end":{"line":68,"column":6}},"14":{"start":{"line":58,"column":12},"end":{"line":64,"column":13}},"15":{"start":{"line":59,"column":14},"end":{"line":59,"column":45}},"16":{"start":{"line":60,"column":14},"end":{"line":60,"column":32}},"17":{"start":{"line":61,"column":14},"end":{"line":61,"column":66}},"18":{"start":{"line":63,"column":14},"end":{"line":63,"column":68}},"19":{"start":{"line":71,"column":2},"end":{"line":147,"column":4}},"20":{"start":{"line":104,"column":33},"end":{"line":104,"column":51}},"21":{"start":{"line":106,"column":14},"end":{"line":128,"column":16}},"22":{"start":{"line":177,"column":15},"end":{"line":318,"column":2}}},"fnMap":{"0":{"name":"DebugUsersViewer","decl":{"start":{"line":26,"column":16},"end":{"line":26,"column":32}},"loc":{"start":{"line":26,"column":78},"end":{"line":148,"column":1}},"line":26},"1":{"name":"(anonymous_1)","decl":{"start":{"line":30,"column":12},"end":{"line":30,"column":13}},"loc":{"start":{"line":30,"column":18},"end":{"line":34,"column":3}},"line":30},"2":{"name":"(anonymous_2)","decl":{"start":{"line":36,"column":20},"end":{"line":36,"column":21}},"loc":{"start":{"line":36,"column":32},"end":{"line":46,"column":3}},"line":36},"3":{"name":"(anonymous_3)","decl":{"start":{"line":48,"column":22},"end":{"line":48,"column":23}},"loc":{"start":{"line":48,"column":28},"end":{"line":69,"column":3}},"line":48},"4":{"name":"(anonymous_4)","decl":{"start":{"line":57,"column":19},"end":{"line":57,"column":20}},"loc":{"start":{"line":57,"column":31},"end":{"line":65,"column":11}},"line":57},"5":{"name":"(anonymous_5)","decl":{"start":{"line":101,"column":22},"end":{"line":101,"column":23}},"loc":{"start":{"line":101,"column":39},"end":{"line":129,"column":13}},"line":101}},"branchMap":{"0":{"loc":{"start":{"line":31,"column":4},"end":{"line":33,"column":5}},"type":"if","locations":[{"start":{"line":31,"column":4},"end":{"line":33,"column":5}},{"start":{},"end":{}}],"line":31},"1":{"loc":{"start":{"line":96,"column":11},"end":{"line":130,"column":11}},"type":"cond-expr","locations":[{"start":{"line":97,"column":12},"end":{"line":97,"column":65}},{"start":{"line":98,"column":14},"end":{"line":130,"column":11}}],"line":96},"2":{"loc":{"start":{"line":98,"column":14},"end":{"line":130,"column":11}},"type":"cond-expr","locations":[{"start":{"line":99,"column":12},"end":{"line":99,"column":67}},{"start":{"line":101,"column":12},"end":{"line":129,"column":14}}],"line":98},"3":{"loc":{"start":{"line":116,"column":47},"end":{"line":116,"column":81}},"type":"cond-expr","locations":[{"start":{"line":116,"column":60},"end":{"line":116,"column":69}},{"start":{"line":116,"column":72},"end":{"line":116,"column":81}}],"line":116}},"s":{"0":0,"1":0,"2":0,"3":0,"4":0,"5":0,"6":0,"7":0,"8":0,"9":0,"10":0,"11":0,"12":0,"13":0,"14":0,"15":0,"16":0,"17":0,"18":0,"19":0,"20":0,"21":0,"22":0},"f":{"0":0,"1":0,"2":0,"3":0,"4":0,"5":0},"b":{"0":[0,0],"1":[0,0],"2":[0,0],"3":[0,0]}}
,"C:\\Users\\guill\\Documents\\Freelance\\Maya Mobile App\\components\\external-link.tsx": {"path":"C:\\Users\\guill\\Documents\\Freelance\\Maya Mobile App\\components\\external-link.tsx","statementMap":{"0":{"start":{"line":8,"column":2},"end":{"line":24,"column":4}},"1":{"start":{"line":14,"column":8},"end":{"line":21,"column":9}},"2":{"start":{"line":16,"column":10},"end":{"line":16,"column":33}},"3":{"start":{"line":18,"column":10},"end":{"line":20,"column":13}}},"fnMap":{"0":{"name":"ExternalLink","decl":{"start":{"line":7,"column":16},"end":{"line":7,"column":28}},"loc":{"start":{"line":7,"column":55},"end":{"line":25,"column":1}},"line":7},"1":{"name":"(anonymous_1)","decl":{"start":{"line":13,"column":15},"end":{"line":13,"column":16}},"loc":{"start":{"line":13,"column":32},"end":{"line":22,"column":7}},"line":13}},"branchMap":{"0":{"loc":{"start":{"line":14,"column":8},"end":{"line":21,"column":9}},"type":"if","locations":[{"start":{"line":14,"column":8},"end":{"line":21,"column":9}},{"start":{},"end":{}}],"line":14}},"s":{"0":0,"1":0,"2":0,"3":0},"f":{"0":0,"1":0},"b":{"0":[0,0]}}
,"C:\\Users\\guill\\Documents\\Freelance\\Maya Mobile App\\components\\feature-icon.tsx": {"path":"C:\\Users\\guill\\Documents\\Freelance\\Maya Mobile App\\components\\feature-icon.tsx","statementMap":{"0":{"start":{"line":25,"column":16},"end":{"line":25,"column":33}},"1":{"start":{"line":26,"column":19},"end":{"line":26,"column":36}},"2":{"start":{"line":28,"column":2},"end":{"line":34,"column":17}},"3":{"start":{"line":29,"column":4},"end":{"line":33,"column":5}},"4":{"start":{"line":31,"column":6},"end":{"line":31,"column":53}},"5":{"start":{"line":32,"column":6},"end":{"line":32,"column":56}},"6":{"start":{"line":36,"column":24},"end":{"line":41,"column":5}},"7":{"start":{"line":36,"column":48},"end":{"line":41,"column":3}},"8":{"start":{"line":43,"column":2},"end":{"line":53,"column":4}},"9":{"start":{"line":56,"column":15},"end":{"line":100,"column":2}}},"fnMap":{"0":{"name":"FeatureIcon","decl":{"start":{"line":18,"column":16},"end":{"line":18,"column":27}},"loc":{"start":{"line":24,"column":21},"end":{"line":54,"column":1}},"line":24},"1":{"name":"(anonymous_1)","decl":{"start":{"line":28,"column":18},"end":{"line":28,"column":19}},"loc":{"start":{"line":28,"column":24},"end":{"line":34,"column":3}},"line":28},"2":{"name":"(anonymous_2)","decl":{"start":{"line":36,"column":41},"end":{"line":36,"column":42}},"loc":{"start":{"line":36,"column":48},"end":{"line":41,"column":3}},"line":36}},"branchMap":{"0":{"loc":{"start":{"line":20,"column":2},"end":{"line":20,"column":11}},"type":"default-arg","locations":[{"start":{"line":20,"column":9},"end":{"line":20,"column":11}}],"line":20},"1":{"loc":{"start":{"line":21,"column":2},"end":{"line":21,"column":19}},"type":"default-arg","locations":[{"start":{"line":21,"column":10},"end":{"line":21,"column":19}}],"line":21},"2":{"loc":{"start":{"line":22,"column":2},"end":{"line":22,"column":46}},"type":"default-arg","locations":[{"start":{"line":22,"column":20},"end":{"line":22,"column":46}}],"line":22},"3":{"loc":{"start":{"line":23,"column":2},"end":{"line":23,"column":17}},"type":"default-arg","locations":[{"start":{"line":23,"column":13},"end":{"line":23,"column":17}}],"line":23},"4":{"loc":{"start":{"line":29,"column":4},"end":{"line":33,"column":5}},"type":"if","locations":[{"start":{"line":29,"column":4},"end":{"line":33,"column":5}},{"start":{},"end":{}}],"line":29}},"s":{"0":0,"1":0,"2":0,"3":0,"4":0,"5":0,"6":0,"7":0,"8":0,"9":0},"f":{"0":0,"1":0,"2":0},"b":{"0":[0],"1":[0],"2":[0],"3":[0],"4":[0,0]}}
,"C:\\Users\\guill\\Documents\\Freelance\\Maya Mobile App\\components\\haptic-tab.tsx": {"path":"C:\\Users\\guill\\Documents\\Freelance\\Maya Mobile App\\components\\haptic-tab.tsx","statementMap":{"0":{"start":{"line":6,"column":2},"end":{"line":17,"column":4}},"1":{"start":{"line":10,"column":8},"end":{"line":13,"column":9}},"2":{"start":{"line":12,"column":10},"end":{"line":12,"column":65}},"3":{"start":{"line":14,"column":8},"end":{"line":14,"column":30}}},"fnMap":{"0":{"name":"HapticTab","decl":{"start":{"line":5,"column":16},"end":{"line":5,"column":25}},"loc":{"start":{"line":5,"column":58},"end":{"line":18,"column":1}},"line":5},"1":{"name":"(anonymous_1)","decl":{"start":{"line":9,"column":17},"end":{"line":9,"column":18}},"loc":{"start":{"line":9,"column":25},"end":{"line":15,"column":7}},"line":9}},"branchMap":{"0":{"loc":{"start":{"line":10,"column":8},"end":{"line":13,"column":9}},"type":"if","locations":[{"start":{"line":10,"column":8},"end":{"line":13,"column":9}},{"start":{},"end":{}}],"line":10}},"s":{"0":0,"1":0,"2":0,"3":0},"f":{"0":0,"1":0},"b":{"0":[0,0]}}
,"C:\\Users\\guill\\Documents\\Freelance\\Maya Mobile App\\components\\hello-wave.tsx": {"path":"C:\\Users\\guill\\Documents\\Freelance\\Maya Mobile App\\components\\hello-wave.tsx","statementMap":{"0":{"start":{"line":4,"column":2},"end":{"line":18,"column":4}}},"fnMap":{"0":{"name":"HelloWave","decl":{"start":{"line":3,"column":16},"end":{"line":3,"column":25}},"loc":{"start":{"line":3,"column":28},"end":{"line":19,"column":1}},"line":3}},"branchMap":{},"s":{"0":0},"f":{"0":0},"b":{}}
,"C:\\Users\\guill\\Documents\\Freelance\\Maya Mobile App\\components\\pagination-dots.tsx": {"path":"C:\\Users\\guill\\Documents\\Freelance\\Maya Mobile App\\components\\pagination-dots.tsx","statementMap":{"0":{"start":{"line":10,"column":2},"end":{"line":22,"column":4}},"1":{"start":{"line":13,"column":8},"end":{"line":19,"column":10}},"2":{"start":{"line":25,"column":15},"end":{"line":44,"column":2}}},"fnMap":{"0":{"name":"PaginationDots","decl":{"start":{"line":9,"column":16},"end":{"line":9,"column":30}},"loc":{"start":{"line":9,"column":81},"end":{"line":23,"column":1}},"line":9},"1":{"name":"(anonymous_1)","decl":{"start":{"line":12,"column":42},"end":{"line":12,"column":43}},"loc":{"start":{"line":13,"column":8},"end":{"line":19,"column":10}},"line":13}},"branchMap":{"0":{"loc":{"start":{"line":17,"column":12},"end":{"line":17,"column":73}},"type":"cond-expr","locations":[{"start":{"line":17,"column":36},"end":{"line":17,"column":52}},{"start":{"line":17,"column":55},"end":{"line":17,"column":73}}],"line":17}},"s":{"0":0,"1":0,"2":0},"f":{"0":0,"1":0},"b":{"0":[0,0]}}
,"C:\\Users\\guill\\Documents\\Freelance\\Maya Mobile App\\components\\parallax-scroll-view.tsx": {"path":"C:\\Users\\guill\\Documents\\Freelance\\Maya Mobile App\\components\\parallax-scroll-view.tsx","statementMap":{"0":{"start":{"line":14,"column":22},"end":{"line":14,"column":25}},"1":{"start":{"line":26,"column":26},"end":{"line":26,"column":57}},"2":{"start":{"line":27,"column":22},"end":{"line":27,"column":49}},"3":{"start":{"line":28,"column":20},"end":{"line":28,"column":57}},"4":{"start":{"line":29,"column":23},"end":{"line":29,"column":49}},"5":{"start":{"line":30,"column":30},"end":{"line":45,"column":4}},"6":{"start":{"line":31,"column":4},"end":{"line":44,"column":6}},"7":{"start":{"line":47,"column":2},"end":{"line":62,"column":4}},"8":{"start":{"line":65,"column":15},"end":{"line":79,"column":2}}},"fnMap":{"0":{"name":"ParallaxScrollView","decl":{"start":{"line":21,"column":24},"end":{"line":21,"column":42}},"loc":{"start":{"line":25,"column":10},"end":{"line":63,"column":1}},"line":25},"1":{"name":"(anonymous_1)","decl":{"start":{"line":30,"column":47},"end":{"line":30,"column":48}},"loc":{"start":{"line":30,"column":53},"end":{"line":45,"column":3}},"line":30}},"branchMap":{"0":{"loc":{"start":{"line":27,"column":22},"end":{"line":27,"column":49}},"type":"binary-expr","locations":[{"start":{"line":27,"column":22},"end":{"line":27,"column":38}},{"start":{"line":27,"column":42},"end":{"line":27,"column":49}}],"line":27}},"s":{"0":0,"1":0,"2":0,"3":0,"4":0,"5":0,"6":0,"7":0,"8":0},"f":{"0":0,"1":0},"b":{"0":[0,0]}}
,"C:\\Users\\guill\\Documents\\Freelance\\Maya Mobile App\\components\\shared-header.tsx": {"path":"C:\\Users\\guill\\Documents\\Freelance\\Maya Mobile App\\components\\shared-header.tsx","statementMap":{"0":{"start":{"line":40,"column":2},"end":{"line":89,"column":4}},"1":{"start":{"line":92,"column":15},"end":{"line":250,"column":2}}},"fnMap":{"0":{"name":"SharedHeader","decl":{"start":{"line":28,"column":16},"end":{"line":28,"column":28}},"loc":{"start":{"line":39,"column":22},"end":{"line":90,"column":1}},"line":39}},"branchMap":{"0":{"loc":{"start":{"line":32,"column":2},"end":{"line":32,"column":24}},"type":"default-arg","locations":[{"start":{"line":32,"column":20},"end":{"line":32,"column":24}}],"line":32},"1":{"loc":{"start":{"line":33,"column":2},"end":{"line":33,"column":24}},"type":"default-arg","locations":[{"start":{"line":33,"column":20},"end":{"line":33,"column":24}}],"line":33},"2":{"loc":{"start":{"line":42,"column":14},"end":{"line":42,"column":76}},"type":"binary-expr","locations":[{"start":{"line":42,"column":14},"end":{"line":42,"column":28}},{"start":{"line":42,"column":33},"end":{"line":42,"column":75}}],"line":42},"3":{"loc":{"start":{"line":54,"column":15},"end":{"line":54,"column":74}},"type":"binary-expr","locations":[{"start":{"line":54,"column":15},"end":{"line":54,"column":23}},{"start":{"line":54,"column":27},"end":{"line":54,"column":74}}],"line":54},"4":{"loc":{"start":{"line":62,"column":11},"end":{"line":67,"column":11}},"type":"binary-expr","locations":[{"start":{"line":62,"column":11},"end":{"line":62,"column":23}},{"start":{"line":63,"column":12},"end":{"line":66,"column":19}}],"line":62},"5":{"loc":{"start":{"line":71,"column":11},"end":{"line":80,"column":11}},"type":"cond-expr","locations":[{"start":{"line":72,"column":12},"end":{"line":72,"column":36}},{"start":{"line":74,"column":12},"end":{"line":79,"column":13}}],"line":71},"6":{"loc":{"start":{"line":74,"column":12},"end":{"line":79,"column":13}},"type":"binary-expr","locations":[{"start":{"line":74,"column":12},"end":{"line":74,"column":27}},{"start":{"line":75,"column":14},"end":{"line":78,"column":33}}],"line":74},"7":{"loc":{"start":{"line":82,"column":11},"end":{"line":86,"column":9}},"type":"binary-expr","locations":[{"start":{"line":82,"column":11},"end":{"line":82,"column":26}},{"start":{"line":83,"column":12},"end":{"line":85,"column":19}}],"line":82}},"s":{"0":0,"1":0},"f":{"0":0},"b":{"0":[0],"1":[0],"2":[0,0],"3":[0,0],"4":[0,0],"5":[0,0],"6":[0,0],"7":[0,0]}}
,"C:\\Users\\guill\\Documents\\Freelance\\Maya Mobile App\\components\\slide-transition.tsx": {"path":"C:\\Users\\guill\\Documents\\Freelance\\Maya Mobile App\\components\\slide-transition.tsx","statementMap":{"0":{"start":{"line":21,"column":21},"end":{"line":21,"column":38}},"1":{"start":{"line":22,"column":21},"end":{"line":22,"column":38}},"2":{"start":{"line":23,"column":18},"end":{"line":23,"column":35}},"3":{"start":{"line":25,"column":2},"end":{"line":46,"column":25}},"4":{"start":{"line":26,"column":18},"end":{"line":43,"column":13}},"5":{"start":{"line":27,"column":6},"end":{"line":27,"column":55}},"6":{"start":{"line":29,"column":6},"end":{"line":42,"column":7}},"7":{"start":{"line":31,"column":10},"end":{"line":31,"column":76}},"8":{"start":{"line":32,"column":10},"end":{"line":32,"column":16}},"9":{"start":{"line":34,"column":10},"end":{"line":34,"column":76}},"10":{"start":{"line":35,"column":10},"end":{"line":35,"column":16}},"11":{"start":{"line":37,"column":10},"end":{"line":37,"column":76}},"12":{"start":{"line":38,"column":10},"end":{"line":38,"column":16}},"13":{"start":{"line":40,"column":10},"end":{"line":40,"column":76}},"14":{"start":{"line":41,"column":10},"end":{"line":41,"column":16}},"15":{"start":{"line":45,"column":4},"end":{"line":45,"column":37}},"16":{"start":{"line":45,"column":17},"end":{"line":45,"column":36}},"17":{"start":{"line":48,"column":29},"end":{"line":61,"column":3}},"18":{"start":{"line":49,"column":4},"end":{"line":60,"column":5}},"19":{"start":{"line":51,"column":8},"end":{"line":51,"column":50}},"20":{"start":{"line":53,"column":8},"end":{"line":53,"column":51}},"21":{"start":{"line":55,"column":8},"end":{"line":55,"column":51}},"22":{"start":{"line":57,"column":8},"end":{"line":57,"column":50}},"23":{"start":{"line":59,"column":8},"end":{"line":59,"column":50}},"24":{"start":{"line":63,"column":26},"end":{"line":63,"column":46}},"25":{"start":{"line":65,"column":24},"end":{"line":73,"column":4}},"26":{"start":{"line":66,"column":4},"end":{"line":72,"column":6}},"27":{"start":{"line":76,"column":2},"end":{"line":79,"column":9}},"28":{"start":{"line":77,"column":4},"end":{"line":77,"column":50}},"29":{"start":{"line":78,"column":4},"end":{"line":78,"column":50}},"30":{"start":{"line":81,"column":2},"end":{"line":85,"column":4}},"31":{"start":{"line":88,"column":15},"end":{"line":92,"column":2}}},"fnMap":{"0":{"name":"SlideTransition","decl":{"start":{"line":16,"column":16},"end":{"line":16,"column":31}},"loc":{"start":{"line":20,"column":25},"end":{"line":86,"column":1}},"line":20},"1":{"name":"(anonymous_1)","decl":{"start":{"line":25,"column":12},"end":{"line":25,"column":13}},"loc":{"start":{"line":25,"column":18},"end":{"line":46,"column":3}},"line":25},"2":{"name":"(anonymous_2)","decl":{"start":{"line":26,"column":29},"end":{"line":26,"column":30}},"loc":{"start":{"line":26,"column":35},"end":{"line":43,"column":5}},"line":26},"3":{"name":"(anonymous_3)","decl":{"start":{"line":45,"column":11},"end":{"line":45,"column":12}},"loc":{"start":{"line":45,"column":17},"end":{"line":45,"column":36}},"line":45},"4":{"name":"(anonymous_4)","decl":{"start":{"line":48,"column":29},"end":{"line":48,"column":30}},"loc":{"start":{"line":48,"column":35},"end":{"line":61,"column":3}},"line":48},"5":{"name":"(anonymous_5)","decl":{"start":{"line":65,"column":41},"end":{"line":65,"column":42}},"loc":{"start":{"line":65,"column":47},"end":{"line":73,"column":3}},"line":65},"6":{"name":"(anonymous_6)","decl":{"start":{"line":76,"column":18},"end":{"line":76,"column":19}},"loc":{"start":{"line":76,"column":24},"end":{"line":79,"column":3}},"line":76}},"branchMap":{"0":{"loc":{"start":{"line":18,"column":2},"end":{"line":18,"column":11}},"type":"default-arg","locations":[{"start":{"line":18,"column":10},"end":{"line":18,"column":11}}],"line":18},"1":{"loc":{"start":{"line":19,"column":2},"end":{"line":19,"column":21}},"type":"default-arg","locations":[{"start":{"line":19,"column":14},"end":{"line":19,"column":21}}],"line":19},"2":{"loc":{"start":{"line":29,"column":6},"end":{"line":42,"column":7}},"type":"switch","locations":[{"start":{"line":30,"column":8},"end":{"line":32,"column":16}},{"start":{"line":33,"column":8},"end":{"line":35,"column":16}},{"start":{"line":36,"column":8},"end":{"line":38,"column":16}},{"start":{"line":39,"column":8},"end":{"line":41,"column":16}}],"line":29},"3":{"loc":{"start":{"line":49,"column":4},"end":{"line":60,"column":5}},"type":"switch","locations":[{"start":{"line":50,"column":6},"end":{"line":51,"column":50}},{"start":{"line":52,"column":6},"end":{"line":53,"column":51}},{"start":{"line":54,"column":6},"end":{"line":55,"column":51}},{"start":{"line":56,"column":6},"end":{"line":57,"column":50}},{"start":{"line":58,"column":6},"end":{"line":59,"column":50}}],"line":49}},"s":{"0":0,"1":0,"2":0,"3":0,"4":0,"5":0,"6":0,"7":0,"8":0,"9":0,"10":0,"11":0,"12":0,"13":0,"14":0,"15":0,"16":0,"17":0,"18":0,"19":0,"20":0,"21":0,"22":0,"23":0,"24":0,"25":0,"26":0,"27":0,"28":0,"29":0,"30":0,"31":0},"f":{"0":0,"1":0,"2":0,"3":0,"4":0,"5":0,"6":0},"b":{"0":[0],"1":[0],"2":[0,0,0,0],"3":[0,0,0,0,0]}}
,"C:\\Users\\guill\\Documents\\Freelance\\Maya Mobile App\\components\\themed-text.tsx": {"path":"C:\\Users\\guill\\Documents\\Freelance\\Maya Mobile App\\components\\themed-text.tsx","statementMap":{"0":{"start":{"line":18,"column":16},"end":{"line":18,"column":77}},"1":{"start":{"line":20,"column":2},"end":{"line":33,"column":4}},"2":{"start":{"line":36,"column":15},"end":{"line":60,"column":2}}},"fnMap":{"0":{"name":"ThemedText","decl":{"start":{"line":11,"column":16},"end":{"line":11,"column":26}},"loc":{"start":{"line":17,"column":20},"end":{"line":34,"column":1}},"line":17}},"branchMap":{"0":{"loc":{"start":{"line":15,"column":2},"end":{"line":15,"column":18}},"type":"default-arg","locations":[{"start":{"line":15,"column":9},"end":{"line":15,"column":18}}],"line":15},"1":{"loc":{"start":{"line":24,"column":8},"end":{"line":24,"column":55}},"type":"cond-expr","locations":[{"start":{"line":24,"column":29},"end":{"line":24,"column":43}},{"start":{"line":24,"column":46},"end":{"line":24,"column":55}}],"line":24},"2":{"loc":{"start":{"line":25,"column":8},"end":{"line":25,"column":51}},"type":"cond-expr","locations":[{"start":{"line":25,"column":27},"end":{"line":25,"column":39}},{"start":{"line":25,"column":42},"end":{"line":25,"column":51}}],"line":25},"3":{"loc":{"start":{"line":26,"column":8},"end":{"line":26,"column":71}},"type":"cond-expr","locations":[{"start":{"line":26,"column":37},"end":{"line":26,"column":59}},{"start":{"line":26,"column":62},"end":{"line":26,"column":71}}],"line":26},"4":{"loc":{"start":{"line":27,"column":8},"end":{"line":27,"column":57}},"type":"cond-expr","locations":[{"start":{"line":27,"column":30},"end":{"line":27,"column":45}},{"start":{"line":27,"column":48},"end":{"line":27,"column":57}}],"line":27},"5":{"loc":{"start":{"line":28,"column":8},"end":{"line":28,"column":49}},"type":"cond-expr","locations":[{"start":{"line":28,"column":26},"end":{"line":28,"column":37}},{"start":{"line":28,"column":40},"end":{"line":28,"column":49}}],"line":28}},"s":{"0":0,"1":0,"2":0},"f":{"0":0},"b":{"0":[0],"1":[0,0],"2":[0,0],"3":[0,0],"4":[0,0],"5":[0,0]}}
,"C:\\Users\\guill\\Documents\\Freelance\\Maya Mobile App\\components\\themed-view.tsx": {"path":"C:\\Users\\guill\\Documents\\Freelance\\Maya Mobile App\\components\\themed-view.tsx","statementMap":{"0":{"start":{"line":11,"column":26},"end":{"line":11,"column":93}},"1":{"start":{"line":13,"column":2},"end":{"line":13,"column":71}}},"fnMap":{"0":{"name":"ThemedView","decl":{"start":{"line":10,"column":16},"end":{"line":10,"column":26}},"loc":{"start":{"line":10,"column":93},"end":{"line":14,"column":1}},"line":10}},"branchMap":{},"s":{"0":0,"1":0},"f":{"0":0},"b":{}}
,"C:\\Users\\guill\\Documents\\Freelance\\Maya Mobile App\\components\\common\\animated-button.tsx": {"path":"C:\\Users\\guill\\Documents\\Freelance\\Maya Mobile App\\components\\common\\animated-button.tsx","statementMap":{"0":{"start":{"line":33,"column":16},"end":{"line":33,"column":33}},"1":{"start":{"line":34,"column":18},"end":{"line":34,"column":35}},"2":{"start":{"line":36,"column":24},"end":{"line":39,"column":3}},"3":{"start":{"line":37,"column":4},"end":{"line":37,"column":68}},"4":{"start":{"line":38,"column":4},"end":{"line":38,"column":55}},"5":{"start":{"line":41,"column":25},"end":{"line":44,"column":3}},"6":{"start":{"line":42,"column":4},"end":{"line":42,"column":65}},"7":{"start":{"line":43,"column":4},"end":{"line":43,"column":53}},"8":{"start":{"line":46,"column":22},"end":{"line":52,"column":3}},"9":{"start":{"line":47,"column":4},"end":{"line":50,"column":6}},"10":{"start":{"line":51,"column":4},"end":{"line":51,"column":14}},"11":{"start":{"line":54,"column":24},"end":{"line":59,"column":4}},"12":{"start":{"line":55,"column":4},"end":{"line":58,"column":6}},"13":{"start":{"line":61,"column":25},"end":{"line":72,"column":3}},"14":{"start":{"line":62,"column":4},"end":{"line":71,"column":5}},"15":{"start":{"line":64,"column":8},"end":{"line":64,"column":36}},"16":{"start":{"line":66,"column":8},"end":{"line":66,"column":38}},"17":{"start":{"line":68,"column":8},"end":{"line":68,"column":36}},"18":{"start":{"line":70,"column":8},"end":{"line":70,"column":36}},"19":{"start":{"line":74,"column":23},"end":{"line":85,"column":3}},"20":{"start":{"line":75,"column":4},"end":{"line":84,"column":5}},"21":{"start":{"line":77,"column":8},"end":{"line":77,"column":34}},"22":{"start":{"line":79,"column":8},"end":{"line":79,"column":36}},"23":{"start":{"line":81,"column":8},"end":{"line":81,"column":34}},"24":{"start":{"line":83,"column":8},"end":{"line":83,"column":34}},"25":{"start":{"line":87,"column":2},"end":{"line":107,"column":3}},"26":{"start":{"line":88,"column":19},"end":{"line":88,"column":61}},"27":{"start":{"line":89,"column":4},"end":{"line":106,"column":6}},"28":{"start":{"line":109,"column":2},"end":{"line":129,"column":4}},"29":{"start":{"line":132,"column":15},"end":{"line":206,"column":2}}},"fnMap":{"0":{"name":"AnimatedButton","decl":{"start":{"line":24,"column":16},"end":{"line":24,"column":30}},"loc":{"start":{"line":32,"column":24},"end":{"line":130,"column":1}},"line":32},"1":{"name":"(anonymous_1)","decl":{"start":{"line":36,"column":24},"end":{"line":36,"column":25}},"loc":{"start":{"line":36,"column":30},"end":{"line":39,"column":3}},"line":36},"2":{"name":"(anonymous_2)","decl":{"start":{"line":41,"column":25},"end":{"line":41,"column":26}},"loc":{"start":{"line":41,"column":31},"end":{"line":44,"column":3}},"line":41},"3":{"name":"(anonymous_3)","decl":{"start":{"line":46,"column":22},"end":{"line":46,"column":23}},"loc":{"start":{"line":46,"column":28},"end":{"line":52,"column":3}},"line":46},"4":{"name":"(anonymous_4)","decl":{"start":{"line":54,"column":41},"end":{"line":54,"column":42}},"loc":{"start":{"line":54,"column":47},"end":{"line":59,"column":3}},"line":54},"5":{"name":"(anonymous_5)","decl":{"start":{"line":61,"column":25},"end":{"line":61,"column":26}},"loc":{"start":{"line":61,"column":31},"end":{"line":72,"column":3}},"line":61},"6":{"name":"(anonymous_6)","decl":{"start":{"line":74,"column":23},"end":{"line":74,"column":24}},"loc":{"start":{"line":74,"column":29},"end":{"line":85,"column":3}},"line":74}},"branchMap":{"0":{"loc":{"start":{"line":30,"column":2},"end":{"line":30,"column":21}},"type":"default-arg","locations":[{"start":{"line":30,"column":12},"end":{"line":30,"column":21}}],"line":30},"1":{"loc":{"start":{"line":62,"column":4},"end":{"line":71,"column":5}},"type":"switch","locations":[{"start":{"line":63,"column":6},"end":{"line":64,"column":36}},{"start":{"line":65,"column":6},"end":{"line":66,"column":38}},{"start":{"line":67,"column":6},"end":{"line":68,"column":36}},{"start":{"line":69,"column":6},"end":{"line":70,"column":36}}],"line":62},"2":{"loc":{"start":{"line":75,"column":4},"end":{"line":84,"column":5}},"type":"switch","locations":[{"start":{"line":76,"column":6},"end":{"line":77,"column":34}},{"start":{"line":78,"column":6},"end":{"line":79,"column":36}},{"start":{"line":80,"column":6},"end":{"line":81,"column":34}},{"start":{"line":82,"column":6},"end":{"line":83,"column":34}}],"line":75},"3":{"loc":{"start":{"line":87,"column":2},"end":{"line":107,"column":3}},"type":"if","locations":[{"start":{"line":87,"column":2},"end":{"line":107,"column":3}},{"start":{},"end":{}}],"line":87},"4":{"loc":{"start":{"line":88,"column":19},"end":{"line":88,"column":61}},"type":"binary-expr","locations":[{"start":{"line":88,"column":19},"end":{"line":88,"column":33}},{"start":{"line":88,"column":37},"end":{"line":88,"column":61}}],"line":88},"5":{"loc":{"start":{"line":99,"column":13},"end":{"line":101,"column":13}},"type":"binary-expr","locations":[{"start":{"line":99,"column":13},"end":{"line":99,"column":17}},{"start":{"line":100,"column":14},"end":{"line":100,"column":84}}],"line":99},"6":{"loc":{"start":{"line":118,"column":9},"end":{"line":125,"column":9}},"type":"binary-expr","locations":[{"start":{"line":118,"column":9},"end":{"line":118,"column":13}},{"start":{"line":119,"column":10},"end":{"line":124,"column":12}}],"line":118},"7":{"loc":{"start":{"line":122,"column":19},"end":{"line":122,"column":62}},"type":"cond-expr","locations":[{"start":{"line":122,"column":43},"end":{"line":122,"column":52}},{"start":{"line":122,"column":55},"end":{"line":122,"column":62}}],"line":122}},"s":{"0":0,"1":0,"2":0,"3":0,"4":0,"5":0,"6":0,"7":0,"8":0,"9":0,"10":0,"11":0,"12":0,"13":0,"14":0,"15":0,"16":0,"17":0,"18":0,"19":0,"20":0,"21":0,"22":0,"23":0,"24":0,"25":0,"26":0,"27":0,"28":0,"29":0},"f":{"0":0,"1":0,"2":0,"3":0,"4":0,"5":0,"6":0},"b":{"0":[0],"1":[0,0,0,0],"2":[0,0,0,0],"3":[0,0],"4":[0,0],"5":[0,0],"6":[0,0],"7":[0,0]}}
,"C:\\Users\\guill\\Documents\\Freelance\\Maya Mobile App\\components\\common\\loading-screen.tsx": {"path":"C:\\Users\\guill\\Documents\\Freelance\\Maya Mobile App\\components\\common\\loading-screen.tsx","statementMap":{"0":{"start":{"line":22,"column":2},"end":{"line":41,"column":4}},"1":{"start":{"line":44,"column":15},"end":{"line":87,"column":2}}},"fnMap":{"0":{"name":"LoadingScreen","decl":{"start":{"line":18,"column":16},"end":{"line":18,"column":29}},"loc":{"start":{"line":21,"column":23},"end":{"line":42,"column":1}},"line":21}},"branchMap":{"0":{"loc":{"start":{"line":19,"column":2},"end":{"line":19,"column":27}},"type":"default-arg","locations":[{"start":{"line":19,"column":12},"end":{"line":19,"column":27}}],"line":19},"1":{"loc":{"start":{"line":20,"column":2},"end":{"line":20,"column":17}},"type":"default-arg","locations":[{"start":{"line":20,"column":13},"end":{"line":20,"column":17}}],"line":20},"2":{"loc":{"start":{"line":24,"column":7},"end":{"line":29,"column":7}},"type":"binary-expr","locations":[{"start":{"line":24,"column":7},"end":{"line":24,"column":15}},{"start":{"line":25,"column":8},"end":{"line":28,"column":15}}],"line":24}},"s":{"0":0,"1":0},"f":{"0":0},"b":{"0":[0],"1":[0],"2":[0,0]}}
,"C:\\Users\\guill\\Documents\\Freelance\\Maya Mobile App\\components\\common\\navigation-transition.tsx": {"path":"C:\\Users\\guill\\Documents\\Freelance\\Maya Mobile App\\components\\common\\navigation-transition.tsx","statementMap":{"0":{"start":{"line":20,"column":18},"end":{"line":20,"column":35}},"1":{"start":{"line":21,"column":21},"end":{"line":21,"column":38}},"2":{"start":{"line":23,"column":2},"end":{"line":27,"column":9}},"3":{"start":{"line":25,"column":4},"end":{"line":25,"column":53}},"4":{"start":{"line":26,"column":4},"end":{"line":26,"column":56}},"5":{"start":{"line":29,"column":24},"end":{"line":36,"column":4}},"6":{"start":{"line":30,"column":4},"end":{"line":35,"column":6}},"7":{"start":{"line":38,"column":2},"end":{"line":42,"column":4}},"8":{"start":{"line":45,"column":15},"end":{"line":49,"column":2}}},"fnMap":{"0":{"name":"NavigationTransition","decl":{"start":{"line":15,"column":16},"end":{"line":15,"column":36}},"loc":{"start":{"line":19,"column":30},"end":{"line":43,"column":1}},"line":19},"1":{"name":"(anonymous_1)","decl":{"start":{"line":23,"column":18},"end":{"line":23,"column":19}},"loc":{"start":{"line":23,"column":24},"end":{"line":27,"column":3}},"line":23},"2":{"name":"(anonymous_2)","decl":{"start":{"line":29,"column":41},"end":{"line":29,"column":42}},"loc":{"start":{"line":29,"column":47},"end":{"line":36,"column":3}},"line":29}},"branchMap":{"0":{"loc":{"start":{"line":17,"column":2},"end":{"line":17,"column":21}},"type":"default-arg","locations":[{"start":{"line":17,"column":14},"end":{"line":17,"column":21}}],"line":17},"1":{"loc":{"start":{"line":18,"column":2},"end":{"line":18,"column":11}},"type":"default-arg","locations":[{"start":{"line":18,"column":10},"end":{"line":18,"column":11}}],"line":18}},"s":{"0":0,"1":0,"2":0,"3":0,"4":0,"5":0,"6":0,"7":0,"8":0},"f":{"0":0,"1":0,"2":0},"b":{"0":[0],"1":[0]}}
,"C:\\Users\\guill\\Documents\\Freelance\\Maya Mobile App\\components\\headers\\history-header.tsx": {"path":"C:\\Users\\guill\\Documents\\Freelance\\Maya Mobile App\\components\\headers\\history-header.tsx","statementMap":{"0":{"start":{"line":32,"column":2},"end":{"line":99,"column":4}},"1":{"start":{"line":102,"column":15},"end":{"line":220,"column":2}}},"fnMap":{"0":{"name":"HistoryHeader","decl":{"start":{"line":24,"column":16},"end":{"line":24,"column":29}},"loc":{"start":{"line":31,"column":23},"end":{"line":100,"column":1}},"line":31}},"branchMap":{"0":{"loc":{"start":{"line":60,"column":9},"end":{"line":96,"column":9}},"type":"binary-expr","locations":[{"start":{"line":60,"column":9},"end":{"line":60,"column":26}},{"start":{"line":61,"column":10},"end":{"line":95,"column":17}}],"line":60}},"s":{"0":0,"1":0},"f":{"0":0},"b":{"0":[0,0]}}
,"C:\\Users\\guill\\Documents\\Freelance\\Maya Mobile App\\components\\headers\\home-header.tsx": {"path":"C:\\Users\\guill\\Documents\\Freelance\\Maya Mobile App\\components\\headers\\home-header.tsx","statementMap":{"0":{"start":{"line":32,"column":2},"end":{"line":76,"column":4}},"1":{"start":{"line":79,"column":15},"end":{"line":204,"column":2}}},"fnMap":{"0":{"name":"HomeHeader","decl":{"start":{"line":24,"column":16},"end":{"line":24,"column":26}},"loc":{"start":{"line":31,"column":20},"end":{"line":77,"column":1}},"line":31}},"branchMap":{},"s":{"0":0,"1":0},"f":{"0":0},"b":{}}
,"C:\\Users\\guill\\Documents\\Freelance\\Maya Mobile App\\components\\headers\\profile-header.tsx": {"path":"C:\\Users\\guill\\Documents\\Freelance\\Maya Mobile App\\components\\headers\\profile-header.tsx","statementMap":{"0":{"start":{"line":31,"column":2},"end":{"line":75,"column":4}},"1":{"start":{"line":78,"column":15},"end":{"line":236,"column":2}}},"fnMap":{"0":{"name":"ProfileHeader","decl":{"start":{"line":23,"column":16},"end":{"line":23,"column":29}},"loc":{"start":{"line":30,"column":23},"end":{"line":76,"column":1}},"line":30}},"branchMap":{"0":{"loc":{"start":{"line":58,"column":7},"end":{"line":73,"column":7}},"type":"binary-expr","locations":[{"start":{"line":58,"column":7},"end":{"line":58,"column":16}},{"start":{"line":59,"column":8},"end":{"line":72,"column":15}}],"line":58}},"s":{"0":0,"1":0},"f":{"0":0},"b":{"0":[0,0]}}
,"C:\\Users\\guill\\Documents\\Freelance\\Maya Mobile App\\components\\headers\\subscription-header.tsx": {"path":"C:\\Users\\guill\\Documents\\Freelance\\Maya Mobile App\\components\\headers\\subscription-header.tsx","statementMap":{"0":{"start":{"line":31,"column":2},"end":{"line":77,"column":4}},"1":{"start":{"line":80,"column":15},"end":{"line":205,"column":2}}},"fnMap":{"0":{"name":"SubscriptionHeader","decl":{"start":{"line":23,"column":16},"end":{"line":23,"column":34}},"loc":{"start":{"line":30,"column":28},"end":{"line":78,"column":1}},"line":30}},"branchMap":{"0":{"loc":{"start":{"line":40,"column":9},"end":{"line":44,"column":9}},"type":"binary-expr","locations":[{"start":{"line":40,"column":9},"end":{"line":40,"column":20}},{"start":{"line":41,"column":10},"end":{"line":43,"column":29}}],"line":40},"1":{"loc":{"start":{"line":60,"column":7},"end":{"line":75,"column":7}},"type":"binary-expr","locations":[{"start":{"line":60,"column":7},"end":{"line":60,"column":18}},{"start":{"line":61,"column":8},"end":{"line":74,"column":15}}],"line":60}},"s":{"0":0,"1":0},"f":{"0":0},"b":{"0":[0,0],"1":[0,0]}}
,"C:\\Users\\guill\\Documents\\Freelance\\Maya Mobile App\\components\\home\\savings-by-category.tsx": {"path":"C:\\Users\\guill\\Documents\\Freelance\\Maya Mobile App\\components\\home\\savings-by-category.tsx","statementMap":{"0":{"start":{"line":12,"column":32},"end":{"line":12,"column":73}},"1":{"start":{"line":13,"column":32},"end":{"line":13,"column":46}},"2":{"start":{"line":14,"column":28},"end":{"line":14,"column":57}},"3":{"start":{"line":16,"column":32},"end":{"line":54,"column":14}},"4":{"start":{"line":17,"column":4},"end":{"line":19,"column":5}},"5":{"start":{"line":18,"column":6},"end":{"line":18,"column":13}},"6":{"start":{"line":21,"column":4},"end":{"line":53,"column":5}},"7":{"start":{"line":22,"column":6},"end":{"line":22,"column":23}},"8":{"start":{"line":23,"column":6},"end":{"line":23,"column":21}},"9":{"start":{"line":25,"column":6},"end":{"line":25,"column":112}},"10":{"start":{"line":27,"column":23},"end":{"line":27,"column":81}},"11":{"start":{"line":29,"column":6},"end":{"line":32,"column":9}},"12":{"start":{"line":31,"column":38},"end":{"line":31,"column":48}},"13":{"start":{"line":34,"column":6},"end":{"line":34,"column":27}},"14":{"start":{"line":36,"column":6},"end":{"line":36,"column":91}},"15":{"start":{"line":37,"column":25},"end":{"line":37,"column":76}},"16":{"start":{"line":39,"column":6},"end":{"line":47,"column":7}},"17":{"start":{"line":40,"column":8},"end":{"line":46,"column":9}},"18":{"start":{"line":41,"column":10},"end":{"line":41,"column":71}},"19":{"start":{"line":42,"column":15},"end":{"line":46,"column":9}},"20":{"start":{"line":43,"column":10},"end":{"line":43,"column":41}},"21":{"start":{"line":45,"column":10},"end":{"line":45,"column":37}},"22":{"start":{"line":49,"column":6},"end":{"line":49,"column":29}},"23":{"start":{"line":50,"column":6},"end":{"line":50,"column":21}},"24":{"start":{"line":52,"column":6},"end":{"line":52,"column":24}},"25":{"start":{"line":56,"column":2},"end":{"line":58,"column":30}},"26":{"start":{"line":57,"column":4},"end":{"line":57,"column":28}},"27":{"start":{"line":61,"column":23},"end":{"line":61,"column":81}},"28":{"start":{"line":61,"column":50},"end":{"line":61,"column":77}},"29":{"start":{"line":64,"column":26},"end":{"line":93,"column":3}},"30":{"start":{"line":65,"column":26},"end":{"line":65,"column":48}},"31":{"start":{"line":67,"column":4},"end":{"line":69,"column":5}},"32":{"start":{"line":68,"column":6},"end":{"line":68,"column":26}},"33":{"start":{"line":70,"column":4},"end":{"line":72,"column":5}},"34":{"start":{"line":71,"column":6},"end":{"line":71,"column":21}},"35":{"start":{"line":73,"column":4},"end":{"line":75,"column":5}},"36":{"start":{"line":74,"column":6},"end":{"line":74,"column":23}},"37":{"start":{"line":76,"column":4},"end":{"line":78,"column":5}},"38":{"start":{"line":77,"column":6},"end":{"line":77,"column":31}},"39":{"start":{"line":79,"column":4},"end":{"line":81,"column":5}},"40":{"start":{"line":80,"column":6},"end":{"line":80,"column":24}},"41":{"start":{"line":82,"column":4},"end":{"line":84,"column":5}},"42":{"start":{"line":83,"column":6},"end":{"line":83,"column":23}},"43":{"start":{"line":85,"column":4},"end":{"line":87,"column":5}},"44":{"start":{"line":86,"column":6},"end":{"line":86,"column":24}},"45":{"start":{"line":88,"column":4},"end":{"line":90,"column":5}},"46":{"start":{"line":89,"column":6},"end":{"line":89,"column":22}},"47":{"start":{"line":92,"column":4},"end":{"line":92,"column":22}},"48":{"start":{"line":96,"column":27},"end":{"line":108,"column":3}},"49":{"start":{"line":97,"column":19},"end":{"line":106,"column":5}},"50":{"start":{"line":107,"column":4},"end":{"line":107,"column":41}},"51":{"start":{"line":110,"column":2},"end":{"line":122,"column":3}},"52":{"start":{"line":111,"column":4},"end":{"line":121,"column":6}},"53":{"start":{"line":124,"column":2},"end":{"line":136,"column":3}},"54":{"start":{"line":125,"column":4},"end":{"line":135,"column":6}},"55":{"start":{"line":138,"column":2},"end":{"line":151,"column":3}},"56":{"start":{"line":139,"column":4},"end":{"line":150,"column":6}},"57":{"start":{"line":153,"column":2},"end":{"line":213,"column":4}},"58":{"start":{"line":169,"column":32},"end":{"line":169,"column":56}},"59":{"start":{"line":170,"column":29},"end":{"line":170,"column":88}},"60":{"start":{"line":171,"column":32},"end":{"line":171,"column":55}},"61":{"start":{"line":172,"column":31},"end":{"line":172,"column":74}},"62":{"start":{"line":174,"column":10},"end":{"line":209,"column":12}},"63":{"start":{"line":216,"column":15},"end":{"line":356,"column":2}}},"fnMap":{"0":{"name":"SavingsByCategory","decl":{"start":{"line":11,"column":16},"end":{"line":11,"column":33}},"loc":{"start":{"line":11,"column":70},"end":{"line":214,"column":1}},"line":11},"1":{"name":"(anonymous_1)","decl":{"start":{"line":16,"column":44},"end":{"line":16,"column":45}},"loc":{"start":{"line":16,"column":56},"end":{"line":54,"column":3}},"line":16},"2":{"name":"(anonymous_2)","decl":{"start":{"line":31,"column":33},"end":{"line":31,"column":34}},"loc":{"start":{"line":31,"column":38},"end":{"line":31,"column":48}},"line":31},"3":{"name":"(anonymous_3)","decl":{"start":{"line":56,"column":12},"end":{"line":56,"column":13}},"loc":{"start":{"line":56,"column":18},"end":{"line":58,"column":3}},"line":56},"4":{"name":"(anonymous_4)","decl":{"start":{"line":61,"column":38},"end":{"line":61,"column":39}},"loc":{"start":{"line":61,"column":50},"end":{"line":61,"column":77}},"line":61},"5":{"name":"(anonymous_5)","decl":{"start":{"line":64,"column":26},"end":{"line":64,"column":27}},"loc":{"start":{"line":64,"column":56},"end":{"line":93,"column":3}},"line":64},"6":{"name":"(anonymous_6)","decl":{"start":{"line":96,"column":27},"end":{"line":96,"column":28}},"loc":{"start":{"line":96,"column":54},"end":{"line":108,"column":3}},"line":96},"7":{"name":"(anonymous_7)","decl":{"start":{"line":168,"column":21},"end":{"line":168,"column":22}},"loc":{"start":{"line":168,"column":40},"end":{"line":210,"column":9}},"line":168}},"branchMap":{"0":{"loc":{"start":{"line":17,"column":4},"end":{"line":19,"column":5}},"type":"if","locations":[{"start":{"line":17,"column":4},"end":{"line":19,"column":5}},{"start":{},"end":{}}],"line":17},"1":{"loc":{"start":{"line":39,"column":6},"end":{"line":47,"column":7}},"type":"if","locations":[{"start":{"line":39,"column":6},"end":{"line":47,"column":7}},{"start":{},"end":{}}],"line":39},"2":{"loc":{"start":{"line":40,"column":8},"end":{"line":46,"column":9}},"type":"if","locations":[{"start":{"line":40,"column":8},"end":{"line":46,"column":9}},{"start":{"line":42,"column":15},"end":{"line":46,"column":9}}],"line":40},"3":{"loc":{"start":{"line":42,"column":15},"end":{"line":46,"column":9}},"type":"if","locations":[{"start":{"line":42,"column":15},"end":{"line":46,"column":9}},{"start":{"line":44,"column":15},"end":{"line":46,"column":9}}],"line":42},"4":{"loc":{"start":{"line":61,"column":57},"end":{"line":61,"column":76}},"type":"binary-expr","locations":[{"start":{"line":61,"column":57},"end":{"line":61,"column":71}},{"start":{"line":61,"column":75},"end":{"line":61,"column":76}}],"line":61},"5":{"loc":{"start":{"line":67,"column":4},"end":{"line":69,"column":5}},"type":"if","locations":[{"start":{"line":67,"column":4},"end":{"line":69,"column":5}},{"start":{},"end":{}}],"line":67},"6":{"loc":{"start":{"line":67,"column":8},"end":{"line":67,"column":78}},"type":"binary-expr","locations":[{"start":{"line":67,"column":8},"end":{"line":67,"column":44}},{"start":{"line":67,"column":48},"end":{"line":67,"column":78}}],"line":67},"7":{"loc":{"start":{"line":70,"column":4},"end":{"line":72,"column":5}},"type":"if","locations":[{"start":{"line":70,"column":4},"end":{"line":72,"column":5}},{"start":{},"end":{}}],"line":70},"8":{"loc":{"start":{"line":70,"column":8},"end":{"line":70,"column":114}},"type":"binary-expr","locations":[{"start":{"line":70,"column":8},"end":{"line":70,"column":42}},{"start":{"line":70,"column":46},"end":{"line":70,"column":76}},{"start":{"line":70,"column":80},"end":{"line":70,"column":114}}],"line":70},"9":{"loc":{"start":{"line":73,"column":4},"end":{"line":75,"column":5}},"type":"if","locations":[{"start":{"line":73,"column":4},"end":{"line":75,"column":5}},{"start":{},"end":{}}],"line":73},"10":{"loc":{"start":{"line":73,"column":8},"end":{"line":73,"column":114}},"type":"binary-expr","locations":[{"start":{"line":73,"column":8},"end":{"line":73,"column":39}},{"start":{"line":73,"column":43},"end":{"line":73,"column":75}},{"start":{"line":73,"column":79},"end":{"line":73,"column":114}}],"line":73},"11":{"loc":{"start":{"line":76,"column":4},"end":{"line":78,"column":5}},"type":"if","locations":[{"start":{"line":76,"column":4},"end":{"line":78,"column":5}},{"start":{},"end":{}}],"line":76},"12":{"loc":{"start":{"line":76,"column":8},"end":{"line":76,"column":128}},"type":"binary-expr","locations":[{"start":{"line":76,"column":8},"end":{"line":76,"column":41}},{"start":{"line":76,"column":45},"end":{"line":76,"column":84}},{"start":{"line":76,"column":88},"end":{"line":76,"column":128}}],"line":76},"13":{"loc":{"start":{"line":79,"column":4},"end":{"line":81,"column":5}},"type":"if","locations":[{"start":{"line":79,"column":4},"end":{"line":81,"column":5}},{"start":{},"end":{}}],"line":79},"14":{"loc":{"start":{"line":79,"column":8},"end":{"line":79,"column":116}},"type":"binary-expr","locations":[{"start":{"line":79,"column":8},"end":{"line":79,"column":40}},{"start":{"line":79,"column":44},"end":{"line":79,"column":76}},{"start":{"line":79,"column":80},"end":{"line":79,"column":116}}],"line":79},"15":{"loc":{"start":{"line":82,"column":4},"end":{"line":84,"column":5}},"type":"if","locations":[{"start":{"line":82,"column":4},"end":{"line":84,"column":5}},{"start":{},"end":{}}],"line":82},"16":{"loc":{"start":{"line":82,"column":8},"end":{"line":82,"column":76}},"type":"binary-expr","locations":[{"start":{"line":82,"column":8},"end":{"line":82,"column":39}},{"start":{"line":82,"column":43},"end":{"line":82,"column":76}}],"line":82},"17":{"loc":{"start":{"line":85,"column":4},"end":{"line":87,"column":5}},"type":"if","locations":[{"start":{"line":85,"column":4},"end":{"line":87,"column":5}},{"start":{},"end":{}}],"line":85},"18":{"loc":{"start":{"line":85,"column":8},"end":{"line":85,"column":111}},"type":"binary-expr","locations":[{"start":{"line":85,"column":8},"end":{"line":85,"column":40}},{"start":{"line":85,"column":44},"end":{"line":85,"column":76}},{"start":{"line":85,"column":80},"end":{"line":85,"column":111}}],"line":85},"19":{"loc":{"start":{"line":88,"column":4},"end":{"line":90,"column":5}},"type":"if","locations":[{"start":{"line":88,"column":4},"end":{"line":90,"column":5}},{"start":{},"end":{}}],"line":88},"20":{"loc":{"start":{"line":88,"column":8},"end":{"line":88,"column":121}},"type":"binary-expr","locations":[{"start":{"line":88,"column":8},"end":{"line":88,"column":43}},{"start":{"line":88,"column":47},"end":{"line":88,"column":82}},{"start":{"line":88,"column":86},"end":{"line":88,"column":121}}],"line":88},"21":{"loc":{"start":{"line":110,"column":2},"end":{"line":122,"column":3}},"type":"if","locations":[{"start":{"line":110,"column":2},"end":{"line":122,"column":3}},{"start":{},"end":{}}],"line":110},"22":{"loc":{"start":{"line":124,"column":2},"end":{"line":136,"column":3}},"type":"if","locations":[{"start":{"line":124,"column":2},"end":{"line":136,"column":3}},{"start":{},"end":{}}],"line":124},"23":{"loc":{"start":{"line":138,"column":2},"end":{"line":151,"column":3}},"type":"if","locations":[{"start":{"line":138,"column":2},"end":{"line":151,"column":3}},{"start":{},"end":{}}],"line":138},"24":{"loc":{"start":{"line":169,"column":32},"end":{"line":169,"column":56}},"type":"binary-expr","locations":[{"start":{"line":169,"column":32},"end":{"line":169,"column":51}},{"start":{"line":169,"column":55},"end":{"line":169,"column":56}}],"line":169},"25":{"loc":{"start":{"line":170,"column":29},"end":{"line":170,"column":88}},"type":"cond-expr","locations":[{"start":{"line":170,"column":48},"end":{"line":170,"column":84}},{"start":{"line":170,"column":87},"end":{"line":170,"column":88}}],"line":170},"26":{"loc":{"start":{"line":172,"column":47},"end":{"line":172,"column":73}},"type":"binary-expr","locations":[{"start":{"line":172,"column":47},"end":{"line":172,"column":62}},{"start":{"line":172,"column":66},"end":{"line":172,"column":73}}],"line":172},"27":{"loc":{"start":{"line":181,"column":53},"end":{"line":181,"column":79}},"type":"binary-expr","locations":[{"start":{"line":181,"column":53},"end":{"line":181,"column":68}},{"start":{"line":181,"column":72},"end":{"line":181,"column":79}}],"line":181},"28":{"loc":{"start":{"line":182,"column":19},"end":{"line":186,"column":19}},"type":"binary-expr","locations":[{"start":{"line":182,"column":19},"end":{"line":182,"column":53}},{"start":{"line":183,"column":20},"end":{"line":185,"column":27}}],"line":182},"29":{"loc":{"start":{"line":182,"column":20},"end":{"line":182,"column":48}},"type":"binary-expr","locations":[{"start":{"line":182,"column":20},"end":{"line":182,"column":43}},{"start":{"line":182,"column":47},"end":{"line":182,"column":48}}],"line":182},"30":{"loc":{"start":{"line":184,"column":49},"end":{"line":184,"column":109}},"type":"cond-expr","locations":[{"start":{"line":184,"column":79},"end":{"line":184,"column":93}},{"start":{"line":184,"column":96},"end":{"line":184,"column":109}}],"line":184}},"s":{"0":0,"1":0,"2":0,"3":0,"4":0,"5":0,"6":0,"7":0,"8":0,"9":0,"10":0,"11":0,"12":0,"13":0,"14":0,"15":0,"16":0,"17":0,"18":0,"19":0,"20":0,"21":0,"22":0,"23":0,"24":0,"25":0,"26":0,"27":0,"28":0,"29":0,"30":0,"31":0,"32":0,"33":0,"34":0,"35":0,"36":0,"37":0,"38":0,"39":0,"40":0,"41":0,"42":0,"43":0,"44":0,"45":0,"46":0,"47":0,"48":0,"49":0,"50":0,"51":0,"52":0,"53":0,"54":0,"55":0,"56":0,"57":0,"58":0,"59":0,"60":0,"61":0,"62":0,"63":0},"f":{"0":0,"1":0,"2":0,"3":0,"4":0,"5":0,"6":0,"7":0},"b":{"0":[0,0],"1":[0,0],"2":[0,0],"3":[0,0],"4":[0,0],"5":[0,0],"6":[0,0],"7":[0,0],"8":[0,0,0],"9":[0,0],"10":[0,0,0],"11":[0,0],"12":[0,0,0],"13":[0,0],"14":[0,0,0],"15":[0,0],"16":[0,0],"17":[0,0],"18":[0,0,0],"19":[0,0],"20":[0,0,0],"21":[0,0],"22":[0,0],"23":[0,0],"24":[0,0],"25":[0,0],"26":[0,0],"27":[0,0],"28":[0,0],"29":[0,0],"30":[0,0]}}
,"C:\\Users\\guill\\Documents\\Freelance\\Maya Mobile App\\components\\home\\user-transactions-history.tsx": {"path":"C:\\Users\\guill\\Documents\\Freelance\\Maya Mobile App\\components\\home\\user-transactions-history.tsx","statementMap":{"0":{"start":{"line":19,"column":21},"end":{"line":33,"column":3}},"1":{"start":{"line":20,"column":4},"end":{"line":20,"column":44}},"2":{"start":{"line":20,"column":21},"end":{"line":20,"column":44}},"3":{"start":{"line":21,"column":4},"end":{"line":32,"column":5}},"4":{"start":{"line":22,"column":19},"end":{"line":22,"column":39}},"5":{"start":{"line":23,"column":6},"end":{"line":29,"column":9}},"6":{"start":{"line":31,"column":6},"end":{"line":31,"column":29}},"7":{"start":{"line":35,"column":2},"end":{"line":156,"column":4}},"8":{"start":{"line":85,"column":36},"end":{"line":85,"column":108}},"9":{"start":{"line":86,"column":30},"end":{"line":86,"column":102}},"10":{"start":{"line":87,"column":32},"end":{"line":87,"column":82}},"11":{"start":{"line":88,"column":30},"end":{"line":88,"column":66}},"12":{"start":{"line":89,"column":29},"end":{"line":89,"column":119}},"13":{"start":{"line":90,"column":28},"end":{"line":90,"column":59}},"14":{"start":{"line":91,"column":33},"end":{"line":91,"column":62}},"15":{"start":{"line":93,"column":12},"end":{"line":151,"column":14}},"16":{"start":{"line":159,"column":15},"end":{"line":327,"column":2}}},"fnMap":{"0":{"name":"UserTransactionsHistory","decl":{"start":{"line":13,"column":16},"end":{"line":13,"column":39}},"loc":{"start":{"line":18,"column":33},"end":{"line":157,"column":1}},"line":18},"1":{"name":"(anonymous_1)","decl":{"start":{"line":19,"column":21},"end":{"line":19,"column":22}},"loc":{"start":{"line":19,"column":54},"end":{"line":33,"column":3}},"line":19},"2":{"name":"(anonymous_2)","decl":{"start":{"line":84,"column":28},"end":{"line":84,"column":29}},"loc":{"start":{"line":84,"column":52},"end":{"line":152,"column":11}},"line":84}},"branchMap":{"0":{"loc":{"start":{"line":20,"column":4},"end":{"line":20,"column":44}},"type":"if","locations":[{"start":{"line":20,"column":4},"end":{"line":20,"column":44}},{"start":{},"end":{}}],"line":20},"1":{"loc":{"start":{"line":48,"column":19},"end":{"line":48,"column":58}},"type":"binary-expr","locations":[{"start":{"line":48,"column":19},"end":{"line":48,"column":38}},{"start":{"line":48,"column":42},"end":{"line":48,"column":58}}],"line":48},"2":{"loc":{"start":{"line":53,"column":7},"end":{"line":154,"column":7}},"type":"cond-expr","locations":[{"start":{"line":54,"column":8},"end":{"line":57,"column":15}},{"start":{"line":58,"column":10},"end":{"line":154,"column":7}}],"line":53},"3":{"loc":{"start":{"line":58,"column":10},"end":{"line":154,"column":7}},"type":"cond-expr","locations":[{"start":{"line":59,"column":8},"end":{"line":69,"column":15}},{"start":{"line":70,"column":10},"end":{"line":154,"column":7}}],"line":58},"4":{"loc":{"start":{"line":70,"column":10},"end":{"line":154,"column":7}},"type":"cond-expr","locations":[{"start":{"line":71,"column":8},"end":{"line":78,"column":15}},{"start":{"line":80,"column":8},"end":{"line":153,"column":21}}],"line":70},"5":{"loc":{"start":{"line":85,"column":36},"end":{"line":85,"column":108}},"type":"binary-expr","locations":[{"start":{"line":85,"column":36},"end":{"line":85,"column":57}},{"start":{"line":85,"column":61},"end":{"line":85,"column":77}},{"start":{"line":85,"column":81},"end":{"line":85,"column":108}}],"line":85},"6":{"loc":{"start":{"line":86,"column":30},"end":{"line":86,"column":102}},"type":"binary-expr","locations":[{"start":{"line":86,"column":30},"end":{"line":86,"column":51}},{"start":{"line":86,"column":55},"end":{"line":86,"column":78}},{"start":{"line":86,"column":82},"end":{"line":86,"column":102}}],"line":86},"7":{"loc":{"start":{"line":87,"column":32},"end":{"line":87,"column":82}},"type":"binary-expr","locations":[{"start":{"line":87,"column":32},"end":{"line":87,"column":55}},{"start":{"line":87,"column":59},"end":{"line":87,"column":77}},{"start":{"line":87,"column":81},"end":{"line":87,"column":82}}],"line":87},"8":{"loc":{"start":{"line":88,"column":30},"end":{"line":88,"column":66}},"type":"binary-expr","locations":[{"start":{"line":88,"column":30},"end":{"line":88,"column":51}},{"start":{"line":88,"column":55},"end":{"line":88,"column":66}}],"line":88},"9":{"loc":{"start":{"line":89,"column":29},"end":{"line":89,"column":119}},"type":"binary-expr","locations":[{"start":{"line":89,"column":29},"end":{"line":89,"column":59}},{"start":{"line":89,"column":63},"end":{"line":89,"column":90}},{"start":{"line":89,"column":94},"end":{"line":89,"column":114}},{"start":{"line":89,"column":118},"end":{"line":89,"column":119}}],"line":89},"10":{"loc":{"start":{"line":90,"column":28},"end":{"line":90,"column":59}},"type":"binary-expr","locations":[{"start":{"line":90,"column":28},"end":{"line":90,"column":54}},{"start":{"line":90,"column":58},"end":{"line":90,"column":59}}],"line":90},"11":{"loc":{"start":{"line":91,"column":33},"end":{"line":91,"column":62}},"type":"binary-expr","locations":[{"start":{"line":91,"column":33},"end":{"line":91,"column":57}},{"start":{"line":91,"column":61},"end":{"line":91,"column":62}}],"line":91},"12":{"loc":{"start":{"line":94,"column":25},"end":{"line":94,"column":77}},"type":"binary-expr","locations":[{"start":{"line":94,"column":25},"end":{"line":94,"column":39}},{"start":{"line":94,"column":43},"end":{"line":94,"column":68}},{"start":{"line":94,"column":72},"end":{"line":94,"column":77}}],"line":94},"13":{"loc":{"start":{"line":114,"column":21},"end":{"line":124,"column":21}},"type":"binary-expr","locations":[{"start":{"line":114,"column":21},"end":{"line":114,"column":32}},{"start":{"line":115,"column":22},"end":{"line":123,"column":25}}],"line":114},"14":{"loc":{"start":{"line":129,"column":21},"end":{"line":136,"column":21}},"type":"binary-expr","locations":[{"start":{"line":129,"column":21},"end":{"line":129,"column":32}},{"start":{"line":130,"column":22},"end":{"line":135,"column":29}}],"line":129},"15":{"loc":{"start":{"line":137,"column":21},"end":{"line":141,"column":21}},"type":"binary-expr","locations":[{"start":{"line":137,"column":21},"end":{"line":137,"column":33}},{"start":{"line":138,"column":22},"end":{"line":140,"column":29}}],"line":137},"16":{"loc":{"start":{"line":142,"column":21},"end":{"line":147,"column":21}},"type":"binary-expr","locations":[{"start":{"line":142,"column":21},"end":{"line":142,"column":37}},{"start":{"line":143,"column":22},"end":{"line":146,"column":29}}],"line":142}},"s":{"0":0,"1":0,"2":0,"3":0,"4":0,"5":0,"6":0,"7":0,"8":0,"9":0,"10":0,"11":0,"12":0,"13":0,"14":0,"15":0,"16":0},"f":{"0":0,"1":0,"2":0},"b":{"0":[0,0],"1":[0,0],"2":[0,0],"3":[0,0],"4":[0,0],"5":[0,0,0],"6":[0,0,0],"7":[0,0,0],"8":[0,0],"9":[0,0,0,0],"10":[0,0],"11":[0,0],"12":[0,0,0],"13":[0,0],"14":[0,0],"15":[0,0],"16":[0,0]}}
,"C:\\Users\\guill\\Documents\\Freelance\\Maya Mobile App\\components\\neo\\NeoCard.tsx": {"path":"C:\\Users\\guill\\Documents\\Freelance\\Maya Mobile App\\components\\neo\\NeoCard.tsx","statementMap":{"0":{"start":{"line":14,"column":2},"end":{"line":20,"column":3}},"1":{"start":{"line":15,"column":4},"end":{"line":19,"column":6}},"2":{"start":{"line":22,"column":23},"end":{"line":22,"column":60}},"3":{"start":{"line":24,"column":2},"end":{"line":33,"column":4}},"4":{"start":{"line":36,"column":15},"end":{"line":62,"column":2}}},"fnMap":{"0":{"name":"NeoCard","decl":{"start":{"line":13,"column":16},"end":{"line":13,"column":23}},"loc":{"start":{"line":13,"column":88},"end":{"line":34,"column":1}},"line":13}},"branchMap":{"0":{"loc":{"start":{"line":13,"column":43},"end":{"line":13,"column":60}},"type":"default-arg","locations":[{"start":{"line":13,"column":53},"end":{"line":13,"column":60}}],"line":13},"1":{"loc":{"start":{"line":14,"column":2},"end":{"line":20,"column":3}},"type":"if","locations":[{"start":{"line":14,"column":2},"end":{"line":20,"column":3}},{"start":{},"end":{}}],"line":14},"2":{"loc":{"start":{"line":22,"column":23},"end":{"line":22,"column":60}},"type":"binary-expr","locations":[{"start":{"line":22,"column":23},"end":{"line":22,"column":31}},{"start":{"line":22,"column":35},"end":{"line":22,"column":60}}],"line":22}},"s":{"0":0,"1":0,"2":0,"3":0,"4":0},"f":{"0":0},"b":{"0":[0],"1":[0,0],"2":[0,0]}}
,"C:\\Users\\guill\\Documents\\Freelance\\Maya Mobile App\\components\\neo\\NeoChip.tsx": {"path":"C:\\Users\\guill\\Documents\\Freelance\\Maya Mobile App\\components\\neo\\NeoChip.tsx","statementMap":{"0":{"start":{"line":13,"column":26},"end":{"line":33,"column":3}},"1":{"start":{"line":15,"column":4},"end":{"line":17,"column":5}},"2":{"start":{"line":16,"column":6},"end":{"line":16,"column":32}},"3":{"start":{"line":18,"column":4},"end":{"line":20,"column":5}},"4":{"start":{"line":19,"column":6},"end":{"line":19,"column":32}},"5":{"start":{"line":23,"column":4},"end":{"line":32,"column":5}},"6":{"start":{"line":25,"column":8},"end":{"line":25,"column":34}},"7":{"start":{"line":27,"column":8},"end":{"line":27,"column":34}},"8":{"start":{"line":29,"column":8},"end":{"line":29,"column":31}},"9":{"start":{"line":31,"column":8},"end":{"line":31,"column":34}},"10":{"start":{"line":35,"column":2},"end":{"line":39,"column":4}},"11":{"start":{"line":42,"column":15},"end":{"line":75,"column":2}}},"fnMap":{"0":{"name":"NeoChip","decl":{"start":{"line":12,"column":16},"end":{"line":12,"column":23}},"loc":{"start":{"line":12,"column":83},"end":{"line":40,"column":1}},"line":12},"1":{"name":"(anonymous_1)","decl":{"start":{"line":13,"column":26},"end":{"line":13,"column":27}},"loc":{"start":{"line":13,"column":32},"end":{"line":33,"column":3}},"line":13}},"branchMap":{"0":{"loc":{"start":{"line":12,"column":42},"end":{"line":12,"column":58}},"type":"default-arg","locations":[{"start":{"line":12,"column":49},"end":{"line":12,"column":58}}],"line":12},"1":{"loc":{"start":{"line":15,"column":4},"end":{"line":17,"column":5}},"type":"if","locations":[{"start":{"line":15,"column":4},"end":{"line":17,"column":5}},{"start":{},"end":{}}],"line":15},"2":{"loc":{"start":{"line":18,"column":4},"end":{"line":20,"column":5}},"type":"if","locations":[{"start":{"line":18,"column":4},"end":{"line":20,"column":5}},{"start":{},"end":{}}],"line":18},"3":{"loc":{"start":{"line":23,"column":4},"end":{"line":32,"column":5}},"type":"switch","locations":[{"start":{"line":24,"column":6},"end":{"line":25,"column":34}},{"start":{"line":26,"column":6},"end":{"line":27,"column":34}},{"start":{"line":28,"column":6},"end":{"line":29,"column":31}},{"start":{"line":30,"column":6},"end":{"line":31,"column":34}}],"line":23}},"s":{"0":0,"1":0,"2":0,"3":0,"4":0,"5":0,"6":0,"7":0,"8":0,"9":0,"10":0,"11":0},"f":{"0":0,"1":0},"b":{"0":[0],"1":[0,0],"2":[0,0],"3":[0,0,0,0]}}
,"C:\\Users\\guill\\Documents\\Freelance\\Maya Mobile App\\components\\onboarding\\onboarding-content-card.tsx": {"path":"C:\\Users\\guill\\Documents\\Freelance\\Maya Mobile App\\components\\onboarding\\onboarding-content-card.tsx","statementMap":{"0":{"start":{"line":10,"column":19},"end":{"line":10,"column":43}},"1":{"start":{"line":29,"column":20},"end":{"line":29,"column":37}},"2":{"start":{"line":30,"column":23},"end":{"line":30,"column":40}},"3":{"start":{"line":31,"column":29},"end":{"line":31,"column":46}},"4":{"start":{"line":32,"column":20},"end":{"line":32,"column":37}},"5":{"start":{"line":34,"column":2},"end":{"line":40,"column":9}},"6":{"start":{"line":36,"column":4},"end":{"line":36,"column":55}},"7":{"start":{"line":37,"column":4},"end":{"line":37,"column":58}},"8":{"start":{"line":38,"column":4},"end":{"line":38,"column":64}},"9":{"start":{"line":39,"column":4},"end":{"line":39,"column":55}},"10":{"start":{"line":42,"column":28},"end":{"line":44,"column":5}},"11":{"start":{"line":42,"column":52},"end":{"line":44,"column":3}},"12":{"start":{"line":46,"column":29},"end":{"line":49,"column":5}},"13":{"start":{"line":46,"column":53},"end":{"line":49,"column":3}},"14":{"start":{"line":51,"column":35},"end":{"line":54,"column":5}},"15":{"start":{"line":51,"column":59},"end":{"line":54,"column":3}},"16":{"start":{"line":56,"column":28},"end":{"line":58,"column":5}},"17":{"start":{"line":56,"column":52},"end":{"line":58,"column":3}},"18":{"start":{"line":60,"column":2},"end":{"line":97,"column":4}},"19":{"start":{"line":100,"column":15},"end":{"line":205,"column":2}}},"fnMap":{"0":{"name":"OnboardingContentCard","decl":{"start":{"line":21,"column":16},"end":{"line":21,"column":37}},"loc":{"start":{"line":28,"column":31},"end":{"line":98,"column":1}},"line":28},"1":{"name":"(anonymous_1)","decl":{"start":{"line":34,"column":12},"end":{"line":34,"column":13}},"loc":{"start":{"line":34,"column":18},"end":{"line":40,"column":3}},"line":34},"2":{"name":"(anonymous_2)","decl":{"start":{"line":42,"column":45},"end":{"line":42,"column":46}},"loc":{"start":{"line":42,"column":52},"end":{"line":44,"column":3}},"line":42},"3":{"name":"(anonymous_3)","decl":{"start":{"line":46,"column":46},"end":{"line":46,"column":47}},"loc":{"start":{"line":46,"column":53},"end":{"line":49,"column":3}},"line":46},"4":{"name":"(anonymous_4)","decl":{"start":{"line":51,"column":52},"end":{"line":51,"column":53}},"loc":{"start":{"line":51,"column":59},"end":{"line":54,"column":3}},"line":51},"5":{"name":"(anonymous_5)","decl":{"start":{"line":56,"column":45},"end":{"line":56,"column":46}},"loc":{"start":{"line":56,"column":52},"end":{"line":58,"column":3}},"line":56}},"branchMap":{"0":{"loc":{"start":{"line":26,"column":2},"end":{"line":26,"column":41}},"type":"default-arg","locations":[{"start":{"line":26,"column":19},"end":{"line":26,"column":41}}],"line":26},"1":{"loc":{"start":{"line":27,"column":2},"end":{"line":27,"column":11}},"type":"default-arg","locations":[{"start":{"line":27,"column":10},"end":{"line":27,"column":11}}],"line":27},"2":{"loc":{"start":{"line":48,"column":30},"end":{"line":48,"column":63}},"type":"cond-expr","locations":[{"start":{"line":48,"column":57},"end":{"line":48,"column":58}},{"start":{"line":48,"column":61},"end":{"line":48,"column":63}}],"line":48},"3":{"loc":{"start":{"line":53,"column":30},"end":{"line":53,"column":69}},"type":"cond-expr","locations":[{"start":{"line":53,"column":63},"end":{"line":53,"column":64}},{"start":{"line":53,"column":67},"end":{"line":53,"column":69}}],"line":53},"4":{"loc":{"start":{"line":82,"column":13},"end":{"line":86,"column":13}},"type":"binary-expr","locations":[{"start":{"line":82,"column":13},"end":{"line":82,"column":24}},{"start":{"line":83,"column":14},"end":{"line":85,"column":30}}],"line":82}},"s":{"0":0,"1":0,"2":0,"3":0,"4":0,"5":0,"6":0,"7":0,"8":0,"9":0,"10":0,"11":0,"12":0,"13":0,"14":0,"15":0,"16":0,"17":0,"18":0,"19":0},"f":{"0":0,"1":0,"2":0,"3":0,"4":0,"5":0},"b":{"0":[0],"1":[0],"2":[0,0],"3":[0,0],"4":[0,0]}}
,"C:\\Users\\guill\\Documents\\Freelance\\Maya Mobile App\\components\\onboarding\\onboarding-screen.tsx": {"path":"C:\\Users\\guill\\Documents\\Freelance\\Maya Mobile App\\components\\onboarding\\onboarding-screen.tsx","statementMap":{"0":{"start":{"line":8,"column":26},"end":{"line":8,"column":50}},"1":{"start":{"line":25,"column":2},"end":{"line":61,"column":4}},"2":{"start":{"line":64,"column":15},"end":{"line":130,"column":2}}},"fnMap":{"0":{"name":"OnboardingScreen","decl":{"start":{"line":18,"column":16},"end":{"line":18,"column":32}},"loc":{"start":{"line":24,"column":26},"end":{"line":62,"column":1}},"line":24}},"branchMap":{"0":{"loc":{"start":{"line":22,"column":2},"end":{"line":22,"column":17}},"type":"default-arg","locations":[{"start":{"line":22,"column":13},"end":{"line":22,"column":17}}],"line":22},"1":{"loc":{"start":{"line":23,"column":2},"end":{"line":23,"column":18}},"type":"default-arg","locations":[{"start":{"line":23,"column":13},"end":{"line":23,"column":18}}],"line":23},"2":{"loc":{"start":{"line":34,"column":11},"end":{"line":43,"column":11}},"type":"cond-expr","locations":[{"start":{"line":35,"column":12},"end":{"line":40,"column":31}},{"start":{"line":42,"column":12},"end":{"line":42,"column":47}}],"line":34},"3":{"loc":{"start":{"line":50,"column":11},"end":{"line":56,"column":11}},"type":"cond-expr","locations":[{"start":{"line":51,"column":12},"end":{"line":53,"column":31}},{"start":{"line":55,"column":12},"end":{"line":55,"column":47}}],"line":50}},"s":{"0":0,"1":0,"2":0},"f":{"0":0},"b":{"0":[0],"1":[0],"2":[0,0],"3":[0,0]}}
,"C:\\Users\\guill\\Documents\\Freelance\\Maya Mobile App\\components\\partners\\filter-chips.tsx": {"path":"C:\\Users\\guill\\Documents\\Freelance\\Maya Mobile App\\components\\partners\\filter-chips.tsx","statementMap":{"0":{"start":{"line":29,"column":26},"end":{"line":65,"column":1}},"1":{"start":{"line":68,"column":2},"end":{"line":127,"column":4}},"2":{"start":{"line":77,"column":29},"end":{"line":77,"column":57}},"3":{"start":{"line":79,"column":10},"end":{"line":123,"column":12}},"4":{"start":{"line":90,"column":29},"end":{"line":90,"column":54}},"5":{"start":{"line":130,"column":15},"end":{"line":179,"column":2}}},"fnMap":{"0":{"name":"FilterChips","decl":{"start":{"line":67,"column":16},"end":{"line":67,"column":27}},"loc":{"start":{"line":67,"column":89},"end":{"line":128,"column":1}},"line":67},"1":{"name":"(anonymous_1)","decl":{"start":{"line":76,"column":21},"end":{"line":76,"column":22}},"loc":{"start":{"line":76,"column":33},"end":{"line":124,"column":9}},"line":76},"2":{"name":"(anonymous_2)","decl":{"start":{"line":90,"column":23},"end":{"line":90,"column":24}},"loc":{"start":{"line":90,"column":29},"end":{"line":90,"column":54}},"line":90}},"branchMap":{"0":{"loc":{"start":{"line":84,"column":16},"end":{"line":84,"column":72}},"type":"cond-expr","locations":[{"start":{"line":84,"column":29},"end":{"line":84,"column":48}},{"start":{"line":84,"column":51},"end":{"line":84,"column":72}}],"line":84},"1":{"loc":{"start":{"line":86,"column":35},"end":{"line":86,"column":96}},"type":"cond-expr","locations":[{"start":{"line":86,"column":48},"end":{"line":86,"column":70}},{"start":{"line":86,"column":73},"end":{"line":86,"column":96}}],"line":86},"2":{"loc":{"start":{"line":87,"column":31},"end":{"line":87,"column":78}},"type":"cond-expr","locations":[{"start":{"line":87,"column":44},"end":{"line":87,"column":56}},{"start":{"line":87,"column":59},"end":{"line":87,"column":78}}],"line":87},"3":{"loc":{"start":{"line":96,"column":23},"end":{"line":96,"column":72}},"type":"cond-expr","locations":[{"start":{"line":96,"column":36},"end":{"line":96,"column":48}},{"start":{"line":96,"column":51},"end":{"line":96,"column":72}}],"line":96},"4":{"loc":{"start":{"line":102,"column":27},"end":{"line":102,"column":76}},"type":"cond-expr","locations":[{"start":{"line":102,"column":40},"end":{"line":102,"column":52}},{"start":{"line":102,"column":55},"end":{"line":102,"column":76}}],"line":102},"5":{"loc":{"start":{"line":103,"column":32},"end":{"line":103,"column":58}},"type":"cond-expr","locations":[{"start":{"line":103,"column":45},"end":{"line":103,"column":50}},{"start":{"line":103,"column":53},"end":{"line":103,"column":58}}],"line":103},"6":{"loc":{"start":{"line":109,"column":15},"end":{"line":121,"column":15}},"type":"binary-expr","locations":[{"start":{"line":109,"column":15},"end":{"line":109,"column":41}},{"start":{"line":110,"column":16},"end":{"line":120,"column":23}}],"line":109},"7":{"loc":{"start":{"line":112,"column":37},"end":{"line":112,"column":91}},"type":"cond-expr","locations":[{"start":{"line":112,"column":50},"end":{"line":112,"column":69}},{"start":{"line":112,"column":72},"end":{"line":112,"column":91}}],"line":112},"8":{"loc":{"start":{"line":116,"column":29},"end":{"line":116,"column":78}},"type":"cond-expr","locations":[{"start":{"line":116,"column":42},"end":{"line":116,"column":54}},{"start":{"line":116,"column":57},"end":{"line":116,"column":78}}],"line":116}},"s":{"0":0,"1":0,"2":0,"3":0,"4":0,"5":0},"f":{"0":0,"1":0,"2":0},"b":{"0":[0,0],"1":[0,0],"2":[0,0],"3":[0,0],"4":[0,0],"5":[0,0],"6":[0,0],"7":[0,0],"8":[0,0]}}
,"C:\\Users\\guill\\Documents\\Freelance\\Maya Mobile App\\components\\partners\\partner-bottom-nav.tsx": {"path":"C:\\Users\\guill\\Documents\\Freelance\\Maya Mobile App\\components\\partners\\partner-bottom-nav.tsx","statementMap":{"0":{"start":{"line":14,"column":97},"end":{"line":19,"column":3}},"1":{"start":{"line":21,"column":2},"end":{"line":69,"column":4}},"2":{"start":{"line":31,"column":29},"end":{"line":31,"column":52}},"3":{"start":{"line":32,"column":12},"end":{"line":64,"column":14}},"4":{"start":{"line":36,"column":31},"end":{"line":36,"column":51}},"5":{"start":{"line":72,"column":15},"end":{"line":135,"column":2}}},"fnMap":{"0":{"name":"PartnerBottomNav","decl":{"start":{"line":13,"column":16},"end":{"line":13,"column":32}},"loc":{"start":{"line":13,"column":86},"end":{"line":70,"column":1}},"line":13},"1":{"name":"(anonymous_1)","decl":{"start":{"line":30,"column":20},"end":{"line":30,"column":21}},"loc":{"start":{"line":30,"column":29},"end":{"line":65,"column":11}},"line":30},"2":{"name":"(anonymous_2)","decl":{"start":{"line":36,"column":25},"end":{"line":36,"column":26}},"loc":{"start":{"line":36,"column":31},"end":{"line":36,"column":51}},"line":36}},"branchMap":{"0":{"loc":{"start":{"line":35,"column":46},"end":{"line":35,"column":84}},"type":"binary-expr","locations":[{"start":{"line":35,"column":46},"end":{"line":35,"column":54}},{"start":{"line":35,"column":58},"end":{"line":35,"column":84}}],"line":35},"1":{"loc":{"start":{"line":39,"column":17},"end":{"line":54,"column":17}},"type":"cond-expr","locations":[{"start":{"line":40,"column":18},"end":{"line":47,"column":25}},{"start":{"line":49,"column":18},"end":{"line":53,"column":20}}],"line":39},"2":{"loc":{"start":{"line":58,"column":20},"end":{"line":58,"column":58}},"type":"binary-expr","locations":[{"start":{"line":58,"column":20},"end":{"line":58,"column":28}},{"start":{"line":58,"column":32},"end":{"line":58,"column":58}}],"line":58}},"s":{"0":0,"1":0,"2":0,"3":0,"4":0,"5":0},"f":{"0":0,"1":0,"2":0},"b":{"0":[0,0],"1":[0,0],"2":[0,0]}}
,"C:\\Users\\guill\\Documents\\Freelance\\Maya Mobile App\\components\\partners\\partner-card.tsx": {"path":"C:\\Users\\guill\\Documents\\Freelance\\Maya Mobile App\\components\\partners\\partner-card.tsx","statementMap":{"0":{"start":{"line":40,"column":20},"end":{"line":40,"column":63}},"1":{"start":{"line":42,"column":24},"end":{"line":47,"column":3}},"2":{"start":{"line":43,"column":4},"end":{"line":46,"column":15}},"3":{"start":{"line":49,"column":25},"end":{"line":54,"column":3}},"4":{"start":{"line":50,"column":4},"end":{"line":53,"column":15}},"5":{"start":{"line":56,"column":24},"end":{"line":58,"column":3}},"6":{"start":{"line":57,"column":4},"end":{"line":57,"column":43}},"7":{"start":{"line":60,"column":29},"end":{"line":62,"column":3}},"8":{"start":{"line":61,"column":4},"end":{"line":61,"column":62}},"9":{"start":{"line":64,"column":2},"end":{"line":156,"column":4}},"10":{"start":{"line":159,"column":15},"end":{"line":338,"column":2}}},"fnMap":{"0":{"name":"PartnerCard","decl":{"start":{"line":39,"column":16},"end":{"line":39,"column":27}},"loc":{"start":{"line":39,"column":75},"end":{"line":157,"column":1}},"line":39},"1":{"name":"(anonymous_1)","decl":{"start":{"line":42,"column":24},"end":{"line":42,"column":25}},"loc":{"start":{"line":42,"column":30},"end":{"line":47,"column":3}},"line":42},"2":{"name":"(anonymous_2)","decl":{"start":{"line":49,"column":25},"end":{"line":49,"column":26}},"loc":{"start":{"line":49,"column":31},"end":{"line":54,"column":3}},"line":49},"3":{"name":"(anonymous_3)","decl":{"start":{"line":56,"column":24},"end":{"line":56,"column":25}},"loc":{"start":{"line":56,"column":30},"end":{"line":58,"column":3}},"line":56},"4":{"name":"(anonymous_4)","decl":{"start":{"line":60,"column":29},"end":{"line":60,"column":30}},"loc":{"start":{"line":60,"column":35},"end":{"line":62,"column":3}},"line":60}},"branchMap":{"0":{"loc":{"start":{"line":79,"column":13},"end":{"line":83,"column":13}},"type":"binary-expr","locations":[{"start":{"line":79,"column":13},"end":{"line":79,"column":40}},{"start":{"line":80,"column":14},"end":{"line":82,"column":21}}],"line":79},"1":{"loc":{"start":{"line":92,"column":19},"end":{"line":92,"column":86}},"type":"cond-expr","locations":[{"start":{"line":92,"column":53},"end":{"line":92,"column":78}},{"start":{"line":92,"column":81},"end":{"line":92,"column":86}}],"line":92},"2":{"loc":{"start":{"line":113,"column":13},"end":{"line":113,"column":70}},"type":"cond-expr","locations":[{"start":{"line":113,"column":40},"end":{"line":113,"column":64}},{"start":{"line":113,"column":67},"end":{"line":113,"column":70}}],"line":113},"3":{"loc":{"start":{"line":122,"column":14},"end":{"line":122,"column":70}},"type":"cond-expr","locations":[{"start":{"line":122,"column":31},"end":{"line":122,"column":48}},{"start":{"line":122,"column":51},"end":{"line":122,"column":70}}],"line":122},"4":{"loc":{"start":{"line":126,"column":35},"end":{"line":126,"column":95}},"type":"cond-expr","locations":[{"start":{"line":126,"column":52},"end":{"line":126,"column":73}},{"start":{"line":126,"column":76},"end":{"line":126,"column":95}}],"line":126},"5":{"loc":{"start":{"line":130,"column":25},"end":{"line":130,"column":85}},"type":"cond-expr","locations":[{"start":{"line":130,"column":42},"end":{"line":130,"column":63}},{"start":{"line":130,"column":66},"end":{"line":130,"column":85}}],"line":130},"6":{"loc":{"start":{"line":132,"column":17},"end":{"line":132,"column":52}},"type":"cond-expr","locations":[{"start":{"line":132,"column":34},"end":{"line":132,"column":42}},{"start":{"line":132,"column":45},"end":{"line":132,"column":52}}],"line":132},"7":{"loc":{"start":{"line":134,"column":15},"end":{"line":136,"column":15}},"type":"binary-expr","locations":[{"start":{"line":134,"column":15},"end":{"line":134,"column":29}},{"start":{"line":134,"column":33},"end":{"line":134,"column":52}},{"start":{"line":135,"column":16},"end":{"line":135,"column":79}}],"line":134},"8":{"loc":{"start":{"line":147,"column":9},"end":{"line":153,"column":9}},"type":"binary-expr","locations":[{"start":{"line":147,"column":9},"end":{"line":147,"column":26}},{"start":{"line":147,"column":30},"end":{"line":147,"column":56}},{"start":{"line":148,"column":10},"end":{"line":152,"column":12}}],"line":147}},"s":{"0":0,"1":0,"2":0,"3":0,"4":0,"5":0,"6":0,"7":0,"8":0,"9":0,"10":0},"f":{"0":0,"1":0,"2":0,"3":0,"4":0},"b":{"0":[0,0],"1":[0,0],"2":[0,0],"3":[0,0],"4":[0,0],"5":[0,0],"6":[0,0],"7":[0,0,0],"8":[0,0,0]}}
[...]
ne":258},"44":{"loc":{"start":{"line":261,"column":4},"end":{"line":263,"column":5}},"type":"if","locations":[{"start":{"line":261,"column":4},"end":{"line":263,"column":5}},{"start":{},"end":{}}],"line":261},"45":{"loc":{"start":{"line":266,"column":47},"end":{"line":266,"column":71}},"type":"cond-expr","locations":[{"start":{"line":266,"column":55},"end":{"line":266,"column":66}},{"start":{"line":266,"column":69},"end":{"line":266,"column":71}}],"line":266},"46":{"loc":{"start":{"line":270,"column":4},"end":{"line":272,"column":5}},"type":"if","locations":[{"start":{"line":270,"column":4},"end":{"line":272,"column":5}},{"start":{},"end":{}}],"line":270},"47":{"loc":{"start":{"line":274,"column":4},"end":{"line":276,"column":5}},"type":"if","locations":[{"start":{"line":274,"column":4},"end":{"line":276,"column":5}},{"start":{},"end":{}}],"line":274},"48":{"loc":{"start":{"line":278,"column":4},"end":{"line":280,"column":5}},"type":"if","locations":[{"start":{"line":278,"column":4},"end":{"line":280,"column":5}},{"start":{},"end":{}}],"line":278},"49":{"loc":{"start":{"line":278,"column":8},"end":{"line":278,"column":59}},"type":"binary-expr","locations":[{"start":{"line":278,"column":8},"end":{"line":278,"column":36}},{"start":{"line":278,"column":40},"end":{"line":278,"column":59}}],"line":278},"50":{"loc":{"start":{"line":289,"column":34},"end":{"line":300,"column":8}},"type":"default-arg","locations":[{"start":{"line":300,"column":6},"end":{"line":300,"column":8}}],"line":289},"51":{"loc":{"start":{"line":303,"column":4},"end":{"line":305,"column":5}},"type":"if","locations":[{"start":{"line":303,"column":4},"end":{"line":305,"column":5}},{"start":{},"end":{}}],"line":303},"52":{"loc":{"start":{"line":306,"column":4},"end":{"line":308,"column":5}},"type":"if","locations":[{"start":{"line":306,"column":4},"end":{"line":308,"column":5}},{"start":{},"end":{}}],"line":306},"53":{"loc":{"start":{"line":309,"column":4},"end":{"line":311,"column":5}},"type":"if","locations":[{"start":{"line":309,"column":4},"end":{"line":311,"column":5}},{"start":{},"end":{}}],"line":309},"54":{"loc":{"start":{"line":312,"column":4},"end":{"line":314,"column":5}},"type":"if","locations":[{"start":{"line":312,"column":4},"end":{"line":314,"column":5}},{"start":{},"end":{}}],"line":312},"55":{"loc":{"start":{"line":315,"column":4},"end":{"line":317,"column":5}},"type":"if","locations":[{"start":{"line":315,"column":4},"end":{"line":317,"column":5}},{"start":{},"end":{}}],"line":315},"56":{"loc":{"start":{"line":318,"column":4},"end":{"line":320,"column":5}},"type":"if","locations":[{"start":{"line":318,"column":4},"end":{"line":320,"column":5}},{"start":{},"end":{}}],"line":318},"57":{"loc":{"start":{"line":321,"column":4},"end":{"line":323,"column":5}},"type":"if","locations":[{"start":{"line":321,"column":4},"end":{"line":323,"column":5}},{"start":{},"end":{}}],"line":321},"58":{"loc":{"start":{"line":324,"column":4},"end":{"line":326,"column":5}},"type":"if","locations":[{"start":{"line":324,"column":4},"end":{"line":326,"column":5}},{"start":{},"end":{}}],"line":324},"59":{"loc":{"start":{"line":327,"column":4},"end":{"line":329,"column":5}},"type":"if","locations":[{"start":{"line":327,"column":4},"end":{"line":329,"column":5}},{"start":{},"end":{}}],"line":327},"60":{"loc":{"start":{"line":330,"column":4},"end":{"line":332,"column":5}},"type":"if","locations":[{"start":{"line":330,"column":4},"end":{"line":332,"column":5}},{"start":{},"end":{}}],"line":330},"61":{"loc":{"start":{"line":335,"column":46},"end":{"line":335,"column":70}},"type":"cond-expr","locations":[{"start":{"line":335,"column":54},"end":{"line":335,"column":65}},{"start":{"line":335,"column":68},"end":{"line":335,"column":70}}],"line":335},"62":{"loc":{"start":{"line":339,"column":4},"end":{"line":346,"column":5}},"type":"if","locations":[{"start":{"line":339,"column":4},"end":{"line":346,"column":5}},{"start":{},"end":{}}],"line":339},"63":{"loc":{"start":{"line":343,"column":18},"end":{"line":343,"column":53}},"type":"binary-expr","locations":[{"start":{"line":343,"column":18},"end":{"line":343,"column":34}},{"start":{"line":343,"column":38},"end":{"line":343,"column":53}}],"line":343},"64":{"loc":{"start":{"line":348,"column":4},"end":{"line":355,"column":5}},"type":"if","locations":[{"start":{"line":348,"column":4},"end":{"line":355,"column":5}},{"start":{},"end":{}}],"line":348},"65":{"loc":{"start":{"line":348,"column":8},"end":{"line":348,"column":56}},"type":"binary-expr","locations":[{"start":{"line":348,"column":8},"end":{"line":348,"column":23}},{"start":{"line":348,"column":27},"end":{"line":348,"column":56}}],"line":348},"66":{"loc":{"start":{"line":351,"column":14},"end":{"line":351,"column":43}},"type":"binary-expr","locations":[{"start":{"line":351,"column":14},"end":{"line":351,"column":27}},{"start":{"line":351,"column":31},"end":{"line":351,"column":43}}],"line":351},"67":{"loc":{"start":{"line":352,"column":18},"end":{"line":352,"column":55}},"type":"binary-expr","locations":[{"start":{"line":352,"column":18},"end":{"line":352,"column":35}},{"start":{"line":352,"column":39},"end":{"line":352,"column":55}}],"line":352},"68":{"loc":{"start":{"line":353,"column":20},"end":{"line":353,"column":75}},"type":"binary-expr","locations":[{"start":{"line":353,"column":20},"end":{"line":353,"column":39}},{"start":{"line":353,"column":43},"end":{"line":353,"column":57}},{"start":{"line":353,"column":61},"end":{"line":353,"column":75}}],"line":353},"69":{"loc":{"start":{"line":370,"column":4},"end":{"line":372,"column":5}},"type":"if","locations":[{"start":{"line":370,"column":4},"end":{"line":372,"column":5}},{"start":{},"end":{}}],"line":370},"70":{"loc":{"start":{"line":373,"column":4},"end":{"line":375,"column":5}},"type":"if","locations":[{"start":{"line":373,"column":4},"end":{"line":375,"column":5}},{"start":{},"end":{}}],"line":373},"71":{"loc":{"start":{"line":381,"column":4},"end":{"line":383,"column":5}},"type":"if","locations":[{"start":{"line":381,"column":4},"end":{"line":383,"column":5}},{"start":{},"end":{}}],"line":381},"72":{"loc":{"start":{"line":385,"column":11},"end":{"line":385,"column":52}},"type":"binary-expr","locations":[{"start":{"line":385,"column":11},"end":{"line":385,"column":28}},{"start":{"line":385,"column":32},"end":{"line":385,"column":47}},{"start":{"line":385,"column":51},"end":{"line":385,"column":52}}],"line":385},"73":{"loc":{"start":{"line":392,"column":4},"end":{"line":394,"column":5}},"type":"if","locations":[{"start":{"line":392,"column":4},"end":{"line":394,"column":5}},{"start":{},"end":{}}],"line":392},"74":{"loc":{"start":{"line":403,"column":4},"end":{"line":409,"column":5}},"type":"if","locations":[{"start":{"line":403,"column":4},"end":{"line":409,"column":5}},{"start":{},"end":{}}],"line":403},"75":{"loc":{"start":{"line":405,"column":18},"end":{"line":405,"column":42}},"type":"binary-expr","locations":[{"start":{"line":405,"column":18},"end":{"line":405,"column":31}},{"start":{"line":405,"column":35},"end":{"line":405,"column":42}}],"line":405},"76":{"loc":{"start":{"line":406,"column":22},"end":{"line":406,"column":59}},"type":"binary-expr","locations":[{"start":{"line":406,"column":22},"end":{"line":406,"column":39}},{"start":{"line":406,"column":43},"end":{"line":406,"column":54}},{"start":{"line":406,"column":58},"end":{"line":406,"column":59}}],"line":406},"77":{"loc":{"start":{"line":407,"column":26},"end":{"line":407,"column":52}},"type":"binary-expr","locations":[{"start":{"line":407,"column":26},"end":{"line":407,"column":47}},{"start":{"line":407,"column":51},"end":{"line":407,"column":52}}],"line":407},"78":{"loc":{"start":{"line":412,"column":4},"end":{"line":433,"column":5}},"type":"if","locations":[{"start":{"line":412,"column":4},"end":{"line":433,"column":5}},{"start":{},"end":{}}],"line":412},"79":{"loc":{"start":{"line":416,"column":6},"end":{"line":423,"column":7}},"type":"if","locations":[{"start":{"line":416,"column":6},"end":{"line":423,"column":7}},{"start":{},"end":{}}],"line":416},"80":{"loc":{"start":{"line":426,"column":6},"end":{"line":432,"column":7}},"type":"if","locations":[{"start":{"line":426,"column":6},"end":{"line":432,"column":7}},{"start":{},"end":{}}],"line":426},"81":{"loc":{"start":{"line":428,"column":20},"end":{"line":428,"column":44}},"type":"binary-expr","locations":[{"start":{"line":428,"column":20},"end":{"line":428,"column":33}},{"start":{"line":428,"column":37},"end":{"line":428,"column":44}}],"line":428},"82":{"loc":{"start":{"line":429,"column":24},"end":{"line":429,"column":61}},"type":"binary-expr","locations":[{"start":{"line":429,"column":24},"end":{"line":429,"column":41}},{"start":{"line":429,"column":45},"end":{"line":429,"column":56}},{"start":{"line":429,"column":60},"end":{"line":429,"column":61}}],"line":429},"83":{"loc":{"start":{"line":430,"column":28},"end":{"line":430,"column":54}},"type":"binary-expr","locations":[{"start":{"line":430,"column":28},"end":{"line":430,"column":49}},{"start":{"line":430,"column":53},"end":{"line":430,"column":54}}],"line":430}},"s":{"0":1,"1":1,"2":13,"3":13,"4":13,"5":13,"6":13,"7":13,"8":13,"9":0,"10":0,"11":0,"12":0,"13":0,"14":0,"15":0,"16":0,"17":0,"18":0,"19":1,"20":2,"21":1,"22":1,"23":1,"24":1,"25":1,"26":1,"27":1,"28":0,"29":1,"30":0,"31":1,"32":0,"33":1,"34":1,"35":1,"36":1,"37":0,"38":1,"39":1,"40":0,"41":2,"42":1,"43":1,"44":1,"45":1,"46":1,"47":1,"48":1,"49":1,"50":0,"51":1,"52":0,"53":1,"54":1,"55":1,"56":1,"57":1,"58":1,"59":1,"60":0,"61":0,"62":0,"63":3,"64":1,"65":2,"66":2,"67":1,"68":2,"69":2,"70":2,"71":2,"72":1,"73":1,"74":3,"75":3,"76":3,"77":3,"78":2,"79":3,"80":1,"81":3,"82":0,"83":3,"84":3,"85":3,"86":3,"87":1,"88":2,"89":1,"90":1,"91":1,"92":0,"93":1,"94":1,"95":1,"96":1,"97":1,"98":1,"99":0,"100":1,"101":1,"102":1,"103":0,"104":1,"105":0,"106":1,"107":0,"108":1,"109":0,"110":1,"111":1,"112":1,"113":1,"114":1,"115":1,"116":1,"117":1,"118":0,"119":1,"120":1,"121":0,"122":4,"123":1,"124":3,"125":1,"126":2,"127":2,"128":1,"129":1,"130":4,"131":1,"132":3,"133":3,"134":3,"135":1,"136":2,"137":2,"138":1,"139":1,"140":0,"141":0,"142":0,"143":0,"144":1,"145":1,"146":1,"147":1},"f":{"0":13,"1":2,"2":2,"3":3,"4":3,"5":1,"6":4,"7":4,"8":2,"9":1},"b":{"0":[13],"1":[13,0],"2":[0,0],"3":[0,0],"4":[0,0],"5":[0],"6":[1,1],"7":[1,0],"8":[1,0],"9":[0,1],"10":[0,1],"11":[0,1],"12":[1,0],"13":[0,1],"14":[0,0],"15":[1,0],"16":[1,1],"17":[1,0],"18":[1,0],"19":[1,0,0],"20":[0],"21":[1,1],"22":[1,0],"23":[1,0],"24":[0,1],"25":[0,1],"26":[1,0],"27":[1,0],"28":[0,0],"29":[1,0],"30":[1,0],"31":[0,0],"32":[0,0],"33":[0,0],"34":[0,0],"35":[0,0,0],"36":[1,2],"37":[1,1],"38":[1,1],"39":[1,1],"40":[1,0],"41":[3,0],"42":[2,1],"43":[1,2],"44":[0,3],"45":[3,0],"46":[1,2],"47":[1,1],"48":[1,0],"49":[1,1],"50":[0],"51":[1,0],"52":[1,0],"53":[0,1],"54":[1,0],"55":[0,1],"56":[0,1],"57":[0,1],"58":[0,1],"59":[1,0],"60":[1,0],"61":[1,0],"62":[0,1],"63":[0,0],"64":[1,0],"65":[1,1],"66":[1,0],"67":[1,0],"68":[1,0,0],"69":[1,3],"70":[1,2],"71":[1,1],"72":[1,0,0],"73":[1,3],"74":[1,2],"75":[2,0],"76":[2,0,0],"77":[2,0],"78":[1,1],"79":[0,1],"80":[1,0],"81":[1,0],"82":[1,1,0],"83":[1,0]},"_coverageSchema":"1a1c01bbd47fc00a2c39e90264f33305004495a9","hash":"f5941d25ee79f464495a9b531c1f4fe089e6356e"}
,"C:\\Users\\guill\\Documents\\Freelance\\Maya Mobile App\\services\\shared\\api.ts": {"path":"C:\\Users\\guill\\Documents\\Freelance\\Maya Mobile App\\services\\shared\\api.ts","statementMap":{"0":{"start":{"line":3,"column":23},"end":{"line":115,"column":1}},"1":{"start":{"line":9,"column":18},"end":{"line":9,"column":49}},"2":{"start":{"line":10,"column":14},"end":{"line":10,"column":37}},"3":{"start":{"line":13,"column":16},"end":{"line":13,"column":50}},"4":{"start":{"line":16,"column":49},"end":{"line":19,"column":3}},"5":{"start":{"line":22,"column":2},"end":{"line":27,"column":3}},"6":{"start":{"line":23,"column":4},"end":{"line":23,"column":56}},"7":{"start":{"line":24,"column":4},"end":{"line":24,"column":82}},"8":{"start":{"line":25,"column":9},"end":{"line":27,"column":3}},"9":{"start":{"line":26,"column":4},"end":{"line":26,"column":77}},"10":{"start":{"line":30,"column":36},"end":{"line":33,"column":3}},"11":{"start":{"line":35,"column":2},"end":{"line":42,"column":5}},"12":{"start":{"line":45,"column":2},"end":{"line":53,"column":3}},"13":{"start":{"line":46,"column":4},"end":{"line":46,"column":70}},"14":{"start":{"line":47,"column":4},"end":{"line":52,"column":5}},"15":{"start":{"line":48,"column":25},"end":{"line":48,"column":54}},"16":{"start":{"line":49,"column":6},"end":{"line":49,"column":89}},"17":{"start":{"line":51,"column":6},"end":{"line":51,"column":86}},"18":{"start":{"line":55,"column":20},"end":{"line":55,"column":30}},"19":{"start":{"line":56,"column":19},"end":{"line":56,"column":49}},"20":{"start":{"line":57,"column":19},"end":{"line":57,"column":41}},"21":{"start":{"line":59,"column":2},"end":{"line":69,"column":5}},"22":{"start":{"line":71,"column":2},"end":{"line":95,"column":3}},"23":{"start":{"line":72,"column":22},"end":{"line":72,"column":59}},"24":{"start":{"line":72,"column":56},"end":{"line":72,"column":58}},"25":{"start":{"line":74,"column":4},"end":{"line":81,"column":7}},"26":{"start":{"line":84,"column":4},"end":{"line":91,"column":5}},"27":{"start":{"line":85,"column":6},"end":{"line":90,"column":9}},"28":{"start":{"line":93,"column":25},"end":{"line":93,"column":64}},"29":{"start":{"line":94,"column":4},"end":{"line":94,"column":34}},"30":{"start":{"line":97,"column":2},"end":{"line":100,"column":3}},"31":{"start":{"line":98,"column":4},"end":{"line":98,"column":74}},"32":{"start":{"line":99,"column":4},"end":{"line":99,"column":26}},"33":{"start":{"line":102,"column":22},"end":{"line":102,"column":58}},"34":{"start":{"line":103,"column":2},"end":{"line":107,"column":3}},"35":{"start":{"line":104,"column":21},"end":{"line":104,"column":42}},"36":{"start":{"line":106,"column":4},"end":{"line":106,"column":25}},"37":{"start":{"line":109,"column":19},"end":{"line":109,"column":40}},"38":{"start":{"line":110,"column":2},"end":{"line":113,"column":5}},"39":{"start":{"line":114,"column":2},"end":{"line":114,"column":23}}},"fnMap":{"0":{"name":"(anonymous_0)","decl":{"start":{"line":3,"column":23},"end":{"line":3,"column":24}},"loc":{"start":{"line":8,"column":17},"end":{"line":115,"column":1}},"line":8},"1":{"name":"(anonymous_1)","decl":{"start":{"line":72,"column":50},"end":{"line":72,"column":51}},"loc":{"start":{"line":72,"column":56},"end":{"line":72,"column":58}},"line":72}},"branchMap":{"0":{"loc":{"start":{"line":5,"column":2},"end":{"line":5,"column":27}},"type":"default-arg","locations":[{"start":{"line":5,"column":25},"end":{"line":5,"column":27}}],"line":5},"1":{"loc":{"start":{"line":6,"column":2},"end":{"line":6,"column":24}},"type":"default-arg","locations":[{"start":{"line":6,"column":23},"end":{"line":6,"column":24}}],"line":6},"2":{"loc":{"start":{"line":9,"column":18},"end":{"line":9,"column":49}},"type":"binary-expr","locations":[{"start":{"line":9,"column":18},"end":{"line":9,"column":33}},{"start":{"line":9,"column":37},"end":{"line":9,"column":49}}],"line":9},"3":{"loc":{"start":{"line":22,"column":2},"end":{"line":27,"column":3}},"type":"if","locations":[{"start":{"line":22,"column":2},"end":{"line":27,"column":3}},{"start":{"line":25,"column":9},"end":{"line":27,"column":3}}],"line":22},"4":{"loc":{"start":{"line":22,"column":6},"end":{"line":22,"column":44}},"type":"binary-expr","locations":[{"start":{"line":22,"column":6},"end":{"line":22,"column":11}},{"start":{"line":22,"column":15},"end":{"line":22,"column":44}}],"line":22},"5":{"loc":{"start":{"line":25,"column":9},"end":{"line":27,"column":3}},"type":"if","locations":[{"start":{"line":25,"column":9},"end":{"line":27,"column":3}},{"start":{},"end":{}}],"line":25},"6":{"loc":{"start":{"line":37,"column":12},"end":{"line":37,"column":40}},"type":"binary-expr","locations":[{"start":{"line":37,"column":12},"end":{"line":37,"column":31}},{"start":{"line":37,"column":35},"end":{"line":37,"column":40}}],"line":37},"7":{"loc":{"start":{"line":39,"column":17},"end":{"line":39,"column":104}},"type":"cond-expr","locations":[{"start":{"line":39,"column":40},"end":{"line":39,"column":99}},{"start":{"line":39,"column":102},"end":{"line":39,"column":104}}],"line":39},"8":{"loc":{"start":{"line":41,"column":17},"end":{"line":41,"column":220}},"type":"cond-expr","locations":[{"start":{"line":41,"column":38},"end":{"line":41,"column":207}},{"start":{"line":41,"column":211},"end":{"line":41,"column":220}}],"line":41},"9":{"loc":{"start":{"line":41,"column":38},"end":{"line":41,"column":207}},"type":"cond-expr","locations":[{"start":{"line":41,"column":78},"end":{"line":41,"column":161}},{"start":{"line":41,"column":164},"end":{"line":41,"column":207}}],"line":41},"10":{"loc":{"start":{"line":41,"column":117},"end":{"line":41,"column":160}},"type":"cond-expr","locations":[{"start":{"line":41,"column":150},"end":{"line":41,"column":155}},{"start":{"line":41,"column":158},"end":{"line":41,"column":160}}],"line":41},"11":{"loc":{"start":{"line":45,"column":2},"end":{"line":53,"column":3}},"type":"if","locations":[{"start":{"line":45,"column":2},"end":{"line":53,"column":3}},{"start":{},"end":{}}],"line":45},"12":{"loc":{"start":{"line":45,"column":6},"end":{"line":45,"column":64}},"type":"binary-expr","locations":[{"start":{"line":45,"column":6},"end":{"line":45,"column":23}},{"start":{"line":45,"column":27},"end":{"line":45,"column":64}}],"line":45},"13":{"loc":{"start":{"line":71,"column":2},"end":{"line":95,"column":3}},"type":"if","locations":[{"start":{"line":71,"column":2},"end":{"line":95,"column":3}},{"start":{},"end":{}}],"line":71},"14":{"loc":{"start":{"line":78,"column":14},"end":{"line":78,"column":42}},"type":"binary-expr","locations":[{"start":{"line":78,"column":14},"end":{"line":78,"column":33}},{"start":{"line":78,"column":37},"end":{"line":78,"column":42}}],"line":78},"15":{"loc":{"start":{"line":84,"column":4},"end":{"line":91,"column":5}},"type":"if","locations":[{"start":{"line":84,"column":4},"end":{"line":91,"column":5}},{"start":{},"end":{}}],"line":84},"16":{"loc":{"start":{"line":87,"column":16},"end":{"line":87,"column":44}},"type":"binary-expr","locations":[{"start":{"line":87,"column":16},"end":{"line":87,"column":35}},{"start":{"line":87,"column":39},"end":{"line":87,"column":44}}],"line":87},"17":{"loc":{"start":{"line":97,"column":2},"end":{"line":100,"column":3}},"type":"if","locations":[{"start":{"line":97,"column":2},"end":{"line":100,"column":3}},{"start":{},"end":{}}],"line":97},"18":{"loc":{"start":{"line":103,"column":2},"end":{"line":107,"column":3}},"type":"if","locations":[{"start":{"line":103,"column":2},"end":{"line":107,"column":3}},{"start":{},"end":{}}],"line":103},"19":{"loc":{"start":{"line":103,"column":6},"end":{"line":103,"column":61}},"type":"binary-expr","locations":[{"start":{"line":103,"column":6},"end":{"line":103,"column":17}},{"start":{"line":103,"column":21},"end":{"line":103,"column":61}}],"line":103},"20":{"loc":{"start":{"line":112,"column":43},"end":{"line":112,"column":77}},"type":"cond-expr","locations":[{"start":{"line":112,"column":67},"end":{"line":112,"column":72}},{"start":{"line":112,"column":75},"end":{"line":112,"column":77}}],"line":112}},"s":{"0":7,"1":9,"2":9,"3":9,"4":9,"5":9,"6":8,"7":8,"8":1,"9":1,"10":9,"11":9,"12":9,"13":1,"14":1,"15":1,"16":1,"17":0,"18":9,"19":9,"20":9,"21":9,"22":9,"23":1,"24":0,"25":1,"26":1,"27":0,"28":1,"29":1,"30":8,"31":1,"32":1,"33":7,"34":7,"35":6,"36":6,"37":1,"38":1,"39":1},"f":{"0":9,"1":0},"b":{"0":[6],"1":[8],"2":[9,8],"3":[8,1],"4":[9,8],"5":[1,0],"6":[9,8],"7":[9,0],"8":[1,8],"9":[1,0],"10":[0,1],"11":[1,8],"12":[9,1],"13":[1,8],"14":[1,1],"15":[0,1],"16":[0,0],"17":[1,7],"18":[6,1],"19":[7,7],"20":[0,1]},"_coverageSchema":"1a1c01bbd47fc00a2c39e90264f33305004495a9","hash":"ed18e02b657ee903ed5c5f1fdc7b0cb189d8953c"}
}
