TN:
SF:components\animated-screen.tsx
FN:14,AnimatedScreen
FN:19,(anonymous_1)
FN:20,(anonymous_2)
FN:26,(anonymous_3)
FN:29,(anonymous_4)
FNF:5
FNH:0
FNDA:0,AnimatedScreen
FNDA:0,(anonymous_1)
FNDA:0,(anonymous_2)
FNDA:0,(anonymous_3)
FNDA:0,(anonymous_4)
DA:15,0
DA:16,0
DA:17,0
DA:19,0
DA:20,0
DA:21,0
DA:22,0
DA:23,0
DA:26,0
DA:29,0
DA:30,0
DA:39,0
DA:46,0
LF:13
LH:0
BRDA:14,0,0,0
BRF:1
BRH:0
end_of_record
TN:
SF:components\debug-users-viewer.tsx
FN:26,DebugUsersViewer
FN:30,(anonymous_1)
FN:36,(anonymous_2)
FN:48,(anonymous_3)
FN:57,(anonymous_4)
FN:101,(anonymous_5)
FNF:6
FNH:0
FNDA:0,DebugUsersViewer
FNDA:0,(anonymous_1)
FNDA:0,(anonymous_2)
FNDA:0,(anonymous_3)
FNDA:0,(anonymous_4)
FNDA:0,(anonymous_5)
DA:27,0
DA:28,0
DA:30,0
DA:31,0
DA:32,0
DA:36,0
DA:37,0
DA:38,0
DA:39,0
DA:40,0
DA:42,0
DA:44,0
DA:48,0
DA:49,0
DA:58,0
DA:59,0
DA:60,0
DA:61,0
DA:63,0
DA:71,0
DA:104,0
DA:106,0
DA:177,0
LF:23
LH:0
BRDA:31,0,0,0
BRDA:31,0,1,0
BRDA:96,1,0,0
BRDA:96,1,1,0
BRDA:98,2,0,0
BRDA:98,2,1,0
BRDA:116,3,0,0
BRDA:116,3,1,0
BRF:8
BRH:0
end_of_record
TN:
SF:components\external-link.tsx
FN:7,ExternalLink
FN:13,(anonymous_1)
FNF:2
FNH:0
FNDA:0,ExternalLink
FNDA:0,(anonymous_1)
DA:8,0
DA:14,0
DA:16,0
DA:18,0
LF:4
LH:0
BRDA:14,0,0,0
BRDA:14,0,1,0
BRF:2
BRH:0
end_of_record
TN:
SF:components\feature-icon.tsx
FN:18,FeatureIcon
FN:28,(anonymous_1)
FN:36,(anonymous_2)
FNF:3
FNH:0
FNDA:0,FeatureIcon
FNDA:0,(anonymous_1)
FNDA:0,(anonymous_2)
DA:25,0
DA:26,0
DA:28,0
DA:29,0
DA:31,0
DA:32,0
DA:36,0
DA:43,0
DA:56,0
LF:9
LH:0
BRDA:20,0,0,0
BRDA:21,1,0,0
BRDA:22,2,0,0
BRDA:23,3,0,0
BRDA:29,4,0,0
BRDA:29,4,1,0
BRF:6
BRH:0
end_of_record
TN:
SF:components\haptic-tab.tsx
FN:5,HapticTab
FN:9,(anonymous_1)
FNF:2
FNH:0
FNDA:0,HapticTab
FNDA:0,(anonymous_1)
DA:6,0
DA:10,0
DA:12,0
DA:14,0
LF:4
LH:0
BRDA:10,0,0,0
BRDA:10,0,1,0
BRF:2
BRH:0
end_of_record
TN:
SF:components\hello-wave.tsx
FN:3,HelloWave
FNF:1
FNH:0
FNDA:0,HelloWave
DA:4,0
LF:1
LH:0
BRF:0
BRH:0
end_of_record
TN:
SF:components\pagination-dots.tsx
FN:9,PaginationDots
FN:12,(anonymous_1)
FNF:2
FNH:0
FNDA:0,PaginationDots
FNDA:0,(anonymous_1)
DA:10,0
DA:13,0
DA:25,0
LF:3
LH:0
BRDA:17,0,0,0
BRDA:17,0,1,0
BRF:2
BRH:0
end_of_record
TN:
SF:components\parallax-scroll-view.tsx
FN:21,ParallaxScrollView
FN:30,(anonymous_1)
FNF:2
FNH:0
FNDA:0,ParallaxScrollView
FNDA:0,(anonymous_1)
DA:14,0
DA:26,0
DA:27,0
DA:28,0
DA:29,0
DA:30,0
DA:31,0
DA:47,0
DA:65,0
LF:9
LH:0
BRDA:27,0,0,0
BRDA:27,0,1,0
BRF:2
BRH:0
end_of_record
TN:
SF:components\shared-header.tsx
FN:28,SharedHeader
FNF:1
FNH:0
FNDA:0,SharedHeader
DA:40,0
DA:92,0
LF:2
LH:0
BRDA:32,0,0,0
BRDA:33,1,0,0
BRDA:42,2,0,0
BRDA:42,2,1,0
BRDA:54,3,0,0
BRDA:54,3,1,0
BRDA:62,4,0,0
BRDA:62,4,1,0
BRDA:71,5,0,0
BRDA:71,5,1,0
BRDA:74,6,0,0
BRDA:74,6,1,0
BRDA:82,7,0,0
BRDA:82,7,1,0
BRF:14
BRH:0
end_of_record
TN:
SF:components\slide-transition.tsx
FN:16,SlideTransition
FN:25,(anonymous_1)
FN:26,(anonymous_2)
FN:45,(anonymous_3)
FN:48,(anonymous_4)
FN:65,(anonymous_5)
FN:76,(anonymous_6)
FNF:7
FNH:0
FNDA:0,SlideTransition
FNDA:0,(anonymous_1)
FNDA:0,(anonymous_2)
FNDA:0,(anonymous_3)
FNDA:0,(anonymous_4)
FNDA:0,(anonymous_5)
FNDA:0,(anonymous_6)
DA:21,0
DA:22,0
DA:23,0
DA:25,0
DA:26,0
DA:27,0
DA:29,0
DA:31,0
DA:32,0
DA:34,0
DA:35,0
DA:37,0
DA:38,0
DA:40,0
DA:41,0
DA:45,0
DA:48,0
DA:49,0
DA:51,0
DA:53,0
DA:55,0
DA:57,0
DA:59,0
DA:63,0
DA:65,0
DA:66,0
DA:76,0
DA:77,0
DA:78,0
DA:81,0
DA:88,0
LF:31
LH:0
BRDA:18,0,0,0
BRDA:19,1,0,0
BRDA:29,2,0,0
BRDA:29,2,1,0
BRDA:29,2,2,0
BRDA:29,2,3,0
BRDA:49,3,0,0
BRDA:49,3,1,0
BRDA:49,3,2,0
BRDA:49,3,3,0
BRDA:49,3,4,0
BRF:11
BRH:0
end_of_record
TN:
SF:components\themed-text.tsx
FN:11,ThemedText
FNF:1
FNH:0
FNDA:0,ThemedText
DA:18,0
DA:20,0
DA:36,0
LF:3
LH:0
BRDA:15,0,0,0
BRDA:24,1,0,0
BRDA:24,1,1,0
BRDA:25,2,0,0
BRDA:25,2,1,0
BRDA:26,3,0,0
BRDA:26,3,1,0
BRDA:27,4,0,0
BRDA:27,4,1,0
BRDA:28,5,0,0
BRDA:28,5,1,0
BRF:11
BRH:0
end_of_record
TN:
SF:components\themed-view.tsx
FN:10,ThemedView
FNF:1
FNH:0
FNDA:0,ThemedView
DA:11,0
DA:13,0
LF:2
LH:0
BRF:0
BRH:0
end_of_record
TN:
SF:components\common\animated-button.tsx
FN:24,AnimatedButton
FN:36,(anonymous_1)
FN:41,(anonymous_2)
FN:46,(anonymous_3)
FN:54,(anonymous_4)
FN:61,(anonymous_5)
FN:74,(anonymous_6)
FNF:7
FNH:0
FNDA:0,AnimatedButton
FNDA:0,(anonymous_1)
FNDA:0,(anonymous_2)
FNDA:0,(anonymous_3)
FNDA:0,(anonymous_4)
FNDA:0,(anonymous_5)
FNDA:0,(anonymous_6)
DA:33,0
DA:34,0
DA:36,0
DA:37,0
DA:38,0
DA:41,0
DA:42,0
DA:43,0
DA:46,0
DA:47,0
DA:51,0
DA:54,0
DA:55,0
DA:61,0
DA:62,0
DA:64,0
DA:66,0
DA:68,0
DA:70,0
DA:74,0
DA:75,0
DA:77,0
DA:79,0
DA:81,0
DA:83,0
DA:87,0
DA:88,0
DA:89,0
DA:109,0
DA:132,0
LF:30
LH:0
BRDA:30,0,0,0
BRDA:62,1,0,0
BRDA:62,1,1,0
BRDA:62,1,2,0
BRDA:62,1,3,0
BRDA:75,2,0,0
BRDA:75,2,1,0
BRDA:75,2,2,0
BRDA:75,2,3,0
BRDA:87,3,0,0
BRDA:87,3,1,0
BRDA:88,4,0,0
BRDA:88,4,1,0
BRDA:99,5,0,0
BRDA:99,5,1,0
BRDA:118,6,0,0
BRDA:118,6,1,0
BRDA:122,7,0,0
BRDA:122,7,1,0
BRF:19
BRH:0
end_of_record
TN:
SF:components\common\loading-screen.tsx
FN:18,LoadingScreen
FNF:1
FNH:0
FNDA:0,LoadingScreen
DA:22,0
DA:44,0
LF:2
LH:0
BRDA:19,0,0,0
BRDA:20,1,0,0
BRDA:24,2,0,0
BRDA:24,2,1,0
BRF:4
BRH:0
end_of_record
TN:
SF:components\common\navigation-transition.tsx
FN:15,NavigationTransition
FN:23,(anonymous_1)
FN:29,(anonymous_2)
FNF:3
FNH:0
FNDA:0,NavigationTransition
FNDA:0,(anonymous_1)
FNDA:0,(anonymous_2)
DA:20,0
DA:21,0
DA:23,0
DA:25,0
DA:26,0
DA:29,0
DA:30,0
DA:38,0
DA:45,0
LF:9
LH:0
BRDA:17,0,0,0
BRDA:18,1,0,0
BRF:2
BRH:0
end_of_record
TN:
SF:components\headers\history-header.tsx
FN:24,HistoryHeader
FNF:1
FNH:0
FNDA:0,HistoryHeader
DA:32,0
DA:102,0
LF:2
LH:0
BRDA:60,0,0,0
BRDA:60,0,1,0
BRF:2
BRH:0
end_of_record
TN:
SF:components\headers\home-header.tsx
FN:24,HomeHeader
FNF:1
FNH:0
FNDA:0,HomeHeader
DA:32,0
DA:79,0
LF:2
LH:0
BRF:0
BRH:0
end_of_record
TN:
SF:components\headers\profile-header.tsx
FN:23,ProfileHeader
FNF:1
FNH:0
FNDA:0,ProfileHeader
DA:31,0
DA:78,0
LF:2
LH:0
BRDA:58,0,0,0
BRDA:58,0,1,0
BRF:2
BRH:0
end_of_record
TN:
SF:components\headers\subscription-header.tsx
FN:23,SubscriptionHeader
FNF:1
FNH:0
FNDA:0,SubscriptionHeader
DA:31,0
DA:80,0
LF:2
LH:0
BRDA:40,0,0,0
BRDA:40,0,1,0
BRDA:60,1,0,0
BRDA:60,1,1,0
BRF:4
BRH:0
end_of_record
TN:
SF:components\home\savings-by-category.tsx
FN:11,SavingsByCategory
FN:16,(anonymous_1)
FN:31,(anonymous_2)
FN:56,(anonymous_3)
FN:61,(anonymous_4)
FN:64,(anonymous_5)
FN:96,(anonymous_6)
FN:168,(anonymous_7)
FNF:8
FNH:0
FNDA:0,SavingsByCategory
FNDA:0,(anonymous_1)
FNDA:0,(anonymous_2)
FNDA:0,(anonymous_3)
FNDA:0,(anonymous_4)
FNDA:0,(anonymous_5)
FNDA:0,(anonymous_6)
FNDA:0,(anonymous_7)
DA:12,0
DA:13,0
DA:14,0
DA:16,0
DA:17,0
DA:18,0
DA:21,0
DA:22,0
DA:23,0
DA:25,0
DA:27,0
DA:29,0
DA:31,0
DA:34,0
DA:36,0
DA:37,0
DA:39,0
DA:40,0
DA:41,0
DA:42,0
DA:43,0
DA:45,0
DA:49,0
DA:50,0
DA:52,0
DA:56,0
DA:57,0
DA:61,0
DA:64,0
DA:65,0
DA:67,0
DA:68,0
DA:70,0
DA:71,0
DA:73,0
DA:74,0
DA:76,0
DA:77,0
DA:79,0
DA:80,0
DA:82,0
DA:83,0
DA:85,0
DA:86,0
DA:88,0
DA:89,0
DA:92,0
DA:96,0
DA:97,0
DA:107,0
DA:110,0
DA:111,0
DA:124,0
DA:125,0
DA:138,0
DA:139,0
DA:153,0
DA:169,0
DA:170,0
DA:171,0
DA:172,0
DA:174,0
DA:216,0
LF:63
LH:0
BRDA:17,0,0,0
BRDA:17,0,1,0
BRDA:39,1,0,0
BRDA:39,1,1,0
BRDA:40,2,0,0
BRDA:40,2,1,0
BRDA:42,3,0,0
BRDA:42,3,1,0
BRDA:61,4,0,0
BRDA:61,4,1,0
BRDA:67,5,0,0
BRDA:67,5,1,0
BRDA:67,6,0,0
BRDA:67,6,1,0
BRDA:70,7,0,0
BRDA:70,7,1,0
BRDA:70,8,0,0
BRDA:70,8,1,0
BRDA:70,8,2,0
BRDA:73,9,0,0
BRDA:73,9,1,0
BRDA:73,10,0,0
BRDA:73,10,1,0
BRDA:73,10,2,0
BRDA:76,11,0,0
BRDA:76,11,1,0
BRDA:76,12,0,0
BRDA:76,12,1,0
BRDA:76,12,2,0
BRDA:79,13,0,0
BRDA:79,13,1,0
BRDA:79,14,0,0
BRDA:79,14,1,0
BRDA:79,14,2,0
BRDA:82,15,0,0
BRDA:82,15,1,0
BRDA:82,16,0,0
BRDA:82,16,1,0
BRDA:85,17,0,0
BRDA:85,17,1,0
BRDA:85,18,0,0
BRDA:85,18,1,0
BRDA:85,18,2,0
BRDA:88,19,0,0
BRDA:88,19,1,0
BRDA:88,20,0,0
BRDA:88,20,1,0
BRDA:88,20,2,0
BRDA:110,21,0,0
BRDA:110,21,1,0
BRDA:124,22,0,0
BRDA:124,22,1,0
BRDA:138,23,0,0
BRDA:138,23,1,0
BRDA:169,24,0,0
BRDA:169,24,1,0
BRDA:170,25,0,0
BRDA:170,25,1,0
BRDA:172,26,0,0
BRDA:172,26,1,0
BRDA:181,27,0,0
BRDA:181,27,1,0
BRDA:182,28,0,0
BRDA:182,28,1,0
BRDA:182,29,0,0
BRDA:182,29,1,0
BRDA:184,30,0,0
BRDA:184,30,1,0
BRF:68
BRH:0
end_of_record
TN:
SF:components\home\user-transactions-history.tsx
FN:13,UserTransactionsHistory
FN:19,(anonymous_1)
FN:84,(anonymous_2)
FNF:3
FNH:0
FNDA:0,UserTransactionsHistory
FNDA:0,(anonymous_1)
FNDA:0,(anonymous_2)
DA:19,0
DA:20,0
DA:21,0
DA:22,0
DA:23,0
DA:31,0
DA:35,0
DA:85,0
DA:86,0
DA:87,0
DA:88,0
DA:89,0
DA:90,0
DA:91,0
DA:93,0
DA:159,0
LF:16
LH:0
BRDA:20,0,0,0
BRDA:20,0,1,0
BRDA:48,1,0,0
BRDA:48,1,1,0
BRDA:53,2,0,0
BRDA:53,2,1,0
BRDA:58,3,0,0
BRDA:58,3,1,0
BRDA:70,4,0,0
BRDA:70,4,1,0
BRDA:85,5,0,0
BRDA:85,5,1,0
BRDA:85,5,2,0
BRDA:86,6,0,0
BRDA:86,6,1,0
BRDA:86,6,2,0
BRDA:87,7,0,0
BRDA:87,7,1,0
BRDA:87,7,2,0
BRDA:88,8,0,0
BRDA:88,8,1,0
BRDA:89,9,0,0
BRDA:89,9,1,0
BRDA:89,9,2,0
BRDA:89,9,3,0
BRDA:90,10,0,0
BRDA:90,10,1,0
BRDA:91,11,0,0
BRDA:91,11,1,0
BRDA:94,12,0,0
BRDA:94,12,1,0
BRDA:94,12,2,0
BRDA:114,13,0,0
BRDA:114,13,1,0
BRDA:129,14,0,0
BRDA:129,14,1,0
BRDA:137,15,0,0
BRDA:137,15,1,0
BRDA:142,16,0,0
BRDA:142,16,1,0
BRF:40
BRH:0
end_of_record
TN:
SF:components\neo\NeoCard.tsx
FN:13,NeoCard
FNF:1
FNH:0
FNDA:0,NeoCard
DA:14,0
DA:15,0
DA:22,0
DA:24,0
DA:36,0
LF:5
LH:0
BRDA:13,0,0,0
BRDA:14,1,0,0
BRDA:14,1,1,0
BRDA:22,2,0,0
BRDA:22,2,1,0
BRF:5
BRH:0
end_of_record
TN:
SF:components\neo\NeoChip.tsx
FN:12,NeoChip
FN:13,(anonymous_1)
FNF:2
FNH:0
FNDA:0,NeoChip
FNDA:0,(anonymous_1)
DA:13,0
DA:15,0
DA:16,0
DA:18,0
DA:19,0
DA:23,0
DA:25,0
DA:27,0
DA:29,0
DA:31,0
DA:35,0
DA:42,0
LF:12
LH:0
BRDA:12,0,0,0
BRDA:15,1,0,0
BRDA:15,1,1,0
BRDA:18,2,0,0
BRDA:18,2,1,0
BRDA:23,3,0,0
BRDA:23,3,1,0
BRDA:23,3,2,0
BRDA:23,3,3,0
BRF:9
BRH:0
end_of_record
TN:
SF:components\onboarding\onboarding-content-card.tsx
FN:21,OnboardingContentCard
FN:34,(anonymous_1)
FN:42,(anonymous_2)
FN:46,(anonymous_3)
FN:51,(anonymous_4)
FN:56,(anonymous_5)
FNF:6
FNH:0
FNDA:0,OnboardingContentCard
FNDA:0,(anonymous_1)
FNDA:0,(anonymous_2)
FNDA:0,(anonymous_3)
FNDA:0,(anonymous_4)
FNDA:0,(anonymous_5)
DA:10,0
DA:29,0
DA:30,0
DA:31,0
DA:32,0
DA:34,0
DA:36,0
DA:37,0
DA:38,0
DA:39,0
DA:42,0
DA:46,0
DA:51,0
DA:56,0
DA:60,0
DA:100,0
LF:16
LH:0
BRDA:26,0,0,0
BRDA:27,1,0,0
BRDA:48,2,0,0
BRDA:48,2,1,0
BRDA:53,3,0,0
BRDA:53,3,1,0
BRDA:82,4,0,0
BRDA:82,4,1,0
BRF:8
BRH:0
end_of_record
TN:
SF:components\onboarding\onboarding-screen.tsx
FN:18,OnboardingScreen
FNF:1
FNH:0
FNDA:0,OnboardingScreen
DA:8,0
DA:25,0
DA:64,0
LF:3
LH:0
BRDA:22,0,0,0
BRDA:23,1,0,0
BRDA:34,2,0,0
BRDA:34,2,1,0
BRDA:50,3,0,0
BRDA:50,3,1,0
BRF:6
BRH:0
end_of_record
TN:
SF:components\partners\filter-chips.tsx
FN:67,FilterChips
FN:76,(anonymous_1)
FN:90,(anonymous_2)
FNF:3
FNH:0
FNDA:0,FilterChips
FNDA:0,(anonymous_1)
FNDA:0,(anonymous_2)
DA:29,0
DA:68,0
DA:77,0
DA:79,0
DA:90,0
DA:130,0
LF:6
LH:0
BRDA:84,0,0,0
BRDA:84,0,1,0
BRDA:86,1,0,0
BRDA:86,1,1,0
BRDA:87,2,0,0
BRDA:87,2,1,0
BRDA:96,3,0,0
BRDA:96,3,1,0
BRDA:102,4,0,0
BRDA:102,4,1,0
BRDA:103,5,0,0
BRDA:103,5,1,0
BRDA:109,6,0,0
BRDA:109,6,1,0
BRDA:112,7,0,0
BRDA:112,7,1,0
BRDA:116,8,0,0
BRDA:116,8,1,0
BRF:18
BRH:0
end_of_record
TN:
SF:components\partners\partner-bottom-nav.tsx
FN:13,PartnerBottomNav
FN:30,(anonymous_1)
FN:36,(anonymous_2)
FNF:3
FNH:0
FNDA:0,PartnerBottomNav
FNDA:0,(anonymous_1)
FNDA:0,(anonymous_2)
DA:14,0
DA:21,0
DA:31,0
DA:32,0
DA:36,0
DA:72,0
LF:6
LH:0
BRDA:35,0,0,0
BRDA:35,0,1,0
BRDA:39,1,0,0
BRDA:39,1,1,0
BRDA:58,2,0,0
BRDA:58,2,1,0
BRF:6
BRH:0
end_of_record
TN:
SF:components\partners\partner-card.tsx
FN:39,PartnerCard
FN:42,(anonymous_1)
FN:49,(anonymous_2)
FN:56,(anonymous_3)
FN:60,(anonymous_4)
FNF:5
FNH:0
FNDA:0,PartnerCard
FNDA:0,(anonymous_1)
FNDA:0,(anonymous_2)
FNDA:0,(anonymous_3)
FNDA:0,(anonymous_4)
DA:40,0
DA:42,0
DA:43,0
DA:49,0
DA:50,0
DA:56,0
DA:57,0
DA:60,0
DA:61,0
DA:64,0
DA:159,0
LF:11
LH:0
BRDA:79,0,0,0
BRDA:79,0,1,0
BRDA:92,1,0,0
BRDA:92,1,1,0
BRDA:113,2,0,0
BRDA:113,2,1,0
BRDA:122,3,0,0
BRDA:122,3,1,0
BRDA:126,4,0,0
BRDA:126,4,1,0
BRDA:130,5,0,0
BRDA:130,5,1,0
BRDA:132,6,0,0
BRDA:132,6,1,0
BRDA:134,7,0,0
BRDA:134,7,1,0
BRDA:134,7,2,0
BRDA:147,8,0,0
BRDA:147,8,1,0
BRDA:147,8,2,0
BRF:20
BRH:0
end_of_record
TN:
SF:components\partners\partner-header.tsx
FN:14,PartnerHeader
FNF:1
FNH:0
FNDA:0,PartnerHeader
DA:15,0
DA:61,0
LF:2
LH:0
BRDA:14,0,0,0
BRDA:25,1,0,0
BRDA:25,1,1,0
BRDA:32,2,0,0
BRDA:32,2,1,0
BRDA:32,3,0,0
BRDA:32,3,1,0
BRDA:41,4,0,0
BRDA:41,4,1,0
BRDA:41,5,0,0
BRDA:41,5,1,0
BRDA:41,6,0,0
BRDA:41,6,1,0
BRDA:46,7,0,0
BRDA:46,7,1,0
BRF:15
BRH:0
end_of_record
TN:
SF:components\partners\partner-history.tsx
FN:20,PartnerHistory
FN:33,(anonymous_1)
FN:49,(anonymous_2)
FN:78,(anonymous_3)
FN:96,(anonymous_4)
FN:103,(anonymous_5)
FN:132,(anonymous_6)
FN:143,(anonymous_7)
FN:150,(anonymous_8)
FN:193,(anonymous_9)
FNF:10
FNH:0
FNDA:0,PartnerHistory
FNDA:0,(anonymous_1)
FNDA:0,(anonymous_2)
FNDA:0,(anonymous_3)
FNDA:0,(anonymous_4)
FNDA:0,(anonymous_5)
FNDA:0,(anonymous_6)
FNDA:0,(anonymous_7)
FNDA:0,(anonymous_8)
FNDA:0,(anonymous_9)
DA:33,0
DA:34,0
DA:35,0
DA:36,0
DA:37,0
DA:45,0
DA:49,0
DA:50,0
DA:51,0
DA:52,0
DA:53,0
DA:54,0
DA:57,0
DA:78,0
DA:97,0
DA:103,0
DA:132,0
DA:144,0
DA:150,0
DA:194,0
DA:195,0
DA:196,0
DA:197,0
DA:198,0
DA:199,0
DA:200,0
DA:201,0
DA:203,0
DA:270,0
LF:29
LH:0
BRDA:34,0,0,0
BRDA:34,0,1,0
BRDA:50,1,0,0
BRDA:50,1,1,0
BRDA:52,2,0,0
BRDA:52,2,1,0
BRDA:52,2,2,0
BRDA:53,3,0,0
BRDA:53,3,1,0
BRDA:54,4,0,0
BRDA:54,4,1,0
BRDA:77,5,0,0
BRDA:77,5,1,0
BRDA:101,6,0,0
BRDA:101,6,1,0
BRDA:108,7,0,0
BRDA:108,7,1,0
BRDA:118,8,0,0
BRDA:118,8,1,0
BRDA:130,9,0,0
BRDA:130,9,1,0
BRDA:137,10,0,0
BRDA:137,10,1,0
BRDA:148,11,0,0
BRDA:148,11,1,0
BRDA:155,12,0,0
BRDA:155,12,1,0
BRDA:158,13,0,0
BRDA:158,13,1,0
BRDA:167,14,0,0
BRDA:167,14,1,0
BRDA:172,15,0,0
BRDA:172,15,1,0
BRDA:178,16,0,0
BRDA:178,16,1,0
BRDA:190,17,0,0
BRDA:190,17,1,0
BRDA:194,18,0,0
BRDA:194,18,1,0
BRDA:194,18,2,0
BRDA:195,19,0,0
BRDA:195,19,1,0
BRDA:195,19,2,0
BRDA:196,20,0,0
BRDA:196,20,1,0
BRDA:196,20,2,0
BRDA:197,21,0,0
BRDA:197,21,1,0
BRDA:197,21,2,0
BRDA:198,22,0,0
BRDA:198,22,1,0
BRDA:199,23,0,0
BRDA:199,23,1,0
BRDA:199,23,2,0
BRDA:199,23,3,0
BRDA:200,24,0,0
BRDA:200,24,1,0
BRDA:201,25,0,0
BRDA:201,25,1,0
BRDA:204,26,0,0
BRDA:204,26,1,0
BRDA:204,26,2,0
BRDA:227,27,0,0
BRDA:227,27,1,0
BRDA:242,28,0,0
BRDA:242,28,1,0
BRDA:248,29,0,0
BRDA:248,29,1,0
BRDA:253,30,0,0
BRDA:253,30,1,0
BRF:70
BRH:0
end_of_record
TN:
SF:components\partners\partner-me.tsx
FN:27,PartnerMe
FN:88,(anonymous_1)
FN:89,(anonymous_2)
FN:95,(anonymous_3)
FN:97,(anonymous_4)
FN:133,(anonymous_5)
FN:180,(anonymous_6)
FN:188,(anonymous_7)
FN:200,(anonymous_8)
FN:219,(anonymous_9)
FN:273,(anonymous_10)
FNF:11
FNH:0
FNDA:0,PartnerMe
FNDA:0,(anonymous_1)
FNDA:0,(anonymous_2)
FNDA:0,(anonymous_3)
FNDA:0,(anonymous_4)
FNDA:0,(anonymous_5)
FNDA:0,(anonymous_6)
FNDA:0,(anonymous_7)
FNDA:0,(anonymous_8)
FNDA:0,(anonymous_9)
FNDA:0,(anonymous_10)
DA:37,0
DA:39,0
DA:88,0
DA:89,0
DA:95,0
DA:97,0
DA:133,0
DA:181,0
DA:182,0
DA:183,0
DA:188,0
DA:189,0
DA:190,0
DA:191,0
DA:192,0
DA:193,0
DA:194,0
DA:195,0
DA:196,0
DA:197,0
DA:200,0
DA:201,0
DA:202,0
DA:203,0
DA:204,0
DA:205,0
DA:206,0
DA:207,0
DA:208,0
DA:209,0
DA:212,0
DA:213,0
DA:215,0
DA:219,0
DA:273,0
DA:350,0
LF:36
LH:0
BRDA:37,0,0,0
BRDA:37,0,1,0
BRDA:37,1,0,0
BRDA:37,1,1,0
BRDA:37,2,0,0
BRDA:37,2,1,0
BRDA:67,3,0,0
BRDA:67,3,1,0
BRDA:68,4,0,0
BRDA:68,4,1,0
BRDA:78,5,0,0
BRDA:78,5,1,0
BRDA:83,6,0,0
BRDA:83,6,1,0
BRDA:89,7,0,0
BRDA:89,7,1,0
BRDA:95,8,0,0
BRDA:95,8,1,0
BRDA:97,9,0,0
BRDA:97,9,1,0
BRDA:97,10,0,0
BRDA:97,10,1,0
BRDA:110,11,0,0
BRDA:110,11,1,0
BRDA:132,12,0,0
BRDA:132,12,1,0
BRDA:140,13,0,0
BRDA:140,13,1,0
BRDA:145,14,0,0
BRDA:145,14,1,0
BRDA:151,15,0,0
BRDA:151,15,1,0
BRDA:156,16,0,0
BRDA:156,16,1,0
BRDA:158,17,0,0
BRDA:158,17,1,0
BRDA:162,18,0,0
BRDA:162,18,1,0
BRDA:169,19,0,0
BRDA:169,19,1,0
BRDA:177,20,0,0
BRDA:177,20,1,0
BRDA:181,21,0,0
BRDA:181,21,1,0
BRDA:183,22,0,0
BRDA:183,22,1,0
BRDA:184,23,0,0
BRDA:184,23,1,0
BRDA:184,24,0,0
BRDA:184,24,1,0
BRDA:184,25,0,0
BRDA:184,25,1,0
BRDA:189,26,0,0
BRDA:189,26,1,0
BRDA:191,27,0,0
BRDA:191,27,1,0
BRDA:191,28,0,0
BRDA:191,28,1,0
BRDA:192,29,0,0
BRDA:192,29,1,0
BRDA:192,30,0,0
BRDA:192,30,1,0
BRDA:193,31,0,0
BRDA:193,31,1,0
BRDA:193,32,0,0
BRDA:193,32,1,0
BRDA:194,33,0,0
BRDA:194,33,1,0
BRDA:195,34,0,0
BRDA:195,34,1,0
BRDA:196,35,0,0
BRDA:196,35,1,0
BRDA:196,36,0,0
BRDA:196,36,1,0
BRDA:201,37,0,0
BRDA:201,37,1,0
BRDA:203,38,0,0
BRDA:203,38,1,0
BRDA:203,39,0,0
BRDA:203,39,1,0
BRDA:204,40,0,0
BRDA:204,40,1,0
BRDA:204,41,0,0
BRDA:204,41,1,0
BRDA:205,42,0,0
BRDA:205,42,1,0
BRDA:205,43,0,0
BRDA:205,43,1,0
BRDA:206,44,0,0
BRDA:206,44,1,0
BRDA:207,45,0,0
BRDA:207,45,1,0
BRDA:208,46,0,0
BRDA:208,46,1,0
BRDA:208,47,0,0
BRDA:208,47,1,0
BRDA:239,48,0,0
BRDA:239,48,1,0
BRDA:243,49,0,0
BRDA:243,49,1,0
BRDA:255,50,0,0
BRDA:255,50,1,0
BRDA:255,50,2,0
BRDA:257,51,0,0
BRDA:257,51,1,0
BRDA:263,52,0,0
BRDA:263,52,1,0
BRDA:294,53,0,0
BRDA:294,53,1,0
BRDA:294,53,2,0
BRDA:296,54,0,0
BRDA:296,54,1,0
BRDA:302,55,0,0
BRDA:302,55,1,0
BRDA:312,56,0,0
BRDA:312,56,1,0
BRDA:317,57,0,0
BRDA:317,57,1,0
BRDA:323,58,0,0
BRDA:323,58,1,0
BRDA:329,59,0,0
BRDA:329,59,1,0
BRDA:332,60,0,0
BRDA:332,60,1,0
BRF:124
BRH:0
end_of_record
TN:
SF:components\partners\partner-overview.tsx
FN:28,PartnerOverview
FN:132,(anonymous_1)
FN:186,(anonymous_2)
FNF:3
FNH:0
FNDA:0,PartnerOverview
FNDA:0,(anonymous_1)
FNDA:0,(anonymous_2)
DA:44,0
DA:45,0
DA:47,0
DA:132,0
DA:187,0
DA:220,0
LF:6
LH:0
BRDA:42,0,0,0
BRDA:44,1,0,0
BRDA:44,1,1,0
BRDA:45,2,0,0
BRDA:45,2,1,0
BRDA:64,3,0,0
BRDA:64,3,1,0
BRDA:72,4,0,0
BRDA:72,4,1,0
BRDA:81,5,0,0
BRDA:81,5,1,0
BRDA:90,6,0,0
BRDA:90,6,1,0
BRDA:99,7,0,0
BRDA:99,7,1,0
BRDA:108,8,0,0
BRDA:108,8,1,0
BRDA:117,9,0,0
BRDA:117,9,1,0
BRDA:131,10,0,0
BRDA:131,10,1,0
BRDA:132,11,0,0
BRDA:132,11,1,0
BRDA:133,12,0,0
BRDA:133,12,1,0
BRDA:136,13,0,0
BRDA:136,13,1,0
BRDA:143,14,0,0
BRDA:143,14,1,0
BRDA:170,15,0,0
BRDA:170,15,1,0
BRDA:175,16,0,0
BRDA:175,16,1,0
BRDA:180,17,0,0
BRDA:180,17,1,0
BRDA:193,18,0,0
BRDA:193,18,1,0
BRDA:193,18,2,0
BRDA:194,19,0,0
BRDA:194,19,1,0
BRDA:194,19,2,0
BRDA:197,20,0,0
BRDA:197,20,1,0
BRDA:202,21,0,0
BRDA:202,21,1,0
BRDA:204,22,0,0
BRDA:204,22,1,0
BRDA:206,23,0,0
BRDA:206,23,1,0
BRF:49
BRH:0
end_of_record
TN:
SF:components\partners\partner-promotion.tsx
FN:24,PartnerPromotion
FNF:1
FNH:0
FNDA:0,PartnerPromotion
DA:25,0
DA:26,0
DA:29,0
DA:46,0
LF:4
LH:0
BRDA:25,0,0,0
BRDA:25,0,1,0
BRF:2
BRH:0
end_of_record
TN:
SF:components\partners\partner-stats.tsx
FN:17,PartnerStats
FN:205,(anonymous_1)
FN:259,(anonymous_2)
FNF:3
FNH:0
FNDA:0,PartnerStats
FNDA:0,(anonymous_1)
FNDA:0,(anonymous_2)
DA:18,0
DA:206,0
DA:260,0
DA:287,0
LF:4
LH:0
BRDA:45,0,0,0
BRDA:45,0,1,0
BRDA:70,1,0,0
BRDA:70,1,1,0
BRDA:95,2,0,0
BRDA:95,2,1,0
BRDA:120,3,0,0
BRDA:120,3,1,0
BRDA:209,4,0,0
BRDA:209,4,1,0
BRDA:219,5,0,0
BRDA:219,5,1,0
BRDA:220,6,0,0
BRDA:220,6,1,0
BRDA:221,7,0,0
BRDA:221,7,1,0
BRDA:275,8,0,0
BRDA:275,8,1,0
BRF:18
BRH:0
end_of_record
TN:
SF:components\partners\partner-store-modal.tsx
FN:14,PartnerStoreModal
FNF:1
FNH:0
FNDA:0,PartnerStoreModal
DA:15,0
DA:237,0
LF:2
LH:0
BRDA:31,0,0,0
BRDA:31,0,1,0
BRDA:33,1,0,0
BRDA:33,1,1,0
BRDA:46,2,0,0
BRDA:46,2,1,0
BRDA:46,2,2,0
BRDA:50,3,0,0
BRDA:50,3,1,0
BRDA:57,4,0,0
BRDA:57,4,1,0
BRDA:57,4,2,0
BRDA:57,4,3,0
BRDA:61,5,0,0
BRDA:61,5,1,0
BRDA:61,5,2,0
BRDA:66,6,0,0
BRDA:66,6,1,0
BRDA:67,7,0,0
BRDA:67,7,1,0
BRDA:68,8,0,0
BRDA:68,8,1,0
BRDA:69,9,0,0
BRDA:69,9,1,0
BRDA:70,10,0,0
BRDA:70,10,1,0
BRDA:78,11,0,0
BRDA:78,11,1,0
BRDA:85,12,0,0
BRDA:85,12,1,0
BRDA:97,13,0,0
BRDA:97,13,1,0
BRDA:97,13,2,0
BRDA:105,14,0,0
BRDA:105,14,1,0
BRDA:111,15,0,0
BRDA:111,15,1,0
BRDA:123,16,0,0
BRDA:123,16,1,0
BRDA:123,16,2,0
BRDA:131,17,0,0
BRDA:131,17,1,0
BRDA:137,18,0,0
BRDA:137,18,1,0
BRDA:137,18,2,0
BRDA:145,19,0,0
BRDA:145,19,1,0
BRDA:145,20,0,0
BRDA:145,20,1,0
BRDA:146,21,0,0
BRDA:146,21,1,0
BRDA:155,22,0,0
BRDA:155,22,1,0
BRDA:155,22,2,0
BRDA:155,22,3,0
BRDA:159,23,0,0
BRDA:159,23,1,0
BRDA:166,24,0,0
BRDA:166,24,1,0
BRDA:175,25,0,0
BRDA:175,25,1,0
BRDA:186,26,0,0
BRDA:186,26,1,0
BRDA:195,27,0,0
BRDA:195,27,1,0
BRDA:199,28,0,0
BRDA:199,28,1,0
BRDA:201,29,0,0
BRDA:201,29,1,0
BRDA:210,30,0,0
BRDA:210,30,1,0
BRDA:210,30,2,0
BRDA:218,31,0,0
BRDA:218,31,1,0
BRDA:218,31,2,0
BRDA:218,32,0,0
BRDA:218,32,1,0
BRDA:219,33,0,0
BRDA:219,33,1,0
BRDA:220,34,0,0
BRDA:220,34,1,0
BRDA:223,35,0,0
BRDA:223,35,1,0
BRDA:223,36,0,0
BRDA:223,36,1,0
BRF:85
BRH:0
end_of_record
TN:
SF:components\partners\partner-stores.tsx
FN:16,PartnerStores
FN:48,(anonymous_1)
FN:90,(anonymous_2)
FN:101,(anonymous_3)
FNF:4
FNH:0
FNDA:0,PartnerStores
FNDA:0,(anonymous_1)
FNDA:0,(anonymous_2)
FNDA:0,(anonymous_3)
DA:25,0
DA:33,0
DA:48,0
DA:91,0
DA:92,0
DA:93,0
DA:97,0
DA:101,0
DA:146,0
LF:9
LH:0
BRDA:47,0,0,0
BRDA:47,0,1,0
BRDA:55,1,0,0
BRDA:55,1,1,0
BRDA:60,2,0,0
BRDA:60,2,1,0
BRDA:66,3,0,0
BRDA:66,3,1,0
BRDA:71,4,0,0
BRDA:71,4,1,0
BRDA:73,5,0,0
BRDA:73,5,1,0
BRDA:77,6,0,0
BRDA:77,6,1,0
BRDA:79,7,0,0
BRDA:79,7,1,0
BRDA:87,8,0,0
BRDA:87,8,1,0
BRDA:91,9,0,0
BRDA:91,9,1,0
BRDA:93,10,0,0
BRDA:93,10,1,0
BRDA:94,11,0,0
BRDA:94,11,1,0
BRDA:94,12,0,0
BRDA:94,12,1,0
BRDA:94,13,0,0
BRDA:94,13,1,0
BRDA:109,14,0,0
BRDA:109,14,1,0
BRDA:109,14,2,0
BRDA:111,15,0,0
BRDA:111,15,1,0
BRDA:123,16,0,0
BRDA:123,16,1,0
BRDA:125,17,0,0
BRDA:125,17,1,0
BRDA:129,18,0,0
BRDA:129,18,1,0
BRDA:131,19,0,0
BRDA:131,19,1,0
BRDA:132,20,0,0
BRDA:132,20,1,0
BRF:43
BRH:0
end_of_record
TN:
SF:components\partners\partner-subscription.tsx
FNF:0
FNH:0
LF:0
LH:0
BRF:0
BRH:0
end_of_record
TN:
SF:components\partners\partners-header.tsx
FN:25,PartnersHeader
FN:36,(anonymous_1)
FN:37,(anonymous_2)
FN:49,(anonymous_3)
FNF:4
FNH:0
FNDA:0,PartnersHeader
FNDA:0,(anonymous_1)
FNDA:0,(anonymous_2)
FNDA:0,(anonymous_3)
DA:34,0
DA:36,0
DA:37,0
DA:38,0
DA:49,0
DA:51,0
DA:54,0
DA:113,0
LF:8
LH:0
BRF:0
BRH:0
end_of_record
TN:
SF:components\partners\qr-validation-modal.tsx
FN:33,QrValidationModal
FN:49,(anonymous_1)
FN:59,(anonymous_2)
FN:82,(anonymous_3)
FN:88,(anonymous_4)
FN:93,(anonymous_5)
FNF:6
FNH:0
FNDA:0,QrValidationModal
FNDA:0,(anonymous_1)
FNDA:0,(anonymous_2)
FNDA:0,(anonymous_3)
FNDA:0,(anonymous_4)
FNDA:0,(anonymous_5)
DA:45,0
DA:46,0
DA:49,0
DA:50,0
DA:51,0
DA:52,0
DA:53,0
DA:54,0
DA:57,0
DA:59,0
DA:61,0
DA:62,0
DA:64,0
DA:65,0
DA:66,0
DA:69,0
DA:70,0
DA:71,0
DA:74,0
DA:79,0
DA:82,0
DA:83,0
DA:84,0
DA:85,0
DA:88,0
DA:89,0
DA:90,0
DA:93,0
DA:94,0
DA:95,0
DA:96,0
DA:100,0
DA:278,0
LF:33
LH:0
BRDA:43,0,0,0
BRDA:50,1,0,0
BRDA:50,1,1,0
BRDA:51,2,0,0
BRDA:51,2,1,0
BRDA:64,3,0,0
BRDA:64,3,1,0
BRDA:64,4,0,0
BRDA:64,4,1,0
BRDA:64,4,2,0
BRDA:69,5,0,0
BRDA:69,5,1,0
BRDA:69,6,0,0
BRDA:69,6,1,0
BRDA:69,6,2,0
BRDA:89,7,0,0
BRDA:89,7,1,0
BRDA:94,8,0,0
BRDA:94,8,1,0
BRDA:95,9,0,0
BRDA:95,9,1,0
BRDA:108,10,0,0
BRDA:108,10,1,0
BRDA:136,11,0,0
BRDA:136,11,1,0
BRDA:175,12,0,0
BRDA:175,12,1,0
BRDA:183,13,0,0
BRDA:183,13,1,0
BRDA:205,14,0,0
BRDA:205,14,1,0
BRDA:207,15,0,0
BRDA:207,15,1,0
BRDA:209,16,0,0
BRDA:209,16,1,0
BRDA:239,17,0,0
BRDA:239,17,1,0
BRDA:255,18,0,0
BRDA:255,18,1,0
BRDA:259,19,0,0
BRDA:259,19,1,0
BRF:41
BRH:0
end_of_record
TN:
SF:components\partners\real-maps-view.tsx
FN:37,RealMapsView
FN:41,(anonymous_1)
FN:45,(anonymous_2)
FN:56,(anonymous_3)
FN:68,(anonymous_4)
FN:97,(anonymous_5)
FN:118,(anonymous_6)
FN:137,(anonymous_7)
FN:157,(anonymous_8)
FN:175,(anonymous_9)
FN:210,(anonymous_10)
FN:218,(anonymous_11)
FN:230,(anonymous_12)
FN:238,(anonymous_13)
FN:263,(anonymous_14)
FN:270,(anonymous_15)
FNF:16
FNH:0
FNDA:0,RealMapsView
FNDA:0,(anonymous_1)
FNDA:0,(anonymous_2)
FNDA:0,(anonymous_3)
FNDA:0,(anonymous_4)
FNDA:0,(anonymous_5)
FNDA:0,(anonymous_6)
FNDA:0,(anonymous_7)
FNDA:0,(anonymous_8)
FNDA:0,(anonymous_9)
FNDA:0,(anonymous_10)
FNDA:0,(anonymous_11)
FNDA:0,(anonymous_12)
FNDA:0,(anonymous_13)
FNDA:0,(anonymous_14)
FNDA:0,(anonymous_15)
DA:26,0
DA:29,0
DA:38,0
DA:39,0
DA:41,0
DA:42,0
DA:45,0
DA:46,0
DA:47,0
DA:48,0
DA:49,0
DA:52,0
DA:56,0
DA:57,0
DA:58,0
DA:59,0
DA:64,0
DA:68,0
DA:69,0
DA:72,0
DA:73,0
DA:74,0
DA:77,0
DA:78,0
DA:80,0
DA:83,0
DA:86,0
DA:92,0
DA:93,0
DA:97,0
DA:98,0
DA:101,0
DA:102,0
DA:103,0
DA:105,0
DA:106,0
DA:107,0
DA:109,0
DA:112,0
DA:114,0
DA:118,0
DA:119,0
DA:121,0
DA:122,0
DA:125,0
DA:126,0
DA:127,0
DA:128,0
DA:131,0
DA:132,0
DA:134,0
DA:137,0
DA:138,0
DA:139,0
DA:140,0
DA:141,0
DA:144,0
DA:158,0
DA:159,0
DA:162,0
DA:163,0
DA:165,0
DA:175,0
DA:210,0
DA:218,0
DA:231,0
DA:232,0
DA:234,0
DA:238,0
DA:263,0
DA:270,0
DA:310,0
LF:72
LH:0
BRDA:48,0,0,0
BRDA:48,0,1,0
BRDA:72,1,0,0
BRDA:72,1,1,0
BRDA:72,2,0,0
BRDA:72,2,1,0
BRDA:74,3,0,0
BRDA:74,3,1,0
BRDA:78,4,0,0
BRDA:78,4,1,0
BRDA:101,5,0,0
BRDA:101,5,1,0
BRDA:101,6,0,0
BRDA:101,6,1,0
BRDA:103,7,0,0
BRDA:103,7,1,0
BRDA:106,8,0,0
BRDA:106,8,1,0
BRDA:119,9,0,0
BRDA:119,9,1,0
BRDA:122,10,0,0
BRDA:122,10,1,0
BRDA:151,11,0,0
BRDA:151,11,1,0
BRDA:159,12,0,0
BRDA:159,12,1,0
BRDA:180,13,0,0
BRDA:180,13,1,0
BRDA:196,14,0,0
BRDA:196,14,1,0
BRDA:244,15,0,0
BRDA:244,15,1,0
BRDA:249,16,0,0
BRDA:249,16,1,0
BRDA:253,17,0,0
BRDA:253,17,1,0
BRDA:255,18,0,0
BRDA:255,18,1,0
BRF:38
BRH:0
end_of_record
TN:
SF:components\partners\search-bar.tsx
FN:23,SearchBar
FN:34,(anonymous_1)
FN:43,(anonymous_2)
FN:90,(anonymous_3)
FNF:4
FNH:0
FNDA:0,SearchBar
FNDA:0,(anonymous_1)
FNDA:0,(anonymous_2)
FNDA:0,(anonymous_3)
DA:31,0
DA:32,0
DA:34,0
DA:35,0
DA:36,0
DA:43,0
DA:44,0
DA:45,0
DA:52,0
DA:57,0
DA:62,0
DA:90,0
DA:112,0
LF:13
LH:0
BRDA:26,0,0,0
BRDA:28,1,0,0
BRDA:75,2,0,0
BRDA:75,2,1,0
BRDA:88,3,0,0
BRDA:88,3,1,0
BRDA:99,4,0,0
BRDA:99,4,1,0
BRF:8
BRH:0
end_of_record
TN:
SF:components\partners\store-selection-modal.tsx
FN:24,StoreSelectionModal
FN:63,(anonymous_1)
FN:67,(anonymous_2)
FNF:3
FNH:0
FNDA:0,StoreSelectionModal
FNDA:0,(anonymous_1)
FNDA:0,(anonymous_2)
DA:30,0
DA:64,0
DA:67,0
DA:105,0
LF:4
LH:0
BRDA:75,0,0,0
BRDA:75,0,1,0
BRDA:75,0,2,0
BRDA:77,1,0,0
BRDA:77,1,1,0
BRDA:77,1,2,0
BRDA:79,2,0,0
BRDA:79,2,1,0
BRDA:82,3,0,0
BRDA:82,3,1,0
BRDA:90,4,0,0
BRDA:90,4,1,0
BRDA:90,4,2,0
BRF:13
BRH:0
end_of_record
TN:
SF:components\partners\view-toggle.tsx
FN:19,ViewToggle
FN:27,(anonymous_1)
FN:45,(anonymous_2)
FNF:3
FNH:0
FNDA:0,ViewToggle
FNDA:0,(anonymous_1)
FNDA:0,(anonymous_2)
DA:20,0
DA:27,0
DA:45,0
DA:67,0
LF:4
LH:0
BRDA:25,0,0,0
BRDA:25,0,1,0
BRDA:33,1,0,0
BRDA:33,1,1,0
BRDA:43,2,0,0
BRDA:43,2,1,0
BRDA:51,3,0,0
BRDA:51,3,1,0
BRDA:57,4,0,0
BRDA:57,4,1,0
BRF:10
BRH:0
end_of_record
TN:
SF:components\qr\qr-scanner.tsx
FN:24,QRScanner
FN:29,(anonymous_1)
FN:35,(anonymous_2)
FN:74,(anonymous_3)
FN:88,(anonymous_4)
FN:100,(anonymous_5)
FN:101,(anonymous_6)
FNF:7
FNH:0
FNDA:0,QRScanner
FNDA:0,(anonymous_1)
FNDA:0,(anonymous_2)
FNDA:0,(anonymous_3)
FNDA:0,(anonymous_4)
FNDA:0,(anonymous_5)
FNDA:0,(anonymous_6)
DA:25,0
DA:26,0
DA:27,0
DA:29,0
DA:30,0
DA:31,0
DA:35,0
DA:36,0
DA:38,0
DA:39,0
DA:40,0
DA:41,0
DA:42,0
DA:51,0
DA:54,0
DA:55,0
DA:56,0
DA:57,0
DA:58,0
DA:60,0
DA:61,0
DA:62,0
DA:66,0
DA:67,0
DA:68,0
DA:75,0
DA:76,0
DA:82,0
DA:88,0
DA:100,0
DA:101,0
DA:104,0
DA:105,0
DA:108,0
DA:109,0
DA:136,0
DA:192,0
LF:37
LH:0
BRDA:24,0,0,0
BRDA:30,1,0,0
BRDA:30,1,1,0
BRDA:30,2,0,0
BRDA:30,2,1,0
BRDA:36,3,0,0
BRDA:36,3,1,0
BRDA:44,4,0,0
BRDA:44,4,1,0
BRDA:54,5,0,0
BRDA:54,5,1,0
BRDA:66,6,0,0
BRDA:66,6,1,0
BRDA:66,7,0,0
BRDA:66,7,1,0
BRDA:101,8,0,0
BRDA:101,8,1,0
BRDA:104,9,0,0
BRDA:104,9,1,0
BRDA:108,10,0,0
BRDA:108,10,1,0
BRDA:153,11,0,0
BRDA:153,11,1,0
BRDA:182,12,0,0
BRDA:182,12,1,0
BRF:25
BRH:0
end_of_record
TN:
SF:components\ui\collapsible.tsx
FN:10,Collapsible
FN:18,(anonymous_1)
FN:18,(anonymous_2)
FNF:3
FNH:0
FNDA:0,Collapsible
FNDA:0,(anonymous_1)
FNDA:0,(anonymous_2)
DA:11,0
DA:12,0
DA:14,0
DA:18,0
DA:35,0
LF:5
LH:0
BRDA:12,0,0,0
BRDA:12,0,1,0
BRDA:24,1,0,0
BRDA:24,1,1,0
BRDA:25,2,0,0
BRDA:25,2,1,0
BRDA:30,3,0,0
BRDA:30,3,1,0
BRF:8
BRH:0
end_of_record
TN:
SF:components\ui\icon-symbol.ios.tsx
FN:4,IconSymbol
FNF:1
FNH:0
FNDA:0,IconSymbol
DA:17,0
LF:1
LH:0
BRDA:6,0,0,0
BRDA:9,1,0,0
BRF:2
BRH:0
end_of_record
TN:
SF:components\ui\icon-symbol.tsx
FN:28,IconSymbol
FNF:1
FNH:0
FNDA:0,IconSymbol
DA:16,0
DA:40,0
LF:2
LH:0
BRDA:30,0,0,0
BRF:1
BRH:0
end_of_record
TN:
SF:features\auth\types.ts
FNF:0
FNH:0
LF:0
LH:0
BRF:0
BRH:0
end_of_record
TN:
SF:features\auth\hooks\useAuth.ts
FNF:0
FNH:0
LF:0
LH:0
BRF:0
BRH:0
end_of_record
TN:
SF:features\auth\screens\ForgotPasswordScreen.tsx
FN:12,(anonymous_0)
FN:33,(anonymous_1)
FN:38,(anonymous_2)
FN:62,(anonymous_3)
FN:86,(anonymous_4)
FN:121,(anonymous_5)
FN:158,(anonymous_6)
FN:171,(anonymous_7)
FN:185,(anonymous_8)
FN:199,(anonymous_9)
FN:217,(anonymous_10)
FN:255,(anonymous_11)
FN:277,(anonymous_12)
FN:303,(anonymous_13)
FN:326,(anonymous_14)
FN:353,(anonymous_15)
FN:361,(anonymous_16)
FN:361,(anonymous_17)
FN:381,(anonymous_18)
FN:389,(anonymous_19)
FN:389,(anonymous_20)
FN:406,(anonymous_21)
FN:430,(anonymous_22)
FN:474,(anonymous_23)
FNF:24
FNH:0
FNDA:0,(anonymous_0)
FNDA:0,(anonymous_1)
FNDA:0,(anonymous_2)
FNDA:0,(anonymous_3)
FNDA:0,(anonymous_4)
FNDA:0,(anonymous_5)
FNDA:0,(anonymous_6)
FNDA:0,(anonymous_7)
FNDA:0,(anonymous_8)
FNDA:0,(anonymous_9)
FNDA:0,(anonymous_10)
FNDA:0,(anonymous_11)
FNDA:0,(anonymous_12)
FNDA:0,(anonymous_13)
FNDA:0,(anonymous_14)
FNDA:0,(anonymous_15)
FNDA:0,(anonymous_16)
FNDA:0,(anonymous_17)
FNDA:0,(anonymous_18)
FNDA:0,(anonymous_19)
FNDA:0,(anonymous_20)
FNDA:0,(anonymous_21)
FNDA:0,(anonymous_22)
FNDA:0,(anonymous_23)
DA:12,0
DA:15,0
DA:16,0
DA:17,0
DA:18,0
DA:19,0
DA:20,0
DA:21,0
DA:22,0
DA:23,0
DA:24,0
DA:25,0
DA:26,0
DA:27,0
DA:28,0
DA:29,0
DA:30,0
DA:31,0
DA:33,0
DA:34,0
DA:35,0
DA:38,0
DA:39,0
DA:40,0
DA:42,0
DA:43,0
DA:44,0
DA:45,0
DA:48,0
DA:49,0
DA:50,0
DA:51,0
DA:52,0
DA:54,0
DA:55,0
DA:56,0
DA:58,0
DA:62,0
DA:63,0
DA:64,0
DA:66,0
DA:67,0
DA:68,0
DA:69,0
DA:72,0
DA:73,0
DA:74,0
DA:75,0
DA:76,0
DA:78,0
DA:79,0
DA:80,0
DA:82,0
DA:86,0
DA:87,0
DA:88,0
DA:90,0
DA:91,0
DA:92,0
DA:93,0
DA:96,0
DA:97,0
DA:98,0
DA:99,0
DA:101,0
DA:102,0
DA:103,0
DA:105,0
DA:107,0
DA:110,0
DA:111,0
DA:113,0
DA:114,0
DA:115,0
DA:117,0
DA:121,0
DA:122,0
DA:123,0
DA:124,0
DA:126,0
DA:127,0
DA:128,0
DA:131,0
DA:132,0
DA:133,0
DA:134,0
DA:137,0
DA:138,0
DA:139,0
DA:140,0
DA:143,0
DA:144,0
DA:147,0
DA:149,0
DA:150,0
DA:156,0
DA:157,0
DA:158,0
DA:160,0
DA:161,0
DA:162,0
DA:164,0
DA:167,0
DA:171,0
DA:172,0
DA:174,0
DA:176,0
DA:178,0
DA:181,0
DA:185,0
DA:186,0
DA:188,0
DA:190,0
DA:192,0
DA:195,0
DA:199,0
DA:200,0
DA:202,0
DA:218,0
DA:219,0
DA:220,0
DA:240,0
DA:256,0
DA:257,0
DA:258,0
DA:278,0
DA:279,0
DA:280,0
DA:288,0
DA:304,0
DA:305,0
DA:306,0
DA:327,0
DA:328,0
DA:329,0
DA:338,0
DA:354,0
DA:355,0
DA:356,0
DA:361,0
DA:382,0
DA:383,0
DA:384,0
DA:389,0
DA:407,0
DA:408,0
DA:409,0
DA:410,0
DA:420,0
DA:430,0
DA:474,0
DA:485,0
LF:152
LH:0
BRDA:42,0,0,0
BRDA:42,0,1,0
BRDA:66,1,0,0
BRDA:66,1,1,0
BRDA:90,2,0,0
BRDA:90,2,1,0
BRDA:90,3,0,0
BRDA:90,3,1,0
BRDA:101,4,0,0
BRDA:101,4,1,0
BRDA:126,5,0,0
BRDA:126,5,1,0
BRDA:126,6,0,0
BRDA:126,6,1,0
BRDA:131,7,0,0
BRDA:131,7,1,0
BRDA:137,8,0,0
BRDA:137,8,1,0
BRDA:147,9,0,0
BRDA:147,9,1,0
BRDA:161,10,0,0
BRDA:161,10,1,0
BRDA:172,11,0,0
BRDA:172,11,1,0
BRDA:172,11,2,0
BRDA:172,11,3,0
BRDA:172,11,4,0
BRDA:186,12,0,0
BRDA:186,12,1,0
BRDA:186,12,2,0
BRDA:186,12,3,0
BRDA:186,12,4,0
BRDA:200,13,0,0
BRDA:200,13,1,0
BRDA:200,13,2,0
BRDA:200,13,3,0
BRDA:200,13,4,0
BRDA:206,14,0,0
BRDA:206,14,1,0
BRDA:210,15,0,0
BRDA:210,15,1,0
BRDA:227,16,0,0
BRDA:227,16,1,0
BRDA:231,17,0,0
BRDA:231,17,1,0
BRDA:244,18,0,0
BRDA:244,18,1,0
BRDA:248,19,0,0
BRDA:248,19,1,0
BRDA:264,20,0,0
BRDA:264,20,1,0
BRDA:268,21,0,0
BRDA:268,21,1,0
BRDA:292,22,0,0
BRDA:292,22,1,0
BRDA:296,23,0,0
BRDA:296,23,1,0
BRDA:313,24,0,0
BRDA:313,24,1,0
BRDA:317,25,0,0
BRDA:317,25,1,0
BRDA:342,26,0,0
BRDA:342,26,1,0
BRDA:346,27,0,0
BRDA:346,27,1,0
BRDA:362,28,0,0
BRDA:362,28,1,0
BRDA:365,29,0,0
BRDA:365,29,1,0
BRDA:370,30,0,0
BRDA:370,30,1,0
BRDA:374,31,0,0
BRDA:374,31,1,0
BRDA:390,32,0,0
BRDA:390,32,1,0
BRDA:393,33,0,0
BRDA:393,33,1,0
BRDA:397,34,0,0
BRDA:397,34,1,0
BRDA:452,35,0,0
BRDA:452,35,1,0
BRDA:459,36,0,0
BRDA:459,36,1,0
BRF:83
BRH:0
end_of_record
TN:
SF:features\auth\screens\LoginScreen.tsx
FN:21,LoginScreen
FN:32,(anonymous_1)
FN:93,(anonymous_2)
FN:126,(anonymous_3)
FN:198,(anonymous_4)
FN:221,(anonymous_5)
FN:228,(anonymous_6)
FN:228,(anonymous_7)
FN:247,(anonymous_8)
FN:262,(anonymous_9)
FNF:10
FNH:0
FNDA:0,LoginScreen
FNDA:0,(anonymous_1)
FNDA:0,(anonymous_2)
FNDA:0,(anonymous_3)
FNDA:0,(anonymous_4)
FNDA:0,(anonymous_5)
FNDA:0,(anonymous_6)
FNDA:0,(anonymous_7)
FNDA:0,(anonymous_8)
FNDA:0,(anonymous_9)
DA:22,0
DA:23,0
DA:24,0
DA:25,0
DA:26,0
DA:27,0
DA:28,0
DA:29,0
DA:30,0
DA:32,0
DA:34,0
DA:35,0
DA:36,0
DA:38,0
DA:39,0
DA:40,0
DA:42,0
DA:43,0
DA:46,0
DA:57,0
DA:58,0
DA:60,0
DA:63,0
DA:64,0
DA:65,0
DA:66,0
DA:67,0
DA:68,0
DA:69,0
DA:70,0
DA:71,0
DA:72,0
DA:74,0
DA:77,0
DA:83,0
DA:93,0
DA:127,0
DA:128,0
DA:129,0
DA:130,0
DA:133,0
DA:144,0
DA:145,0
DA:147,0
DA:150,0
DA:151,0
DA:152,0
DA:153,0
DA:154,0
DA:155,0
DA:156,0
DA:157,0
DA:159,0
DA:162,0
DA:165,0
DA:199,0
DA:200,0
DA:201,0
DA:222,0
DA:223,0
DA:224,0
DA:228,0
DA:247,0
DA:262,0
DA:324,0
LF:65
LH:0
BRDA:38,0,0,0
BRDA:38,0,1,0
BRDA:38,1,0,0
BRDA:38,1,1,0
BRDA:46,2,0,0
BRDA:46,2,1,0
BRDA:46,2,2,0
BRDA:46,2,3,0
BRDA:46,2,4,0
BRDA:46,2,5,0
BRDA:46,2,6,0
BRDA:46,2,7,0
BRDA:46,2,8,0
BRDA:57,3,0,0
BRDA:57,3,1,0
BRDA:64,4,0,0
BRDA:64,4,1,0
BRDA:65,5,0,0
BRDA:65,5,1,0
BRDA:68,6,0,0
BRDA:68,6,1,0
BRDA:71,7,0,0
BRDA:71,7,1,0
BRDA:71,8,0,0
BRDA:71,8,1,0
BRDA:71,8,2,0
BRDA:116,9,0,0
BRDA:116,9,1,0
BRDA:125,10,0,0
BRDA:125,10,1,0
BRDA:133,11,0,0
BRDA:133,11,1,0
BRDA:133,11,2,0
BRDA:133,11,3,0
BRDA:133,11,4,0
BRDA:133,11,5,0
BRDA:133,11,6,0
BRDA:133,11,7,0
BRDA:133,11,8,0
BRDA:144,12,0,0
BRDA:144,12,1,0
BRDA:151,13,0,0
BRDA:151,13,1,0
BRDA:152,14,0,0
BRDA:152,14,1,0
BRDA:154,15,0,0
BRDA:154,15,1,0
BRDA:156,16,0,0
BRDA:156,16,1,0
BRDA:171,17,0,0
BRDA:171,17,1,0
BRDA:191,18,0,0
BRDA:191,18,1,0
BRDA:192,19,0,0
BRDA:192,19,1,0
BRDA:207,20,0,0
BRDA:207,20,1,0
BRDA:214,21,0,0
BRDA:214,21,1,0
BRDA:215,22,0,0
BRDA:215,22,1,0
BRDA:229,23,0,0
BRDA:229,23,1,0
BRDA:232,24,0,0
BRDA:232,24,1,0
BRF:65
BRH:0
end_of_record
TN:
SF:features\auth\screens\SignupScreen.tsx
FN:23,(anonymous_0)
FN:46,SignupScreen
FN:84,(anonymous_2)
FN:95,(anonymous_3)
FN:135,(anonymous_4)
FN:175,(anonymous_5)
FN:177,(anonymous_6)
FN:187,(anonymous_7)
FN:194,(anonymous_8)
FN:209,(anonymous_9)
FN:255,(anonymous_10)
FN:290,(anonymous_11)
FN:324,(anonymous_12)
FN:356,(anonymous_13)
FN:369,(anonymous_14)
FN:393,(anonymous_15)
FN:415,(anonymous_16)
FN:438,(anonymous_17)
FN:461,(anonymous_18)
FN:490,(anonymous_19)
FN:497,(anonymous_20)
FN:497,(anonymous_21)
FN:549,(anonymous_22)
FN:556,(anonymous_23)
FN:556,(anonymous_24)
FN:583,(anonymous_25)
FN:602,(anonymous_26)
FN:621,(anonymous_27)
FN:642,(anonymous_28)
FN:661,(anonymous_29)
FN:692,(anonymous_30)
FNF:31
FNH:0
FNDA:0,(anonymous_0)
FNDA:0,SignupScreen
FNDA:0,(anonymous_2)
FNDA:0,(anonymous_3)
FNDA:0,(anonymous_4)
FNDA:0,(anonymous_5)
FNDA:0,(anonymous_6)
FNDA:0,(anonymous_7)
FNDA:0,(anonymous_8)
FNDA:0,(anonymous_9)
FNDA:0,(anonymous_10)
FNDA:0,(anonymous_11)
FNDA:0,(anonymous_12)
FNDA:0,(anonymous_13)
FNDA:0,(anonymous_14)
FNDA:0,(anonymous_15)
FNDA:0,(anonymous_16)
FNDA:0,(anonymous_17)
FNDA:0,(anonymous_18)
FNDA:0,(anonymous_19)
FNDA:0,(anonymous_20)
FNDA:0,(anonymous_21)
FNDA:0,(anonymous_22)
FNDA:0,(anonymous_23)
FNDA:0,(anonymous_24)
FNDA:0,(anonymous_25)
FNDA:0,(anonymous_26)
FNDA:0,(anonymous_27)
FNDA:0,(anonymous_28)
FNDA:0,(anonymous_29)
FNDA:0,(anonymous_30)
DA:23,0
DA:25,0
DA:28,0
DA:29,0
DA:30,0
DA:31,0
DA:32,0
DA:36,0
DA:37,0
DA:41,0
DA:48,0
DA:49,0
DA:50,0
DA:51,0
DA:52,0
DA:53,0
DA:54,0
DA:57,0
DA:58,0
DA:59,0
DA:60,0
DA:61,0
DA:64,0
DA:67,0
DA:68,0
DA:69,0
DA:70,0
DA:71,0
DA:72,0
DA:73,0
DA:74,0
DA:75,0
DA:76,0
DA:77,0
DA:79,0
DA:80,0
DA:81,0
DA:82,0
DA:84,0
DA:85,0
DA:86,0
DA:87,0
DA:88,0
DA:89,0
DA:90,0
DA:91,0
DA:92,0
DA:95,0
DA:96,0
DA:98,0
DA:99,0
DA:100,0
DA:103,0
DA:104,0
DA:105,0
DA:108,0
DA:109,0
DA:110,0
DA:113,0
DA:114,0
DA:115,0
DA:116,0
DA:117,0
DA:118,0
DA:119,0
DA:121,0
DA:122,0
DA:123,0
DA:124,0
DA:128,0
DA:129,0
DA:132,0
DA:135,0
DA:136,0
DA:138,0
DA:139,0
DA:140,0
DA:143,0
DA:144,0
DA:145,0
DA:148,0
DA:149,0
DA:150,0
DA:153,0
DA:154,0
DA:155,0
DA:158,0
DA:159,0
DA:160,0
DA:163,0
DA:164,0
DA:165,0
DA:168,0
DA:169,0
DA:172,0
DA:175,0
DA:176,0
DA:177,0
DA:179,0
DA:180,0
DA:181,0
DA:184,0
DA:187,0
DA:188,0
DA:189,0
DA:190,0
DA:194,0
DA:195,0
DA:196,0
DA:198,0
DA:199,0
DA:200,0
DA:201,0
DA:204,0
DA:205,0
DA:209,0
DA:210,0
DA:212,0
DA:213,0
DA:214,0
DA:216,0
DA:217,0
DA:218,0
DA:221,0
DA:222,0
DA:223,0
DA:226,0
DA:227,0
DA:228,0
DA:231,0
DA:232,0
DA:233,0
DA:250,0
DA:252,0
DA:255,0
DA:258,0
DA:259,0
DA:261,0
DA:264,0
DA:265,0
DA:266,0
DA:267,0
DA:268,0
DA:269,0
DA:270,0
DA:272,0
DA:275,0
DA:280,0
DA:290,0
DA:325,0
DA:356,0
DA:369,0
DA:394,0
DA:395,0
DA:396,0
DA:416,0
DA:417,0
DA:418,0
DA:439,0
DA:440,0
DA:441,0
DA:462,0
DA:463,0
DA:464,0
DA:465,0
DA:491,0
DA:492,0
DA:493,0
DA:497,0
DA:550,0
DA:551,0
DA:552,0
DA:556,0
DA:584,0
DA:585,0
DA:586,0
DA:603,0
DA:604,0
DA:605,0
DA:622,0
DA:623,0
DA:624,0
DA:643,0
DA:644,0
DA:645,0
DA:662,0
DA:663,0
DA:664,0
DA:692,0
DA:762,0
LF:190
LH:0
BRDA:28,0,0,0
BRDA:28,0,1,0
BRDA:36,1,0,0
BRDA:36,1,1,0
BRDA:36,2,0,0
BRDA:36,2,1,0
BRDA:98,3,0,0
BRDA:98,3,1,0
BRDA:103,4,0,0
BRDA:103,4,1,0
BRDA:108,5,0,0
BRDA:108,5,1,0
BRDA:114,6,0,0
BRDA:114,6,1,0
BRDA:117,7,0,0
BRDA:117,7,1,0
BRDA:122,8,0,0
BRDA:122,8,1,0
BRDA:128,9,0,0
BRDA:128,9,1,0
BRDA:138,10,0,0
BRDA:138,10,1,0
BRDA:143,11,0,0
BRDA:143,11,1,0
BRDA:148,12,0,0
BRDA:148,12,1,0
BRDA:148,13,0,0
BRDA:148,13,1,0
BRDA:153,14,0,0
BRDA:153,14,1,0
BRDA:153,15,0,0
BRDA:153,15,1,0
BRDA:158,16,0,0
BRDA:158,16,1,0
BRDA:158,17,0,0
BRDA:158,17,1,0
BRDA:163,18,0,0
BRDA:163,18,1,0
BRDA:163,19,0,0
BRDA:163,19,1,0
BRDA:163,19,2,0
BRDA:168,20,0,0
BRDA:168,20,1,0
BRDA:179,21,0,0
BRDA:179,21,1,0
BRDA:189,22,0,0
BRDA:189,22,1,0
BRDA:198,23,0,0
BRDA:198,23,1,0
BRDA:200,24,0,0
BRDA:200,24,1,0
BRDA:204,25,0,0
BRDA:204,25,1,0
BRDA:204,26,0,0
BRDA:204,26,1,0
BRDA:216,27,0,0
BRDA:216,27,1,0
BRDA:221,28,0,0
BRDA:221,28,1,0
BRDA:226,29,0,0
BRDA:226,29,1,0
BRDA:258,30,0,0
BRDA:258,30,1,0
BRDA:265,31,0,0
BRDA:265,31,1,0
BRDA:266,32,0,0
BRDA:266,32,1,0
BRDA:269,33,0,0
BRDA:269,33,1,0
BRDA:269,34,0,0
BRDA:269,34,1,0
BRDA:315,35,0,0
BRDA:315,35,1,0
BRDA:329,36,0,0
BRDA:329,36,1,0
BRDA:335,37,0,0
BRDA:335,37,1,0
BRDA:338,38,0,0
BRDA:338,38,1,0
BRDA:341,39,0,0
BRDA:341,39,1,0
BRDA:347,40,0,0
BRDA:347,40,1,0
BRDA:355,41,0,0
BRDA:355,41,1,0
BRDA:361,42,0,0
BRDA:361,42,1,0
BRDA:363,43,0,0
BRDA:363,43,1,0
BRDA:368,44,0,0
BRDA:368,44,1,0
BRDA:374,45,0,0
BRDA:374,45,1,0
BRDA:376,46,0,0
BRDA:376,46,1,0
BRDA:386,47,0,0
BRDA:386,47,1,0
BRDA:387,48,0,0
BRDA:387,48,1,0
BRDA:401,49,0,0
BRDA:401,49,1,0
BRDA:408,50,0,0
BRDA:408,50,1,0
BRDA:409,51,0,0
BRDA:409,51,1,0
BRDA:423,52,0,0
BRDA:423,52,1,0
BRDA:431,53,0,0
BRDA:431,53,1,0
BRDA:432,54,0,0
BRDA:432,54,1,0
BRDA:447,55,0,0
BRDA:447,55,1,0
BRDA:454,56,0,0
BRDA:454,56,1,0
BRDA:455,57,0,0
BRDA:455,57,1,0
BRDA:470,58,0,0
BRDA:470,58,1,0
BRDA:477,59,0,0
BRDA:477,59,1,0
BRDA:483,60,0,0
BRDA:483,60,1,0
BRDA:484,61,0,0
BRDA:484,61,1,0
BRDA:498,62,0,0
BRDA:498,62,1,0
BRDA:498,63,0,0
BRDA:498,63,1,0
BRDA:501,64,0,0
BRDA:501,64,1,0
BRDA:509,65,0,0
BRDA:509,65,1,0
BRDA:511,66,0,0
BRDA:511,66,1,0
BRDA:513,67,0,0
BRDA:513,67,1,0
BRDA:519,68,0,0
BRDA:519,68,1,0
BRDA:521,69,0,0
BRDA:521,69,1,0
BRDA:523,70,0,0
BRDA:523,70,1,0
BRDA:529,71,0,0
BRDA:529,71,1,0
BRDA:531,72,0,0
BRDA:531,72,1,0
BRDA:533,73,0,0
BRDA:533,73,1,0
BRDA:542,74,0,0
BRDA:542,74,1,0
BRDA:543,75,0,0
BRDA:543,75,1,0
BRDA:557,76,0,0
BRDA:557,76,1,0
BRDA:557,77,0,0
BRDA:557,77,1,0
BRDA:560,78,0,0
BRDA:560,78,1,0
BRDA:567,79,0,0
BRDA:567,79,1,0
BRDA:570,80,0,0
BRDA:570,80,1,0
BRDA:675,81,0,0
BRDA:675,81,1,0
BRDA:682,82,0,0
BRDA:682,82,1,0
BRDA:683,83,0,0
BRDA:683,83,1,0
BRDA:684,84,0,0
BRDA:684,84,1,0
BRF:171
BRH:0
end_of_record
TN:
SF:features\auth\services\authApi.ts
FN:5,(anonymous_0)
FN:15,(anonymous_1)
FN:25,(anonymous_2)
FN:34,(anonymous_3)
FN:45,(anonymous_4)
FNF:5
FNH:0
FNDA:0,(anonymous_0)
FNDA:0,(anonymous_1)
FNDA:0,(anonymous_2)
FNDA:0,(anonymous_3)
FNDA:0,(anonymous_4)
DA:4,0
DA:6,0
DA:7,0
DA:8,0
DA:10,0
DA:11,0
DA:16,0
DA:17,0
DA:18,0
DA:20,0
DA:21,0
DA:26,0
DA:27,0
DA:29,0
DA:30,0
DA:35,0
DA:38,0
DA:40,0
DA:41,0
DA:46,0
DA:47,0
DA:48,0
DA:50,0
DA:51,0
LF:24
LH:0
BRF:0
BRH:0
end_of_record
TN:
SF:features\history\types.ts
FNF:0
FNH:0
LF:0
LH:0
BRF:0
BRH:0
end_of_record
TN:
SF:features\history\components\HistoryHeader.tsx
FN:10,(anonymous_0)
FNF:1
FNH:0
FNDA:0,(anonymous_0)
DA:10,0
DA:11,0
DA:23,0
LF:3
LH:0
BRDA:15,0,0,0
BRDA:15,0,1,0
BRDA:15,1,0,0
BRDA:15,1,1,0
BRDA:16,2,0,0
BRDA:16,2,1,0
BRF:6
BRH:0
end_of_record
TN:
SF:features\history\hooks\useHistory.ts
FN:6,(anonymous_0)
FN:12,(anonymous_1)
FN:33,(anonymous_2)
FNF:3
FNH:0
FNDA:0,(anonymous_0)
FNDA:0,(anonymous_1)
FNDA:0,(anonymous_2)
DA:6,0
DA:7,0
DA:8,0
DA:9,0
DA:10,0
DA:12,0
DA:13,0
DA:14,0
DA:15,0
DA:16,0
DA:19,0
DA:20,0
DA:21,0
DA:22,0
DA:23,0
DA:25,0
DA:26,0
DA:27,0
DA:29,0
DA:33,0
DA:34,0
DA:37,0
LF:22
LH:0
BRDA:13,0,0,0
BRDA:13,0,1,0
BRDA:22,1,0,0
BRDA:22,1,1,0
BRDA:23,2,0,0
BRDA:23,2,1,0
BRDA:25,3,0,0
BRDA:25,3,1,0
BRF:8
BRH:0
end_of_record
TN:
SF:features\history\screens\HistoryScreen.tsx
FN:13,HistoryScreen
FN:19,(anonymous_1)
FN:62,(anonymous_2)
FNF:3
FNH:0
FNDA:0,HistoryScreen
FNDA:0,(anonymous_1)
FNDA:0,(anonymous_2)
DA:14,0
DA:15,0
DA:16,0
DA:17,0
DA:19,0
DA:20,0
DA:21,0
DA:22,0
DA:23,0
DA:26,0
DA:27,0
DA:28,0
DA:30,0
DA:32,0
DA:37,0
DA:39,0
DA:41,0
DA:43,0
DA:44,0
DA:45,0
DA:46,0
DA:47,0
DA:48,0
DA:49,0
DA:50,0
DA:52,0
DA:56,0
DA:58,0
DA:62,0
DA:63,0
DA:64,0
DA:68,0
DA:101,0
LF:33
LH:0
BRDA:20,0,0,0
BRDA:20,0,1,0
BRDA:39,1,0,0
BRDA:39,1,1,0
BRDA:44,2,0,0
BRDA:44,2,1,0
BRDA:45,3,0,0
BRDA:45,3,1,0
BRDA:47,4,0,0
BRDA:47,4,1,0
BRDA:49,5,0,0
BRDA:49,5,1,0
BRDA:63,6,0,0
BRDA:63,6,1,0
BRDA:85,7,0,0
BRDA:85,7,1,0
BRF:16
BRH:0
end_of_record
TN:
SF:features\history\services\historyApi.ts
FN:5,(anonymous_0)
FNF:1
FNH:0
FNDA:0,(anonymous_0)
DA:4,0
DA:9,0
DA:10,0
DA:11,0
DA:13,0
DA:14,0
LF:6
LH:0
BRDA:7,0,0,0
BRF:1
BRH:0
end_of_record
TN:
SF:features\home\types.ts
FNF:0
FNH:0
LF:0
LH:0
BRF:0
BRH:0
end_of_record
TN:
SF:features\home\components\HomeQRCodeCard.tsx
FN:26,(anonymous_0)
FNF:1
FNH:0
FNDA:0,(anonymous_0)
DA:26,0
DA:35,0
DA:140,0
LF:3
LH:0
BRDA:51,0,0,0
BRDA:51,0,1,0
BRDA:57,1,0,0
BRDA:57,1,1,0
BRDA:57,1,2,0
BRDA:69,2,0,0
BRDA:69,2,1,0
BRDA:76,3,0,0
BRDA:76,3,1,0
BRDA:81,4,0,0
BRDA:81,4,1,0
BRDA:89,5,0,0
BRDA:89,5,1,0
BRDA:92,6,0,0
BRDA:92,6,1,0
BRDA:95,7,0,0
BRDA:95,7,1,0
BRDA:102,8,0,0
BRDA:102,8,1,0
BRDA:108,9,0,0
BRDA:108,9,1,0
BRDA:118,10,0,0
BRDA:118,10,1,0
BRF:23
BRH:0
end_of_record
TN:
SF:features\home\components\HomeQuickActions.tsx
FN:7,(anonymous_0)
FN:12,(anonymous_1)
FN:24,(anonymous_2)
FN:36,(anonymous_3)
FNF:4
FNH:0
FNDA:0,(anonymous_0)
FNDA:0,(anonymous_1)
FNDA:0,(anonymous_2)
FNDA:0,(anonymous_3)
DA:7,0
DA:8,0
DA:12,0
DA:24,0
DA:36,0
DA:49,0
LF:6
LH:0
BRF:0
BRH:0
end_of_record
TN:
SF:features\home\components\HomeStatsCards.tsx
FN:11,(anonymous_0)
FNF:1
FNH:0
FNDA:0,(anonymous_0)
DA:11,0
DA:15,0
DA:36,0
LF:3
LH:0
BRDA:12,0,0,0
BRDA:13,1,0,0
BRF:2
BRH:0
end_of_record
TN:
SF:features\home\components\HomeWelcomeHeader.tsx
FN:12,(anonymous_0)
FN:25,(anonymous_1)
FNF:2
FNH:0
FNDA:0,(anonymous_0)
FNDA:0,(anonymous_1)
DA:12,0
DA:13,0
DA:25,0
DA:34,0
LF:4
LH:0
BRDA:19,0,0,0
BRDA:19,0,1,0
BRDA:19,1,0,0
BRDA:19,1,1,0
BRF:4
BRH:0
end_of_record
TN:
SF:features\home\hooks\useHome.ts
FN:6,(anonymous_0)
FN:14,(anonymous_1)
FN:31,(anonymous_2)
FN:45,(anonymous_3)
FNF:4
FNH:0
FNDA:0,(anonymous_0)
FNDA:0,(anonymous_1)
FNDA:0,(anonymous_2)
FNDA:0,(anonymous_3)
DA:6,0
DA:7,0
DA:8,0
DA:9,0
DA:10,0
DA:11,0
DA:12,0
DA:14,0
DA:15,0
DA:17,0
DA:18,0
DA:19,0
DA:20,0
DA:21,0
DA:23,0
DA:24,0
DA:25,0
DA:27,0
DA:31,0
DA:32,0
DA:34,0
DA:35,0
DA:36,0
DA:37,0
DA:39,0
DA:41,0
DA:45,0
DA:46,0
DA:47,0
DA:50,0
LF:30
LH:0
BRDA:15,0,0,0
BRDA:15,0,1,0
BRDA:23,1,0,0
BRDA:23,1,1,0
BRDA:32,2,0,0
BRDA:32,2,1,0
BRF:6
BRH:0
end_of_record
TN:
SF:features\home\screens\HomeScreen.tsx
FN:20,HomeScreen
FN:33,(anonymous_1)
FN:52,(anonymous_2)
FN:99,(anonymous_3)
FN:100,(anonymous_4)
FN:105,(anonymous_5)
FN:116,(anonymous_6)
FN:137,(anonymous_7)
FN:143,(anonymous_8)
FN:148,(anonymous_9)
FN:153,(anonymous_10)
FN:197,(anonymous_11)
FN:204,(anonymous_12)
FN:373,(anonymous_13)
FN:397,(anonymous_14)
FN:433,(anonymous_15)
FN:446,(anonymous_16)
FNF:17
FNH:0
FNDA:0,HomeScreen
FNDA:0,(anonymous_1)
FNDA:0,(anonymous_2)
FNDA:0,(anonymous_3)
FNDA:0,(anonymous_4)
FNDA:0,(anonymous_5)
FNDA:0,(anonymous_6)
FNDA:0,(anonymous_7)
FNDA:0,(anonymous_8)
FNDA:0,(anonymous_9)
FNDA:0,(anonymous_10)
FNDA:0,(anonymous_11)
FNDA:0,(anonymous_12)
FNDA:0,(anonymous_13)
FNDA:0,(anonymous_14)
FNDA:0,(anonymous_15)
FNDA:0,(anonymous_16)
DA:21,0
DA:22,0
DA:23,0
DA:24,0
DA:25,0
DA:28,0
DA:29,0
DA:30,0
DA:33,0
DA:35,0
DA:45,0
DA:47,0
DA:52,0
DA:53,0
DA:54,0
DA:55,0
DA:57,0
DA:58,0
DA:65,0
DA:69,0
DA:70,0
DA:74,0
DA:75,0
DA:77,0
DA:80,0
DA:82,0
DA:83,0
DA:84,0
DA:85,0
DA:86,0
DA:88,0
DA:91,0
DA:92,0
DA:95,0
DA:99,0
DA:100,0
DA:102,0
DA:103,0
DA:105,0
DA:106,0
DA:110,0
DA:111,0
DA:116,0
DA:117,0
DA:118,0
DA:121,0
DA:122,0
DA:123,0
DA:126,0
DA:127,0
DA:128,0
DA:129,0
DA:133,0
DA:135,0
DA:137,0
DA:138,0
DA:139,0
DA:143,0
DA:144,0
DA:148,0
DA:149,0
DA:153,0
DA:154,0
DA:155,0
DA:158,0
DA:159,0
DA:160,0
DA:162,0
DA:164,0
DA:169,0
DA:174,0
DA:176,0
DA:177,0
DA:179,0
DA:180,0
DA:181,0
DA:182,0
DA:183,0
DA:185,0
DA:189,0
DA:190,0
DA:192,0
DA:197,0
DA:198,0
DA:199,0
DA:204,0
DA:205,0
DA:206,0
DA:207,0
DA:210,0
DA:211,0
DA:212,0
DA:213,0
DA:221,0
DA:223,0
DA:225,0
DA:226,0
DA:227,0
DA:230,0
DA:344,0
DA:347,0
DA:352,0
DA:355,0
DA:361,0
DA:363,0
DA:364,0
DA:365,0
DA:366,0
DA:368,0
DA:369,0
DA:373,0
DA:374,0
DA:375,0
DA:376,0
DA:377,0
DA:378,0
DA:381,0
DA:386,0
DA:387,0
DA:398,0
DA:399,0
DA:400,0
DA:405,0
DA:416,0
DA:433,0
DA:446,0
DA:456,0
LF:127
LH:0
BRDA:35,0,0,0
BRDA:35,0,1,0
BRDA:35,0,2,0
BRDA:35,0,3,0
BRDA:35,0,4,0
BRDA:35,0,5,0
BRDA:35,0,6,0
BRDA:35,0,7,0
BRDA:35,0,8,0
BRDA:45,1,0,0
BRDA:45,1,1,0
BRDA:52,2,0,0
BRDA:62,3,0,0
BRDA:62,3,1,0
BRDA:69,4,0,0
BRDA:69,4,1,0
BRDA:84,5,0,0
BRDA:84,5,1,0
BRDA:103,6,0,0
BRDA:103,6,1,0
BRDA:103,7,0,0
BRDA:103,7,1,0
BRDA:110,8,0,0
BRDA:110,8,1,0
BRDA:117,9,0,0
BRDA:117,9,1,0
BRDA:117,10,0,0
BRDA:117,10,1,0
BRDA:126,11,0,0
BRDA:126,11,1,0
BRDA:154,12,0,0
BRDA:154,12,1,0
BRDA:170,13,0,0
BRDA:170,13,1,0
BRDA:174,14,0,0
BRDA:174,14,1,0
BRDA:179,15,0,0
BRDA:179,15,1,0
BRDA:180,16,0,0
BRDA:180,16,1,0
BRDA:182,17,0,0
BRDA:182,17,1,0
BRDA:198,18,0,0
BRDA:198,18,1,0
BRDA:198,19,0,0
BRDA:198,19,1,0
BRDA:198,19,2,0
BRDA:205,20,0,0
BRDA:205,20,1,0
BRDA:216,21,0,0
BRDA:216,21,1,0
BRDA:324,22,0,0
BRDA:324,22,1,0
BRDA:363,23,0,0
BRDA:363,23,1,0
BRDA:365,24,0,0
BRDA:365,24,1,0
BRDA:368,25,0,0
BRDA:368,25,1,0
BRDA:376,26,0,0
BRDA:376,26,1,0
BRDA:433,27,0,0
BRDA:433,27,1,0
BRF:63
BRH:0
end_of_record
TN:
SF:features\home\services\homeApi.ts
FN:6,(anonymous_0)
FN:16,(anonymous_1)
FN:29,(anonymous_2)
FNF:3
FNH:0
FNDA:0,(anonymous_0)
FNDA:0,(anonymous_1)
FNDA:0,(anonymous_2)
DA:5,0
DA:7,0
DA:8,0
DA:9,0
DA:11,0
DA:12,0
DA:17,0
DA:18,0
DA:22,0
DA:24,0
DA:25,0
DA:30,0
DA:31,0
DA:32,0
DA:34,0
DA:35,0
LF:16
LH:0
BRDA:16,0,0,0
BRDA:16,1,0,0
BRDA:22,2,0,0
BRDA:22,2,1,0
BRDA:29,3,0,0
BRDA:32,4,0,0
BRDA:32,4,1,0
BRF:7
BRH:0
end_of_record
TN:
SF:features\onboarding\types.ts
FNF:0
FNH:0
LF:0
LH:0
BRF:0
BRH:0
end_of_record
TN:
SF:features\onboarding\screens\OnboardingMainScreen.tsx
FNF:0
FNH:0
LF:0
LH:0
BRF:0
BRH:0
end_of_record
TN:
SF:features\onboarding\screens\OnboardingStep2Screen.tsx
FNF:0
FNH:0
LF:0
LH:0
BRF:0
BRH:0
end_of_record
TN:
SF:features\onboarding\screens\OnboardingStep3Screen.tsx
FNF:0
FNH:0
LF:0
LH:0
BRF:0
BRH:0
end_of_record
TN:
SF:features\onboarding\screens\OnboardingStep4Screen.tsx
FNF:0
FNH:0
LF:0
LH:0
BRF:0
BRH:0
end_of_record
TN:
SF:features\partner-home\types.ts
FNF:0
FNH:0
LF:0
LH:0
BRF:0
BRH:0
end_of_record
TN:
SF:features\partner-home\hooks\usePartnerHome.ts
FN:6,(anonymous_0)
FN:14,(anonymous_1)
FN:45,(anonymous_2)
FNF:3
FNH:0
FNDA:0,(anonymous_0)
FNDA:0,(anonymous_1)
FNDA:0,(anonymous_2)
DA:6,0
DA:7,0
DA:8,0
DA:9,0
DA:10,0
DA:11,0
DA:12,0
DA:14,0
DA:16,0
DA:18,0
DA:19,0
DA:20,0
DA:21,0
DA:24,0
DA:25,0
DA:26,0
DA:27,0
DA:33,0
DA:34,0
DA:35,0
DA:37,0
DA:38,0
DA:39,0
DA:41,0
DA:45,0
DA:46,0
DA:49,0
LF:27
LH:0
BRDA:16,0,0,0
BRDA:16,0,1,0
BRDA:18,1,0,0
BRDA:18,1,1,0
BRDA:37,2,0,0
BRDA:37,2,1,0
BRF:6
BRH:0
end_of_record
TN:
SF:features\partner-home\screens\PartnerHomeScreen.tsx
FN:33,PartnerHomeScreen
FN:88,(anonymous_1)
FN:111,(anonymous_2)
FN:118,(anonymous_3)
FN:248,(anonymous_4)
FN:263,(anonymous_5)
FN:364,(anonymous_6)
FN:374,(anonymous_7)
FN:428,(anonymous_8)
FN:462,(anonymous_9)
FN:480,(anonymous_10)
FN:485,(anonymous_11)
FN:499,(anonymous_12)
FN:529,(anonymous_13)
FN:546,(anonymous_14)
FN:553,(anonymous_15)
FN:592,(anonymous_16)
FN:667,(anonymous_17)
FN:674,(anonymous_18)
FN:719,(anonymous_19)
FN:740,(anonymous_20)
FN:762,(anonymous_21)
FN:767,(anonymous_22)
FN:828,(anonymous_23)
FN:835,(anonymous_24)
FN:850,(anonymous_25)
FN:855,(anonymous_26)
FN:860,(anonymous_27)
FN:894,(anonymous_28)
FN:907,(anonymous_29)
FN:913,(anonymous_30)
FN:926,(anonymous_31)
FN:934,(anonymous_32)
FN:948,(anonymous_33)
FN:970,(anonymous_34)
FN:1047,(anonymous_35)
FN:1057,(anonymous_36)
FN:1063,(anonymous_37)
FN:1072,(anonymous_38)
FN:1074,(anonymous_39)
FN:1091,(anonymous_40)
FNF:41
FNH:0
FNDA:0,PartnerHomeScreen
FNDA:0,(anonymous_1)
FNDA:0,(anonymous_2)
FNDA:0,(anonymous_3)
FNDA:0,(anonymous_4)
FNDA:0,(anonymous_5)
FNDA:0,(anonymous_6)
FNDA:0,(anonymous_7)
FNDA:0,(anonymous_8)
FNDA:0,(anonymous_9)
FNDA:0,(anonymous_10)
FNDA:0,(anonymous_11)
FNDA:0,(anonymous_12)
FNDA:0,(anonymous_13)
FNDA:0,(anonymous_14)
FNDA:0,(anonymous_15)
FNDA:0,(anonymous_16)
FNDA:0,(anonymous_17)
FNDA:0,(anonymous_18)
FNDA:0,(anonymous_19)
FNDA:0,(anonymous_20)
FNDA:0,(anonymous_21)
FNDA:0,(anonymous_22)
FNDA:0,(anonymous_23)
FNDA:0,(anonymous_24)
FNDA:0,(anonymous_25)
FNDA:0,(anonymous_26)
FNDA:0,(anonymous_27)
FNDA:0,(anonymous_28)
FNDA:0,(anonymous_29)
FNDA:0,(anonymous_30)
FNDA:0,(anonymous_31)
FNDA:0,(anonymous_32)
FNDA:0,(anonymous_33)
FNDA:0,(anonymous_34)
FNDA:0,(anonymous_35)
FNDA:0,(anonymous_36)
FNDA:0,(anonymous_37)
FNDA:0,(anonymous_38)
FNDA:0,(anonymous_39)
FNDA:0,(anonymous_40)
DA:34,0
DA:35,0
DA:36,0
DA:37,0
DA:38,0
DA:39,0
DA:40,0
DA:41,0
DA:44,0
DA:45,0
DA:55,0
DA:56,0
DA:57,0
DA:60,0
DA:61,0
DA:62,0
DA:65,0
DA:66,0
DA:67,0
DA:68,0
DA:71,0
DA:72,0
DA:73,0
DA:74,0
DA:75,0
DA:76,0
DA:77,0
DA:80,0
DA:86,0
DA:88,0
DA:89,0
DA:92,0
DA:93,0
DA:94,0
DA:95,0
DA:97,0
DA:98,0
DA:99,0
DA:102,0
DA:103,0
DA:111,0
DA:112,0
DA:113,0
DA:114,0
DA:115,0
DA:118,0
DA:119,0
DA:120,0
DA:121,0
DA:122,0
DA:130,0
DA:131,0
DA:133,0
DA:138,0
DA:139,0
DA:140,0
DA:147,0
DA:148,0
DA:149,0
DA:150,0
DA:151,0
DA:152,0
DA:158,0
DA:160,0
DA:161,0
DA:162,0
DA:163,0
DA:169,0
DA:170,0
DA:176,0
DA:183,0
DA:188,0
DA:189,0
DA:190,0
DA:191,0
DA:193,0
DA:202,0
DA:204,0
DA:208,0
DA:209,0
DA:212,0
DA:217,0
DA:222,0
DA:223,0
DA:225,0
DA:226,0
DA:227,0
DA:228,0
DA:229,0
DA:230,0
DA:236,0
DA:237,0
DA:238,0
DA:243,0
DA:246,0
DA:248,0
DA:259,0
DA:262,0
DA:263,0
DA:264,0
DA:265,0
DA:266,0
DA:267,0
DA:273,0
DA:274,0
DA:278,0
DA:279,0
DA:283,0
DA:284,0
DA:285,0
DA:286,0
DA:287,0
DA:288,0
DA:290,0
DA:291,0
DA:292,0
DA:296,0
DA:297,0
DA:298,0
DA:300,0
DA:303,0
DA:312,0
DA:314,0
DA:316,0
DA:327,0
DA:337,0
DA:339,0
DA:340,0
DA:342,0
DA:343,0
DA:344,0
DA:345,0
DA:351,0
DA:357,0
DA:359,0
DA:360,0
DA:364,0
DA:365,0
DA:366,0
DA:367,0
DA:370,0
DA:372,0
DA:374,0
DA:376,0
DA:378,0
DA:379,0
DA:380,0
DA:381,0
DA:392,0
DA:394,0
DA:404,0
DA:406,0
DA:418,0
DA:419,0
DA:422,0
DA:429,0
DA:430,0
DA:431,0
DA:437,0
DA:438,0
DA:440,0
DA:441,0
DA:442,0
DA:443,0
DA:449,0
DA:455,0
DA:457,0
DA:458,0
DA:462,0
DA:463,0
DA:464,0
DA:465,0
DA:466,0
DA:470,0
DA:472,0
DA:473,0
DA:474,0
DA:476,0
DA:480,0
DA:481,0
DA:485,0
DA:486,0
DA:487,0
DA:490,0
DA:491,0
DA:492,0
DA:497,0
DA:499,0
DA:500,0
DA:501,0
DA:503,0
DA:505,0
DA:506,0
DA:509,0
DA:516,0
DA:521,0
DA:527,0
DA:528,0
DA:529,0
DA:530,0
DA:536,0
DA:538,0
DA:539,0
DA:540,0
DA:542,0
DA:546,0
DA:547,0
DA:548,0
DA:553,0
DA:554,0
DA:555,0
DA:556,0
DA:557,0
DA:560,0
DA:561,0
DA:562,0
DA:566,0
DA:568,0
DA:570,0
DA:571,0
DA:572,0
DA:573,0
DA:574,0
DA:575,0
DA:576,0
DA:577,0
DA:578,0
DA:579,0
DA:580,0
DA:581,0
DA:582,0
DA:588,0
DA:590,0
DA:592,0
DA:593,0
DA:594,0
DA:595,0
DA:607,0
DA:608,0
DA:609,0
DA:612,0
DA:622,0
DA:624,0
DA:631,0
DA:639,0
DA:645,0
DA:647,0
DA:648,0
DA:650,0
DA:651,0
DA:652,0
DA:653,0
DA:654,0
DA:656,0
DA:660,0
DA:661,0
DA:663,0
DA:667,0
DA:668,0
DA:669,0
DA:674,0
DA:675,0
DA:676,0
DA:677,0
DA:678,0
DA:680,0
DA:682,0
DA:693,0
DA:701,0
DA:707,0
DA:708,0
DA:711,0
DA:712,0
DA:713,0
DA:717,0
DA:718,0
DA:720,0
DA:721,0
DA:722,0
DA:726,0
DA:728,0
DA:730,0
DA:735,0
DA:736,0
DA:738,0
DA:740,0
DA:749,0
DA:750,0
DA:751,0
DA:753,0
DA:755,0
DA:757,0
DA:762,0
DA:763,0
DA:767,0
DA:768,0
DA:769,0
DA:772,0
DA:773,0
DA:775,0
DA:777,0
DA:779,0
DA:784,0
DA:787,0
DA:788,0
DA:789,0
DA:790,0
DA:791,0
DA:794,0
DA:801,0
DA:808,0
DA:815,0
DA:816,0
DA:823,0
DA:828,0
DA:829,0
DA:830,0
DA:835,0
DA:836,0
DA:837,0
DA:838,0
DA:839,0
DA:841,0
DA:843,0
DA:844,0
DA:847,0
DA:849,0
DA:850,0
DA:854,0
DA:855,0
DA:858,0
DA:860,0
DA:863,0
DA:865,0
DA:872,0
DA:879,0
DA:881,0
DA:883,0
DA:886,0
DA:887,0
DA:889,0
DA:894,0
DA:895,0
DA:896,0
DA:897,0
DA:899,0
DA:903,0
DA:907,0
DA:909,0
DA:913,0
DA:914,0
DA:915,0
DA:917,0
DA:922,0
DA:926,0
DA:927,0
DA:931,0
DA:932,0
DA:934,0
DA:935,0
DA:937,0
DA:938,0
DA:940,0
DA:943,0
DA:948,0
DA:951,0
DA:971,0
DA:972,0
DA:973,0
DA:975,0
DA:976,0
DA:1048,0
DA:1049,0
DA:1057,0
DA:1064,0
DA:1065,0
DA:1074,0
DA:1075,0
DA:1081,0
DA:1088,0
DA:1092,0
DA:1093,0
DA:1111,0
LF:383
LH:0
BRDA:92,0,0,0
BRDA:92,0,1,0
BRDA:95,1,0,0
BRDA:95,1,1,0
BRDA:124,2,0,0
BRDA:124,2,1,0
BRDA:142,3,0,0
BRDA:142,3,1,0
BRDA:143,4,0,0
BRDA:143,4,1,0
BRDA:147,5,0,0
BRDA:147,5,1,0
BRDA:150,6,0,0
BRDA:150,6,1,0
BRDA:150,7,0,0
BRDA:150,7,1,0
BRDA:160,8,0,0
BRDA:160,8,1,0
BRDA:160,9,0,0
BRDA:160,9,1,0
BRDA:162,10,0,0
BRDA:162,10,1,0
BRDA:178,11,0,0
BRDA:178,11,1,0
BRDA:205,12,0,0
BRDA:205,12,1,0
BRDA:208,13,0,0
BRDA:208,13,1,0
BRDA:213,14,0,0
BRDA:213,14,1,0
BRDA:214,15,0,0
BRDA:214,15,1,0
BRDA:215,16,0,0
BRDA:215,16,1,0
BRDA:225,17,0,0
BRDA:225,17,1,0
BRDA:236,18,0,0
BRDA:236,18,1,0
BRDA:250,19,0,0
BRDA:250,19,1,0
BRDA:250,19,2,0
BRDA:251,20,0,0
BRDA:251,20,1,0
BRDA:262,21,0,0
BRDA:262,21,1,0
BRDA:264,22,0,0
BRDA:264,22,1,0
BRDA:266,23,0,0
BRDA:266,23,1,0
BRDA:269,24,0,0
BRDA:269,24,1,0
BRDA:269,24,2,0
BRDA:270,25,0,0
BRDA:270,25,1,0
BRDA:285,26,0,0
BRDA:285,26,1,0
BRDA:286,27,0,0
BRDA:286,27,1,0
BRDA:287,28,0,0
BRDA:287,28,1,0
BRDA:288,29,0,0
BRDA:288,29,1,0
BRDA:290,30,0,0
BRDA:290,30,1,0
BRDA:309,31,0,0
BRDA:309,31,1,0
BRDA:312,32,0,0
BRDA:312,32,1,0
BRDA:312,32,2,0
BRDA:312,32,3,0
BRDA:322,33,0,0
BRDA:322,33,1,0
BRDA:322,33,2,0
BRDA:332,34,0,0
BRDA:332,34,1,0
BRDA:346,35,0,0
BRDA:346,35,1,0
BRDA:347,36,0,0
BRDA:347,36,1,0
BRDA:348,37,0,0
BRDA:348,37,1,0
BRDA:353,38,0,0
BRDA:353,38,1,0
BRDA:365,39,0,0
BRDA:365,39,1,0
BRDA:374,40,0,0
BRDA:374,40,1,0
BRDA:376,41,0,0
BRDA:376,41,1,0
BRDA:376,41,2,0
BRDA:376,41,3,0
BRDA:389,42,0,0
BRDA:389,42,1,0
BRDA:410,43,0,0
BRDA:410,43,1,0
BRDA:411,44,0,0
BRDA:411,44,1,0
BRDA:411,44,2,0
BRDA:412,45,0,0
BRDA:412,45,1,0
BRDA:413,46,0,0
BRDA:413,46,1,0
BRDA:424,47,0,0
BRDA:424,47,1,0
BRDA:424,47,2,0
BRDA:424,48,0,0
BRDA:424,48,1,0
BRDA:424,49,0,0
BRDA:424,49,1,0
BRDA:444,50,0,0
BRDA:444,50,1,0
BRDA:445,51,0,0
BRDA:445,51,1,0
BRDA:446,52,0,0
BRDA:446,52,1,0
BRDA:451,53,0,0
BRDA:451,53,1,0
BRDA:470,54,0,0
BRDA:470,54,1,0
BRDA:486,55,0,0
BRDA:486,55,1,0
BRDA:497,56,0,0
BRDA:497,56,1,0
BRDA:500,57,0,0
BRDA:500,57,1,0
BRDA:501,58,0,0
BRDA:501,58,1,0
BRDA:503,59,0,0
BRDA:503,59,1,0
BRDA:506,60,0,0
BRDA:506,60,1,0
BRDA:510,61,0,0
BRDA:510,61,1,0
BRDA:522,62,0,0
BRDA:522,62,1,0
BRDA:527,63,0,0
BRDA:527,63,1,0
BRDA:528,64,0,0
BRDA:528,64,1,0
BRDA:547,65,0,0
BRDA:547,65,1,0
BRDA:554,66,0,0
BRDA:554,66,1,0
BRDA:568,67,0,0
BRDA:568,67,1,0
BRDA:573,68,0,0
BRDA:573,68,1,0
BRDA:578,69,0,0
BRDA:578,69,1,0
BRDA:590,70,0,0
BRDA:590,70,1,0
BRDA:593,71,0,0
BRDA:593,71,1,0
BRDA:594,72,0,0
BRDA:594,72,1,0
BRDA:598,73,0,0
BRDA:598,73,1,0
BRDA:607,74,0,0
BRDA:607,74,1,0
BRDA:614,75,0,0
BRDA:614,75,1,0
BRDA:622,76,0,0
BRDA:622,76,1,0
BRDA:640,77,0,0
BRDA:640,77,1,0
BRDA:642,78,0,0
BRDA:642,78,1,0
BRDA:645,79,0,0
BRDA:645,79,1,0
BRDA:650,80,0,0
BRDA:650,80,1,0
BRDA:651,81,0,0
BRDA:651,81,1,0
BRDA:653,82,0,0
BRDA:653,82,1,0
BRDA:668,83,0,0
BRDA:668,83,1,0
BRDA:693,84,0,0
BRDA:693,84,1,0
BRDA:693,84,2,0
BRDA:693,84,3,0
BRDA:693,84,4,0
BRDA:693,84,5,0
BRDA:693,84,6,0
BRDA:702,85,0,0
BRDA:702,85,1,0
BRDA:707,86,0,0
BRDA:707,86,1,0
BRDA:707,87,0,0
BRDA:707,87,1,0
BRDA:742,88,0,0
BRDA:742,88,1,0
BRDA:750,89,0,0
BRDA:750,89,1,0
BRDA:768,90,0,0
BRDA:768,90,1,0
BRDA:779,91,0,0
BRDA:779,91,1,0
BRDA:779,91,2,0
BRDA:779,91,3,0
BRDA:802,92,0,0
BRDA:802,92,1,0
BRDA:803,93,0,0
BRDA:803,93,1,0
BRDA:804,94,0,0
BRDA:804,94,1,0
BRDA:805,95,0,0
BRDA:805,95,1,0
BRDA:809,96,0,0
BRDA:809,96,1,0
BRDA:810,97,0,0
BRDA:810,97,1,0
BRDA:811,98,0,0
BRDA:811,98,1,0
BRDA:812,99,0,0
BRDA:812,99,1,0
BRDA:829,100,0,0
BRDA:829,100,1,0
BRDA:850,101,0,0
BRDA:850,101,1,0
BRDA:855,102,0,0
BRDA:855,102,1,0
BRDA:860,103,0,0
BRDA:860,103,1,0
BRDA:860,103,2,0
BRDA:860,103,3,0
BRDA:895,104,0,0
BRDA:895,104,1,0
BRDA:895,104,2,0
BRDA:896,105,0,0
BRDA:896,105,1,0
BRDA:896,105,2,0
BRDA:897,106,0,0
BRDA:897,106,1,0
BRDA:897,106,2,0
BRDA:899,107,0,0
BRDA:899,107,1,0
BRDA:899,107,2,0
BRDA:914,108,0,0
BRDA:914,108,1,0
BRDA:914,109,0,0
BRDA:914,109,1,0
BRDA:915,110,0,0
BRDA:915,110,1,0
BRDA:917,111,0,0
BRDA:917,111,1,0
BRDA:927,112,0,0
BRDA:927,112,1,0
BRDA:927,112,2,0
BRDA:935,113,0,0
BRDA:935,113,1,0
BRDA:935,113,2,0
BRDA:937,114,0,0
BRDA:937,114,1,0
BRDA:938,115,0,0
BRDA:938,115,1,0
BRDA:938,115,2,0
BRDA:948,116,0,0
BRDA:948,116,1,0
BRDA:948,116,2,0
BRDA:965,117,0,0
BRDA:965,117,1,0
BRDA:966,118,0,0
BRDA:966,118,1,0
BRDA:967,119,0,0
BRDA:967,119,1,0
BRDA:986,120,0,0
BRDA:986,120,1,0
BRDA:1003,121,0,0
BRDA:1003,121,1,0
BRDA:1019,122,0,0
BRDA:1019,122,1,0
BRDA:1032,123,0,0
BRDA:1032,123,1,0
BRDA:1072,124,0,0
BRDA:1072,124,1,0
BRDA:1074,125,0,0
BRDA:1074,125,1,0
BRDA:1075,126,0,0
BRDA:1075,126,1,0
BRDA:1075,126,2,0
BRDA:1075,126,3,0
BRDA:1075,126,4,0
BRDA:1083,127,0,0
BRDA:1083,127,1,0
BRF:285
BRH:0
end_of_record
TN:
SF:features\partner-home\services\partnerHomeApi.ts
FN:6,(anonymous_0)
FN:16,(anonymous_1)
FN:29,(anonymous_2)
FN:37,(anonymous_3)
FN:39,(anonymous_4)
FN:40,(anonymous_5)
FN:41,(anonymous_6)
FNF:7
FNH:0
FNDA:0,(anonymous_0)
FNDA:0,(anonymous_1)
FNDA:0,(anonymous_2)
FNDA:0,(anonymous_3)
FNDA:0,(anonymous_4)
FNDA:0,(anonymous_5)
FNDA:0,(anonymous_6)
DA:5,0
DA:7,0
DA:8,0
DA:9,0
DA:11,0
DA:12,0
DA:20,0
DA:21,0
DA:22,0
DA:24,0
DA:25,0
DA:30,0
DA:31,0
DA:36,0
DA:37,0
DA:39,0
DA:40,0
DA:41,0
DA:43,0
DA:51,0
DA:52,0
LF:21
LH:0
BRDA:18,0,0,0
BRDA:39,1,0,0
BRDA:39,1,1,0
BRDA:40,2,0,0
BRDA:40,2,1,0
BRDA:41,3,0,0
BRDA:41,3,1,0
BRF:7
BRH:0
end_of_record
TN:
SF:features\partners\types.ts
FNF:0
FNH:0
LF:0
LH:0
BRF:0
BRH:0
end_of_record
TN:
SF:features\partners\components\PartnerCard.tsx
FNF:0
FNH:0
LF:0
LH:0
BRF:0
BRH:0
end_of_record
TN:
SF:features\partners\components\PartnersGridView.tsx
FN:23,(anonymous_0)
FN:64,(anonymous_1)
FN:72,(anonymous_2)
FNF:3
FNH:0
FNDA:0,(anonymous_0)
FNDA:0,(anonymous_1)
FNDA:0,(anonymous_2)
DA:23,0
DA:29,0
DA:30,0
DA:38,0
DA:39,0
DA:48,0
DA:49,0
DA:58,0
DA:65,0
DA:72,0
DA:111,0
LF:11
LH:0
BRDA:29,0,0,0
BRDA:29,0,1,0
BRDA:38,1,0,0
BRDA:38,1,1,0
BRDA:48,2,0,0
BRDA:48,2,1,0
BRDA:66,3,0,0
BRDA:66,3,1,0
BRDA:69,4,0,0
BRDA:69,4,1,0
BRDA:70,5,0,0
BRDA:70,5,1,0
BRDA:77,6,0,0
BRDA:77,6,1,0
BRDA:82,7,0,0
BRDA:82,7,1,0
BRDA:95,8,0,0
BRDA:95,8,1,0
BRDA:96,9,0,0
BRDA:96,9,1,0
BRDA:96,9,2,0
BRF:21
BRH:0
end_of_record
TN:
SF:features\partners\components\PartnersHeader.tsx
FN:14,(anonymous_0)
FN:49,(anonymous_1)
FN:69,(anonymous_2)
FN:89,(anonymous_3)
FNF:4
FNH:0
FNDA:0,(anonymous_0)
FNDA:0,(anonymous_1)
FNDA:0,(anonymous_2)
FNDA:0,(anonymous_3)
DA:14,0
DA:20,0
DA:50,0
DA:51,0
DA:70,0
DA:71,0
DA:90,0
DA:91,0
DA:113,0
LF:9
LH:0
BRDA:38,0,0,0
BRDA:38,0,1,0
BRDA:38,1,0,0
BRDA:38,1,1,0
BRDA:45,2,0,0
BRDA:45,2,1,0
BRDA:48,3,0,0
BRDA:48,3,1,0
BRDA:57,4,0,0
BRDA:57,4,1,0
BRDA:59,5,0,0
BRDA:59,5,1,0
BRDA:62,6,0,0
BRDA:62,6,1,0
BRDA:68,7,0,0
BRDA:68,7,1,0
BRDA:77,8,0,0
BRDA:77,8,1,0
BRDA:79,9,0,0
BRDA:79,9,1,0
BRDA:82,10,0,0
BRDA:82,10,1,0
BRDA:88,11,0,0
BRDA:88,11,1,0
BRDA:97,12,0,0
BRDA:97,12,1,0
BRDA:99,13,0,0
BRDA:99,13,1,0
BRDA:102,14,0,0
BRDA:102,14,1,0
BRF:30
BRH:0
end_of_record
TN:
SF:features\partners\components\PartnersListView.tsx
FN:23,(anonymous_0)
FN:64,(anonymous_1)
FN:68,(anonymous_2)
FNF:3
FNH:0
FNDA:0,(anonymous_0)
FNDA:0,(anonymous_1)
FNDA:0,(anonymous_2)
DA:23,0
DA:29,0
DA:30,0
DA:38,0
DA:39,0
DA:48,0
DA:49,0
DA:58,0
DA:65,0
DA:68,0
DA:76,0
LF:11
LH:0
BRDA:29,0,0,0
BRDA:29,0,1,0
BRDA:38,1,0,0
BRDA:38,1,1,0
BRDA:48,2,0,0
BRDA:48,2,1,0
BRDA:66,3,0,0
BRDA:66,3,1,0
BRF:8
BRH:0
end_of_record
TN:
SF:features\partners\components\PartnersMapView.tsx
FN:29,(anonymous_0)
FN:40,(anonymous_1)
FNF:2
FNH:0
FNDA:0,(anonymous_0)
FNDA:0,(anonymous_1)
DA:29,0
DA:40,0
DA:41,0
DA:42,0
DA:43,0
DA:47,0
DA:48,0
DA:58,0
DA:59,0
DA:72,0
DA:103,0
LF:11
LH:0
BRDA:42,0,0,0
BRDA:42,0,1,0
BRDA:42,1,0,0
BRDA:42,1,1,0
BRDA:47,2,0,0
BRDA:47,2,1,0
BRDA:58,3,0,0
BRDA:58,3,1,0
BRDA:96,4,0,0
BRDA:96,4,1,0
BRF:10
BRH:0
end_of_record
TN:
SF:features\partners\components\PartnersSearchSection.tsx
FN:15,(anonymous_0)
FN:22,(anonymous_1)
FN:49,(anonymous_2)
FN:60,(anonymous_3)
FN:65,(anonymous_4)
FNF:5
FNH:0
FNDA:0,(anonymous_0)
FNDA:0,(anonymous_1)
FNDA:0,(anonymous_2)
FNDA:0,(anonymous_3)
FNDA:0,(anonymous_4)
DA:15,0
DA:22,0
DA:23,0
DA:24,0
DA:25,0
DA:26,0
DA:27,0
DA:30,0
DA:49,0
DA:61,0
DA:62,0
DA:65,0
DA:102,0
LF:13
LH:0
BRDA:23,0,0,0
BRDA:23,0,1,0
BRDA:24,1,0,0
BRDA:24,1,1,0
BRDA:25,2,0,0
BRDA:25,2,1,0
BRDA:26,3,0,0
BRDA:26,3,1,0
BRDA:48,4,0,0
BRDA:48,4,1,0
BRDA:68,5,0,0
BRDA:68,5,1,0
BRF:12
BRH:0
end_of_record
TN:
SF:features\partners\hooks\usePartnerMap.ts
FN:6,(anonymous_0)
FN:18,(anonymous_1)
FN:42,(anonymous_2)
FN:58,(anonymous_3)
FN:90,(anonymous_4)
FNF:5
FNH:0
FNDA:0,(anonymous_0)
FNDA:0,(anonymous_1)
FNDA:0,(anonymous_2)
FNDA:0,(anonymous_3)
FNDA:0,(anonymous_4)
DA:6,0
DA:7,0
DA:8,0
DA:9,0
DA:10,0
DA:11,0
DA:18,0
DA:19,0
DA:20,0
DA:24,0
DA:29,0
DA:30,0
DA:35,0
DA:37,0
DA:38,0
DA:42,0
DA:43,0
DA:44,0
DA:45,0
DA:46,0
DA:47,0
DA:48,0
DA:50,0
DA:52,0
DA:53,0
DA:54,0
DA:58,0
DA:59,0
DA:60,0
DA:61,0
DA:62,0
DA:63,0
DA:64,0
DA:65,0
DA:67,0
DA:68,0
DA:69,0
DA:73,0
DA:74,0
DA:75,0
DA:78,0
DA:79,0
DA:82,0
DA:90,0
DA:91,0
DA:93,0
DA:94,0
DA:96,0
DA:100,0
LF:49
LH:0
BRDA:47,0,0,0
BRDA:47,0,1,0
BRDA:62,1,0,0
BRDA:62,1,1,0
BRDA:67,2,0,0
BRDA:67,2,1,0
BRDA:74,3,0,0
BRDA:74,3,1,0
BRDA:78,4,0,0
BRDA:78,4,1,0
BRF:10
BRH:0
end_of_record
TN:
SF:features\partners\hooks\usePartners.ts
FN:5,(anonymous_0)
FN:10,(anonymous_1)
FN:25,(anonymous_2)
FNF:3
FNH:0
FNDA:0,(anonymous_0)
FNDA:0,(anonymous_1)
FNDA:0,(anonymous_2)
DA:5,0
DA:6,0
DA:7,0
DA:8,0
DA:10,0
DA:11,0
DA:12,0
DA:13,0
DA:14,0
DA:15,0
DA:17,0
DA:18,0
DA:19,0
DA:21,0
DA:25,0
DA:26,0
DA:29,0
LF:17
LH:0
BRDA:14,0,0,0
BRDA:14,0,1,0
BRDA:17,1,0,0
BRDA:17,1,1,0
BRF:4
BRH:0
end_of_record
TN:
SF:features\partners\screens\PartnersScreen.tsx
FN:35,PartnersScreen
FN:64,(anonymous_1)
FN:68,(anonymous_2)
FN:71,(anonymous_3)
FN:80,(anonymous_4)
FN:95,(anonymous_5)
FN:100,(anonymous_6)
FN:111,(anonymous_7)
FN:112,(anonymous_8)
FN:114,(anonymous_9)
FN:125,(anonymous_10)
FN:136,(anonymous_11)
FN:140,(anonymous_12)
FN:144,(anonymous_13)
FN:168,(anonymous_14)
FN:196,(anonymous_15)
FN:220,(anonymous_16)
FN:298,(anonymous_17)
FN:319,(anonymous_18)
FN:327,(anonymous_19)
FN:333,(anonymous_20)
FN:443,(anonymous_21)
FN:461,(anonymous_22)
FN:469,(anonymous_23)
FN:470,(anonymous_24)
FN:487,(anonymous_25)
FN:511,(anonymous_26)
FN:512,(anonymous_27)
FNF:28
FNH:0
FNDA:0,PartnersScreen
FNDA:0,(anonymous_1)
FNDA:0,(anonymous_2)
FNDA:0,(anonymous_3)
FNDA:0,(anonymous_4)
FNDA:0,(anonymous_5)
FNDA:0,(anonymous_6)
FNDA:0,(anonymous_7)
FNDA:0,(anonymous_8)
FNDA:0,(anonymous_9)
FNDA:0,(anonymous_10)
FNDA:0,(anonymous_11)
FNDA:0,(anonymous_12)
FNDA:0,(anonymous_13)
FNDA:0,(anonymous_14)
FNDA:0,(anonymous_15)
FNDA:0,(anonymous_16)
FNDA:0,(anonymous_17)
FNDA:0,(anonymous_18)
FNDA:0,(anonymous_19)
FNDA:0,(anonymous_20)
FNDA:0,(anonymous_21)
FNDA:0,(anonymous_22)
FNDA:0,(anonymous_23)
FNDA:0,(anonymous_24)
FNDA:0,(anonymous_25)
FNDA:0,(anonymous_26)
FNDA:0,(anonymous_27)
DA:36,0
DA:37,0
DA:38,0
DA:39,0
DA:40,0
DA:41,0
DA:42,0
DA:43,0
DA:44,0
DA:45,0
DA:46,0
DA:49,0
DA:50,0
DA:51,0
DA:52,0
DA:53,0
DA:61,0
DA:64,0
DA:65,0
DA:68,0
DA:69,0
DA:71,0
DA:72,0
DA:73,0
DA:74,0
DA:75,0
DA:76,0
DA:77,0
DA:79,0
DA:80,0
DA:81,0
DA:83,0
DA:84,0
DA:85,0
DA:88,0
DA:89,0
DA:94,0
DA:95,0
DA:96,0
DA:100,0
DA:101,0
DA:102,0
DA:110,0
DA:111,0
DA:112,0
DA:114,0
DA:116,0
DA:125,0
DA:126,0
DA:130,0
DA:133,0
DA:136,0
DA:137,0
DA:140,0
DA:141,0
DA:144,0
DA:146,0
DA:159,0
DA:162,0
DA:163,0
DA:168,0
DA:169,0
DA:170,0
DA:171,0
DA:175,0
DA:180,0
DA:181,0
DA:184,0
DA:190,0
DA:191,0
DA:196,0
DA:197,0
DA:198,0
DA:199,0
DA:200,0
DA:202,0
DA:203,0
DA:204,0
DA:206,0
DA:207,0
DA:214,0
DA:215,0
DA:220,0
DA:221,0
DA:223,0
DA:225,0
DA:227,0
DA:228,0
DA:229,0
DA:230,0
DA:231,0
DA:232,0
DA:234,0
DA:235,0
DA:240,0
DA:241,0
DA:246,0
DA:247,0
DA:248,0
DA:249,0
DA:250,0
DA:254,0
DA:259,0
DA:260,0
DA:263,0
DA:269,0
DA:270,0
DA:271,0
DA:272,0
DA:277,0
DA:278,0
DA:279,0
DA:282,0
DA:288,0
DA:296,0
DA:298,0
DA:299,0
DA:301,0
DA:303,0
DA:304,0
DA:305,0
DA:311,0
DA:314,0
DA:319,0
DA:320,0
DA:321,0
DA:327,0
DA:328,0
DA:329,0
DA:332,0
DA:334,0
DA:335,0
DA:337,0
DA:338,0
DA:339,0
DA:340,0
DA:354,0
DA:443,0
DA:444,0
DA:445,0
DA:446,0
DA:447,0
DA:449,0
DA:450,0
DA:451,0
DA:452,0
DA:454,0
DA:455,0
DA:457,0
DA:461,0
DA:462,0
DA:463,0
DA:464,0
DA:465,0
DA:469,0
DA:470,0
DA:471,0
DA:474,0
DA:487,0
DA:512,0
DA:513,0
DA:514,0
DA:821,0
LF:163
LH:0
BRDA:76,0,0,0
BRDA:76,0,1,0
BRDA:79,1,0,0
BRDA:79,1,1,0
BRDA:84,2,0,0
BRDA:84,2,1,0
BRDA:88,3,0,0
BRDA:88,3,1,0
BRDA:101,4,0,0
BRDA:101,4,1,0
BRDA:111,5,0,0
BRDA:111,5,1,0
BRDA:114,6,0,0
BRDA:114,6,1,0
BRDA:126,7,0,0
BRDA:126,7,1,0
BRDA:126,7,2,0
BRDA:130,8,0,0
BRDA:130,8,1,0
BRDA:133,9,0,0
BRDA:133,9,1,0
BRDA:162,10,0,0
BRDA:162,10,1,0
BRDA:202,11,0,0
BRDA:202,11,1,0
BRDA:228,12,0,0
BRDA:228,12,1,0
BRDA:234,13,0,0
BRDA:234,13,1,0
BRDA:247,14,0,0
BRDA:247,14,1,0
BRDA:277,15,0,0
BRDA:277,15,1,0
BRDA:304,16,0,0
BRDA:304,16,1,0
BRDA:304,17,0,0
BRDA:304,17,1,0
BRDA:320,18,0,0
BRDA:320,18,1,0
BRDA:328,19,0,0
BRDA:328,19,1,0
BRDA:335,20,0,0
BRDA:335,20,1,0
BRDA:335,21,0,0
BRDA:335,21,1,0
BRDA:337,22,0,0
BRDA:337,22,1,0
BRDA:339,23,0,0
BRDA:339,23,1,0
BRDA:470,24,0,0
BRDA:470,24,1,0
BRDA:502,25,0,0
BRDA:502,25,1,0
BRDA:513,26,0,0
BRDA:513,26,1,0
BRDA:519,27,0,0
BRDA:519,27,1,0
BRDA:570,28,0,0
BRDA:570,28,1,0
BRDA:572,29,0,0
BRDA:572,29,1,0
BRDA:578,30,0,0
BRDA:578,30,1,0
BRDA:600,31,0,0
BRDA:600,31,1,0
BRDA:633,32,0,0
BRDA:633,32,1,0
BRDA:648,33,0,0
BRDA:648,33,1,0
BRDA:652,34,0,0
BRDA:652,34,1,0
BRDA:656,35,0,0
BRDA:656,35,1,0
BRDA:658,36,0,0
BRDA:658,36,1,0
BRDA:692,37,0,0
BRDA:692,37,1,0
BRDA:707,38,0,0
BRDA:707,38,1,0
BRDA:718,39,0,0
BRDA:718,39,1,0
BRDA:726,40,0,0
BRDA:726,40,1,0
BRDA:730,41,0,0
BRDA:730,41,1,0
BRDA:732,42,0,0
BRDA:732,42,1,0
BRDA:735,43,0,0
BRDA:735,43,1,0
BRDA:735,43,2,0
BRDA:744,44,0,0
BRDA:744,44,1,0
BRDA:744,44,2,0
BRDA:786,45,0,0
BRDA:786,45,1,0
BRF:95
BRH:0
end_of_record
TN:
SF:features\partners\services\partnerApi.ts
FN:6,(anonymous_0)
FN:24,(anonymous_1)
FN:41,(anonymous_2)
FN:100,(anonymous_3)
FNF:4
FNH:0
FNDA:0,(anonymous_0)
FNDA:0,(anonymous_1)
FNDA:0,(anonymous_2)
FNDA:0,(anonymous_3)
DA:4,0
DA:6,0
DA:7,0
DA:9,0
DA:14,0
DA:15,0
DA:18,0
DA:23,0
DA:24,0
DA:25,0
DA:28,0
DA:29,0
DA:32,0
DA:33,0
DA:34,0
DA:37,0
DA:40,0
DA:42,0
DA:44,0
DA:45,0
DA:47,0
DA:48,0
DA:50,0
DA:51,0
DA:53,0
DA:54,0
DA:56,0
DA:57,0
DA:60,0
DA:61,0
DA:63,0
DA:65,0
DA:66,0
DA:74,0
DA:75,0
DA:83,0
DA:84,0
DA:92,0
DA:101,0
DA:102,0
DA:104,0
LF:41
LH:0
BRDA:6,0,0,0
BRDA:14,1,0,0
BRDA:14,1,1,0
BRDA:23,2,0,0
BRDA:23,2,1,0
BRDA:28,3,0,0
BRDA:28,3,1,0
BRDA:33,4,0,0
BRDA:33,4,1,0
BRDA:33,5,0,0
BRDA:33,5,1,0
BRDA:41,6,0,0
BRDA:44,7,0,0
BRDA:44,7,1,0
BRDA:47,8,0,0
BRDA:47,8,1,0
BRDA:50,9,0,0
BRDA:50,9,1,0
BRDA:53,10,0,0
BRDA:53,10,1,0
BRDA:56,11,0,0
BRDA:56,11,1,0
BRDA:61,12,0,0
BRDA:61,12,1,0
BRDA:65,13,0,0
BRDA:65,13,1,0
BRDA:69,14,0,0
BRDA:69,14,1,0
BRDA:74,15,0,0
BRDA:74,15,1,0
BRDA:74,16,0,0
BRDA:74,16,1,0
BRDA:77,17,0,0
BRDA:77,17,1,0
BRDA:78,18,0,0
BRDA:78,18,1,0
BRDA:79,19,0,0
BRDA:79,19,1,0
BRDA:79,19,2,0
BRDA:83,20,0,0
BRDA:83,20,1,0
BRDA:83,21,0,0
BRDA:83,21,1,0
BRDA:86,22,0,0
BRDA:86,22,1,0
BRDA:87,23,0,0
BRDA:87,23,1,0
BRDA:88,24,0,0
BRDA:88,24,1,0
BRDA:88,24,2,0
BRDA:101,25,0,0
BRDA:101,25,1,0
BRF:52
BRH:0
end_of_record
TN:
SF:features\partners\utils\partnerMapper.ts
FN:5,(anonymous_0)
FN:14,(anonymous_1)
FN:35,(anonymous_2)
FN:64,(anonymous_3)
FNF:4
FNH:0
FNDA:0,(anonymous_0)
FNDA:0,(anonymous_1)
FNDA:0,(anonymous_2)
FNDA:0,(anonymous_3)
DA:3,0
DA:5,0
DA:6,0
DA:7,0
DA:8,0
DA:9,0
DA:10,0
DA:11,0
DA:14,0
DA:15,0
DA:16,0
DA:19,0
DA:21,0
DA:22,0
DA:23,0
DA:26,0
DA:27,0
DA:28,0
DA:32,0
DA:35,0
DA:37,0
DA:40,0
DA:43,0
DA:44,0
DA:52,0
DA:53,0
DA:61,0
DA:64,0
DA:65,0
DA:67,0
DA:69,0
DA:70,0
DA:72,0
DA:77,0
DA:78,0
DA:79,0
DA:82,0
DA:84,0
DA:87,0
LF:39
LH:0
BRDA:6,0,0,0
BRDA:6,0,1,0
BRDA:7,1,0,0
BRDA:7,1,1,0
BRDA:8,2,0,0
BRDA:8,2,1,0
BRDA:9,3,0,0
BRDA:9,3,1,0
BRDA:10,4,0,0
BRDA:10,4,1,0
BRDA:15,5,0,0
BRDA:15,5,1,0
BRDA:21,6,0,0
BRDA:21,6,1,0
BRDA:22,7,0,0
BRDA:22,7,1,0
BRDA:27,8,0,0
BRDA:27,8,1,0
BRDA:32,9,0,0
BRDA:32,9,1,0
BRDA:32,9,2,0
BRDA:37,10,0,0
BRDA:37,10,1,0
BRDA:37,10,2,0
BRDA:40,11,0,0
BRDA:40,11,1,0
BRDA:40,11,2,0
BRDA:43,12,0,0
BRDA:43,12,1,0
BRDA:45,13,0,0
BRDA:45,13,1,0
BRDA:45,13,2,0
BRDA:45,13,3,0
BRDA:45,14,0,0
BRDA:45,14,1,0
BRDA:46,15,0,0
BRDA:46,15,1,0
BRDA:46,15,2,0
BRDA:47,16,0,0
BRDA:47,16,1,0
BRDA:52,17,0,0
BRDA:52,17,1,0
BRDA:52,18,0,0
BRDA:52,18,1,0
BRDA:65,19,0,0
BRDA:65,19,1,0
BRDA:65,19,2,0
BRDA:67,20,0,0
BRDA:67,20,1,0
BRDA:67,20,2,0
BRDA:67,20,3,0
BRDA:67,20,4,0
BRDA:69,21,0,0
BRDA:69,21,1,0
BRDA:69,22,0,0
BRDA:69,22,1,0
BRDA:70,23,0,0
BRDA:70,23,1,0
BRDA:70,23,2,0
BRDA:70,23,3,0
BRDA:72,24,0,0
BRDA:72,24,1,0
BRDA:72,25,0,0
BRDA:72,25,1,0
BRDA:72,25,2,0
BRDA:77,26,0,0
BRDA:77,26,1,0
BRDA:78,27,0,0
BRDA:78,27,1,0
BRDA:78,27,2,0
BRDA:78,27,3,0
BRDA:79,28,0,0
BRDA:79,28,1,0
BRDA:79,28,2,0
BRDA:79,28,3,0
BRDA:82,29,0,0
BRDA:82,29,1,0
BRDA:82,29,2,0
BRDA:82,29,3,0
BRDA:82,29,4,0
BRDA:82,29,5,0
BRDA:84,30,0,0
BRDA:84,30,1,0
BRDA:84,30,2,0
BRDA:84,30,3,0
BRDA:84,30,4,0
BRDA:84,30,5,0
BRDA:88,31,0,0
BRDA:88,31,1,0
BRDA:88,31,2,0
BRDA:93,32,0,0
BRDA:93,32,1,0
BRDA:93,32,2,0
BRDA:94,33,0,0
BRDA:94,33,1,0
BRDA:94,33,2,0
BRDA:99,34,0,0
BRDA:99,34,1,0
BRDA:100,35,0,0
BRDA:100,35,1,0
BRF:100
BRH:0
end_of_record
TN:
SF:features\profile\types.ts
FNF:0
FNH:0
LF:0
LH:0
BRF:0
BRH:0
end_of_record
TN:
SF:features\profile\hooks\useProfile.ts
FN:6,(anonymous_0)
FN:12,(anonymous_1)
FN:33,(anonymous_2)
FN:50,(anonymous_3)
FNF:4
FNH:0
FNDA:0,(anonymous_0)
FNDA:0,(anonymous_1)
FNDA:0,(anonymous_2)
FNDA:0,(anonymous_3)
DA:6,0
DA:7,0
DA:8,0
DA:9,0
DA:10,0
DA:12,0
DA:13,0
DA:14,0
DA:15,0
DA:16,0
DA:19,0
DA:20,0
DA:21,0
DA:22,0
DA:23,0
DA:25,0
DA:26,0
DA:27,0
DA:29,0
DA:33,0
DA:34,0
DA:35,0
DA:38,0
DA:39,0
DA:40,0
DA:41,0
DA:43,0
DA:44,0
DA:45,0
DA:46,0
DA:50,0
DA:51,0
DA:54,0
LF:33
LH:0
BRDA:13,0,0,0
BRDA:13,0,1,0
BRDA:25,1,0,0
BRDA:25,1,1,0
BRDA:34,2,0,0
BRDA:34,2,1,0
BRDA:43,3,0,0
BRDA:43,3,1,0
BRF:8
BRH:0
end_of_record
TN:
SF:features\profile\screens\ProfileScreen.tsx
FN:28,ProfileScreen
FN:43,(anonymous_1)
FN:44,(anonymous_2)
FN:111,(anonymous_3)
FN:115,(anonymous_4)
FN:120,(anonymous_5)
FN:372,(anonymous_6)
FN:386,(anonymous_7)
FN:495,(anonymous_8)
FNF:9
FNH:0
FNDA:0,ProfileScreen
FNDA:0,(anonymous_1)
FNDA:0,(anonymous_2)
FNDA:0,(anonymous_3)
FNDA:0,(anonymous_4)
FNDA:0,(anonymous_5)
FNDA:0,(anonymous_6)
FNDA:0,(anonymous_7)
FNDA:0,(anonymous_8)
DA:29,0
DA:30,0
DA:31,0
DA:32,0
DA:33,0
DA:36,0
DA:37,0
DA:38,0
DA:39,0
DA:40,0
DA:43,0
DA:44,0
DA:45,0
DA:46,0
DA:47,0
DA:49,0
DA:50,0
DA:57,0
DA:60,0
DA:61,0
DA:63,0
DA:64,0
DA:66,0
DA:68,0
DA:70,0
DA:71,0
DA:78,0
DA:79,0
DA:81,0
DA:82,0
DA:83,0
DA:86,0
DA:87,0
DA:88,0
DA:91,0
DA:92,0
DA:93,0
DA:95,0
DA:98,0
DA:100,0
DA:101,0
DA:104,0
DA:108,0
DA:111,0
DA:112,0
DA:115,0
DA:116,0
DA:117,0
DA:120,0
DA:121,0
DA:122,0
DA:123,0
DA:124,0
DA:125,0
DA:126,0
DA:127,0
DA:129,0
DA:130,0
DA:132,0
DA:136,0
DA:372,0
DA:386,0
DA:495,0
DA:502,0
LF:64
LH:0
BRDA:66,0,0,0
BRDA:66,0,1,0
BRDA:70,1,0,0
BRDA:70,1,1,0
BRDA:73,2,0,0
BRDA:73,2,1,0
BRDA:100,3,0,0
BRDA:100,3,1,0
BRDA:164,4,0,0
BRDA:164,4,1,0
BRDA:164,5,0,0
BRDA:164,5,1,0
BRDA:180,6,0,0
BRDA:180,6,1,0
BRDA:193,7,0,0
BRDA:193,7,1,0
BRDA:193,8,0,0
BRDA:193,8,1,0
BRDA:193,9,0,0
BRDA:193,9,1,0
BRDA:202,10,0,0
BRDA:202,10,1,0
BRDA:202,11,0,0
BRDA:202,11,1,0
BRDA:202,12,0,0
BRDA:202,12,1,0
BRDA:202,13,0,0
BRDA:202,13,1,0
BRDA:204,14,0,0
BRDA:204,14,1,0
BRDA:212,15,0,0
BRDA:212,15,1,0
BRDA:212,15,2,0
BRDA:217,16,0,0
BRDA:217,16,1,0
BRDA:225,17,0,0
BRDA:225,17,1,0
BRDA:240,18,0,0
BRDA:240,18,1,0
BRDA:249,19,0,0
BRDA:249,19,1,0
BRDA:249,20,0,0
BRDA:249,20,1,0
BRDA:260,21,0,0
BRDA:260,21,1,0
BRDA:264,22,0,0
BRDA:264,22,1,0
BRDA:283,23,0,0
BRDA:283,23,1,0
BRDA:291,24,0,0
BRDA:291,24,1,0
BRDA:295,25,0,0
BRDA:295,25,1,0
BRDA:302,26,0,0
BRDA:302,26,1,0
BRDA:318,27,0,0
BRDA:318,27,1,0
BRDA:325,28,0,0
BRDA:325,28,1,0
BRDA:325,29,0,0
BRDA:325,29,1,0
BRDA:336,30,0,0
BRDA:336,30,1,0
BRDA:336,30,2,0
BRDA:339,31,0,0
BRDA:339,31,1,0
BRDA:340,32,0,0
BRDA:340,32,1,0
BRDA:340,33,0,0
BRDA:340,33,1,0
BRDA:340,34,0,0
BRDA:340,34,1,0
BRDA:342,35,0,0
BRDA:342,35,1,0
BRDA:351,36,0,0
BRDA:351,36,1,0
BRDA:351,37,0,0
BRDA:351,37,1,0
BRDA:359,38,0,0
BRDA:359,38,1,0
BRDA:367,39,0,0
BRDA:367,39,1,0
BRDA:371,40,0,0
BRDA:371,40,1,0
BRDA:410,41,0,0
BRDA:410,41,1,0
BRDA:410,41,2,0
BRF:87
BRH:0
end_of_record
TN:
SF:features\profile\services\profileApi.ts
FN:6,(anonymous_0)
FN:16,(anonymous_1)
FNF:2
FNH:0
FNDA:0,(anonymous_0)
FNDA:0,(anonymous_1)
DA:5,0
DA:7,0
DA:8,0
DA:9,0
DA:11,0
DA:12,0
DA:17,0
DA:18,0
DA:19,0
DA:21,0
DA:22,0
LF:11
LH:0
BRF:0
BRH:0
end_of_record
TN:
SF:features\stores-map\types.ts
FNF:0
FNH:0
LF:0
LH:0
BRF:0
BRH:0
end_of_record
TN:
SF:features\stores-map\hooks\useStoresMap.ts
FN:6,(anonymous_0)
FN:18,(anonymous_1)
FN:49,(anonymous_2)
FN:70,(anonymous_3)
FN:71,(anonymous_4)
FN:73,(anonymous_5)
FNF:6
FNH:0
FNDA:0,(anonymous_0)
FNDA:0,(anonymous_1)
FNDA:0,(anonymous_2)
FNDA:0,(anonymous_3)
FNDA:0,(anonymous_4)
FNDA:0,(anonymous_5)
DA:6,0
DA:7,0
DA:8,0
DA:9,0
DA:10,0
DA:11,0
DA:18,0
DA:19,0
DA:20,0
DA:21,0
DA:22,0
DA:25,0
DA:29,0
DA:34,0
DA:35,0
DA:40,0
DA:42,0
DA:43,0
DA:44,0
DA:45,0
DA:49,0
DA:50,0
DA:51,0
DA:52,0
DA:53,0
DA:59,0
DA:60,0
DA:62,0
DA:63,0
DA:64,0
DA:66,0
DA:70,0
DA:71,0
DA:72,0
DA:74,0
DA:78,0
LF:36
LH:0
BRDA:21,0,0,0
BRDA:21,0,1,0
BRDA:42,1,0,0
BRDA:42,1,1,0
BRDA:55,2,0,0
BRDA:55,2,1,0
BRDA:56,3,0,0
BRDA:56,3,1,0
BRDA:62,4,0,0
BRDA:62,4,1,0
BRF:10
BRH:0
end_of_record
TN:
SF:features\stores-map\screens\StoresMapScreen.tsx
FN:41,StoresMapScreen
FN:48,(anonymous_1)
FN:52,(anonymous_2)
FN:58,(anonymous_3)
FN:84,(anonymous_4)
FN:105,(anonymous_5)
FN:133,(anonymous_6)
FN:137,(anonymous_7)
FN:138,(anonymous_8)
FN:204,(anonymous_9)
FN:205,(anonymous_10)
FN:208,(anonymous_11)
FN:227,(anonymous_12)
FN:255,(anonymous_13)
FN:259,(anonymous_14)
FN:279,(anonymous_15)
FN:289,(anonymous_16)
FNF:17
FNH:0
FNDA:0,StoresMapScreen
FNDA:0,(anonymous_1)
FNDA:0,(anonymous_2)
FNDA:0,(anonymous_3)
FNDA:0,(anonymous_4)
FNDA:0,(anonymous_5)
FNDA:0,(anonymous_6)
FNDA:0,(anonymous_7)
FNDA:0,(anonymous_8)
FNDA:0,(anonymous_9)
FNDA:0,(anonymous_10)
FNDA:0,(anonymous_11)
FNDA:0,(anonymous_12)
FNDA:0,(anonymous_13)
FNDA:0,(anonymous_14)
FNDA:0,(anonymous_15)
FNDA:0,(anonymous_16)
DA:42,0
DA:43,0
DA:44,0
DA:45,0
DA:46,0
DA:48,0
DA:49,0
DA:52,0
DA:53,0
DA:54,0
DA:58,0
DA:59,0
DA:60,0
DA:61,0
DA:63,0
DA:64,0
DA:65,0
DA:71,0
DA:72,0
DA:75,0
DA:76,0
DA:78,0
DA:80,0
DA:84,0
DA:85,0
DA:86,0
DA:87,0
DA:91,0
DA:96,0
DA:97,0
DA:99,0
DA:100,0
DA:101,0
DA:105,0
DA:106,0
DA:108,0
DA:109,0
DA:110,0
DA:116,0
DA:123,0
DA:124,0
DA:126,0
DA:127,0
DA:129,0
DA:133,0
DA:134,0
DA:136,0
DA:137,0
DA:139,0
DA:140,0
DA:141,0
DA:142,0
DA:157,0
DA:204,0
DA:205,0
DA:208,0
DA:209,0
DA:210,0
DA:213,0
DA:227,0
DA:256,0
DA:257,0
DA:258,0
DA:259,0
DA:260,0
DA:261,0
DA:265,0
DA:280,0
DA:289,0
DA:334,0
LF:70
LH:0
BRDA:53,0,0,0
BRDA:53,0,1,0
BRDA:63,1,0,0
BRDA:63,1,1,0
BRDA:106,2,0,0
BRDA:106,2,1,0
BRDA:124,3,0,0
BRDA:124,3,1,0
BRDA:134,4,0,0
BRDA:134,4,1,0
BRDA:137,5,0,0
BRDA:137,5,1,0
BRDA:141,6,0,0
BRDA:141,6,1,0
BRDA:141,6,2,0
BRDA:145,7,0,0
BRDA:145,7,1,0
BRDA:233,8,0,0
BRDA:233,8,1,0
BRDA:233,9,0,0
BRDA:233,9,1,0
BRDA:241,10,0,0
BRDA:241,10,1,0
BRDA:250,11,0,0
BRDA:250,11,1,0
BRDA:258,12,0,0
BRDA:258,12,1,0
BRDA:260,13,0,0
BRDA:260,13,1,0
BRDA:285,14,0,0
BRDA:285,14,1,0
BRDA:298,15,0,0
BRDA:298,15,1,0
BRDA:298,15,2,0
BRDA:300,16,0,0
BRDA:300,16,1,0
BRDA:305,17,0,0
BRDA:305,17,1,0
BRDA:308,18,0,0
BRDA:308,18,1,0
BRDA:314,19,0,0
BRDA:314,19,1,0
BRF:42
BRH:0
end_of_record
TN:
SF:features\stores-map\services\storesMapApi.ts
FN:5,(anonymous_0)
FN:15,(anonymous_1)
FNF:2
FNH:0
FNDA:0,(anonymous_0)
FNDA:0,(anonymous_1)
DA:4,0
DA:6,0
DA:7,0
DA:8,0
DA:10,0
DA:11,0
DA:16,0
DA:17,0
DA:18,0
DA:20,0
DA:21,0
LF:11
LH:0
BRDA:5,0,0,0
BRF:1
BRH:0
end_of_record
TN:
SF:features\subscription\types.ts
FNF:0
FNH:0
LF:0
LH:0
BRF:0
BRH:0
end_of_record
TN:
SF:features\subscription\hooks\useSubscription.ts
FN:5,(anonymous_0)
FN:11,(anonymous_1)
FN:33,(anonymous_2)
FNF:3
FNH:0
FNDA:0,(anonymous_0)
FNDA:0,(anonymous_1)
FNDA:0,(anonymous_2)
DA:5,0
DA:6,0
DA:7,0
DA:8,0
DA:9,0
DA:11,0
DA:12,0
DA:13,0
DA:14,0
DA:15,0
DA:16,0
DA:18,0
DA:19,0
DA:20,0
DA:22,0
DA:25,0
DA:26,0
DA:27,0
DA:29,0
DA:33,0
DA:34,0
DA:37,0
LF:22
LH:0
BRDA:18,0,0,0
BRDA:18,0,1,0
BRDA:25,1,0,0
BRDA:25,1,1,0
BRF:4
BRH:0
end_of_record
TN:
SF:features\subscription\screens\SubscriptionScreen.tsx
FN:26,SubscriptionScreen
FN:44,(anonymous_1)
FN:48,(anonymous_2)
FN:52,(anonymous_3)
FN:61,(anonymous_4)
FN:70,(anonymous_5)
FN:98,(anonymous_6)
FN:125,(anonymous_7)
FN:131,(anonymous_8)
FN:136,(anonymous_9)
FN:137,(anonymous_10)
FN:147,(anonymous_11)
FN:175,(anonymous_12)
FN:189,(anonymous_13)
FN:202,(anonymous_14)
FN:222,(anonymous_15)
FN:229,(anonymous_16)
FN:247,(anonymous_17)
FN:268,(anonymous_18)
FN:281,(anonymous_19)
FN:282,(anonymous_20)
FN:320,(anonymous_21)
FN:325,(anonymous_22)
FN:331,(anonymous_23)
FN:336,(anonymous_24)
FN:423,(anonymous_25)
FN:583,(anonymous_26)
FN:589,(anonymous_27)
FN:623,(anonymous_28)
FN:631,(anonymous_29)
FN:645,(anonymous_30)
FN:691,(anonymous_31)
FN:745,(anonymous_32)
FN:835,(anonymous_33)
FN:851,(anonymous_34)
FN:889,(anonymous_35)
FN:916,(anonymous_36)
FN:944,(anonymous_37)
FN:973,(anonymous_38)
FNF:39
FNH:0
FNDA:0,SubscriptionScreen
FNDA:0,(anonymous_1)
FNDA:0,(anonymous_2)
FNDA:0,(anonymous_3)
FNDA:0,(anonymous_4)
FNDA:0,(anonymous_5)
FNDA:0,(anonymous_6)
FNDA:0,(anonymous_7)
FNDA:0,(anonymous_8)
FNDA:0,(anonymous_9)
FNDA:0,(anonymous_10)
FNDA:0,(anonymous_11)
FNDA:0,(anonymous_12)
FNDA:0,(anonymous_13)
FNDA:0,(anonymous_14)
FNDA:0,(anonymous_15)
FNDA:0,(anonymous_16)
FNDA:0,(anonymous_17)
FNDA:0,(anonymous_18)
FNDA:0,(anonymous_19)
FNDA:0,(anonymous_20)
FNDA:0,(anonymous_21)
FNDA:0,(anonymous_22)
FNDA:0,(anonymous_23)
FNDA:0,(anonymous_24)
FNDA:0,(anonymous_25)
FNDA:0,(anonymous_26)
FNDA:0,(anonymous_27)
FNDA:0,(anonymous_28)
FNDA:0,(anonymous_29)
FNDA:0,(anonymous_30)
FNDA:0,(anonymous_31)
FNDA:0,(anonymous_32)
FNDA:0,(anonymous_33)
FNDA:0,(anonymous_34)
FNDA:0,(anonymous_35)
FNDA:0,(anonymous_36)
FNDA:0,(anonymous_37)
FNDA:0,(anonymous_38)
DA:27,0
DA:28,0
DA:29,0
DA:30,0
DA:31,0
DA:32,0
DA:33,0
DA:34,0
DA:35,0
DA:36,0
DA:39,0
DA:40,0
DA:41,0
DA:42,0
DA:44,0
DA:45,0
DA:48,0
DA:49,0
DA:52,0
DA:53,0
DA:58,0
DA:61,0
DA:62,0
DA:67,0
DA:70,0
DA:81,0
DA:87,0
DA:90,0
DA:98,0
DA:99,0
DA:100,0
DA:101,0
DA:103,0
DA:104,0
DA:106,0
DA:107,0
DA:108,0
DA:109,0
DA:111,0
DA:112,0
DA:115,0
DA:116,0
DA:117,0
DA:119,0
DA:120,0
[...]
BRDA:1305,129,0,0
BRDA:1305,129,1,0
BRDA:1319,130,0,0
BRDA:1319,130,1,0
BRF:295
BRH:0
end_of_record
TN:
SF:services\client.service.ts
FN:52,(anonymous_0)
FN:70,(anonymous_1)
FN:90,(anonymous_2)
FN:155,(anonymous_3)
FN:166,(anonymous_4)
FN:180,(anonymous_5)
FN:194,(anonymous_6)
FN:207,(anonymous_7)
FN:220,(anonymous_8)
FNF:9
FNH:4
FNDA:5,(anonymous_0)
FNDA:0,(anonymous_1)
FNDA:2,(anonymous_2)
FNDA:2,(anonymous_3)
FNDA:1,(anonymous_4)
FNDA:0,(anonymous_5)
FNDA:0,(anonymous_6)
FNDA:0,(anonymous_7)
FNDA:0,(anonymous_8)
DA:50,1
DA:52,1
DA:53,5
DA:55,5
DA:60,5
DA:61,5
DA:64,5
DA:69,5
DA:70,1
DA:71,1
DA:74,4
DA:75,0
DA:78,4
DA:79,4
DA:80,4
DA:83,0
DA:86,1
DA:91,2
DA:93,2
DA:94,0
DA:96,2
DA:97,0
DA:99,2
DA:100,0
DA:102,2
DA:103,0
DA:105,2
DA:106,1
DA:108,2
DA:109,1
DA:112,2
DA:113,2
DA:115,2
DA:117,2
DA:118,0
DA:126,2
DA:127,2
DA:135,0
DA:136,0
DA:144,0
DA:156,2
DA:157,0
DA:160,2
DA:167,1
DA:168,0
DA:171,1
DA:181,0
DA:182,0
DA:185,0
DA:195,0
DA:196,0
DA:199,0
DA:208,0
DA:210,0
DA:211,0
DA:214,0
DA:221,0
LF:57
LH:34
BRDA:52,0,0,4
BRDA:60,1,0,5
BRDA:60,1,1,0
BRDA:69,2,0,1
BRDA:69,2,1,4
BRDA:74,3,0,0
BRDA:74,3,1,4
BRDA:79,4,0,4
BRDA:79,4,1,0
BRDA:79,5,0,4
BRDA:79,5,1,4
BRDA:90,6,0,1
BRDA:93,7,0,0
BRDA:93,7,1,2
BRDA:96,8,0,0
BRDA:96,8,1,2
BRDA:99,9,0,0
BRDA:99,9,1,2
BRDA:102,10,0,0
BRDA:102,10,1,2
BRDA:105,11,0,1
BRDA:105,11,1,1
BRDA:108,12,0,1
BRDA:108,12,1,1
BRDA:113,13,0,1
BRDA:113,13,1,1
BRDA:117,14,0,0
BRDA:117,14,1,2
BRDA:121,15,0,0
BRDA:121,15,1,0
BRDA:126,16,0,2
BRDA:126,16,1,0
BRDA:126,17,0,2
BRDA:126,17,1,2
BRDA:129,18,0,2
BRDA:129,18,1,0
BRDA:130,19,0,2
BRDA:130,19,1,0
BRDA:131,20,0,2
BRDA:131,20,1,0
BRDA:131,20,2,0
BRDA:135,21,0,0
BRDA:135,21,1,0
BRDA:135,22,0,0
BRDA:135,22,1,0
BRDA:138,23,0,0
BRDA:138,23,1,0
BRDA:139,24,0,0
BRDA:139,24,1,0
BRDA:140,25,0,0
BRDA:140,25,1,0
BRDA:140,25,2,0
BRDA:156,26,0,0
BRDA:156,26,1,2
BRDA:167,27,0,0
BRDA:167,27,1,1
BRDA:167,28,0,1
BRDA:167,28,1,1
BRDA:167,28,2,1
BRDA:181,29,0,0
BRDA:181,29,1,0
BRDA:195,30,0,0
BRDA:195,30,1,0
BRDA:210,31,0,0
BRDA:210,31,1,0
BRDA:214,32,0,0
BRDA:214,32,1,0
BRF:67
BRH:31
end_of_record
TN:
SF:services\partner.service.ts
FN:20,(anonymous_0)
FN:38,(anonymous_1)
FN:55,(anonymous_2)
FN:114,(anonymous_3)
FNF:4
FNH:3
FNDA:6,(anonymous_0)
FNDA:0,(anonymous_1)
FNDA:4,(anonymous_2)
FNDA:3,(anonymous_3)
DA:18,1
DA:20,1
DA:21,6
DA:23,6
DA:28,6
DA:29,6
DA:32,6
DA:37,6
DA:38,1
DA:39,1
DA:42,5
DA:43,0
DA:46,5
DA:47,5
DA:48,5
DA:51,0
DA:54,1
DA:56,4
DA:58,4
DA:59,1
DA:61,4
DA:62,0
DA:64,4
DA:65,1
DA:67,4
DA:68,2
DA:70,4
DA:71,1
DA:74,4
DA:75,4
DA:77,4
DA:79,4
DA:80,3
DA:88,1
DA:89,1
DA:97,0
DA:98,0
DA:106,0
DA:115,3
DA:116,1
DA:119,2
LF:41
LH:35
BRDA:20,0,0,6
BRDA:28,1,0,6
BRDA:28,1,1,0
BRDA:37,2,0,1
BRDA:37,2,1,5
BRDA:42,3,0,0
BRDA:42,3,1,5
BRDA:47,4,0,5
BRDA:47,4,1,0
BRDA:47,5,0,5
BRDA:47,5,1,5
BRDA:55,6,0,2
BRDA:58,7,0,1
BRDA:58,7,1,3
BRDA:61,8,0,0
BRDA:61,8,1,4
BRDA:64,9,0,1
BRDA:64,9,1,3
BRDA:67,10,0,2
BRDA:67,10,1,2
BRDA:70,11,0,1
BRDA:70,11,1,3
BRDA:75,12,0,2
BRDA:75,12,1,2
BRDA:79,13,0,3
BRDA:79,13,1,1
BRDA:83,14,0,3
BRDA:83,14,1,2
BRDA:88,15,0,1
BRDA:88,15,1,0
BRDA:88,16,0,1
BRDA:88,16,1,1
BRDA:91,17,0,1
BRDA:91,17,1,1
BRDA:92,18,0,1
BRDA:92,18,1,1
BRDA:93,19,0,1
BRDA:93,19,1,1
BRDA:93,19,2,1
BRDA:97,20,0,0
BRDA:97,20,1,0
BRDA:97,21,0,0
BRDA:97,21,1,0
BRDA:100,22,0,0
BRDA:100,22,1,0
BRDA:101,23,0,0
BRDA:101,23,1,0
BRDA:102,24,0,0
BRDA:102,24,1,0
BRDA:102,24,2,0
BRDA:115,25,0,1
BRDA:115,25,1,2
BRF:52
BRH:36
end_of_record
TN:
SF:services\payment.service.ts
FN:11,(anonymous_0)
FN:67,(anonymous_1)
FN:80,(anonymous_2)
FN:84,(anonymous_3)
FN:111,(anonymous_4)
FN:130,(anonymous_5)
FN:134,(anonymous_6)
FN:161,(anonymous_7)
FN:166,(anonymous_8)
FN:189,(anonymous_9)
FN:195,(anonymous_10)
FN:218,(anonymous_11)
FN:241,(anonymous_12)
FN:255,(anonymous_13)
FN:276,(anonymous_14)
FN:345,(anonymous_15)
FN:417,(anonymous_16)
FNF:17
FNH:16
FNDA:6,(anonymous_0)
FNDA:1,(anonymous_1)
FNDA:1,(anonymous_2)
FNDA:1,(anonymous_3)
FNDA:1,(anonymous_4)
FNDA:1,(anonymous_5)
FNDA:1,(anonymous_6)
FNDA:1,(anonymous_7)
FNDA:1,(anonymous_8)
FNDA:1,(anonymous_9)
FNDA:1,(anonymous_10)
FNDA:5,(anonymous_11)
FNDA:2,(anonymous_12)
FNDA:0,(anonymous_13)
FNDA:2,(anonymous_14)
FNDA:2,(anonymous_15)
FNDA:2,(anonymous_16)
DA:9,1
DA:11,1
DA:12,6
DA:13,6
DA:15,6
DA:20,6
DA:21,6
DA:22,6
DA:24,0
DA:27,6
DA:32,6
DA:39,6
DA:63,1
DA:68,1
DA:69,1
DA:79,1
DA:80,1
DA:83,1
DA:84,1
DA:87,1
DA:90,1
DA:92,1
DA:94,1
DA:100,0
DA:101,0
DA:112,1
DA:113,1
DA:122,1
DA:123,1
DA:124,0
DA:129,1
DA:130,1
DA:133,1
DA:134,1
DA:137,1
DA:140,1
DA:142,1
DA:144,1
DA:150,0
DA:151,0
DA:162,1
DA:163,1
DA:166,1
DA:168,1
DA:170,1
DA:172,1
DA:178,0
DA:179,0
DA:190,1
DA:191,1
DA:195,1
DA:197,1
DA:199,1
DA:201,1
DA:207,0
DA:208,0
DA:219,5
DA:221,5
DA:223,1
DA:225,1
DA:227,1
DA:229,1
DA:231,1
DA:244,2
DA:245,2
DA:246,2
DA:248,0
DA:258,0
DA:259,0
DA:260,0
DA:262,0
DA:282,2
DA:283,2
DA:290,2
DA:291,2
DA:292,2
DA:299,2
DA:300,1
DA:303,2
DA:307,2
DA:309,2
DA:318,2
DA:319,1
DA:322,1
DA:327,1
DA:328,1
DA:329,1
DA:334,1
DA:354,2
DA:356,2
DA:357,2
DA:359,2
DA:369,1
DA:371,1
DA:379,1
DA:382,1
DA:390,1
DA:392,1
DA:393,1
DA:400,1
DA:427,2
DA:428,2
DA:430,2
DA:431,2
DA:433,2
DA:442,1
DA:444,1
DA:450,1
DA:456,1
DA:458,1
DA:459,1
DA:465,1
LF:112
LH:97
BRDA:11,0,0,0
BRDA:13,1,0,6
BRDA:13,1,1,0
BRDA:20,2,0,6
BRDA:20,2,1,0
BRDA:33,3,0,6
BRDA:33,3,1,0
BRDA:103,4,0,0
BRDA:103,4,1,0
BRDA:123,5,0,0
BRDA:123,5,1,1
BRDA:153,6,0,0
BRDA:153,6,1,0
BRDA:181,7,0,0
BRDA:181,7,1,0
BRDA:210,8,0,0
BRDA:210,8,1,0
BRDA:221,9,0,1
BRDA:221,9,1,1
BRDA:221,9,2,1
BRDA:221,9,3,1
BRDA:221,9,4,1
BRDA:299,10,0,1
BRDA:299,10,1,1
BRDA:314,11,0,1
BRDA:314,11,1,1
BRDA:318,12,0,1
BRDA:318,12,1,1
BRDA:318,13,0,2
BRDA:318,13,1,2
BRDA:318,13,2,1
BRDA:323,14,0,1
BRDA:323,14,1,0
BRDA:324,15,0,1
BRDA:324,15,1,0
BRDA:328,16,0,1
BRDA:328,16,1,0
BRDA:379,17,0,1
BRDA:379,17,1,0
BRDA:392,18,0,1
BRDA:392,18,1,0
BRDA:402,19,0,1
BRDA:402,19,1,0
BRDA:451,20,0,1
BRDA:451,20,1,0
BRDA:458,21,0,1
BRDA:458,21,1,0
BRDA:467,22,0,1
BRDA:467,22,1,0
BRF:49
BRH:27
end_of_record
TN:
SF:services\profiles.service.ts
FN:6,(anonymous_0)
FN:25,(anonymous_1)
FNF:2
FNH:2
FNDA:1,(anonymous_0)
FNDA:1,(anonymous_1)
DA:4,1
DA:6,1
DA:7,1
DA:9,1
DA:14,1
DA:15,1
DA:18,1
DA:21,1
DA:26,1
LF:9
LH:9
BRDA:6,0,0,0
BRDA:14,1,0,1
BRDA:14,1,1,0
BRF:3
BRH:1
end_of_record
TN:
SF:services\qr.service.ts
FN:20,(anonymous_0)
FN:28,(anonymous_1)
FN:47,(anonymous_2)
FN:64,(anonymous_3)
FN:199,(anonymous_4)
FN:221,(anonymous_5)
FN:230,(anonymous_6)
FN:310,(anonymous_7)
FNF:8
FNH:7
FNDA:4,(anonymous_0)
FNDA:8,(anonymous_1)
FNDA:2,(anonymous_2)
FNDA:6,(anonymous_3)
FNDA:3,(anonymous_4)
FNDA:1,(anonymous_5)
FNDA:0,(anonymous_6)
FNDA:2,(anonymous_7)
DA:6,1
DA:20,1
DA:21,4
DA:22,4
DA:24,0
DA:28,1
DA:29,8
DA:30,8
DA:31,8
DA:32,5
DA:35,3
DA:36,3
DA:37,0
DA:40,3
DA:42,0
DA:43,0
DA:47,1
DA:48,2
DA:49,2
DA:51,0
DA:55,1
DA:59,1
DA:65,6
DA:68,6
DA:69,5
DA:70,5
DA:71,5
DA:72,1
DA:73,1
DA:76,1
DA:77,1
DA:81,4
DA:84,1
DA:90,5
DA:91,5
DA:92,5
DA:94,5
DA:98,5
DA:99,5
DA:100,5
DA:102,0
DA:105,5
DA:106,5
DA:115,4
DA:116,4
DA:123,4
DA:124,4
DA:131,1
DA:132,1
DA:133,1
DA:139,1
DA:140,1
DA:141,1
DA:145,1
DA:146,1
DA:147,1
DA:150,0
DA:154,4
DA:156,4
DA:157,1
DA:158,1
DA:159,1
DA:160,1
DA:162,0
DA:163,0
DA:169,3
DA:170,3
DA:178,4
DA:179,1
DA:183,1
DA:186,3
DA:193,3
DA:194,3
DA:196,3
DA:200,3
DA:201,3
DA:202,3
DA:203,1
DA:204,1
DA:207,2
DA:208,2
DA:211,2
DA:212,1
DA:213,1
DA:214,1
DA:217,1
DA:218,1
DA:222,1
DA:223,1
DA:224,1
DA:233,0
DA:235,0
DA:239,0
DA:240,0
DA:242,0
DA:245,0
DA:246,0
DA:247,0
DA:251,0
DA:255,0
DA:256,0
DA:264,0
DA:271,0
DA:272,0
DA:273,0
DA:277,0
DA:279,0
DA:282,0
DA:288,0
DA:290,0
DA:291,0
DA:292,0
DA:297,0
DA:319,2
DA:322,2
DA:323,1
DA:324,1
DA:328,1
DA:329,1
DA:330,0
DA:331,0
DA:332,0
DA:337,1
DA:338,0
DA:339,0
DA:340,0
DA:344,1
DA:357,1
DA:358,1
DA:359,0
DA:360,0
DA:362,1
DA:365,1
DA:366,1
DA:368,1
DA:369,1
DA:370,1
DA:371,1
DA:372,0
DA:373,0
DA:374,0
DA:376,0
DA:377,0
DA:378,0
DA:381,1
DA:386,1
DA:387,1
DA:388,1
DA:390,0
DA:391,0
DA:392,0
DA:394,0
DA:395,0
DA:396,0
DA:399,0
DA:406,0
DA:420,0
DA:421,0
DA:422,0
DA:432,0
DA:435,0
DA:437,0
DA:438,0
DA:439,0
DA:446,0
DA:447,0
DA:448,0
DA:449,0
DA:450,0
DA:451,0
DA:452,0
DA:453,0
DA:454,0
DA:455,0
DA:458,0
LF:175
LH:102
BRDA:31,0,0,5
BRDA:31,0,1,3
BRDA:36,1,0,0
BRDA:36,1,1,3
BRDA:36,2,0,3
BRDA:36,2,1,3
BRDA:55,3,0,0
BRDA:55,3,1,1
BRDA:64,4,0,5
BRDA:68,5,0,5
BRDA:68,5,1,1
BRDA:71,6,0,1
BRDA:71,6,1,4
BRDA:76,7,0,1
BRDA:76,7,1,0
BRDA:92,8,0,5
BRDA:92,8,1,0
BRDA:98,9,0,5
BRDA:98,9,1,0
BRDA:123,10,0,4
BRDA:123,10,1,0
BRDA:125,11,0,2
BRDA:125,11,1,2
BRDA:126,12,0,4
BRDA:126,12,1,1
BRDA:132,13,0,1
BRDA:132,13,1,0
BRDA:139,14,0,1
BRDA:139,14,1,0
BRDA:156,15,0,1
BRDA:156,15,1,3
BRDA:173,16,0,3
BRDA:173,16,1,0
BRDA:178,17,0,1
BRDA:178,17,1,3
BRDA:202,18,0,1
BRDA:202,18,1,2
BRDA:211,19,0,1
BRDA:211,19,1,1
BRDA:239,20,0,0
BRDA:239,20,1,0
BRDA:255,21,0,0
BRDA:255,21,1,0
BRDA:257,22,0,0
BRDA:257,22,1,0
BRDA:258,23,0,0
BRDA:258,23,1,0
BRDA:259,24,0,0
BRDA:259,24,1,0
BRDA:260,25,0,0
BRDA:260,25,1,0
BRDA:266,26,0,0
BRDA:266,26,1,0
BRDA:271,27,0,0
BRDA:271,27,1,0
BRDA:291,28,0,0
BRDA:291,28,1,0
BRDA:315,29,0,2
BRDA:316,30,0,2
BRDA:317,31,0,2
BRDA:322,32,0,1
BRDA:322,32,1,1
BRDA:322,33,0,2
BRDA:322,33,1,1
BRDA:329,34,0,0
BRDA:329,34,1,1
BRDA:331,35,0,0
BRDA:331,35,1,0
BRDA:331,36,0,0
BRDA:331,36,1,0
BRDA:337,37,0,0
BRDA:337,37,1,1
BRDA:337,38,0,1
BRDA:337,38,1,0
BRDA:339,39,0,0
BRDA:339,39,1,0
BRDA:358,40,0,0
BRDA:358,40,1,1
BRDA:368,41,0,1
BRDA:368,41,1,0
BRDA:368,42,0,1
BRDA:368,42,1,0
BRDA:372,43,0,0
BRDA:372,43,1,0
BRDA:373,44,0,0
BRDA:373,44,1,0
BRDA:374,45,0,0
BRDA:374,45,1,0
BRDA:376,46,0,0
BRDA:376,46,1,0
BRDA:378,47,0,0
BRDA:378,47,1,0
BRDA:386,48,0,1
BRDA:386,48,1,0
BRDA:390,49,0,0
BRDA:390,49,1,0
BRDA:394,50,0,0
BRDA:394,50,1,0
BRDA:411,51,0,0
BRDA:411,51,1,0
BRDA:412,52,0,0
BRDA:412,52,1,0
BRDA:413,53,0,0
BRDA:413,53,1,0
BRDA:438,54,0,0
BRDA:438,54,1,0
BRDA:446,55,0,0
BRDA:446,55,1,0
BRDA:448,56,0,0
BRDA:448,56,1,0
BRDA:450,57,0,0
BRDA:450,57,1,0
BRDA:452,58,0,0
BRDA:452,58,1,0
BRDA:454,59,0,0
BRDA:454,59,1,0
BRF:116
BRH:44
end_of_record
TN:
SF:services\stores.service.ts
FN:6,(anonymous_0)
FN:55,(anonymous_1)
FN:121,(anonymous_2)
FN:210,(anonymous_3)
FNF:4
FNH:4
FNDA:6,(anonymous_0)
FNDA:3,(anonymous_1)
FNDA:2,(anonymous_2)
FNDA:2,(anonymous_3)
DA:4,1
DA:6,1
DA:7,6
DA:8,6
DA:10,6
DA:15,6
DA:16,6
DA:17,6
DA:19,0
DA:22,6
DA:29,6
DA:51,1
DA:58,3
DA:59,3
DA:60,3
DA:61,2
DA:67,2
DA:68,1
DA:74,1
DA:75,1
DA:81,0
DA:82,0
DA:89,0
DA:90,0
DA:98,2
DA:105,2
DA:107,1
DA:108,1
DA:109,1
DA:114,1
DA:122,2
DA:123,2
DA:124,2
DA:125,2
DA:127,2
DA:128,2
DA:129,2
DA:133,2
DA:135,2
DA:144,2
DA:145,2
DA:153,2
DA:154,1
DA:155,1
DA:161,1
DA:162,1
DA:163,1
DA:169,0
DA:170,0
DA:171,0
DA:178,0
DA:179,0
DA:187,2
DA:194,2
DA:196,0
DA:197,0
DA:198,0
DA:203,0
DA:211,2
DA:212,2
DA:214,2
DA:215,1
DA:216,1
DA:219,1
DA:220,1
DA:222,1
DA:223,1
DA:224,1
DA:225,1
DA:227,1
DA:236,1
DA:237,1
DA:248,1
DA:250,0
DA:251,0
DA:252,0
DA:257,0
LF:77
LH:59
BRDA:6,0,0,4
BRDA:8,1,0,6
BRDA:8,1,1,0
BRDA:15,2,0,6
BRDA:15,2,1,0
BRDA:67,3,0,1
BRDA:67,3,1,1
BRDA:74,4,0,1
BRDA:74,4,1,0
BRDA:74,5,0,1
BRDA:74,5,1,1
BRDA:77,6,0,1
BRDA:77,6,1,0
BRDA:78,7,0,1
BRDA:78,7,1,0
BRDA:79,8,0,1
BRDA:79,8,1,0
BRDA:79,8,2,0
BRDA:79,8,3,0
BRDA:81,9,0,0
BRDA:81,9,1,0
BRDA:81,10,0,0
BRDA:81,10,1,0
BRDA:84,11,0,0
BRDA:84,11,1,0
BRDA:85,12,0,0
BRDA:85,12,1,0
BRDA:86,13,0,0
BRDA:86,13,1,0
BRDA:86,13,2,0
BRDA:86,13,3,0
BRDA:108,14,0,1
BRDA:108,14,1,0
BRDA:121,15,0,1
BRDA:141,16,0,1
BRDA:141,16,1,1
BRDA:141,17,0,1
BRDA:141,17,1,0
BRDA:141,17,2,0
BRDA:144,18,0,2
BRDA:144,18,1,0
BRDA:147,19,0,1
BRDA:147,19,1,1
BRDA:147,20,0,1
BRDA:147,20,1,0
BRDA:147,20,2,0
BRDA:153,21,0,1
BRDA:153,21,1,1
BRDA:158,22,0,1
BRDA:158,22,1,1
BRDA:161,23,0,1
BRDA:161,23,1,0
BRDA:161,24,0,1
BRDA:161,24,1,1
BRDA:165,25,0,1
BRDA:165,25,1,0
BRDA:166,26,0,1
BRDA:166,26,1,0
BRDA:167,27,0,1
BRDA:167,27,1,0
BRDA:167,27,2,0
BRDA:169,28,0,0
BRDA:169,28,1,0
BRDA:169,29,0,0
BRDA:169,29,1,0
BRDA:173,30,0,0
BRDA:173,30,1,0
BRDA:174,31,0,0
BRDA:174,31,1,0
BRDA:175,32,0,0
BRDA:175,32,1,0
BRDA:175,32,2,0
BRDA:197,33,0,0
BRDA:197,33,1,0
BRDA:214,34,0,1
BRDA:214,34,1,1
BRDA:233,35,0,1
BRDA:233,35,1,0
BRDA:236,36,0,1
BRDA:236,36,1,0
BRDA:239,37,0,1
BRDA:239,37,1,0
BRDA:251,38,0,0
BRDA:251,38,1,0
BRF:84
BRH:35
end_of_record
TN:
SF:services\subscriptions.service.ts
FN:6,(anonymous_0)
FN:53,(anonymous_1)
FN:152,(anonymous_2)
FN:166,(anonymous_3)
FN:180,(anonymous_4)
FN:194,(anonymous_5)
FN:228,(anonymous_6)
FNF:7
FNH:7
FNDA:10,(anonymous_0)
FNDA:2,(anonymous_1)
FNDA:3,(anonymous_2)
FNDA:2,(anonymous_3)
FNDA:1,(anonymous_4)
FNDA:3,(anonymous_5)
FNDA:2,(anonymous_6)
DA:4,1
DA:6,1
DA:7,10
DA:9,10
DA:14,10
DA:15,10
DA:18,10
DA:48,1
DA:54,2
DA:55,2
DA:57,2
DA:59,2
DA:60,1
DA:62,2
DA:63,1
DA:66,2
DA:67,2
DA:69,2
DA:70,2
DA:72,2
DA:73,2
DA:74,2
DA:75,2
DA:77,2
DA:86,2
DA:87,2
DA:95,2
DA:96,1
DA:97,1
DA:103,1
DA:104,1
DA:105,1
DA:111,0
DA:112,0
DA:113,0
DA:120,0
DA:121,0
DA:129,2
DA:136,2
DA:138,0
DA:139,0
DA:140,0
DA:145,0
DA:153,3
DA:154,2
DA:157,1
DA:167,2
DA:168,1
DA:171,1
DA:181,1
DA:182,0
DA:185,1
DA:195,3
DA:197,3
DA:198,3
DA:199,3
DA:200,2
DA:202,2
DA:204,2
DA:210,2
DA:212,1
DA:215,1
DA:216,1
DA:217,1
DA:220,0
DA:229,2
DA:231,2
DA:232,2
DA:233,2
DA:234,1
DA:236,1
DA:244,1
DA:246,1
DA:249,1
DA:250,1
DA:251,1
DA:254,0
LF:77
LH:65
BRDA:6,0,0,7
BRDA:14,1,0,10
BRDA:14,1,1,0
BRDA:53,2,0,1
BRDA:59,3,0,1
BRDA:59,3,1,1
BRDA:62,4,0,1
BRDA:62,4,1,1
BRDA:67,5,0,1
BRDA:67,5,1,1
BRDA:83,6,0,1
BRDA:83,6,1,1
BRDA:83,7,0,1
BRDA:83,7,1,0
BRDA:83,7,2,0
BRDA:86,8,0,2
BRDA:86,8,1,0
BRDA:89,9,0,1
BRDA:89,9,1,1
BRDA:89,10,0,1
BRDA:89,10,1,0
BRDA:89,10,2,0
BRDA:95,11,0,1
BRDA:95,11,1,1
BRDA:100,12,0,1
BRDA:100,12,1,1
BRDA:103,13,0,1
BRDA:103,13,1,0
BRDA:103,14,0,1
BRDA:103,14,1,1
BRDA:107,15,0,1
BRDA:107,15,1,0
BRDA:108,16,0,1
BRDA:108,16,1,0
BRDA:109,17,0,1
BRDA:109,17,1,0
BRDA:109,17,2,0
BRDA:111,18,0,0
BRDA:111,18,1,0
BRDA:111,19,0,0
BRDA:111,19,1,0
BRDA:115,20,0,0
BRDA:115,20,1,0
BRDA:116,21,0,0
BRDA:116,21,1,0
BRDA:117,22,0,0
BRDA:117,22,1,0
BRDA:117,22,2,0
BRDA:139,23,0,0
BRDA:139,23,1,0
BRDA:153,24,0,2
BRDA:153,24,1,1
BRDA:153,25,0,3
BRDA:153,25,1,2
BRDA:167,26,0,1
BRDA:167,26,1,1
BRDA:181,27,0,0
BRDA:181,27,1,1
BRDA:202,28,0,2
BRDA:202,28,1,0
BRDA:215,29,0,1
BRDA:215,29,1,0
BRDA:215,30,0,1
BRDA:215,30,1,1
BRDA:215,30,2,0
BRDA:241,31,0,1
BRDA:241,31,1,0
BRDA:244,32,0,1
BRDA:244,32,1,0
BRDA:249,33,0,1
BRDA:249,33,1,0
BRDA:249,34,0,1
BRDA:249,34,1,1
BRDA:249,34,2,0
BRF:74
BRH:42
end_of_record
TN:
SF:services\transactions.service.ts
FN:6,(anonymous_0)
FN:87,(anonymous_1)
FN:147,(anonymous_2)
FN:218,(anonymous_3)
FN:244,(anonymous_4)
FN:289,(anonymous_5)
FN:369,(anonymous_6)
FN:391,(anonymous_7)
FN:404,(anonymous_8)
FN:427,(anonymous_9)
FNF:10
FNH:10
FNDA:13,(anonymous_0)
FNDA:2,(anonymous_1)
FNDA:2,(anonymous_2)
FNDA:3,(anonymous_3)
FNDA:3,(anonymous_4)
FNDA:1,(anonymous_5)
FNDA:4,(anonymous_6)
FNDA:4,(anonymous_7)
FNDA:2,(anonymous_8)
FNDA:1,(anonymous_9)
DA:4,1
DA:6,1
DA:7,13
DA:8,13
DA:10,13
DA:15,13
DA:16,13
DA:20,13
DA:28,13
DA:31,0
DA:32,0
DA:33,0
DA:35,0
DA:36,0
DA:37,0
DA:42,0
DA:49,0
DA:52,0
DA:55,0
DA:82,1
DA:91,2
DA:92,1
DA:95,1
DA:97,1
DA:98,1
DA:100,1
DA:101,1
DA:103,1
DA:104,0
DA:106,1
DA:107,0
DA:109,1
DA:110,0
DA:113,1
DA:114,1
DA:116,1
DA:118,1
DA:119,0
DA:127,1
DA:128,1
DA:136,0
DA:151,2
DA:152,1
DA:155,1
DA:161,1
DA:163,1
DA:164,1
DA:166,1
DA:167,1
DA:169,1
DA:170,0
DA:172,1
DA:173,0
DA:176,1
DA:177,1
DA:179,1
DA:181,1
DA:183,1
DA:189,1
DA:190,1
DA:198,0
DA:199,0
DA:207,0
DA:219,3
DA:220,1
DA:223,2
DA:224,2
DA:225,1
DA:228,2
DA:229,2
DA:231,2
DA:233,2
DA:234,1
DA:237,1
DA:250,3
DA:252,3
DA:253,3
DA:255,3
DA:256,2
DA:258,3
DA:259,1
DA:261,3
DA:262,0
DA:265,3
DA:266,3
DA:268,3
DA:270,3
DA:271,1
DA:274,2
DA:275,1
DA:278,1
DA:279,1
DA:282,0
DA:301,1
DA:303,1
DA:304,1
DA:306,1
DA:307,1
DA:309,1
DA:310,0
DA:312,1
DA:313,1
DA:315,1
DA:316,0
DA:318,1
DA:319,0
DA:321,1
DA:322,0
DA:324,1
DA:325,0
DA:327,1
DA:328,1
DA:330,1
DA:331,1
DA:334,1
DA:335,1
DA:337,1
DA:339,1
DA:340,0
DA:348,1
DA:349,1
DA:357,0
DA:370,4
DA:371,1
DA:373,3
DA:374,1
DA:377,2
DA:381,2
DA:382,1
DA:385,1
DA:392,4
DA:393,1
DA:396,3
DA:400,3
DA:403,3
DA:404,2
DA:412,2
DA:413,1
DA:416,1
DA:417,0
DA:418,0
DA:420,0
DA:421,0
DA:426,1
DA:427,1
DA:435,1
LF:146
LH:113
BRDA:6,0,0,13
BRDA:15,1,0,13
BRDA:15,1,1,0
BRDA:31,2,0,0
BRDA:31,2,1,0
BRDA:31,3,0,0
BRDA:31,3,1,0
BRDA:36,4,0,0
BRDA:36,4,1,0
BRDA:89,5,0,0
BRDA:91,6,0,1
BRDA:91,6,1,1
BRDA:97,7,0,1
BRDA:97,7,1,0
BRDA:100,8,0,1
BRDA:100,8,1,0
BRDA:103,9,0,0
BRDA:103,9,1,1
BRDA:106,10,0,0
BRDA:106,10,1,1
BRDA:109,11,0,0
BRDA:109,11,1,1
BRDA:114,12,0,1
BRDA:114,12,1,0
BRDA:118,13,0,0
BRDA:118,13,1,1
BRDA:122,14,0,0
BRDA:122,14,1,0
BRDA:127,15,0,1
BRDA:127,15,1,0
BRDA:127,16,0,1
BRDA:127,16,1,1
BRDA:130,17,0,1
BRDA:130,17,1,0
BRDA:131,18,0,1
BRDA:131,18,1,0
BRDA:132,19,0,1
BRDA:132,19,1,0
BRDA:132,19,2,0
BRDA:149,20,0,0
BRDA:151,21,0,1
BRDA:151,21,1,1
BRDA:163,22,0,1
BRDA:163,22,1,0
BRDA:166,23,0,1
BRDA:166,23,1,0
BRDA:169,24,0,0
BRDA:169,24,1,1
BRDA:172,25,0,0
BRDA:172,25,1,1
BRDA:177,26,0,1
BRDA:177,26,1,0
BRDA:186,27,0,1
BRDA:186,27,1,0
BRDA:186,28,0,0
BRDA:186,28,1,0
BRDA:189,29,0,1
BRDA:189,29,1,0
BRDA:193,30,0,1
BRDA:193,30,1,0
BRDA:198,31,0,0
BRDA:198,31,1,0
BRDA:198,32,0,0
BRDA:198,32,1,0
BRDA:201,33,0,0
BRDA:201,33,1,0
BRDA:202,34,0,0
BRDA:202,34,1,0
BRDA:203,35,0,0
BRDA:203,35,1,0
BRDA:203,35,2,0
BRDA:219,36,0,1
BRDA:219,36,1,2
BRDA:224,37,0,1
BRDA:224,37,1,1
BRDA:229,38,0,1
BRDA:229,38,1,1
BRDA:233,39,0,1
BRDA:233,39,1,1
BRDA:237,40,0,1
BRDA:237,40,1,0
BRDA:252,41,0,3
BRDA:252,41,1,0
BRDA:255,42,0,2
BRDA:255,42,1,1
BRDA:258,43,0,1
BRDA:258,43,1,2
BRDA:261,44,0,0
BRDA:261,44,1,3
BRDA:266,45,0,3
BRDA:266,45,1,0
BRDA:270,46,0,1
BRDA:270,46,1,2
BRDA:274,47,0,1
BRDA:274,47,1,1
BRDA:278,48,0,1
BRDA:278,48,1,0
BRDA:278,49,0,1
BRDA:278,49,1,1
BRDA:289,50,0,0
BRDA:303,51,0,1
BRDA:303,51,1,0
BRDA:306,52,0,1
BRDA:306,52,1,0
BRDA:309,53,0,0
BRDA:309,53,1,1
BRDA:312,54,0,1
BRDA:312,54,1,0
BRDA:315,55,0,0
BRDA:315,55,1,1
BRDA:318,56,0,0
BRDA:318,56,1,1
BRDA:321,57,0,0
BRDA:321,57,1,1
BRDA:324,58,0,0
BRDA:324,58,1,1
BRDA:327,59,0,1
BRDA:327,59,1,0
BRDA:330,60,0,1
BRDA:330,60,1,0
BRDA:335,61,0,1
BRDA:335,61,1,0
BRDA:339,62,0,0
BRDA:339,62,1,1
BRDA:343,63,0,0
BRDA:343,63,1,0
BRDA:348,64,0,1
BRDA:348,64,1,0
BRDA:348,65,0,1
BRDA:348,65,1,1
BRDA:351,66,0,1
BRDA:351,66,1,0
BRDA:352,67,0,1
BRDA:352,67,1,0
BRDA:353,68,0,1
BRDA:353,68,1,0
BRDA:353,68,2,0
BRDA:370,69,0,1
BRDA:370,69,1,3
BRDA:373,70,0,1
BRDA:373,70,1,2
BRDA:381,71,0,1
BRDA:381,71,1,1
BRDA:385,72,0,1
BRDA:385,72,1,0
BRDA:385,72,2,0
BRDA:392,73,0,1
BRDA:392,73,1,3
BRDA:403,74,0,1
BRDA:403,74,1,2
BRDA:405,75,0,2
BRDA:405,75,1,0
BRDA:406,76,0,2
BRDA:406,76,1,0
BRDA:406,76,2,0
BRDA:407,77,0,2
BRDA:407,77,1,0
BRDA:412,78,0,1
BRDA:412,78,1,1
BRDA:416,79,0,0
BRDA:416,79,1,1
BRDA:426,80,0,1
BRDA:426,80,1,0
BRDA:428,81,0,1
BRDA:428,81,1,0
BRDA:429,82,0,1
BRDA:429,82,1,1
BRDA:429,82,2,0
BRDA:430,83,0,1
BRDA:430,83,1,0
BRF:170
BRH:90
end_of_record
TN:
SF:services\shared\api.ts
FN:3,(anonymous_0)
FN:72,(anonymous_1)
FNF:2
FNH:1
FNDA:9,(anonymous_0)
FNDA:0,(anonymous_1)
DA:3,7
DA:9,9
DA:10,9
DA:13,9
DA:16,9
DA:22,9
DA:23,8
DA:24,8
DA:25,1
DA:26,1
DA:30,9
DA:35,9
DA:45,9
DA:46,1
DA:47,1
DA:48,1
DA:49,1
DA:51,0
DA:55,9
DA:56,9
DA:57,9
DA:59,9
DA:71,9
DA:72,1
DA:74,1
DA:84,1
DA:85,0
DA:93,1
DA:94,1
DA:97,8
DA:98,1
DA:99,1
DA:102,7
DA:103,7
DA:104,6
DA:106,6
DA:109,1
DA:110,1
DA:114,1
LF:39
LH:37
BRDA:5,0,0,6
BRDA:6,1,0,8
BRDA:9,2,0,9
BRDA:9,2,1,8
BRDA:22,3,0,8
BRDA:22,3,1,1
BRDA:22,4,0,9
BRDA:22,4,1,8
BRDA:25,5,0,1
BRDA:25,5,1,0
BRDA:37,6,0,9
BRDA:37,6,1,8
BRDA:39,7,0,9
BRDA:39,7,1,0
BRDA:41,8,0,1
BRDA:41,8,1,8
BRDA:41,9,0,1
BRDA:41,9,1,0
BRDA:41,10,0,0
BRDA:41,10,1,1
BRDA:45,11,0,1
BRDA:45,11,1,8
BRDA:45,12,0,9
BRDA:45,12,1,1
BRDA:71,13,0,1
BRDA:71,13,1,8
BRDA:78,14,0,1
BRDA:78,14,1,1
BRDA:84,15,0,0
BRDA:84,15,1,1
BRDA:87,16,0,0
BRDA:87,16,1,0
BRDA:97,17,0,1
BRDA:97,17,1,7
BRDA:103,18,0,6
BRDA:103,18,1,1
BRDA:103,19,0,7
BRDA:103,19,1,7
BRDA:112,20,0,0
BRDA:112,20,1,1
BRF:40
BRH:32
end_of_record
