TN:
SF:components\animated-screen.tsx
FN:14,AnimatedScreen
FN:19,(anonymous_1)
FN:20,(anonymous_2)
FN:26,(anonymous_3)
FN:29,(anonymous_4)
FNF:5
FNH:0
FNDA:0,AnimatedScreen
FNDA:0,(anonymous_1)
FNDA:0,(anonymous_2)
FNDA:0,(anonymous_3)
FNDA:0,(anonymous_4)
DA:15,0
DA:16,0
DA:17,0
DA:19,0
DA:20,0
DA:21,0
DA:22,0
DA:23,0
DA:26,0
DA:29,0
DA:30,0
DA:39,0
DA:46,0
LF:13
LH:0
BRDA:14,0,0,0
BRF:1
BRH:0
end_of_record
TN:
SF:components\debug-users-viewer.tsx
FN:26,DebugUsersViewer
FN:30,(anonymous_1)
FN:36,(anonymous_2)
FN:48,(anonymous_3)
FN:57,(anonymous_4)
FN:101,(anonymous_5)
FNF:6
FNH:0
FNDA:0,DebugUsersViewer
FNDA:0,(anonymous_1)
FNDA:0,(anonymous_2)
FNDA:0,(anonymous_3)
FNDA:0,(anonymous_4)
FNDA:0,(anonymous_5)
DA:27,0
DA:28,0
DA:30,0
DA:31,0
DA:32,0
DA:36,0
DA:37,0
DA:38,0
DA:39,0
DA:40,0
DA:42,0
DA:44,0
DA:48,0
DA:49,0
DA:58,0
DA:59,0
DA:60,0
DA:61,0
DA:63,0
DA:71,0
DA:104,0
DA:106,0
DA:177,0
LF:23
LH:0
BRDA:31,0,0,0
BRDA:31,0,1,0
BRDA:96,1,0,0
BRDA:96,1,1,0
BRDA:98,2,0,0
BRDA:98,2,1,0
BRDA:116,3,0,0
BRDA:116,3,1,0
BRF:8
BRH:0
end_of_record
TN:
SF:components\external-link.tsx
FN:7,ExternalLink
FN:13,(anonymous_1)
FNF:2
FNH:0
FNDA:0,ExternalLink
FNDA:0,(anonymous_1)
DA:8,0
DA:14,0
DA:16,0
DA:18,0
LF:4
LH:0
BRDA:14,0,0,0
BRDA:14,0,1,0
BRF:2
BRH:0
end_of_record
TN:
SF:components\feature-icon.tsx
FN:18,FeatureIcon
FN:28,(anonymous_1)
FN:36,(anonymous_2)
FNF:3
FNH:0
FNDA:0,FeatureIcon
FNDA:0,(anonymous_1)
FNDA:0,(anonymous_2)
DA:25,0
DA:26,0
DA:28,0
DA:29,0
DA:31,0
DA:32,0
DA:36,0
DA:43,0
DA:56,0
LF:9
LH:0
BRDA:20,0,0,0
BRDA:21,1,0,0
BRDA:22,2,0,0
BRDA:23,3,0,0
BRDA:29,4,0,0
BRDA:29,4,1,0
BRF:6
BRH:0
end_of_record
TN:
SF:components\haptic-tab.tsx
FN:5,HapticTab
FN:9,(anonymous_1)
FNF:2
FNH:0
FNDA:0,HapticTab
FNDA:0,(anonymous_1)
DA:6,0
DA:10,0
DA:12,0
DA:14,0
LF:4
LH:0
BRDA:10,0,0,0
BRDA:10,0,1,0
BRF:2
BRH:0
end_of_record
TN:
SF:components\hello-wave.tsx
FN:3,HelloWave
FNF:1
FNH:0
FNDA:0,HelloWave
DA:4,0
LF:1
LH:0
BRF:0
BRH:0
end_of_record
TN:
SF:components\pagination-dots.tsx
FN:15,PaginationDots
FN:21,(anonymous_1)
FN:40,PaginationDot
FN:44,(anonymous_3)
FN:52,(anonymous_4)
FNF:5
FNH:0
FNDA:0,PaginationDots
FNDA:0,(anonymous_1)
FNDA:0,PaginationDot
FNDA:0,(anonymous_3)
FNDA:0,(anonymous_4)
DA:17,0
DA:22,0
DA:41,0
DA:42,0
DA:44,0
DA:45,0
DA:49,0
DA:52,0
DA:57,0
DA:68,0
LF:10
LH:0
BRDA:41,0,0,0
BRDA:41,0,1,0
BRDA:42,1,0,0
BRDA:42,1,1,0
BRDA:45,2,0,0
BRDA:45,2,1,0
BRDA:49,3,0,0
BRDA:49,3,1,0
BRDA:59,4,0,0
BRDA:59,4,1,0
BRF:10
BRH:0
end_of_record
TN:
SF:components\parallax-scroll-view.tsx
FN:21,ParallaxScrollView
FN:30,(anonymous_1)
FNF:2
FNH:0
FNDA:0,ParallaxScrollView
FNDA:0,(anonymous_1)
DA:14,0
DA:26,0
DA:27,0
DA:28,0
DA:29,0
DA:30,0
DA:31,0
DA:47,0
DA:65,0
LF:9
LH:0
BRDA:27,0,0,0
BRDA:27,0,1,0
BRF:2
BRH:0
end_of_record
TN:
SF:components\shared-header.tsx
FN:28,SharedHeader
FNF:1
FNH:0
FNDA:0,SharedHeader
DA:40,0
DA:92,0
LF:2
LH:0
BRDA:32,0,0,0
BRDA:33,1,0,0
BRDA:42,2,0,0
BRDA:42,2,1,0
BRDA:54,3,0,0
BRDA:54,3,1,0
BRDA:62,4,0,0
BRDA:62,4,1,0
BRDA:71,5,0,0
BRDA:71,5,1,0
BRDA:74,6,0,0
BRDA:74,6,1,0
BRDA:82,7,0,0
BRDA:82,7,1,0
BRF:14
BRH:0
end_of_record
TN:
SF:components\slide-transition.tsx
FN:16,SlideTransition
FN:25,(anonymous_1)
FN:26,(anonymous_2)
FN:45,(anonymous_3)
FN:48,(anonymous_4)
FN:65,(anonymous_5)
FN:76,(anonymous_6)
FNF:7
FNH:0
FNDA:0,SlideTransition
FNDA:0,(anonymous_1)
FNDA:0,(anonymous_2)
FNDA:0,(anonymous_3)
FNDA:0,(anonymous_4)
FNDA:0,(anonymous_5)
FNDA:0,(anonymous_6)
DA:21,0
DA:22,0
DA:23,0
DA:25,0
DA:26,0
DA:27,0
DA:29,0
DA:31,0
DA:32,0
DA:34,0
DA:35,0
DA:37,0
DA:38,0
DA:40,0
DA:41,0
DA:45,0
DA:48,0
DA:49,0
DA:51,0
DA:53,0
DA:55,0
DA:57,0
DA:59,0
DA:63,0
DA:65,0
DA:66,0
DA:76,0
DA:77,0
DA:78,0
DA:81,0
DA:88,0
LF:31
LH:0
BRDA:18,0,0,0
BRDA:19,1,0,0
BRDA:29,2,0,0
BRDA:29,2,1,0
BRDA:29,2,2,0
BRDA:29,2,3,0
BRDA:49,3,0,0
BRDA:49,3,1,0
BRDA:49,3,2,0
BRDA:49,3,3,0
BRDA:49,3,4,0
BRF:11
BRH:0
end_of_record
TN:
SF:components\themed-text.tsx
FN:11,ThemedText
FNF:1
FNH:0
FNDA:0,ThemedText
DA:18,0
DA:20,0
DA:36,0
LF:3
LH:0
BRDA:15,0,0,0
BRDA:24,1,0,0
BRDA:24,1,1,0
BRDA:25,2,0,0
BRDA:25,2,1,0
BRDA:26,3,0,0
BRDA:26,3,1,0
BRDA:27,4,0,0
BRDA:27,4,1,0
BRDA:28,5,0,0
BRDA:28,5,1,0
BRF:11
BRH:0
end_of_record
TN:
SF:components\themed-view.tsx
FN:10,ThemedView
FNF:1
FNH:0
FNDA:0,ThemedView
DA:11,0
DA:13,0
LF:2
LH:0
BRF:0
BRH:0
end_of_record
TN:
SF:components\common\animated-button.tsx
FN:24,AnimatedButton
FN:36,(anonymous_1)
FN:41,(anonymous_2)
FN:46,(anonymous_3)
FN:54,(anonymous_4)
FN:61,(anonymous_5)
FN:74,(anonymous_6)
FNF:7
FNH:0
FNDA:0,AnimatedButton
FNDA:0,(anonymous_1)
FNDA:0,(anonymous_2)
FNDA:0,(anonymous_3)
FNDA:0,(anonymous_4)
FNDA:0,(anonymous_5)
FNDA:0,(anonymous_6)
DA:33,0
DA:34,0
DA:36,0
DA:37,0
DA:38,0
DA:41,0
DA:42,0
DA:43,0
DA:46,0
DA:47,0
DA:51,0
DA:54,0
DA:55,0
DA:61,0
DA:62,0
DA:64,0
DA:66,0
DA:68,0
DA:70,0
DA:74,0
DA:75,0
DA:77,0
DA:79,0
DA:81,0
DA:83,0
DA:87,0
DA:88,0
DA:89,0
DA:109,0
DA:132,0
LF:30
LH:0
BRDA:30,0,0,0
BRDA:62,1,0,0
BRDA:62,1,1,0
BRDA:62,1,2,0
BRDA:62,1,3,0
BRDA:75,2,0,0
BRDA:75,2,1,0
BRDA:75,2,2,0
BRDA:75,2,3,0
BRDA:87,3,0,0
BRDA:87,3,1,0
BRDA:88,4,0,0
BRDA:88,4,1,0
BRDA:99,5,0,0
BRDA:99,5,1,0
BRDA:118,6,0,0
BRDA:118,6,1,0
BRDA:122,7,0,0
BRDA:122,7,1,0
BRF:19
BRH:0
end_of_record
TN:
SF:components\common\error-boundary.tsx
FN:22,(anonymous_0)
FN:30,(anonymous_1)
FN:37,(anonymous_2)
FN:47,(anonymous_3)
FN:54,(anonymous_4)
FNF:5
FNH:0
FNDA:0,(anonymous_0)
FNDA:0,(anonymous_1)
FNDA:0,(anonymous_2)
FNDA:0,(anonymous_3)
FNDA:0,(anonymous_4)
DA:23,0
DA:24,0
DA:31,0
DA:38,0
DA:42,0
DA:43,0
DA:47,0
DA:48,0
DA:55,0
DA:56,0
DA:57,0
DA:60,0
DA:73,0
DA:77,0
LF:14
LH:0
BRDA:42,0,0,0
BRDA:42,0,1,0
BRDA:55,1,0,0
BRDA:55,1,1,0
BRDA:56,2,0,0
BRDA:56,2,1,0
BRDA:63,3,0,0
BRDA:63,3,1,0
BRDA:63,3,2,0
BRF:9
BRH:0
end_of_record
TN:
SF:components\common\error-message.tsx
FN:18,(anonymous_0)
FN:29,(anonymous_1)
FN:47,(anonymous_2)
FNF:3
FNH:0
FNDA:0,(anonymous_0)
FNDA:0,(anonymous_1)
FNDA:0,(anonymous_2)
DA:18,0
DA:26,0
DA:27,0
DA:29,0
DA:30,0
DA:31,0
DA:47,0
DA:48,0
DA:50,0
DA:58,0
DA:66,0
DA:74,0
DA:84,0
DA:85,0
DA:88,0
DA:101,0
DA:102,0
DA:105,0
DA:117,0
LF:19
LH:0
BRDA:20,0,0,0
BRDA:24,1,0,0
BRDA:30,2,0,0
BRDA:30,2,1,0
BRDA:48,3,0,0
BRDA:48,3,1,0
BRDA:48,3,2,0
BRDA:48,3,3,0
BRDA:85,4,0,0
BRDA:85,4,1,0
BRDA:92,5,0,0
BRDA:92,5,1,0
BRDA:101,6,0,0
BRDA:101,6,1,0
BRF:14
BRH:0
end_of_record
TN:
SF:components\common\index.ts
FNF:0
FNH:0
LF:0
LH:0
BRF:0
BRH:0
end_of_record
TN:
SF:components\common\loading-screen.tsx
FN:18,LoadingScreen
FNF:1
FNH:0
FNDA:0,LoadingScreen
DA:22,0
DA:44,0
LF:2
LH:0
BRDA:19,0,0,0
BRDA:20,1,0,0
BRDA:24,2,0,0
BRDA:24,2,1,0
BRF:4
BRH:0
end_of_record
TN:
SF:components\common\navigation-transition.tsx
FN:15,NavigationTransition
FN:23,(anonymous_1)
FN:25,(anonymous_2)
FN:30,(anonymous_3)
FN:33,(anonymous_4)
FNF:5
FNH:0
FNDA:0,NavigationTransition
FNDA:0,(anonymous_1)
FNDA:0,(anonymous_2)
FNDA:0,(anonymous_3)
FNDA:0,(anonymous_4)
DA:20,0
DA:21,0
DA:23,0
DA:25,0
DA:26,0
DA:27,0
DA:30,0
DA:33,0
DA:34,0
DA:42,0
DA:49,0
LF:11
LH:0
BRDA:17,0,0,0
BRDA:18,1,0,0
BRF:2
BRH:0
end_of_record
TN:
SF:components\common\optimized-image.tsx
FN:18,(anonymous_0)
FN:31,(anonymous_1)
FN:37,(anonymous_2)
FN:42,(anonymous_3)
FN:70,(anonymous_4)
FNF:5
FNH:0
FNDA:0,(anonymous_0)
FNDA:0,(anonymous_1)
FNDA:0,(anonymous_2)
FNDA:0,(anonymous_3)
FNDA:0,(anonymous_4)
DA:18,0
DA:28,0
DA:29,0
DA:31,0
DA:32,0
DA:33,0
DA:34,0
DA:37,0
DA:38,0
DA:39,0
DA:42,0
DA:43,0
DA:44,0
DA:45,0
DA:48,0
DA:49,0
DA:52,0
DA:72,0
DA:73,0
DA:75,0
DA:78,0
LF:21
LH:0
BRDA:48,0,0,0
BRDA:48,0,1,0
BRDA:48,1,0,0
BRDA:48,1,1,0
BRDA:63,2,0,0
BRDA:63,2,1,0
BRDA:65,3,0,0
BRDA:65,3,1,0
BRDA:72,4,0,0
BRDA:72,4,1,0
BRDA:72,5,0,0
BRDA:72,5,1,0
BRF:12
BRH:0
end_of_record
TN:
SF:components\common\virtual-list.tsx
FN:31,VirtualList
FN:44,(anonymous_1)
FN:45,(anonymous_2)
FNF:3
FNH:0
FNDA:0,VirtualList
FNDA:0,(anonymous_1)
FNDA:0,(anonymous_2)
DA:44,0
DA:45,0
DA:52,0
DA:53,0
DA:61,0
DA:62,0
DA:69,0
DA:88,0
LF:8
LH:0
BRDA:35,0,0,0
BRDA:36,1,0,0
BRDA:37,2,0,0
BRDA:38,3,0,0
BRDA:39,4,0,0
BRDA:40,5,0,0
BRDA:41,6,0,0
BRDA:52,7,0,0
BRDA:52,7,1,0
BRDA:52,8,0,0
BRDA:52,8,1,0
BRDA:61,9,0,0
BRDA:61,9,1,0
BRDA:61,10,0,0
BRDA:61,10,1,0
BRF:15
BRH:0
end_of_record
TN:
SF:components\headers\history-header.tsx
FN:24,HistoryHeader
FNF:1
FNH:0
FNDA:0,HistoryHeader
DA:32,0
DA:102,0
LF:2
LH:0
BRDA:60,0,0,0
BRDA:60,0,1,0
BRF:2
BRH:0
end_of_record
TN:
SF:components\headers\home-header.tsx
FN:24,HomeHeader
FNF:1
FNH:0
FNDA:0,HomeHeader
DA:32,0
DA:79,0
LF:2
LH:0
BRF:0
BRH:0
end_of_record
TN:
SF:components\headers\profile-header.tsx
FN:23,ProfileHeader
FNF:1
FNH:0
FNDA:0,ProfileHeader
DA:31,0
DA:78,0
LF:2
LH:0
BRDA:58,0,0,0
BRDA:58,0,1,0
BRF:2
BRH:0
end_of_record
TN:
SF:components\headers\subscription-header.tsx
FN:23,SubscriptionHeader
FNF:1
FNH:0
FNDA:0,SubscriptionHeader
DA:31,0
DA:80,0
LF:2
LH:0
BRDA:40,0,0,0
BRDA:40,0,1,0
BRDA:60,1,0,0
BRDA:60,1,1,0
BRF:4
BRH:0
end_of_record
TN:
SF:components\home\savings-by-category.tsx
FN:11,SavingsByCategory
FN:16,(anonymous_1)
FN:31,(anonymous_2)
FN:56,(anonymous_3)
FN:61,(anonymous_4)
FN:64,(anonymous_5)
FN:96,(anonymous_6)
FN:168,(anonymous_7)
FNF:8
FNH:0
FNDA:0,SavingsByCategory
FNDA:0,(anonymous_1)
FNDA:0,(anonymous_2)
FNDA:0,(anonymous_3)
FNDA:0,(anonymous_4)
FNDA:0,(anonymous_5)
FNDA:0,(anonymous_6)
FNDA:0,(anonymous_7)
DA:11,0
DA:12,0
DA:13,0
DA:14,0
DA:16,0
DA:17,0
DA:18,0
DA:21,0
DA:22,0
DA:23,0
DA:25,0
DA:27,0
DA:29,0
DA:31,0
DA:34,0
DA:36,0
DA:37,0
DA:39,0
DA:40,0
DA:41,0
DA:42,0
DA:43,0
DA:45,0
DA:49,0
DA:50,0
DA:52,0
DA:56,0
DA:57,0
DA:61,0
DA:64,0
DA:65,0
DA:67,0
DA:68,0
DA:70,0
DA:71,0
DA:73,0
DA:74,0
DA:76,0
DA:77,0
DA:79,0
DA:80,0
DA:82,0
DA:83,0
DA:85,0
DA:86,0
DA:88,0
DA:89,0
DA:92,0
DA:96,0
DA:97,0
DA:107,0
DA:110,0
DA:111,0
DA:124,0
DA:125,0
DA:138,0
DA:139,0
DA:153,0
DA:169,0
DA:170,0
DA:171,0
DA:172,0
DA:174,0
DA:216,0
LF:64
LH:0
BRDA:17,0,0,0
BRDA:17,0,1,0
BRDA:39,1,0,0
BRDA:39,1,1,0
BRDA:40,2,0,0
BRDA:40,2,1,0
BRDA:42,3,0,0
BRDA:42,3,1,0
BRDA:61,4,0,0
BRDA:61,4,1,0
BRDA:67,5,0,0
BRDA:67,5,1,0
BRDA:67,6,0,0
BRDA:67,6,1,0
BRDA:70,7,0,0
BRDA:70,7,1,0
BRDA:70,8,0,0
BRDA:70,8,1,0
BRDA:70,8,2,0
BRDA:73,9,0,0
BRDA:73,9,1,0
BRDA:73,10,0,0
BRDA:73,10,1,0
BRDA:73,10,2,0
BRDA:76,11,0,0
BRDA:76,11,1,0
BRDA:76,12,0,0
BRDA:76,12,1,0
BRDA:76,12,2,0
BRDA:79,13,0,0
BRDA:79,13,1,0
BRDA:79,14,0,0
BRDA:79,14,1,0
BRDA:79,14,2,0
BRDA:82,15,0,0
BRDA:82,15,1,0
BRDA:82,16,0,0
BRDA:82,16,1,0
BRDA:85,17,0,0
BRDA:85,17,1,0
BRDA:85,18,0,0
BRDA:85,18,1,0
BRDA:85,18,2,0
BRDA:88,19,0,0
BRDA:88,19,1,0
BRDA:88,20,0,0
BRDA:88,20,1,0
BRDA:88,20,2,0
BRDA:110,21,0,0
BRDA:110,21,1,0
BRDA:124,22,0,0
BRDA:124,22,1,0
BRDA:138,23,0,0
BRDA:138,23,1,0
BRDA:169,24,0,0
BRDA:169,24,1,0
BRDA:170,25,0,0
BRDA:170,25,1,0
BRDA:172,26,0,0
BRDA:172,26,1,0
BRDA:181,27,0,0
BRDA:181,27,1,0
BRDA:182,28,0,0
BRDA:182,28,1,0
BRDA:182,29,0,0
BRDA:182,29,1,0
BRDA:184,30,0,0
BRDA:184,30,1,0
BRF:68
BRH:0
end_of_record
TN:
SF:components\home\user-transactions-history.tsx
FN:13,UserTransactionsHistory
FN:19,(anonymous_1)
FN:84,(anonymous_2)
FNF:3
FNH:0
FNDA:0,UserTransactionsHistory
FNDA:0,(anonymous_1)
FNDA:0,(anonymous_2)
DA:13,0
DA:19,0
DA:20,0
DA:21,0
DA:22,0
DA:23,0
DA:31,0
DA:35,0
DA:85,0
DA:86,0
DA:87,0
DA:88,0
DA:89,0
DA:90,0
DA:91,0
DA:93,0
DA:159,0
LF:17
LH:0
BRDA:20,0,0,0
BRDA:20,0,1,0
BRDA:48,1,0,0
BRDA:48,1,1,0
BRDA:53,2,0,0
BRDA:53,2,1,0
BRDA:58,3,0,0
BRDA:58,3,1,0
BRDA:70,4,0,0
BRDA:70,4,1,0
BRDA:85,5,0,0
BRDA:85,5,1,0
BRDA:85,5,2,0
BRDA:86,6,0,0
BRDA:86,6,1,0
BRDA:86,6,2,0
BRDA:87,7,0,0
BRDA:87,7,1,0
BRDA:87,7,2,0
BRDA:88,8,0,0
BRDA:88,8,1,0
BRDA:89,9,0,0
BRDA:89,9,1,0
BRDA:89,9,2,0
BRDA:89,9,3,0
BRDA:90,10,0,0
BRDA:90,10,1,0
BRDA:91,11,0,0
BRDA:91,11,1,0
BRDA:94,12,0,0
BRDA:94,12,1,0
BRDA:94,12,2,0
BRDA:114,13,0,0
BRDA:114,13,1,0
BRDA:129,14,0,0
BRDA:129,14,1,0
BRDA:137,15,0,0
BRDA:137,15,1,0
BRDA:142,16,0,0
BRDA:142,16,1,0
BRF:40
BRH:0
end_of_record
TN:
SF:components\neo\NeoCard.tsx
FN:13,NeoCard
FNF:1
FNH:0
FNDA:0,NeoCard
DA:14,0
DA:15,0
DA:22,0
DA:24,0
DA:36,0
LF:5
LH:0
BRDA:13,0,0,0
BRDA:14,1,0,0
BRDA:14,1,1,0
BRDA:22,2,0,0
BRDA:22,2,1,0
BRF:5
BRH:0
end_of_record
TN:
SF:components\neo\NeoChip.tsx
FN:12,NeoChip
FN:13,(anonymous_1)
FNF:2
FNH:0
FNDA:0,NeoChip
FNDA:0,(anonymous_1)
DA:13,0
DA:15,0
DA:16,0
DA:18,0
DA:19,0
DA:23,0
DA:25,0
DA:27,0
DA:29,0
DA:31,0
DA:35,0
DA:42,0
LF:12
LH:0
BRDA:12,0,0,0
BRDA:15,1,0,0
BRDA:15,1,1,0
BRDA:18,2,0,0
BRDA:18,2,1,0
BRDA:23,3,0,0
BRDA:23,3,1,0
BRDA:23,3,2,0
BRDA:23,3,3,0
BRF:9
BRH:0
end_of_record
TN:
SF:components\partners\partner-card.tsx
FN:39,PartnerCard
FN:42,(anonymous_1)
FN:49,(anonymous_2)
FN:56,(anonymous_3)
FN:60,(anonymous_4)
FNF:5
FNH:0
FNDA:0,PartnerCard
FNDA:0,(anonymous_1)
FNDA:0,(anonymous_2)
FNDA:0,(anonymous_3)
FNDA:0,(anonymous_4)
DA:40,0
DA:42,0
DA:43,0
DA:49,0
DA:50,0
DA:56,0
DA:57,0
DA:60,0
DA:61,0
DA:64,0
DA:159,0
LF:11
LH:0
BRDA:79,0,0,0
BRDA:79,0,1,0
BRDA:92,1,0,0
BRDA:92,1,1,0
BRDA:113,2,0,0
BRDA:113,2,1,0
BRDA:122,3,0,0
BRDA:122,3,1,0
BRDA:126,4,0,0
BRDA:126,4,1,0
BRDA:130,5,0,0
BRDA:130,5,1,0
BRDA:132,6,0,0
BRDA:132,6,1,0
BRDA:134,7,0,0
BRDA:134,7,1,0
BRDA:134,7,2,0
BRDA:147,8,0,0
BRDA:147,8,1,0
BRDA:147,8,2,0
BRF:20
BRH:0
end_of_record
TN:
SF:components\qr\qr-scanner.tsx
FN:24,QRScanner
FN:29,(anonymous_1)
FN:35,(anonymous_2)
FN:74,(anonymous_3)
FN:88,(anonymous_4)
FN:100,(anonymous_5)
FN:101,(anonymous_6)
FNF:7
FNH:0
FNDA:0,QRScanner
FNDA:0,(anonymous_1)
FNDA:0,(anonymous_2)
FNDA:0,(anonymous_3)
FNDA:0,(anonymous_4)
FNDA:0,(anonymous_5)
FNDA:0,(anonymous_6)
DA:25,0
DA:26,0
DA:27,0
DA:29,0
DA:30,0
DA:31,0
DA:35,0
DA:36,0
DA:38,0
DA:39,0
DA:40,0
DA:41,0
DA:42,0
DA:51,0
DA:54,0
DA:55,0
DA:56,0
DA:57,0
DA:58,0
DA:60,0
DA:61,0
DA:62,0
DA:66,0
DA:67,0
DA:68,0
DA:75,0
DA:76,0
DA:82,0
DA:88,0
DA:100,0
DA:101,0
DA:104,0
DA:105,0
DA:108,0
DA:109,0
DA:136,0
DA:192,0
LF:37
LH:0
BRDA:24,0,0,0
BRDA:30,1,0,0
BRDA:30,1,1,0
BRDA:30,2,0,0
BRDA:30,2,1,0
BRDA:36,3,0,0
BRDA:36,3,1,0
BRDA:44,4,0,0
BRDA:44,4,1,0
BRDA:54,5,0,0
BRDA:54,5,1,0
BRDA:66,6,0,0
BRDA:66,6,1,0
BRDA:66,7,0,0
BRDA:66,7,1,0
BRDA:101,8,0,0
BRDA:101,8,1,0
BRDA:104,9,0,0
BRDA:104,9,1,0
BRDA:108,10,0,0
BRDA:108,10,1,0
BRDA:153,11,0,0
BRDA:153,11,1,0
BRDA:182,12,0,0
BRDA:182,12,1,0
BRF:25
BRH:0
end_of_record
TN:
SF:components\ui\collapsible.tsx
FN:10,Collapsible
FN:18,(anonymous_1)
FN:18,(anonymous_2)
FNF:3
FNH:0
FNDA:0,Collapsible
FNDA:0,(anonymous_1)
FNDA:0,(anonymous_2)
DA:11,0
DA:12,0
DA:14,0
DA:18,0
DA:35,0
LF:5
LH:0
BRDA:12,0,0,0
BRDA:12,0,1,0
BRDA:24,1,0,0
BRDA:24,1,1,0
BRDA:25,2,0,0
BRDA:25,2,1,0
BRDA:30,3,0,0
BRDA:30,3,1,0
BRF:8
BRH:0
end_of_record
TN:
SF:components\ui\icon-symbol.ios.tsx
FN:4,IconSymbol
FNF:1
FNH:0
FNDA:0,IconSymbol
DA:17,0
LF:1
LH:0
BRDA:6,0,0,0
BRDA:9,1,0,0
BRF:2
BRH:0
end_of_record
TN:
SF:components\ui\icon-symbol.tsx
FN:28,IconSymbol
FNF:1
FNH:0
FNDA:0,IconSymbol
DA:16,0
DA:40,0
LF:2
LH:0
BRDA:30,0,0,0
BRF:1
BRH:0
end_of_record
TN:
SF:features\auth\types.ts
FNF:0
FNH:0
LF:0
LH:0
BRF:0
BRH:0
end_of_record
TN:
SF:features\auth\hooks\useAuth.ts
FNF:0
FNH:0
LF:0
LH:0
BRF:0
BRH:0
end_of_record
TN:
SF:features\auth\screens\ForgotPasswordScreen.tsx
FN:26,(anonymous_0)
FN:48,(anonymous_1)
FN:53,(anonymous_2)
FN:77,(anonymous_3)
FN:101,(anonymous_4)
FN:136,(anonymous_5)
FN:179,(anonymous_6)
FN:198,(anonymous_7)
FN:212,(anonymous_8)
FN:226,(anonymous_9)
FN:244,(anonymous_10)
FN:282,(anonymous_11)
FN:304,(anonymous_12)
FN:330,(anonymous_13)
FN:353,(anonymous_14)
FN:380,(anonymous_15)
FN:388,(anonymous_16)
FN:388,(anonymous_17)
FN:408,(anonymous_18)
FN:416,(anonymous_19)
FN:416,(anonymous_20)
FN:433,(anonymous_21)
FN:464,(anonymous_22)
FN:503,(anonymous_23)
FN:515,(anonymous_24)
FN:529,(anonymous_25)
FNF:26
FNH:0
FNDA:0,(anonymous_0)
FNDA:0,(anonymous_1)
FNDA:0,(anonymous_2)
FNDA:0,(anonymous_3)
FNDA:0,(anonymous_4)
FNDA:0,(anonymous_5)
FNDA:0,(anonymous_6)
FNDA:0,(anonymous_7)
FNDA:0,(anonymous_8)
FNDA:0,(anonymous_9)
FNDA:0,(anonymous_10)
FNDA:0,(anonymous_11)
FNDA:0,(anonymous_12)
FNDA:0,(anonymous_13)
FNDA:0,(anonymous_14)
FNDA:0,(anonymous_15)
FNDA:0,(anonymous_16)
FNDA:0,(anonymous_17)
FNDA:0,(anonymous_18)
FNDA:0,(anonymous_19)
FNDA:0,(anonymous_20)
FNDA:0,(anonymous_21)
FNDA:0,(anonymous_22)
FNDA:0,(anonymous_23)
FNDA:0,(anonymous_24)
FNDA:0,(anonymous_25)
DA:26,0
DA:28,0
DA:30,0
DA:31,0
DA:32,0
DA:33,0
DA:34,0
DA:35,0
DA:36,0
DA:37,0
DA:38,0
DA:39,0
DA:40,0
DA:41,0
DA:42,0
DA:43,0
DA:44,0
DA:45,0
DA:46,0
DA:48,0
DA:49,0
DA:50,0
DA:53,0
DA:54,0
DA:55,0
DA:57,0
DA:58,0
DA:59,0
DA:60,0
DA:63,0
DA:64,0
DA:65,0
DA:66,0
DA:67,0
DA:69,0
DA:70,0
DA:71,0
DA:73,0
DA:77,0
DA:78,0
DA:79,0
DA:81,0
DA:82,0
DA:83,0
DA:84,0
DA:87,0
DA:88,0
DA:89,0
DA:90,0
DA:91,0
DA:93,0
DA:94,0
DA:95,0
DA:97,0
DA:101,0
DA:102,0
DA:103,0
DA:105,0
DA:106,0
DA:107,0
DA:108,0
DA:111,0
DA:112,0
DA:113,0
DA:114,0
DA:116,0
DA:117,0
DA:118,0
DA:120,0
DA:122,0
DA:125,0
DA:126,0
DA:128,0
DA:129,0
DA:130,0
DA:132,0
DA:136,0
DA:137,0
DA:138,0
DA:139,0
DA:141,0
DA:142,0
DA:143,0
DA:145,0
DA:146,0
DA:148,0
DA:149,0
DA:152,0
DA:153,0
DA:154,0
DA:155,0
DA:158,0
DA:159,0
DA:160,0
DA:161,0
DA:164,0
DA:165,0
DA:168,0
DA:170,0
DA:171,0
DA:177,0
DA:178,0
DA:179,0
DA:181,0
DA:182,0
DA:183,0
DA:184,0
DA:185,0
DA:186,0
DA:188,0
DA:191,0
DA:194,0
DA:198,0
DA:199,0
DA:201,0
DA:203,0
DA:205,0
DA:208,0
DA:212,0
DA:213,0
DA:215,0
DA:217,0
DA:219,0
DA:222,0
DA:226,0
DA:227,0
DA:229,0
DA:245,0
DA:246,0
DA:247,0
DA:267,0
DA:283,0
DA:284,0
DA:285,0
DA:305,0
DA:306,0
DA:307,0
DA:315,0
DA:331,0
DA:332,0
DA:333,0
DA:354,0
DA:355,0
DA:356,0
DA:365,0
DA:381,0
DA:382,0
DA:383,0
DA:388,0
DA:409,0
DA:410,0
DA:411,0
DA:416,0
DA:434,0
DA:435,0
DA:436,0
DA:437,0
DA:447,0
DA:464,0
DA:503,0
DA:515,0
DA:529,0
DA:540,0
LF:163
LH:0
BRDA:57,0,0,0
BRDA:57,0,1,0
BRDA:81,1,0,0
BRDA:81,1,1,0
BRDA:105,2,0,0
BRDA:105,2,1,0
BRDA:105,3,0,0
BRDA:105,3,1,0
BRDA:116,4,0,0
BRDA:116,4,1,0
BRDA:141,5,0,0
BRDA:141,5,1,0
BRDA:141,6,0,0
BRDA:141,6,1,0
BRDA:142,7,0,0
BRDA:142,7,1,0
BRDA:145,8,0,0
BRDA:145,8,1,0
BRDA:152,9,0,0
BRDA:152,9,1,0
BRDA:158,10,0,0
BRDA:158,10,1,0
BRDA:168,11,0,0
BRDA:168,11,1,0
BRDA:182,12,0,0
BRDA:182,12,1,0
BRDA:183,13,0,0
BRDA:183,13,1,0
BRDA:183,14,0,0
BRDA:183,14,1,0
BRDA:183,14,2,0
BRDA:185,15,0,0
BRDA:185,15,1,0
BRDA:185,16,0,0
BRDA:185,16,1,0
BRDA:199,17,0,0
BRDA:199,17,1,0
BRDA:199,17,2,0
BRDA:199,17,3,0
BRDA:199,17,4,0
BRDA:213,18,0,0
BRDA:213,18,1,0
BRDA:213,18,2,0
BRDA:213,18,3,0
BRDA:213,18,4,0
BRDA:227,19,0,0
BRDA:227,19,1,0
BRDA:227,19,2,0
BRDA:227,19,3,0
BRDA:227,19,4,0
BRDA:233,20,0,0
BRDA:233,20,1,0
BRDA:237,21,0,0
BRDA:237,21,1,0
BRDA:254,22,0,0
BRDA:254,22,1,0
BRDA:258,23,0,0
BRDA:258,23,1,0
BRDA:271,24,0,0
BRDA:271,24,1,0
BRDA:275,25,0,0
BRDA:275,25,1,0
BRDA:291,26,0,0
BRDA:291,26,1,0
BRDA:295,27,0,0
BRDA:295,27,1,0
BRDA:319,28,0,0
BRDA:319,28,1,0
BRDA:323,29,0,0
BRDA:323,29,1,0
BRDA:340,30,0,0
BRDA:340,30,1,0
BRDA:344,31,0,0
BRDA:344,31,1,0
BRDA:369,32,0,0
BRDA:369,32,1,0
BRDA:373,33,0,0
BRDA:373,33,1,0
BRDA:389,34,0,0
BRDA:389,34,1,0
BRDA:392,35,0,0
BRDA:392,35,1,0
BRDA:397,36,0,0
BRDA:397,36,1,0
BRDA:401,37,0,0
BRDA:401,37,1,0
BRDA:417,38,0,0
BRDA:417,38,1,0
BRDA:420,39,0,0
BRDA:420,39,1,0
BRDA:424,40,0,0
BRDA:424,40,1,0
BRDA:457,41,0,0
BRDA:457,41,1,0
BRDA:458,42,0,0
BRDA:458,42,1,0
BRDA:498,43,0,0
BRDA:498,43,1,0
BRDA:510,44,0,0
BRDA:510,44,1,0
BRF:100
BRH:0
end_of_record
TN:
SF:features\auth\screens\LoginScreen.tsx
FN:27,LoginScreen
FN:44,(anonymous_1)
FN:47,(anonymous_2)
FN:64,(anonymous_3)
FN:78,(anonymous_4)
FN:84,(anonymous_5)
FN:166,(anonymous_6)
FN:226,(anonymous_7)
FN:245,(anonymous_8)
FN:268,(anonymous_9)
FN:275,(anonymous_10)
FN:275,(anonymous_11)
FN:287,(anonymous_12)
FN:312,(anonymous_13)
FN:370,(anonymous_14)
FNF:15
FNH:0
FNDA:0,LoginScreen
FNDA:0,(anonymous_1)
FNDA:0,(anonymous_2)
FNDA:0,(anonymous_3)
FNDA:0,(anonymous_4)
FNDA:0,(anonymous_5)
FNDA:0,(anonymous_6)
FNDA:0,(anonymous_7)
FNDA:0,(anonymous_8)
FNDA:0,(anonymous_9)
FNDA:0,(anonymous_10)
FNDA:0,(anonymous_11)
FNDA:0,(anonymous_12)
FNDA:0,(anonymous_13)
FNDA:0,(anonymous_14)
DA:28,0
DA:29,0
DA:30,0
DA:31,0
DA:32,0
DA:33,0
DA:34,0
DA:35,0
DA:36,0
DA:37,0
DA:38,0
DA:39,0
DA:42,0
DA:44,0
DA:45,0
DA:49,0
DA:50,0
DA:51,0
DA:59,0
DA:62,0
DA:65,0
DA:66,0
DA:68,0
DA:78,0
DA:79,0
DA:80,0
DA:84,0
DA:86,0
DA:87,0
DA:88,0
DA:90,0
DA:91,0
DA:92,0
DA:94,0
DA:95,0
DA:97,0
DA:98,0
DA:100,0
DA:101,0
DA:102,0
DA:103,0
DA:106,0
DA:118,0
DA:119,0
DA:121,0
DA:124,0
DA:125,0
DA:126,0
DA:128,0
DA:129,0
DA:130,0
DA:131,0
DA:132,0
DA:133,0
DA:134,0
DA:135,0
DA:136,0
DA:137,0
DA:138,0
DA:139,0
DA:141,0
DA:144,0
DA:149,0
DA:166,0
DA:227,0
DA:228,0
DA:229,0
DA:246,0
DA:247,0
DA:248,0
DA:269,0
DA:270,0
DA:271,0
DA:275,0
DA:287,0
DA:313,0
DA:314,0
DA:315,0
DA:316,0
DA:319,0
DA:331,0
DA:332,0
DA:334,0
DA:337,0
DA:338,0
DA:339,0
DA:340,0
DA:341,0
DA:342,0
DA:343,0
DA:344,0
DA:345,0
DA:346,0
DA:348,0
DA:351,0
DA:354,0
DA:370,0
DA:382,0
LF:98
LH:0
BRDA:46,0,0,0
BRDA:46,0,1,0
BRDA:49,1,0,0
BRDA:49,1,1,0
BRDA:63,2,0,0
BRDA:63,2,1,0
BRDA:90,3,0,0
BRDA:90,3,1,0
BRDA:90,4,0,0
BRDA:90,4,1,0
BRDA:91,5,0,0
BRDA:91,5,1,0
BRDA:94,6,0,0
BRDA:94,6,1,0
BRDA:106,7,0,0
BRDA:106,7,1,0
BRDA:106,7,2,0
BRDA:106,7,3,0
BRDA:106,7,4,0
BRDA:106,7,5,0
BRDA:106,7,6,0
BRDA:106,7,7,0
BRDA:106,7,8,0
BRDA:106,7,9,0
BRDA:118,8,0,0
BRDA:118,8,1,0
BRDA:126,9,0,0
BRDA:126,9,1,0
BRDA:128,10,0,0
BRDA:128,10,1,0
BRDA:128,11,0,0
BRDA:128,11,1,0
BRDA:128,11,2,0
BRDA:131,12,0,0
BRDA:131,12,1,0
BRDA:131,13,0,0
BRDA:131,13,1,0
BRDA:131,13,2,0
BRDA:131,13,3,0
BRDA:134,14,0,0
BRDA:134,14,1,0
BRDA:134,15,0,0
BRDA:134,15,1,0
BRDA:134,15,2,0
BRDA:134,15,3,0
BRDA:136,16,0,0
BRDA:136,16,1,0
BRDA:136,17,0,0
BRDA:136,17,1,0
BRDA:138,18,0,0
BRDA:138,18,1,0
BRDA:138,19,0,0
BRDA:138,19,1,0
BRDA:159,20,0,0
BRDA:159,20,1,0
BRDA:160,21,0,0
BRDA:160,21,1,0
BRDA:187,22,0,0
BRDA:187,22,1,0
BRDA:213,23,0,0
BRDA:213,23,1,0
BRDA:218,24,0,0
BRDA:218,24,1,0
BRDA:221,25,0,0
BRDA:221,25,1,0
BRDA:238,26,0,0
BRDA:238,26,1,0
BRDA:239,27,0,0
BRDA:239,27,1,0
BRDA:254,28,0,0
BRDA:254,28,1,0
BRDA:261,29,0,0
BRDA:261,29,1,0
BRDA:262,30,0,0
BRDA:262,30,1,0
BRDA:276,31,0,0
BRDA:276,31,1,0
BRDA:279,32,0,0
BRDA:279,32,1,0
BRDA:311,33,0,0
BRDA:311,33,1,0
BRDA:319,34,0,0
BRDA:319,34,1,0
BRDA:319,34,2,0
BRDA:319,34,3,0
BRDA:319,34,4,0
BRDA:319,34,5,0
BRDA:319,34,6,0
BRDA:319,34,7,0
BRDA:319,34,8,0
BRDA:319,34,9,0
BRDA:331,35,0,0
BRDA:331,35,1,0
BRDA:338,36,0,0
BRDA:338,36,1,0
BRDA:339,37,0,0
BRDA:339,37,1,0
BRDA:339,38,0,0
BRDA:339,38,1,0
BRDA:341,39,0,0
BRDA:341,39,1,0
BRDA:341,40,0,0
BRDA:341,40,1,0
BRDA:343,41,0,0
BRDA:343,41,1,0
BRDA:343,42,0,0
BRDA:343,42,1,0
BRDA:345,43,0,0
BRDA:345,43,1,0
BRDA:362,44,0,0
BRDA:362,44,1,0
BRF:111
BRH:0
end_of_record
TN:
SF:features\auth\screens\SignupScreen.tsx
FN:31,(anonymous_0)
FN:54,SignupScreen
FN:65,(anonymous_2)
FN:68,(anonymous_3)
FN:85,(anonymous_4)
FN:99,(anonymous_5)
FN:139,(anonymous_6)
FN:150,(anonymous_7)
FN:199,(anonymous_8)
FN:234,(anonymous_9)
FN:236,(anonymous_10)
FN:246,(anonymous_11)
FN:253,(anonymous_12)
FN:268,(anonymous_13)
FN:314,(anonymous_14)
FN:360,(anonymous_15)
FN:421,(anonymous_16)
FN:428,(anonymous_17)
FN:467,(anonymous_18)
FN:492,(anonymous_19)
FN:518,(anonymous_20)
FN:544,(anonymous_21)
FN:576,(anonymous_22)
FN:583,(anonymous_23)
FN:583,(anonymous_24)
FN:638,(anonymous_25)
FN:645,(anonymous_26)
FN:645,(anonymous_27)
FN:678,(anonymous_28)
FN:697,(anonymous_29)
FN:716,(anonymous_30)
FN:737,(anonymous_31)
FN:756,(anonymous_32)
FNF:33
FNH:0
FNDA:0,(anonymous_0)
FNDA:0,SignupScreen
FNDA:0,(anonymous_2)
FNDA:0,(anonymous_3)
FNDA:0,(anonymous_4)
FNDA:0,(anonymous_5)
FNDA:0,(anonymous_6)
FNDA:0,(anonymous_7)
FNDA:0,(anonymous_8)
FNDA:0,(anonymous_9)
FNDA:0,(anonymous_10)
FNDA:0,(anonymous_11)
FNDA:0,(anonymous_12)
FNDA:0,(anonymous_13)
FNDA:0,(anonymous_14)
FNDA:0,(anonymous_15)
FNDA:0,(anonymous_16)
FNDA:0,(anonymous_17)
FNDA:0,(anonymous_18)
FNDA:0,(anonymous_19)
FNDA:0,(anonymous_20)
FNDA:0,(anonymous_21)
FNDA:0,(anonymous_22)
FNDA:0,(anonymous_23)
FNDA:0,(anonymous_24)
FNDA:0,(anonymous_25)
FNDA:0,(anonymous_26)
FNDA:0,(anonymous_27)
FNDA:0,(anonymous_28)
FNDA:0,(anonymous_29)
FNDA:0,(anonymous_30)
FNDA:0,(anonymous_31)
FNDA:0,(anonymous_32)
DA:31,0
DA:33,0
DA:36,0
DA:37,0
DA:38,0
DA:39,0
DA:40,0
DA:44,0
DA:45,0
DA:49,0
DA:55,0
DA:56,0
DA:57,0
DA:60,0
DA:63,0
DA:65,0
DA:66,0
DA:70,0
DA:71,0
DA:72,0
DA:80,0
DA:83,0
DA:86,0
DA:87,0
DA:89,0
DA:99,0
DA:100,0
DA:101,0
DA:104,0
DA:105,0
DA:106,0
DA:107,0
DA:108,0
DA:109,0
DA:112,0
DA:113,0
DA:114,0
DA:115,0
DA:116,0
DA:119,0
DA:122,0
DA:123,0
DA:124,0
DA:125,0
DA:126,0
DA:127,0
DA:128,0
DA:129,0
DA:130,0
DA:131,0
DA:132,0
DA:134,0
DA:135,0
DA:136,0
DA:137,0
DA:139,0
DA:140,0
DA:141,0
DA:142,0
DA:143,0
DA:144,0
DA:145,0
DA:146,0
DA:147,0
DA:150,0
DA:151,0
DA:153,0
DA:154,0
DA:155,0
DA:158,0
DA:159,0
DA:160,0
DA:163,0
DA:164,0
DA:165,0
DA:166,0
DA:167,0
DA:168,0
DA:171,0
DA:172,0
DA:173,0
DA:174,0
DA:175,0
DA:176,0
DA:177,0
DA:179,0
DA:180,0
DA:181,0
DA:182,0
DA:184,0
DA:185,0
DA:186,0
DA:187,0
DA:192,0
DA:193,0
DA:196,0
DA:199,0
DA:200,0
DA:202,0
DA:203,0
DA:204,0
DA:205,0
DA:206,0
DA:207,0
DA:208,0
DA:209,0
DA:210,0
DA:211,0
DA:212,0
DA:213,0
DA:214,0
DA:215,0
DA:216,0
DA:219,0
DA:220,0
DA:221,0
DA:222,0
DA:223,0
DA:224,0
DA:227,0
DA:228,0
DA:231,0
DA:234,0
DA:235,0
DA:236,0
DA:238,0
DA:239,0
DA:240,0
DA:243,0
DA:246,0
DA:247,0
DA:248,0
DA:249,0
DA:253,0
DA:254,0
DA:255,0
DA:257,0
DA:258,0
DA:259,0
DA:260,0
DA:263,0
DA:264,0
DA:268,0
DA:269,0
DA:271,0
DA:272,0
DA:273,0
DA:275,0
DA:276,0
DA:277,0
DA:280,0
DA:281,0
DA:282,0
DA:285,0
DA:286,0
DA:287,0
DA:290,0
DA:291,0
DA:292,0
DA:309,0
DA:311,0
DA:314,0
DA:317,0
DA:318,0
DA:320,0
DA:323,0
DA:324,0
DA:325,0
DA:326,0
DA:327,0
DA:328,0
DA:329,0
DA:330,0
DA:331,0
DA:332,0
DA:333,0
DA:335,0
DA:338,0
DA:343,0
DA:360,0
DA:421,0
DA:429,0
DA:468,0
DA:469,0
DA:470,0
DA:493,0
DA:494,0
DA:495,0
DA:519,0
DA:520,0
DA:521,0
DA:545,0
DA:546,0
DA:547,0
DA:548,0
DA:577,0
DA:578,0
DA:579,0
DA:583,0
DA:639,0
DA:640,0
DA:641,0
DA:645,0
DA:679,0
DA:680,0
DA:681,0
DA:698,0
DA:699,0
DA:700,0
DA:717,0
DA:718,0
DA:719,0
DA:738,0
DA:739,0
DA:740,0
DA:757,0
DA:758,0
DA:759,0
DA:853,0
LF:219
LH:0
BRDA:36,0,0,0
BRDA:36,0,1,0
BRDA:44,1,0,0
BRDA:44,1,1,0
BRDA:44,2,0,0
BRDA:44,2,1,0
BRDA:67,3,0,0
BRDA:67,3,1,0
BRDA:70,4,0,0
BRDA:70,4,1,0
BRDA:84,5,0,0
BRDA:84,5,1,0
BRDA:153,6,0,0
BRDA:153,6,1,0
BRDA:158,7,0,0
BRDA:158,7,1,0
BRDA:163,8,0,0
BRDA:163,8,1,0
BRDA:166,9,0,0
BRDA:166,9,1,0
BRDA:172,10,0,0
BRDA:172,10,1,0
BRDA:175,11,0,0
BRDA:175,11,1,0
BRDA:180,12,0,0
BRDA:180,12,1,0
BRDA:185,13,0,0
BRDA:185,13,1,0
BRDA:192,14,0,0
BRDA:192,14,1,0
BRDA:202,15,0,0
BRDA:202,15,1,0
BRDA:205,16,0,0
BRDA:205,16,1,0
BRDA:208,17,0,0
BRDA:208,17,1,0
BRDA:211,18,0,0
BRDA:211,18,1,0
BRDA:214,19,0,0
BRDA:214,19,1,0
BRDA:219,20,0,0
BRDA:219,20,1,0
BRDA:222,21,0,0
BRDA:222,21,1,0
BRDA:222,22,0,0
BRDA:222,22,1,0
BRDA:222,22,2,0
BRDA:227,23,0,0
BRDA:227,23,1,0
BRDA:238,24,0,0
BRDA:238,24,1,0
BRDA:248,25,0,0
BRDA:248,25,1,0
BRDA:257,26,0,0
BRDA:257,26,1,0
BRDA:259,27,0,0
BRDA:259,27,1,0
BRDA:263,28,0,0
BRDA:263,28,1,0
BRDA:263,29,0,0
BRDA:263,29,1,0
BRDA:275,30,0,0
BRDA:275,30,1,0
BRDA:280,31,0,0
BRDA:280,31,1,0
BRDA:285,32,0,0
BRDA:285,32,1,0
BRDA:317,33,0,0
BRDA:317,33,1,0
BRDA:324,34,0,0
BRDA:324,34,1,0
BRDA:325,35,0,0
BRDA:325,35,1,0
BRDA:325,36,0,0
BRDA:325,36,1,0
BRDA:325,36,2,0
BRDA:325,36,3,0
BRDA:328,37,0,0
BRDA:328,37,1,0
BRDA:328,38,0,0
BRDA:328,38,1,0
BRDA:328,38,2,0
BRDA:330,39,0,0
BRDA:330,39,1,0
BRDA:330,40,0,0
BRDA:330,40,1,0
BRDA:330,40,2,0
BRDA:332,41,0,0
BRDA:332,41,1,0
BRDA:332,42,0,0
BRDA:332,42,1,0
BRDA:353,43,0,0
BRDA:353,43,1,0
BRDA:354,44,0,0
BRDA:354,44,1,0
BRDA:357,45,0,0
BRDA:357,45,1,0
BRDA:365,46,0,0
BRDA:365,46,1,0
BRDA:383,47,0,0
BRDA:383,47,1,0
BRDA:405,48,0,0
BRDA:405,48,1,0
BRDA:409,49,0,0
BRDA:409,49,1,0
BRDA:414,50,0,0
BRDA:414,50,1,0
BRDA:417,51,0,0
BRDA:417,51,1,0
BRDA:433,52,0,0
BRDA:433,52,1,0
BRDA:439,53,0,0
BRDA:439,53,1,0
BRDA:442,54,0,0
BRDA:442,54,1,0
BRDA:445,55,0,0
BRDA:445,55,1,0
BRDA:451,56,0,0
BRDA:451,56,1,0
BRDA:460,57,0,0
BRDA:460,57,1,0
BRDA:461,58,0,0
BRDA:461,58,1,0
BRDA:475,59,0,0
BRDA:475,59,1,0
BRDA:485,60,0,0
BRDA:485,60,1,0
BRDA:486,61,0,0
BRDA:486,61,1,0
BRDA:500,62,0,0
BRDA:500,62,1,0
BRDA:511,63,0,0
BRDA:511,63,1,0
BRDA:512,64,0,0
BRDA:512,64,1,0
BRDA:527,65,0,0
BRDA:527,65,1,0
BRDA:537,66,0,0
BRDA:537,66,1,0
BRDA:538,67,0,0
BRDA:538,67,1,0
BRDA:553,68,0,0
BRDA:553,68,1,0
BRDA:563,69,0,0
BRDA:563,69,1,0
BRDA:569,70,0,0
BRDA:569,70,1,0
BRDA:570,71,0,0
BRDA:570,71,1,0
BRDA:584,72,0,0
BRDA:584,72,1,0
BRDA:587,73,0,0
BRDA:587,73,1,0
BRDA:598,74,0,0
BRDA:598,74,1,0
BRDA:600,75,0,0
BRDA:600,75,1,0
BRDA:602,76,0,0
BRDA:602,76,1,0
BRDA:608,77,0,0
BRDA:608,77,1,0
BRDA:610,78,0,0
BRDA:610,78,1,0
BRDA:612,79,0,0
BRDA:612,79,1,0
BRDA:618,80,0,0
BRDA:618,80,1,0
BRDA:620,81,0,0
BRDA:620,81,1,0
BRDA:622,82,0,0
BRDA:622,82,1,0
BRDA:631,83,0,0
BRDA:631,83,1,0
BRDA:632,84,0,0
BRDA:632,84,1,0
BRDA:646,85,0,0
BRDA:646,85,1,0
BRDA:649,86,0,0
BRDA:649,86,1,0
BRDA:659,87,0,0
BRDA:659,87,1,0
BRDA:662,88,0,0
BRDA:662,88,1,0
BRDA:770,89,0,0
BRDA:770,89,1,0
BRDA:777,90,0,0
BRDA:777,90,1,0
BRDA:778,91,0,0
BRDA:778,91,1,0
BRDA:779,92,0,0
BRDA:779,92,1,0
BRF:191
BRH:0
end_of_record
TN:
SF:features\auth\services\authApi.ts
FN:5,(anonymous_0)
FN:15,(anonymous_1)
FN:25,(anonymous_2)
FN:34,(anonymous_3)
FN:45,(anonymous_4)
FNF:5
FNH:0
FNDA:0,(anonymous_0)
FNDA:0,(anonymous_1)
FNDA:0,(anonymous_2)
FNDA:0,(anonymous_3)
FNDA:0,(anonymous_4)
DA:4,0
DA:6,0
DA:7,0
DA:8,0
DA:10,0
DA:11,0
DA:16,0
DA:17,0
DA:18,0
DA:20,0
DA:21,0
DA:26,0
DA:27,0
DA:29,0
DA:30,0
DA:35,0
DA:38,0
DA:40,0
DA:41,0
DA:46,0
DA:47,0
DA:48,0
DA:50,0
DA:51,0
LF:24
LH:0
BRF:0
BRH:0
end_of_record
TN:
SF:features\history\types.ts
FNF:0
FNH:0
LF:0
LH:0
BRF:0
BRH:0
end_of_record
TN:
SF:features\history\components\HistoryHeader.tsx
FN:10,(anonymous_0)
FNF:1
FNH:0
FNDA:0,(anonymous_0)
DA:10,0
DA:11,0
DA:23,0
LF:3
LH:0
BRDA:15,0,0,0
BRDA:15,0,1,0
BRDA:15,1,0,0
BRDA:15,1,1,0
BRDA:16,2,0,0
BRDA:16,2,1,0
BRF:6
BRH:0
end_of_record
TN:
SF:features\history\hooks\useHistory.ts
FN:6,(anonymous_0)
FN:12,(anonymous_1)
FN:33,(anonymous_2)
FNF:3
FNH:0
FNDA:0,(anonymous_0)
FNDA:0,(anonymous_1)
FNDA:0,(anonymous_2)
DA:6,0
DA:7,0
DA:8,0
DA:9,0
DA:10,0
DA:12,0
DA:13,0
DA:14,0
DA:15,0
DA:16,0
DA:19,0
DA:20,0
DA:21,0
DA:22,0
DA:23,0
DA:25,0
DA:26,0
DA:27,0
DA:29,0
DA:33,0
DA:34,0
DA:37,0
LF:22
LH:0
BRDA:13,0,0,0
BRDA:13,0,1,0
BRDA:22,1,0,0
BRDA:22,1,1,0
BRDA:23,2,0,0
BRDA:23,2,1,0
BRDA:25,3,0,0
BRDA:25,3,1,0
BRF:8
BRH:0
end_of_record
TN:
SF:features\history\screens\HistoryScreen.tsx
FN:14,HistoryScreen
FN:21,(anonymous_1)
FN:64,(anonymous_2)
FNF:3
FNH:0
FNDA:0,HistoryScreen
FNDA:0,(anonymous_1)
FNDA:0,(anonymous_2)
DA:15,0
DA:16,0
DA:17,0
DA:18,0
DA:19,0
DA:21,0
DA:22,0
DA:23,0
DA:24,0
DA:25,0
DA:28,0
DA:29,0
DA:30,0
DA:32,0
DA:34,0
DA:39,0
DA:41,0
DA:43,0
DA:45,0
DA:46,0
DA:47,0
DA:48,0
DA:49,0
DA:50,0
DA:51,0
DA:52,0
DA:54,0
DA:58,0
DA:60,0
DA:64,0
DA:65,0
DA:66,0
DA:70,0
DA:106,0
LF:34
LH:0
BRDA:22,0,0,0
BRDA:22,0,1,0
BRDA:41,1,0,0
BRDA:41,1,1,0
BRDA:46,2,0,0
BRDA:46,2,1,0
BRDA:47,3,0,0
BRDA:47,3,1,0
BRDA:49,4,0,0
BRDA:49,4,1,0
BRDA:51,5,0,0
BRDA:51,5,1,0
BRDA:65,6,0,0
BRDA:65,6,1,0
BRDA:90,7,0,0
BRDA:90,7,1,0
BRF:16
BRH:0
end_of_record
TN:
SF:features\history\services\historyApi.ts
FN:5,(anonymous_0)
FNF:1
FNH:0
FNDA:0,(anonymous_0)
DA:4,0
DA:9,0
DA:10,0
DA:11,0
DA:13,0
DA:14,0
LF:6
LH:0
BRDA:7,0,0,0
BRF:1
BRH:0
end_of_record
TN:
SF:features\home\types.ts
FNF:0
FNH:0
LF:0
LH:0
BRF:0
BRH:0
end_of_record
TN:
SF:features\home\components\HomeQRCodeCard.tsx
FN:33,(anonymous_0)
FNF:1
FNH:0
FNDA:0,(anonymous_0)
DA:33,0
DA:47,0
DA:181,0
LF:3
LH:0
BRDA:63,0,0,0
BRDA:63,0,1,0
BRDA:69,1,0,0
BRDA:69,1,1,0
BRDA:69,1,2,0
BRDA:81,2,0,0
BRDA:81,2,1,0
BRDA:88,3,0,0
BRDA:88,3,1,0
BRDA:93,4,0,0
BRDA:93,4,1,0
BRDA:105,5,0,0
BRDA:105,5,1,0
BRDA:117,6,0,0
BRDA:117,6,1,0
BRDA:122,7,0,0
BRDA:122,7,1,0
BRDA:130,8,0,0
BRDA:130,8,1,0
BRDA:133,9,0,0
BRDA:133,9,1,0
BRDA:136,10,0,0
BRDA:136,10,1,0
BRDA:143,11,0,0
BRDA:143,11,1,0
BRDA:149,12,0,0
BRDA:149,12,1,0
BRDA:159,13,0,0
BRDA:159,13,1,0
BRF:29
BRH:0
end_of_record
TN:
SF:features\home\components\HomeQuickActions.tsx
FN:7,(anonymous_0)
FN:12,(anonymous_1)
FN:24,(anonymous_2)
FN:36,(anonymous_3)
FNF:4
FNH:0
FNDA:0,(anonymous_0)
FNDA:0,(anonymous_1)
FNDA:0,(anonymous_2)
FNDA:0,(anonymous_3)
DA:7,0
DA:8,0
DA:12,0
DA:24,0
DA:36,0
DA:49,0
LF:6
LH:0
BRF:0
BRH:0
end_of_record
TN:
SF:features\home\components\HomeStatsCards.tsx
FN:11,(anonymous_0)
FNF:1
FNH:0
FNDA:0,(anonymous_0)
DA:11,0
DA:15,0
DA:36,0
LF:3
LH:0
BRDA:12,0,0,0
BRDA:13,1,0,0
BRF:2
BRH:0
end_of_record
TN:
SF:features\home\components\HomeWelcomeHeader.tsx
FN:26,arrayBufferToBase64
FN:50,(anonymous_1)
FN:56,(anonymous_2)
FN:106,(anonymous_3)
FN:107,(anonymous_4)
FN:147,(anonymous_5)
FN:154,(anonymous_6)
FN:178,(anonymous_7)
FN:184,(anonymous_8)
FN:189,(anonymous_9)
FN:202,(anonymous_10)
FNF:11
FNH:0
FNDA:0,arrayBufferToBase64
FNDA:0,(anonymous_1)
FNDA:0,(anonymous_2)
FNDA:0,(anonymous_3)
FNDA:0,(anonymous_4)
FNDA:0,(anonymous_5)
FNDA:0,(anonymous_6)
FNDA:0,(anonymous_7)
FNDA:0,(anonymous_8)
FNDA:0,(anonymous_9)
FNDA:0,(anonymous_10)
DA:27,0
DA:28,0
DA:29,0
DA:31,0
DA:32,0
DA:33,0
DA:34,0
DA:35,0
DA:36,0
DA:37,0
DA:39,0
DA:40,0
DA:41,0
DA:42,0
DA:43,0
DA:45,0
DA:48,0
DA:50,0
DA:51,0
DA:52,0
DA:53,0
DA:56,0
DA:57,0
DA:58,0
DA:59,0
DA:60,0
DA:64,0
DA:66,0
DA:67,0
DA:68,0
DA:75,0
DA:76,0
DA:77,0
DA:78,0
DA:79,0
DA:82,0
DA:88,0
DA:89,0
DA:90,0
DA:91,0
DA:92,0
DA:96,0
DA:100,0
DA:102,0
DA:106,0
DA:107,0
DA:108,0
DA:111,0
DA:112,0
DA:113,0
DA:117,0
DA:118,0
DA:119,0
DA:120,0
DA:121,0
DA:126,0
DA:130,0
DA:131,0
DA:132,0
DA:134,0
DA:148,0
DA:149,0
DA:151,0
DA:154,0
DA:178,0
DA:184,0
DA:189,0
DA:203,0
DA:204,0
DA:219,0
LF:70
LH:0
BRDA:36,0,0,0
BRDA:36,0,1,0
BRDA:37,1,0,0
BRDA:37,1,1,0
BRDA:42,2,0,0
BRDA:42,2,1,0
BRDA:43,3,0,0
BRDA:43,3,1,0
BRDA:59,4,0,0
BRDA:59,4,1,0
BRDA:64,5,0,0
BRDA:64,5,1,0
BRDA:66,6,0,0
BRDA:66,6,1,0
BRDA:75,7,0,0
BRDA:75,7,1,0
BRDA:88,8,0,0
BRDA:88,8,1,0
BRDA:108,9,0,0
BRDA:108,9,1,0
BRDA:111,10,0,0
BRDA:111,10,1,0
BRDA:117,11,0,0
BRDA:117,11,1,0
BRDA:118,12,0,0
BRDA:118,12,1,0
BRDA:120,13,0,0
BRDA:120,13,1,0
BRDA:130,14,0,0
BRDA:130,14,1,0
BRDA:130,14,2,0
BRDA:131,15,0,0
BRDA:131,15,1,0
BRDA:131,16,0,0
BRDA:131,16,1,0
BRDA:132,17,0,0
BRDA:132,17,1,0
BRDA:140,18,0,0
BRDA:140,18,1,0
BRDA:140,19,0,0
BRDA:140,19,1,0
BRDA:148,20,0,0
BRDA:148,20,1,0
BRDA:156,21,0,0
BRDA:156,21,1,0
BRDA:193,22,0,0
BRDA:193,22,1,0
BRF:47
BRH:0
end_of_record
TN:
SF:features\home\hooks\useHome.optimized.ts
FN:17,(anonymous_0)
FN:21,(anonymous_1)
FN:46,(anonymous_2)
FN:51,(anonymous_3)
FN:62,(anonymous_4)
FN:84,(anonymous_5)
FN:91,(anonymous_6)
FN:100,(anonymous_7)
FN:123,(anonymous_8)
FNF:9
FNH:0
FNDA:0,(anonymous_0)
FNDA:0,(anonymous_1)
FNDA:0,(anonymous_2)
FNDA:0,(anonymous_3)
FNDA:0,(anonymous_4)
FNDA:0,(anonymous_5)
FNDA:0,(anonymous_6)
FNDA:0,(anonymous_7)
FNDA:0,(anonymous_8)
DA:17,0
DA:18,0
DA:21,0
DA:22,0
DA:28,0
DA:29,0
DA:30,0
DA:31,0
DA:38,0
DA:47,0
DA:48,0
DA:49,0
DA:52,0
DA:54,0
DA:55,0
DA:62,0
DA:63,0
DA:64,0
DA:65,0
DA:68,0
DA:69,0
DA:71,0
DA:74,0
DA:75,0
DA:76,0
DA:80,0
DA:84,0
DA:85,0
DA:86,0
DA:91,0
DA:92,0
DA:93,0
DA:94,0
DA:95,0
DA:96,0
DA:100,0
DA:101,0
DA:109,0
DA:123,0
DA:124,0
DA:125,0
DA:126,0
DA:127,0
DA:129,0
DA:132,0
LF:45
LH:0
BRDA:22,0,0,0
BRDA:22,0,1,0
BRDA:54,1,0,0
BRDA:54,1,1,0
BRDA:63,2,0,0
BRDA:63,2,1,0
BRDA:85,3,0,0
BRDA:85,3,1,0
BRDA:92,4,0,0
BRDA:92,4,1,0
BRDA:124,5,0,0
BRDA:124,5,1,0
BRDA:125,6,0,0
BRDA:125,6,1,0
BRDA:126,7,0,0
BRDA:126,7,1,0
BRDA:126,8,0,0
BRDA:126,8,1,0
BRDA:134,9,0,0
BRDA:134,9,1,0
BRDA:135,10,0,0
BRDA:135,10,1,0
BRDA:135,10,2,0
BRF:23
BRH:0
end_of_record
TN:
SF:features\home\hooks\useHome.ts
FN:6,(anonymous_0)
FN:14,(anonymous_1)
FN:31,(anonymous_2)
FN:45,(anonymous_3)
FNF:4
FNH:0
FNDA:0,(anonymous_0)
FNDA:0,(anonymous_1)
FNDA:0,(anonymous_2)
FNDA:0,(anonymous_3)
DA:6,0
DA:7,0
DA:8,0
DA:9,0
DA:10,0
DA:11,0
DA:12,0
DA:14,0
DA:15,0
DA:17,0
DA:18,0
DA:19,0
DA:20,0
DA:21,0
DA:23,0
DA:24,0
DA:25,0
DA:27,0
DA:31,0
DA:32,0
DA:34,0
DA:35,0
DA:36,0
DA:37,0
DA:39,0
DA:41,0
DA:45,0
DA:46,0
DA:47,0
DA:50,0
LF:30
LH:0
BRDA:15,0,0,0
BRDA:15,0,1,0
BRDA:23,1,0,0
BRDA:23,1,1,0
BRDA:32,2,0,0
BRDA:32,2,1,0
BRF:6
BRH:0
end_of_record
TN:
SF:features\home\screens\HomeScreen.tsx
FN:21,HomeScreen
FN:38,(anonymous_1)
FN:58,(anonymous_2)
FN:71,(anonymous_3)
FN:85,(anonymous_4)
FN:99,(anonymous_5)
FN:146,(anonymous_6)
FN:147,(anonymous_7)
FN:154,(anonymous_8)
FN:167,(anonymous_9)
FN:169,(anonymous_10)
FN:184,(anonymous_11)
FN:199,(anonymous_12)
FN:220,(anonymous_13)
FN:226,(anonymous_14)
FN:231,(anonymous_15)
FN:236,(anonymous_16)
FN:280,(anonymous_17)
FN:287,(anonymous_18)
FN:456,(anonymous_19)
FN:480,(anonymous_20)
FN:519,(anonymous_21)
FN:535,(anonymous_22)
FN:536,(anonymous_23)
FN:537,(anonymous_24)
FNF:25
FNH:0
FNDA:0,HomeScreen
FNDA:0,(anonymous_1)
FNDA:0,(anonymous_2)
FNDA:0,(anonymous_3)
FNDA:0,(anonymous_4)
FNDA:0,(anonymous_5)
FNDA:0,(anonymous_6)
FNDA:0,(anonymous_7)
FNDA:0,(anonymous_8)
FNDA:0,(anonymous_9)
FNDA:0,(anonymous_10)
FNDA:0,(anonymous_11)
FNDA:0,(anonymous_12)
FNDA:0,(anonymous_13)
FNDA:0,(anonymous_14)
FNDA:0,(anonymous_15)
FNDA:0,(anonymous_16)
FNDA:0,(anonymous_17)
FNDA:0,(anonymous_18)
FNDA:0,(anonymous_19)
FNDA:0,(anonymous_20)
FNDA:0,(anonymous_21)
FNDA:0,(anonymous_22)
FNDA:0,(anonymous_23)
FNDA:0,(anonymous_24)
DA:22,0
DA:23,0
DA:24,0
DA:25,0
DA:26,0
DA:27,0
DA:28,0
DA:29,0
DA:30,0
DA:33,0
DA:34,0
DA:35,0
DA:38,0
DA:40,0
DA:51,0
DA:53,0
DA:58,0
DA:59,0
DA:60,0
DA:61,0
DA:62,0
DA:63,0
DA:64,0
DA:65,0
DA:68,0
DA:69,0
DA:71,0
DA:72,0
DA:76,0
DA:77,0
DA:78,0
DA:80,0
DA:85,0
DA:86,0
DA:88,0
DA:89,0
DA:95,0
DA:99,0
DA:100,0
DA:101,0
DA:102,0
DA:104,0
DA:105,0
DA:112,0
DA:116,0
DA:117,0
DA:121,0
DA:122,0
DA:124,0
DA:127,0
DA:129,0
DA:130,0
DA:131,0
DA:132,0
DA:133,0
DA:135,0
DA:138,0
DA:139,0
DA:142,0
DA:146,0
DA:147,0
DA:149,0
DA:150,0
DA:152,0
DA:154,0
DA:156,0
DA:160,0
DA:161,0
DA:166,0
DA:169,0
DA:170,0
DA:171,0
DA:174,0
DA:175,0
DA:176,0
DA:179,0
DA:180,0
DA:181,0
DA:182,0
DA:184,0
DA:185,0
DA:187,0
DA:189,0
DA:190,0
DA:194,0
DA:199,0
DA:200,0
DA:201,0
DA:204,0
DA:205,0
DA:206,0
DA:209,0
DA:210,0
DA:211,0
DA:212,0
DA:216,0
DA:218,0
DA:220,0
DA:221,0
DA:222,0
DA:226,0
DA:227,0
DA:231,0
DA:232,0
DA:236,0
DA:237,0
DA:238,0
DA:241,0
DA:242,0
DA:243,0
DA:245,0
DA:247,0
DA:252,0
DA:257,0
DA:259,0
DA:260,0
DA:262,0
DA:263,0
DA:264,0
DA:265,0
DA:266,0
DA:268,0
DA:272,0
DA:273,0
DA:275,0
DA:280,0
DA:281,0
DA:282,0
DA:287,0
DA:288,0
DA:289,0
DA:290,0
DA:293,0
DA:294,0
DA:295,0
DA:296,0
DA:304,0
DA:306,0
DA:308,0
DA:309,0
DA:310,0
DA:313,0
DA:427,0
DA:430,0
DA:435,0
DA:438,0
DA:444,0
DA:446,0
DA:447,0
DA:448,0
DA:449,0
DA:451,0
DA:452,0
DA:456,0
DA:457,0
DA:458,0
DA:459,0
DA:460,0
DA:461,0
DA:464,0
DA:469,0
DA:470,0
DA:481,0
DA:482,0
DA:483,0
DA:488,0
DA:499,0
DA:519,0
DA:535,0
DA:536,0
DA:537,0
DA:547,0
LF:172
LH:0
BRDA:40,0,0,0
BRDA:40,0,1,0
BRDA:40,0,2,0
BRDA:40,0,3,0
BRDA:40,0,4,0
BRDA:40,0,5,0
BRDA:40,0,6,0
BRDA:40,0,7,0
BRDA:40,0,8,0
BRDA:40,0,9,0
BRDA:51,1,0,0
BRDA:51,1,1,0
BRDA:68,2,0,0
BRDA:68,2,1,0
BRDA:68,3,0,0
BRDA:68,3,1,0
BRDA:86,4,0,0
BRDA:86,4,1,0
BRDA:88,5,0,0
BRDA:88,5,1,0
BRDA:88,5,2,0
BRDA:99,6,0,0
BRDA:109,7,0,0
BRDA:109,7,1,0
BRDA:116,8,0,0
BRDA:116,8,1,0
BRDA:131,9,0,0
BRDA:131,9,1,0
BRDA:150,10,0,0
BRDA:150,10,1,0
BRDA:150,11,0,0
BRDA:150,11,1,0
BRDA:160,12,0,0
BRDA:160,12,1,0
BRDA:170,13,0,0
BRDA:170,13,1,0
BRDA:170,14,0,0
BRDA:170,14,1,0
BRDA:179,15,0,0
BRDA:179,15,1,0
BRDA:179,16,0,0
BRDA:179,16,1,0
BRDA:187,17,0,0
BRDA:187,17,1,0
BRDA:200,18,0,0
BRDA:200,18,1,0
BRDA:200,19,0,0
BRDA:200,19,1,0
BRDA:200,19,2,0
BRDA:200,19,3,0
BRDA:209,20,0,0
BRDA:209,20,1,0
BRDA:237,21,0,0
BRDA:237,21,1,0
BRDA:253,22,0,0
BRDA:253,22,1,0
BRDA:257,23,0,0
BRDA:257,23,1,0
BRDA:262,24,0,0
BRDA:262,24,1,0
BRDA:263,25,0,0
BRDA:263,25,1,0
BRDA:265,26,0,0
BRDA:265,26,1,0
BRDA:281,27,0,0
BRDA:281,27,1,0
BRDA:281,28,0,0
BRDA:281,28,1,0
BRDA:281,28,2,0
BRDA:288,29,0,0
BRDA:288,29,1,0
BRDA:299,30,0,0
BRDA:299,30,1,0
BRDA:407,31,0,0
BRDA:407,31,1,0
BRDA:446,32,0,0
BRDA:446,32,1,0
BRDA:448,33,0,0
BRDA:448,33,1,0
BRDA:451,34,0,0
BRDA:451,34,1,0
BRDA:459,35,0,0
BRDA:459,35,1,0
BRDA:519,36,0,0
BRDA:519,36,1,0
BRF:85
BRH:0
end_of_record
TN:
SF:features\home\services\homeApi.ts
FN:6,(anonymous_0)
FN:16,(anonymous_1)
FN:29,(anonymous_2)
FNF:3
FNH:0
FNDA:0,(anonymous_0)
FNDA:0,(anonymous_1)
FNDA:0,(anonymous_2)
DA:5,0
DA:7,0
DA:8,0
DA:9,0
DA:11,0
DA:12,0
DA:17,0
DA:18,0
DA:22,0
DA:24,0
DA:25,0
DA:30,0
DA:31,0
DA:32,0
DA:34,0
DA:35,0
LF:16
LH:0
BRDA:16,0,0,0
BRDA:16,1,0,0
BRDA:22,2,0,0
BRDA:22,2,1,0
BRDA:29,3,0,0
BRDA:32,4,0,0
BRDA:32,4,1,0
BRF:7
BRH:0
end_of_record
TN:
SF:features\home\services\qrApi.ts
FN:20,(anonymous_0)
FN:28,(anonymous_1)
FN:47,(anonymous_2)
FN:64,(anonymous_3)
FN:138,(anonymous_4)
FN:155,(anonymous_5)
FN:162,(anonymous_6)
FN:192,(anonymous_7)
FNF:8
FNH:4
FNDA:4,(anonymous_0)
FNDA:4,(anonymous_1)
FNDA:0,(anonymous_2)
FNDA:6,(anonymous_3)
FNDA:0,(anonymous_4)
FNDA:0,(anonymous_5)
FNDA:0,(anonymous_6)
FNDA:2,(anonymous_7)
DA:6,2
DA:20,2
DA:21,4
DA:22,4
DA:24,0
DA:28,2
DA:29,4
DA:30,4
DA:31,4
DA:32,1
DA:35,3
DA:36,3
DA:37,0
DA:40,3
DA:42,0
DA:43,0
DA:47,2
DA:48,0
DA:49,0
DA:51,0
DA:55,2
DA:59,2
DA:65,6
DA:68,6
DA:69,4
DA:70,4
DA:71,3
DA:72,3
DA:73,2
DA:79,4
DA:80,4
DA:88,3
DA:89,3
DA:95,1
DA:97,1
DA:98,1
DA:99,1
DA:103,1
DA:104,1
DA:106,0
DA:111,3
DA:112,0
DA:113,0
DA:115,0
DA:121,3
DA:128,3
DA:129,0
DA:133,3
DA:135,3
DA:139,0
DA:140,0
DA:141,0
DA:144,0
DA:145,0
DA:147,0
DA:148,0
DA:149,0
DA:152,0
DA:156,0
DA:163,0
DA:164,0
DA:168,0
DA:175,0
DA:176,0
DA:182,0
DA:184,0
DA:185,0
DA:201,2
DA:202,1
DA:206,1
DA:207,1
DA:208,0
DA:209,0
DA:210,0
DA:215,1
DA:216,0
DA:217,0
DA:218,0
DA:223,1
DA:224,1
DA:226,1
DA:227,0
DA:228,0
DA:229,0
DA:230,0
DA:232,0
DA:233,0
DA:236,0
DA:241,1
DA:242,0
DA:244,1
DA:245,0
DA:247,1
DA:248,0
DA:251,1
DA:261,1
DA:262,1
DA:267,0
DA:268,0
DA:270,0
DA:274,0
DA:275,0
DA:277,0
DA:279,0
DA:280,0
DA:281,0
DA:282,0
DA:283,0
DA:284,0
DA:285,0
DA:286,0
DA:291,0
DA:292,0
DA:293,0
DA:294,0
DA:295,0
DA:296,0
DA:297,0
DA:299,0
DA:300,0
DA:302,0
DA:303,0
DA:307,0
DA:309,0
DA:311,0
DA:312,0
DA:313,0
DA:314,0
DA:316,0
DA:318,0
DA:319,0
DA:320,0
DA:321,0
DA:322,0
DA:323,0
DA:324,0
DA:325,0
DA:326,0
DA:327,0
DA:328,0
DA:329,0
DA:330,0
DA:332,0
DA:333,0
DA:334,0
DA:335,0
DA:336,0
DA:337,0
DA:342,0
DA:343,0
DA:347,0
DA:348,0
DA:349,0
DA:350,0
LF:154
LH:51
BRDA:31,0,0,1
BRDA:31,0,1,3
BRDA:36,1,0,0
BRDA:36,1,1,3
BRDA:36,2,0,3
BRDA:36,2,1,3
BRDA:55,3,0,1
BRDA:55,3,1,1
BRDA:57,4,0,1
BRDA:57,4,1,1
BRDA:64,5,0,1
BRDA:68,6,0,4
BRDA:68,6,1,2
BRDA:70,7,0,3
BRDA:70,7,1,1
BRDA:72,8,0,2
BRDA:72,8,1,1
BRDA:88,9,0,3
BRDA:88,9,1,0
BRDA:97,10,0,1
BRDA:97,10,1,0
BRDA:97,11,0,1
BRDA:97,11,1,1
BRDA:111,12,0,0
BRDA:111,12,1,3
BRDA:123,13,0,3
BRDA:123,13,1,0
BRDA:128,14,0,0
BRDA:128,14,1,3
BRDA:140,15,0,0
BRDA:140,15,1,0
BRDA:147,16,0,0
BRDA:147,16,1,0
BRDA:170,17,0,0
BRDA:170,17,1,0
BRDA:175,18,0,0
BRDA:175,18,1,0
BRDA:197,19,0,2
BRDA:198,20,0,2
BRDA:199,21,0,2
BRDA:201,22,0,1
BRDA:201,22,1,1
BRDA:201,23,0,2
BRDA:201,23,1,1
BRDA:207,24,0,0
BRDA:207,24,1,1
BRDA:209,25,0,0
BRDA:209,25,1,0
BRDA:209,26,0,0
BRDA:209,26,1,0
BRDA:215,27,0,0
BRDA:215,27,1,1
BRDA:215,28,0,1
BRDA:215,28,1,0
BRDA:217,29,0,0
BRDA:217,29,1,0
BRDA:226,30,0,0
BRDA:226,30,1,1
BRDA:226,31,0,1
BRDA:226,31,1,1
BRDA:229,32,0,0
BRDA:229,32,1,0
BRDA:230,33,0,0
BRDA:230,33,1,0
BRDA:232,34,0,0
BRDA:232,34,1,0
BRDA:236,35,0,0
BRDA:236,35,1,0
BRDA:241,36,0,0
BRDA:241,36,1,1
BRDA:244,37,0,0
BRDA:244,37,1,1
BRDA:247,38,0,0
BRDA:247,38,1,1
BRDA:256,39,0,1
BRDA:256,39,1,0
BRDA:257,40,0,1
BRDA:257,40,1,0
BRDA:258,41,0,1
BRDA:258,41,1,0
BRDA:279,42,0,0
BRDA:279,42,1,0
BRDA:281,43,0,0
BRDA:281,43,1,0
BRDA:283,44,0,0
BRDA:283,44,1,0
BRDA:285,45,0,0
BRDA:285,45,1,0
BRDA:291,46,0,0
BRDA:291,46,1,0
BRDA:291,47,0,0
BRDA:291,47,1,0
BRDA:293,48,0,0
BRDA:293,48,1,0
BRDA:295,49,0,0
BRDA:295,49,1,0
BRDA:297,50,0,0
BRDA:297,50,1,0
BRDA:297,51,0,0
BRDA:297,51,1,0
BRDA:299,52,0,0
BRDA:299,52,1,0
BRDA:299,53,0,0
BRDA:299,53,1,0
BRDA:302,54,0,0
BRDA:302,54,1,0
BRDA:309,55,0,0
BRDA:309,55,1,0
BRDA:311,56,0,0
BRDA:311,56,1,0
BRDA:311,57,0,0
BRDA:311,57,1,0
BRDA:311,57,2,0
BRDA:311,57,3,0
BRDA:313,58,0,0
BRDA:313,58,1,0
BRDA:313,59,0,0
BRDA:313,59,1,0
BRDA:318,60,0,0
BRDA:318,60,1,0
BRDA:320,61,0,0
BRDA:320,61,1,0
BRDA:322,62,0,0
BRDA:322,62,1,0
BRDA:324,63,0,0
BRDA:324,63,1,0
BRDA:326,64,0,0
BRDA:326,64,1,0
BRDA:328,65,0,0
BRDA:328,65,1,0
BRDA:328,66,0,0
BRDA:328,66,1,0
BRDA:328,66,2,0
BRDA:330,67,0,0
BRDA:330,67,1,0
BRDA:332,68,0,0
BRDA:332,68,1,0
BRDA:332,69,0,0
BRDA:332,69,1,0
BRDA:334,70,0,0
BRDA:334,70,1,0
BRDA:334,71,0,0
BRDA:334,71,1,0
BRDA:336,72,0,0
BRDA:336,72,1,0
BRDA:336,73,0,0
BRDA:336,73,1,0
BRF:147
BRH:42
end_of_record
TN:
SF:features\home\services\transactionsApi.ts
FN:34,(anonymous_0)
FN:96,(anonymous_1)
FN:157,(anonymous_2)
FN:184,(anonymous_3)
FN:230,(anonymous_4)
FN:311,(anonymous_5)
FN:336,(anonymous_6)
FN:350,(anonymous_7)
FN:373,(anonymous_8)
FNF:9
FNH:4
FNDA:5,(anonymous_0)
FNDA:4,(anonymous_1)
FNDA:0,(anonymous_2)
FNDA:0,(anonymous_3)
FNDA:0,(anonymous_4)
FNDA:0,(anonymous_5)
FNDA:1,(anonymous_6)
FNDA:2,(anonymous_7)
FNDA:0,(anonymous_8)
DA:5,2
DA:30,2
DA:38,5
DA:39,1
DA:42,4
DA:44,4
DA:45,1
DA:47,4
DA:48,1
DA:50,4
DA:51,1
DA:53,4
DA:54,1
DA:56,4
DA:57,1
DA:60,4
DA:61,4
DA:63,4
DA:67,4
DA:68,1
DA:76,3
DA:77,2
DA:85,1
DA:100,4
DA:101,2
DA:104,2
DA:106,2
DA:108,2
DA:109,2
DA:111,2
DA:112,2
DA:114,2
DA:115,0
DA:117,2
DA:118,0
DA:121,2
DA:122,2
DA:124,2
DA:128,2
DA:129,0
DA:137,2
DA:138,2
DA:146,0
DA:158,0
DA:159,0
DA:162,0
DA:163,0
DA:164,0
DA:167,0
DA:168,0
DA:170,0
DA:174,0
DA:175,0
DA:178,0
DA:190,0
DA:192,0
DA:193,0
DA:195,0
DA:196,0
DA:198,0
DA:199,0
DA:201,0
DA:202,0
DA:205,0
DA:206,0
DA:208,0
DA:212,0
DA:213,0
DA:216,0
DA:217,0
DA:220,0
DA:221,0
DA:224,0
DA:242,0
DA:244,0
DA:245,0
DA:247,0
DA:248,0
DA:250,0
DA:251,0
DA:253,0
DA:254,0
DA:256,0
DA:257,0
DA:259,0
DA:260,0
DA:262,0
DA:263,0
DA:265,0
DA:266,0
DA:268,0
DA:269,0
DA:271,0
DA:272,0
DA:275,0
DA:276,0
DA:278,0
DA:282,0
DA:283,0
DA:291,0
DA:292,0
DA:300,0
DA:312,0
DA:313,0
DA:315,0
DA:316,0
DA:319,0
DA:326,0
DA:327,0
DA:330,0
DA:337,1
DA:338,0
DA:341,1
DA:349,1
DA:350,2
DA:358,0
DA:359,0
DA:362,0
DA:363,0
DA:364,0
DA:366,0
DA:367,0
DA:372,0
DA:373,0
DA:381,0
LF:125
LH:43
BRDA:5,0,0,2
BRDA:5,0,1,1
BRDA:5,0,2,1
BRDA:36,1,0,4
BRDA:38,2,0,1
BRDA:38,2,1,4
BRDA:44,3,0,1
BRDA:44,3,1,3
BRDA:47,4,0,1
BRDA:47,4,1,3
BRDA:50,5,0,1
BRDA:50,5,1,3
BRDA:53,6,0,1
BRDA:53,6,1,3
BRDA:56,7,0,1
BRDA:56,7,1,3
BRDA:61,8,0,1
BRDA:61,8,1,3
BRDA:67,9,0,1
BRDA:67,9,1,3
BRDA:71,10,0,1
BRDA:71,10,1,1
BRDA:76,11,0,2
BRDA:76,11,1,1
BRDA:76,12,0,3
BRDA:76,12,1,2
BRDA:79,13,0,2
BRDA:79,13,1,1
BRDA:80,14,0,2
BRDA:80,14,1,1
BRDA:81,15,0,2
BRDA:81,15,1,0
BRDA:81,15,2,0
BRDA:98,16,0,1
BRDA:100,17,0,2
BRDA:100,17,1,2
BRDA:108,18,0,2
BRDA:108,18,1,0
BRDA:111,19,0,2
BRDA:111,19,1,0
BRDA:114,20,0,0
BRDA:114,20,1,2
BRDA:117,21,0,0
BRDA:117,21,1,2
BRDA:122,22,0,2
BRDA:122,22,1,0
BRDA:128,23,0,0
BRDA:128,23,1,2
BRDA:132,24,0,0
BRDA:132,24,1,0
BRDA:137,25,0,2
BRDA:137,25,1,0
BRDA:137,26,0,2
BRDA:137,26,1,2
BRDA:140,27,0,2
BRDA:140,27,1,2
BRDA:141,28,0,2
BRDA:141,28,1,2
BRDA:142,29,0,2
BRDA:142,29,1,0
BRDA:142,29,2,0
BRDA:158,30,0,0
BRDA:158,30,1,0
BRDA:163,31,0,0
BRDA:163,31,1,0
BRDA:168,32,0,0
BRDA:168,32,1,0
BRDA:174,33,0,0
BRDA:174,33,1,0
BRDA:178,34,0,0
BRDA:178,34,1,0
BRDA:192,35,0,0
BRDA:192,35,1,0
BRDA:195,36,0,0
BRDA:195,36,1,0
BRDA:198,37,0,0
BRDA:198,37,1,0
BRDA:201,38,0,0
BRDA:201,38,1,0
BRDA:206,39,0,0
BRDA:206,39,1,0
BRDA:212,40,0,0
BRDA:212,40,1,0
BRDA:216,41,0,0
BRDA:216,41,1,0
BRDA:220,42,0,0
BRDA:220,42,1,0
BRDA:220,43,0,0
BRDA:220,43,1,0
BRDA:230,44,0,0
BRDA:244,45,0,0
BRDA:244,45,1,0
BRDA:247,46,0,0
BRDA:247,46,1,0
BRDA:250,47,0,0
BRDA:250,47,1,0
BRDA:253,48,0,0
BRDA:253,48,1,0
BRDA:256,49,0,0
BRDA:256,49,1,0
BRDA:259,50,0,0
BRDA:259,50,1,0
BRDA:262,51,0,0
BRDA:262,51,1,0
BRDA:265,52,0,0
BRDA:265,52,1,0
BRDA:268,53,0,0
BRDA:268,53,1,0
BRDA:271,54,0,0
BRDA:271,54,1,0
BRDA:276,55,0,0
BRDA:276,55,1,0
BRDA:282,56,0,0
BRDA:282,56,1,0
BRDA:286,57,0,0
BRDA:286,57,1,0
BRDA:291,58,0,0
BRDA:291,58,1,0
BRDA:291,59,0,0
BRDA:291,59,1,0
BRDA:294,60,0,0
BRDA:294,60,1,0
BRDA:295,61,0,0
BRDA:295,61,1,0
BRDA:296,62,0,0
BRDA:296,62,1,0
BRDA:296,62,2,0
BRDA:312,63,0,0
BRDA:312,63,1,0
BRDA:315,64,0,0
BRDA:315,64,1,0
BRDA:326,65,0,0
BRDA:326,65,1,0
BRDA:330,66,0,0
BRDA:330,66,1,0
BRDA:330,66,2,0
BRDA:337,67,0,0
BRDA:337,67,1,1
BRDA:349,68,0,1
BRDA:349,68,1,0
BRDA:351,69,0,2
BRDA:351,69,1,0
BRDA:352,70,0,2
BRDA:352,70,1,0
BRDA:352,70,2,0
BRDA:353,71,0,2
BRDA:353,71,1,0
BRDA:358,72,0,0
BRDA:358,72,1,0
BRDA:362,73,0,0
BRDA:362,73,1,0
BRDA:372,74,0,0
BRDA:372,74,1,0
BRDA:374,75,0,0
BRDA:374,75,1,0
BRDA:375,76,0,0
BRDA:375,76,1,0
BRDA:375,76,2,0
BRDA:376,77,0,0
BRDA:376,77,1,0
BRF:160
BRH:53
end_of_record
TN:
SF:features\onboarding\types.ts
FNF:0
FNH:0
LF:0
LH:0
BRF:0
BRH:0
end_of_record
TN:
SF:features\onboarding\screens\OnboardingMainScreen.tsx
FNF:0
FNH:0
LF:0
LH:0
BRF:0
BRH:0
end_of_record
TN:
SF:features\onboarding\screens\OnboardingStep2Screen.tsx
FNF:0
FNH:0
LF:0
LH:0
BRF:0
BRH:0
end_of_record
TN:
SF:features\onboarding\screens\OnboardingStep3Screen.tsx
FNF:0
FNH:0
LF:0
LH:0
BRF:0
BRH:0
end_of_record
TN:
SF:features\onboarding\screens\OnboardingStep4Screen.tsx
FNF:0
FNH:0
LF:0
LH:0
BRF:0
BRH:0
end_of_record
TN:
SF:features\partner-home\types.ts
FNF:0
FNH:0
LF:0
LH:0
BRF:0
BRH:0
end_of_record
TN:
SF:features\partner-home\components\PartnerBottomNav.tsx
FN:14,PartnerBottomNav
FN:31,(anonymous_1)
FN:37,(anonymous_2)
FNF:3
FNH:0
FNDA:0,PartnerBottomNav
FNDA:0,(anonymous_1)
FNDA:0,(anonymous_2)
DA:15,0
DA:22,0
DA:32,0
DA:33,0
DA:37,0
DA:73,0
LF:6
LH:0
BRDA:36,0,0,0
BRDA:36,0,1,0
BRDA:40,1,0,0
BRDA:40,1,1,0
BRDA:59,2,0,0
BRDA:59,2,1,0
BRF:6
BRH:0
end_of_record
TN:
SF:features\partner-home\components\PartnerHeader.tsx
FN:14,PartnerHeader
FNF:1
FNH:0
FNDA:0,PartnerHeader
DA:15,0
DA:61,0
LF:2
LH:0
BRDA:14,0,0,0
BRDA:25,1,0,0
BRDA:25,1,1,0
BRDA:32,2,0,0
BRDA:32,2,1,0
BRDA:32,3,0,0
BRDA:32,3,1,0
BRDA:41,4,0,0
BRDA:41,4,1,0
BRDA:41,5,0,0
BRDA:41,5,1,0
BRDA:41,6,0,0
BRDA:41,6,1,0
BRDA:46,7,0,0
BRDA:46,7,1,0
BRF:15
BRH:0
end_of_record
TN:
SF:features\partner-home\components\PartnerHistory.tsx
FN:20,PartnerHistory
FN:33,(anonymous_1)
FN:49,(anonymous_2)
FN:78,(anonymous_3)
FN:96,(anonymous_4)
FN:103,(anonymous_5)
FN:118,(anonymous_6)
FN:119,(anonymous_7)
FN:157,(anonymous_8)
FNF:9
FNH:0
FNDA:0,PartnerHistory
FNDA:0,(anonymous_1)
FNDA:0,(anonymous_2)
FNDA:0,(anonymous_3)
FNDA:0,(anonymous_4)
FNDA:0,(anonymous_5)
FNDA:0,(anonymous_6)
FNDA:0,(anonymous_7)
FNDA:0,(anonymous_8)
DA:33,0
DA:34,0
DA:35,0
DA:36,0
DA:37,0
DA:45,0
DA:49,0
DA:50,0
DA:51,0
DA:52,0
DA:53,0
DA:54,0
DA:57,0
DA:78,0
DA:97,0
DA:103,0
DA:119,0
DA:120,0
DA:158,0
DA:159,0
DA:160,0
DA:161,0
DA:162,0
DA:163,0
DA:164,0
DA:165,0
DA:167,0
DA:234,0
LF:28
LH:0
BRDA:34,0,0,0
BRDA:34,0,1,0
BRDA:50,1,0,0
BRDA:50,1,1,0
BRDA:52,2,0,0
BRDA:52,2,1,0
BRDA:52,2,2,0
BRDA:53,3,0,0
BRDA:53,3,1,0
BRDA:54,4,0,0
BRDA:54,4,1,0
BRDA:77,5,0,0
BRDA:77,5,1,0
BRDA:101,6,0,0
BRDA:101,6,1,0
BRDA:108,7,0,0
BRDA:108,7,1,0
BRDA:118,8,0,0
BRDA:118,8,1,0
BRDA:118,8,2,0
BRDA:120,9,0,0
BRDA:120,9,1,0
BRDA:124,10,0,0
BRDA:124,10,1,0
BRDA:131,11,0,0
BRDA:131,11,1,0
BRDA:136,12,0,0
BRDA:136,12,1,0
BRDA:142,13,0,0
BRDA:142,13,1,0
BRDA:154,14,0,0
BRDA:154,14,1,0
BRDA:158,15,0,0
BRDA:158,15,1,0
BRDA:158,15,2,0
BRDA:159,16,0,0
BRDA:159,16,1,0
BRDA:159,16,2,0
BRDA:160,17,0,0
BRDA:160,17,1,0
BRDA:160,17,2,0
BRDA:161,18,0,0
BRDA:161,18,1,0
BRDA:161,18,2,0
BRDA:162,19,0,0
BRDA:162,19,1,0
BRDA:163,20,0,0
BRDA:163,20,1,0
BRDA:163,20,2,0
BRDA:163,20,3,0
BRDA:164,21,0,0
BRDA:164,21,1,0
BRDA:165,22,0,0
BRDA:165,22,1,0
BRDA:168,23,0,0
BRDA:168,23,1,0
BRDA:168,23,2,0
BRDA:191,24,0,0
BRDA:191,24,1,0
BRDA:206,25,0,0
BRDA:206,25,1,0
BRDA:212,26,0,0
BRDA:212,26,1,0
BRDA:217,27,0,0
BRDA:217,27,1,0
BRF:65
BRH:0
end_of_record
TN:
SF:features\partner-home\components\PartnerMe.tsx
FN:38,PartnerMe
FN:57,(anonymous_1)
FN:76,(anonymous_2)
FN:80,(anonymous_3)
FN:156,(anonymous_4)
FN:157,(anonymous_5)
FN:163,(anonymous_6)
FN:165,(anonymous_7)
FN:202,(anonymous_8)
FN:249,(anonymous_9)
FN:257,(anonymous_10)
FN:279,(anonymous_11)
FNF:12
FNH:0
FNDA:0,PartnerMe
FNDA:0,(anonymous_1)
FNDA:0,(anonymous_2)
FNDA:0,(anonymous_3)
FNDA:0,(anonymous_4)
FNDA:0,(anonymous_5)
FNDA:0,(anonymous_6)
FNDA:0,(anonymous_7)
FNDA:0,(anonymous_8)
FNDA:0,(anonymous_9)
FNDA:0,(anonymous_10)
FNDA:0,(anonymous_11)
DA:51,0
DA:54,0
DA:55,0
DA:57,0
DA:58,0
DA:66,0
DA:76,0
DA:80,0
DA:84,0
DA:156,0
DA:157,0
DA:163,0
DA:165,0
DA:202,0
DA:250,0
DA:251,0
DA:252,0
DA:257,0
DA:258,0
DA:259,0
DA:260,0
DA:261,0
DA:262,0
DA:263,0
DA:264,0
DA:265,0
DA:266,0
DA:269,0
DA:271,0
DA:279,0
DA:346,0
LF:31
LH:0
BRDA:51,0,0,0
BRDA:51,0,1,0
BRDA:51,1,0,0
BRDA:51,1,1,0
BRDA:51,2,0,0
BRDA:51,2,1,0
BRDA:97,3,0,0
BRDA:97,3,1,0
BRDA:106,4,0,0
BRDA:106,4,1,0
BRDA:112,5,0,0
BRDA:112,5,1,0
BRDA:122,6,0,0
BRDA:122,6,1,0
BRDA:122,6,2,0
BRDA:131,7,0,0
BRDA:131,7,1,0
BRDA:131,7,2,0
BRDA:146,8,0,0
BRDA:146,8,1,0
BRDA:151,9,0,0
BRDA:151,9,1,0
BRDA:157,10,0,0
BRDA:157,10,1,0
BRDA:163,11,0,0
BRDA:163,11,1,0
BRDA:165,12,0,0
BRDA:165,12,1,0
BRDA:165,13,0,0
BRDA:165,13,1,0
BRDA:178,14,0,0
BRDA:178,14,1,0
BRDA:201,15,0,0
BRDA:201,15,1,0
BRDA:209,16,0,0
BRDA:209,16,1,0
BRDA:214,17,0,0
BRDA:214,17,1,0
BRDA:220,18,0,0
BRDA:220,18,1,0
BRDA:225,19,0,0
BRDA:225,19,1,0
BRDA:227,20,0,0
BRDA:227,20,1,0
BRDA:231,21,0,0
BRDA:231,21,1,0
BRDA:238,22,0,0
BRDA:238,22,1,0
BRDA:246,23,0,0
BRDA:246,23,1,0
BRDA:250,24,0,0
BRDA:250,24,1,0
BRDA:252,25,0,0
BRDA:252,25,1,0
BRDA:253,26,0,0
BRDA:253,26,1,0
BRDA:253,27,0,0
BRDA:253,27,1,0
BRDA:253,28,0,0
BRDA:253,28,1,0
BRDA:258,29,0,0
BRDA:258,29,1,0
BRDA:260,30,0,0
BRDA:260,30,1,0
BRDA:260,31,0,0
BRDA:260,31,1,0
BRDA:261,32,0,0
BRDA:261,32,1,0
BRDA:261,33,0,0
BRDA:261,33,1,0
BRDA:262,34,0,0
BRDA:262,34,1,0
BRDA:262,35,0,0
BRDA:262,35,1,0
BRDA:263,36,0,0
BRDA:263,36,1,0
BRDA:264,37,0,0
BRDA:264,37,1,0
BRDA:265,38,0,0
BRDA:265,38,1,0
BRDA:265,39,0,0
BRDA:265,39,1,0
BRDA:287,40,0,0
BRDA:287,40,1,0
BRDA:299,41,0,0
BRDA:299,41,1,0
BRDA:299,41,2,0
BRDA:301,42,0,0
BRDA:301,42,1,0
BRDA:318,43,0,0
BRDA:318,43,1,0
BRDA:324,44,0,0
BRDA:324,44,1,0
BRDA:325,45,0,0
BRDA:325,45,1,0
BRDA:326,46,0,0
BRDA:326,46,1,0
BRDA:327,47,0,0
BRDA:327,47,1,0
BRDA:328,48,0,0
BRDA:328,48,1,0
BRF:101
BRH:0
end_of_record
TN:
SF:features\partner-home\components\PartnerOverview.tsx
FN:30,PartnerOverview
FN:165,(anonymous_1)
FN:219,(anonymous_2)
FNF:3
FNH:0
FNDA:0,PartnerOverview
FNDA:0,(anonymous_1)
FNDA:0,(anonymous_2)
DA:47,0
DA:48,0
DA:50,0
DA:165,0
DA:220,0
DA:273,0
LF:6
LH:0
BRDA:33,0,0,0
BRDA:45,1,0,0
BRDA:47,2,0,0
BRDA:47,2,1,0
BRDA:48,3,0,0
BRDA:48,3,1,0
BRDA:94,4,0,0
BRDA:94,4,1,0
BRDA:102,5,0,0
BRDA:102,5,1,0
BRDA:114,6,0,0
BRDA:114,6,1,0
BRDA:122,7,0,0
BRDA:122,7,1,0
BRDA:131,8,0,0
BRDA:131,8,1,0
BRDA:140,9,0,0
BRDA:140,9,1,0
BRDA:149,10,0,0
BRDA:149,10,1,0
BRDA:164,11,0,0
BRDA:164,11,1,0
BRDA:165,12,0,0
BRDA:165,12,1,0
BRDA:166,13,0,0
BRDA:166,13,1,0
BRDA:168,14,0,0
BRDA:168,14,1,0
BRDA:174,15,0,0
BRDA:174,15,1,0
BRDA:202,16,0,0
BRDA:202,16,1,0
BRDA:207,17,0,0
BRDA:207,17,1,0
BRDA:212,18,0,0
BRDA:212,18,1,0
BRDA:220,19,0,0
BRDA:220,19,1,0
BRDA:220,19,2,0
BRDA:231,20,0,0
BRDA:231,20,1,0
BRDA:231,20,2,0
BRDA:232,21,0,0
BRDA:232,21,1,0
BRDA:232,21,2,0
BRDA:243,22,0,0
BRDA:243,22,1,0
BRDA:248,23,0,0
BRDA:248,23,1,0
BRDA:250,24,0,0
BRDA:250,24,1,0
BRDA:254,25,0,0
BRDA:254,25,1,0
BRF:53
BRH:0
end_of_record
TN:
SF:features\partner-home\components\PartnerStats.tsx
FN:17,PartnerStats
FN:205,(anonymous_1)
FN:259,(anonymous_2)
FNF:3
FNH:0
FNDA:0,PartnerStats
FNDA:0,(anonymous_1)
FNDA:0,(anonymous_2)
DA:18,0
DA:206,0
DA:260,0
DA:287,0
LF:4
LH:0
BRDA:45,0,0,0
BRDA:45,0,1,0
BRDA:70,1,0,0
BRDA:70,1,1,0
BRDA:95,2,0,0
BRDA:95,2,1,0
BRDA:120,3,0,0
BRDA:120,3,1,0
BRDA:209,4,0,0
BRDA:209,4,1,0
BRDA:219,5,0,0
BRDA:219,5,1,0
BRDA:220,6,0,0
BRDA:220,6,1,0
BRDA:221,7,0,0
BRDA:221,7,1,0
BRDA:275,8,0,0
BRDA:275,8,1,0
BRF:18
BRH:0
end_of_record
TN:
SF:features\partner-home\components\PartnerStoreModal.tsx
FN:27,PartnerStoreModal
FNF:1
FNH:0
FNDA:0,PartnerStoreModal
DA:29,0
DA:35,0
DA:39,0
DA:324,0
LF:4
LH:0
BRDA:29,0,0,0
BRDA:29,0,1,0
BRDA:29,0,2,0
BRDA:29,0,3,0
BRDA:35,1,0,0
BRDA:35,1,1,0
BRDA:35,1,2,0
BRDA:65,2,0,0
BRDA:65,2,1,0
BRDA:67,3,0,0
BRDA:67,3,1,0
BRDA:82,4,0,0
BRDA:82,4,1,0
BRDA:90,5,0,0
BRDA:90,5,1,0
BRDA:90,5,2,0
BRDA:92,6,0,0
BRDA:92,6,1,0
BRDA:102,7,0,0
BRDA:102,7,1,0
BRDA:108,8,0,0
BRDA:108,8,1,0
BRDA:109,9,0,0
BRDA:109,9,1,0
BRDA:110,10,0,0
BRDA:110,10,1,0
BRDA:111,11,0,0
BRDA:111,11,1,0
BRDA:112,12,0,0
BRDA:112,12,1,0
BRDA:129,13,0,0
BRDA:129,13,1,0
BRDA:136,14,0,0
BRDA:136,14,1,0
BRDA:148,15,0,0
BRDA:148,15,1,0
BRDA:148,15,2,0
BRDA:156,16,0,0
BRDA:156,16,1,0
BRDA:162,17,0,0
BRDA:162,17,1,0
BRDA:174,18,0,0
BRDA:174,18,1,0
BRDA:174,18,2,0
BRDA:182,19,0,0
BRDA:182,19,1,0
BRDA:188,20,0,0
BRDA:188,20,1,0
BRDA:188,20,2,0
BRDA:196,21,0,0
BRDA:196,21,1,0
BRDA:196,22,0,0
BRDA:196,22,1,0
BRDA:197,23,0,0
BRDA:197,23,1,0
BRDA:208,24,0,0
BRDA:208,24,1,0
BRDA:216,25,0,0
BRDA:216,25,1,0
BRDA:225,26,0,0
BRDA:225,26,1,0
BRDA:236,27,0,0
BRDA:236,27,1,0
BRDA:251,28,0,0
BRDA:251,28,1,0
BRDA:266,29,0,0
BRDA:266,29,1,0
BRDA:279,30,0,0
BRDA:279,30,1,0
BRDA:281,31,0,0
BRDA:281,31,1,0
BRDA:293,32,0,0
BRDA:293,32,1,0
BRDA:293,32,2,0
BRDA:303,33,0,0
BRDA:303,33,1,0
BRDA:303,33,2,0
BRDA:303,34,0,0
BRDA:303,34,1,0
BRDA:304,35,0,0
BRDA:304,35,1,0
BRDA:305,36,0,0
BRDA:305,36,1,0
BRDA:308,37,0,0
BRDA:308,37,1,0
BRDA:308,38,0,0
BRDA:308,38,1,0
BRF:87
BRH:0
end_of_record
TN:
SF:features\partner-home\components\QrValidationModal.tsx
FN:34,QrValidationModal
FN:49,(anonymous_1)
FN:59,(anonymous_2)
FN:75,(anonymous_3)
FNF:4
FNH:0
FNDA:0,QrValidationModal
FNDA:0,(anonymous_1)
FNDA:0,(anonymous_2)
FNDA:0,(anonymous_3)
DA:46,0
DA:49,0
DA:50,0
DA:51,0
DA:52,0
DA:53,0
DA:54,0
DA:57,0
DA:59,0
DA:61,0
DA:63,0
DA:64,0
DA:65,0
DA:68,0
DA:72,0
DA:75,0
DA:76,0
DA:77,0
DA:80,0
DA:223,0
LF:20
LH:0
BRDA:44,0,0,0
BRDA:50,1,0,0
BRDA:50,1,1,0
BRDA:51,2,0,0
BRDA:51,2,1,0
BRDA:63,3,0,0
BRDA:63,3,1,0
BRDA:63,4,0,0
BRDA:63,4,1,0
BRDA:63,4,2,0
BRDA:88,5,0,0
BRDA:88,5,1,0
BRDA:116,6,0,0
BRDA:116,6,1,0
BRDA:155,7,0,0
BRDA:155,7,1,0
BRDA:163,8,0,0
BRDA:163,8,1,0
BRDA:184,9,0,0
BRDA:184,9,1,0
BRDA:200,10,0,0
BRDA:200,10,1,0
BRDA:204,11,0,0
BRDA:204,11,1,0
BRF:24
BRH:0
end_of_record
TN:
SF:features\partner-home\components\StoreSelectionModal.tsx
FN:24,StoreSelectionModal
FN:35,(anonymous_1)
FN:69,(anonymous_2)
FN:73,(anonymous_3)
FNF:4
FNH:0
FNDA:0,StoreSelectionModal
FNDA:0,(anonymous_1)
FNDA:0,(anonymous_2)
FNDA:0,(anonymous_3)
DA:30,0
DA:70,0
DA:73,0
DA:111,0
LF:4
LH:0
BRDA:64,0,0,0
BRDA:64,0,1,0
BRDA:64,1,0,0
BRDA:64,1,1,0
BRDA:81,2,0,0
BRDA:81,2,1,0
BRDA:81,2,2,0
BRDA:83,3,0,0
BRDA:83,3,1,0
BRDA:83,3,2,0
BRDA:85,4,0,0
BRDA:85,4,1,0
BRDA:88,5,0,0
BRDA:88,5,1,0
BRDA:96,6,0,0
BRDA:96,6,1,0
BRDA:96,6,2,0
BRF:17
BRH:0
end_of_record
TN:
SF:features\partner-home\hooks\usePartnerHomeData.ts
FN:6,usePartnerHomeData
FN:44,(anonymous_1)
FN:58,(anonymous_2)
FN:71,(anonymous_3)
FN:104,(anonymous_4)
FN:129,(anonymous_5)
FN:143,(anonymous_6)
FN:176,(anonymous_7)
FN:195,(anonymous_8)
FN:222,(anonymous_9)
FN:245,(anonymous_10)
FN:271,(anonymous_11)
FN:320,(anonymous_12)
FN:324,(anonymous_13)
FN:330,(anonymous_14)
FN:336,(anonymous_15)
FN:340,(anonymous_16)
FNF:17
FNH:8
FNDA:12,usePartnerHomeData
FNDA:4,(anonymous_1)
FNDA:0,(anonymous_2)
FNDA:0,(anonymous_3)
FNDA:0,(anonymous_4)
FNDA:0,(anonymous_5)
FNDA:0,(anonymous_6)
FNDA:0,(anonymous_7)
FNDA:0,(anonymous_8)
FNDA:4,(anonymous_9)
FNDA:0,(anonymous_10)
FNDA:0,(anonymous_11)
FNDA:4,(anonymous_12)
FNDA:8,(anonymous_13)
FNDA:8,(anonymous_14)
FNDA:4,(anonymous_15)
FNDA:4,(anonymous_16)
DA:8,12
DA:9,12
DA:10,12
DA:13,12
DA:14,12
DA:15,12
DA:18,12
DA:26,12
DA:27,12
DA:28,12
DA:31,12
DA:32,12
DA:33,12
DA:36,12
DA:42,12
DA:44,12
DA:45,4
DA:46,4
DA:47,4
DA:48,4
DA:50,0
DA:51,0
DA:52,0
DA:54,4
DA:58,12
DA:59,0
DA:60,0
DA:63,0
DA:64,0
DA:65,0
DA:68,0
DA:70,0
DA:71,0
DA:72,0
DA:73,0
DA:75,0
DA:76,0
DA:77,0
DA:81,0
DA:82,0
DA:88,0
DA:94,0
DA:95,0
DA:97,0
DA:104,0
DA:105,0
DA:106,0
DA:110,0
DA:112,0
DA:113,0
DA:114,0
DA:115,0
DA:116,0
DA:118,0
DA:128,0
DA:129,0
DA:132,0
DA:134,0
DA:135,0
DA:136,0
DA:137,0
DA:139,0
DA:143,12
DA:144,0
DA:145,0
DA:146,0
DA:147,0
DA:150,0
DA:151,0
DA:152,0
DA:155,0
DA:157,0
DA:158,0
DA:159,0
DA:160,0
DA:161,0
DA:162,0
DA:163,0
DA:164,0
DA:165,0
DA:166,0
DA:167,0
DA:168,0
DA:169,0
DA:173,0
DA:175,0
DA:176,0
DA:177,0
DA:178,0
DA:182,0
DA:183,0
DA:184,0
DA:185,0
DA:188,0
DA:195,0
DA:196,0
DA:197,0
DA:200,0
DA:202,0
DA:203,0
DA:205,0
DA:206,0
DA:207,0
DA:208,0
DA:209,0
DA:211,0
DA:215,0
DA:216,0
DA:218,0
DA:222,12
DA:223,4
DA:224,4
DA:225,4
DA:226,4
DA:227,4
DA:230,0
DA:238,0
DA:239,0
DA:240,0
DA:241,0
DA:244,0
DA:246,0
DA:247,0
DA:248,0
DA:250,0
DA:251,0
DA:256,0
DA:257,0
DA:259,4
DA:260,4
DA:261,4
DA:263,0
DA:265,4
DA:267,4
DA:271,12
DA:272,0
DA:273,0
DA:276,0
DA:277,0
DA:279,0
DA:280,0
DA:282,0
DA:287,0
DA:288,0
DA:289,0
DA:290,0
DA:291,0
DA:292,0
DA:294,0
DA:301,0
DA:308,0
DA:309,0
DA:316,0
DA:320,12
DA:321,4
DA:324,12
DA:325,8
DA:326,0
DA:330,12
DA:331,8
DA:332,0
DA:336,12
DA:337,4
DA:340,12
DA:341,4
DA:342,0
DA:346,12
LF:167
LH:46
BRDA:59,0,0,0
BRDA:59,0,1,0
BRDA:68,1,0,0
BRDA:68,1,1,0
BRDA:70,2,0,0
BRDA:70,2,1,0
BRDA:72,3,0,0
BRDA:72,3,1,0
BRDA:73,4,0,0
BRDA:73,4,1,0
BRDA:75,5,0,0
BRDA:75,5,1,0
BRDA:77,6,0,0
BRDA:77,6,1,0
BRDA:81,7,0,0
BRDA:81,7,1,0
BRDA:94,8,0,0
BRDA:94,8,1,0
BRDA:105,9,0,0
BRDA:105,9,1,0
BRDA:105,9,2,0
BRDA:105,9,3,0
BRDA:105,9,4,0
BRDA:106,10,0,0
BRDA:106,10,1,0
BRDA:106,10,2,0
BRDA:106,10,3,0
BRDA:108,11,0,0
BRDA:108,11,1,0
BRDA:108,11,2,0
BRDA:108,12,0,0
BRDA:108,12,1,0
BRDA:108,12,2,0
BRDA:110,13,0,0
BRDA:110,13,1,0
BRDA:110,13,2,0
BRDA:112,14,0,0
BRDA:112,14,1,0
BRDA:113,15,0,0
BRDA:113,15,1,0
BRDA:120,16,0,0
BRDA:120,16,1,0
BRDA:144,17,0,0
BRDA:144,17,1,0
BRDA:157,18,0,0
BRDA:157,18,1,0
BRDA:160,19,0,0
BRDA:160,19,1,0
BRDA:165,20,0,0
BRDA:165,20,1,0
BRDA:173,21,0,0
BRDA:173,21,1,0
BRDA:175,22,0,0
BRDA:175,22,1,0
BRDA:177,23,0,0
BRDA:177,23,1,0
BRDA:178,24,0,0
BRDA:178,24,1,0
BRDA:182,25,0,0
BRDA:182,25,1,0
BRDA:182,26,0,0
BRDA:182,26,1,0
BRDA:195,27,0,0
BRDA:195,27,1,0
BRDA:196,28,0,0
BRDA:196,28,1,0
BRDA:205,29,0,0
BRDA:205,29,1,0
BRDA:206,30,0,0
BRDA:206,30,1,0
BRDA:208,31,0,0
BRDA:208,31,1,0
BRDA:230,32,0,0
BRDA:230,32,1,0
BRDA:230,32,2,0
BRDA:230,32,3,0
BRDA:230,32,4,0
BRDA:230,32,5,0
BRDA:230,32,6,0
BRDA:238,33,0,0
BRDA:238,33,1,0
BRDA:238,34,0,0
BRDA:238,34,1,0
BRDA:260,35,0,4
BRDA:260,35,1,0
BRDA:272,36,0,0
BRDA:272,36,1,0
BRDA:282,37,0,0
BRDA:282,37,1,0
BRDA:282,37,2,0
BRDA:282,37,3,0
BRDA:295,38,0,0
BRDA:295,38,1,0
BRDA:296,39,0,0
BRDA:296,39,1,0
BRDA:297,40,0,0
BRDA:297,40,1,0
BRDA:298,41,0,0
BRDA:298,41,1,0
BRDA:302,42,0,0
BRDA:302,42,1,0
BRDA:303,43,0,0
BRDA:303,43,1,0
BRDA:304,44,0,0
BRDA:304,44,1,0
BRDA:305,45,0,0
BRDA:305,45,1,0
BRDA:325,46,0,0
BRDA:325,46,1,8
BRDA:325,47,0,8
BRDA:325,47,1,0
BRDA:325,47,2,0
BRDA:331,48,0,0
BRDA:331,48,1,8
BRDA:331,49,0,8
BRDA:331,49,1,0
BRDA:331,49,2,0
BRDA:341,50,0,0
BRDA:341,50,1,4
BRDA:341,51,0,4
BRDA:341,51,1,0
BRDA:341,51,2,0
BRF:122
BRH:7
end_of_record
TN:
SF:features\partner-home\hooks\usePartnerStats.ts
FN:3,usePartnerStats
FN:4,(anonymous_1)
FN:5,(anonymous_2)
FN:16,(anonymous_3)
FN:17,(anonymous_4)
FN:24,(anonymous_5)
FN:32,(anonymous_6)
FNF:7
FNH:0
FNDA:0,usePartnerStats
FNDA:0,(anonymous_1)
FNDA:0,(anonymous_2)
FNDA:0,(anonymous_3)
FNDA:0,(anonymous_4)
FNDA:0,(anonymous_5)
FNDA:0,(anonymous_6)
DA:4,0
DA:5,0
DA:6,0
DA:7,0
DA:9,0
DA:12,0
DA:16,0
DA:17,0
DA:18,0
DA:21,0
DA:22,0
DA:24,0
DA:25,0
DA:26,0
DA:27,0
DA:29,0
DA:32,0
DA:33,0
DA:34,0
DA:35,0
DA:37,0
DA:40,0
DA:47,0
LF:23
LH:0
BRDA:6,0,0,0
BRDA:6,0,1,0
BRDA:6,1,0,0
BRDA:6,1,1,0
BRDA:7,2,0,0
BRDA:7,2,1,0
BRDA:9,3,0,0
BRDA:9,3,1,0
BRDA:18,4,0,0
BRDA:18,4,1,0
BRDA:18,4,2,0
BRDA:25,5,0,0
BRDA:25,5,1,0
BRDA:25,5,2,0
BRDA:26,6,0,0
BRDA:26,6,1,0
BRDA:27,7,0,0
BRDA:27,7,1,0
BRDA:27,7,2,0
BRDA:33,8,0,0
BRDA:33,8,1,0
BRDA:33,8,2,0
BRDA:34,9,0,0
BRDA:34,9,1,0
BRDA:35,10,0,0
BRDA:35,10,1,0
BRDA:35,10,2,0
BRF:27
BRH:0
end_of_record
TN:
SF:features\partner-home\hooks\useQRValidation.ts
FN:15,useQRValidation
FN:29,(anonymous_1)
FN:82,(anonymous_2)
FN:136,(anonymous_3)
FN:146,(anonymous_4)
FN:175,(anonymous_5)
FN:211,(anonymous_6)
FNF:7
FNH:0
FNDA:0,useQRValidation
FNDA:0,(anonymous_1)
FNDA:0,(anonymous_2)
FNDA:0,(anonymous_3)
FNDA:0,(anonymous_4)
FNDA:0,(anonymous_5)
FNDA:0,(anonymous_6)
DA:24,0
DA:25,0
DA:26,0
DA:27,0
DA:29,0
DA:30,0
DA:31,0
DA:32,0
DA:34,0
DA:35,0
DA:37,0
DA:38,0
DA:40,0
DA:41,0
DA:42,0
DA:43,0
DA:45,0
DA:46,0
DA:53,0
DA:54,0
DA:55,0
DA:57,0
DA:58,0
DA:61,0
DA:62,0
DA:65,0
DA:66,0
DA:69,0
DA:70,0
DA:75,0
DA:78,0
DA:79,0
DA:81,0
DA:82,0
DA:83,0
DA:84,0
DA:85,0
DA:87,0
DA:90,0
DA:95,0
DA:98,0
DA:99,0
DA:100,0
DA:101,0
DA:102,0
DA:104,0
DA:105,0
DA:108,0
DA:109,0
DA:110,0
DA:112,0
DA:114,0
DA:123,0
DA:125,0
DA:126,0
DA:132,0
DA:136,0
DA:137,0
DA:138,0
DA:139,0
DA:142,0
DA:144,0
DA:145,0
DA:146,0
DA:147,0
DA:149,0
DA:159,0
DA:160,0
DA:162,0
DA:163,0
DA:164,0
DA:165,0
DA:169,0
DA:176,0
DA:177,0
DA:183,0
DA:185,0
DA:186,0
DA:188,0
DA:189,0
DA:191,0
DA:192,0
DA:193,0
DA:194,0
DA:195,0
DA:196,0
DA:197,0
DA:198,0
DA:199,0
DA:200,0
DA:201,0
DA:205,0
DA:207,0
DA:211,0
DA:212,0
DA:213,0
DA:214,0
DA:215,0
DA:216,0
DA:217,0
DA:219,0
DA:227,0
LF:102
LH:0
BRDA:40,0,0,0
BRDA:40,0,1,0
BRDA:42,1,0,0
BRDA:42,1,1,0
BRDA:42,2,0,0
BRDA:42,2,1,0
BRDA:45,3,0,0
BRDA:45,3,1,0
BRDA:45,4,0,0
BRDA:45,4,1,0
BRDA:46,5,0,0
BRDA:46,5,1,0
BRDA:57,6,0,0
BRDA:57,6,1,0
BRDA:65,7,0,0
BRDA:65,7,1,0
BRDA:69,8,0,0
BRDA:69,8,1,0
BRDA:79,9,0,0
BRDA:79,9,1,0
BRDA:81,10,0,0
BRDA:81,10,1,0
BRDA:83,11,0,0
BRDA:83,11,1,0
BRDA:85,12,0,0
BRDA:85,12,1,0
BRDA:99,13,0,0
BRDA:99,13,1,0
BRDA:100,14,0,0
BRDA:100,14,1,0
BRDA:101,15,0,0
BRDA:101,15,1,0
BRDA:102,16,0,0
BRDA:102,16,1,0
BRDA:104,17,0,0
BRDA:104,17,1,0
BRDA:112,18,0,0
BRDA:112,18,1,0
BRDA:112,18,2,0
BRDA:112,18,3,0
BRDA:119,19,0,0
BRDA:119,19,1,0
BRDA:128,20,0,0
BRDA:128,20,1,0
BRDA:137,21,0,0
BRDA:137,21,1,0
BRDA:146,22,0,0
BRDA:146,22,1,0
BRDA:147,23,0,0
BRDA:147,23,1,0
BRDA:147,23,2,0
BRDA:147,23,3,0
BRDA:162,24,0,0
BRDA:162,24,1,0
BRDA:162,24,2,0
BRDA:163,25,0,0
BRDA:163,25,1,0
BRDA:164,26,0,0
BRDA:164,26,1,0
BRDA:165,27,0,0
BRDA:165,27,1,0
BRDA:166,28,0,0
BRDA:166,28,1,0
BRDA:188,29,0,0
BRDA:188,29,1,0
BRDA:189,30,0,0
BRDA:189,30,1,0
BRDA:192,31,0,0
BRDA:192,31,1,0
BRDA:192,32,0,0
BRDA:192,32,1,0
BRDA:194,33,0,0
BRDA:194,33,1,0
BRDA:194,34,0,0
BRDA:194,34,1,0
BRDA:196,35,0,0
BRDA:196,35,1,0
BRDA:196,36,0,0
BRDA:196,36,1,0
BRDA:198,37,0,0
BRDA:198,37,1,0
BRDA:198,38,0,0
BRDA:198,38,1,0
BRDA:200,39,0,0
BRDA:200,39,1,0
BRDA:200,40,0,0
BRDA:200,40,1,0
BRDA:212,41,0,0
BRDA:212,41,1,0
BRDA:215,42,0,0
BRDA:215,42,1,0
BRF:91
BRH:0
end_of_record
TN:
SF:features\partner-home\hooks\useStoreManagement.ts
FN:6,useStoreManagement
FN:20,(anonymous_1)
FN:46,(anonymous_2)
FN:62,(anonymous_3)
FN:83,(anonymous_4)
FN:94,(anonymous_5)
FN:98,(anonymous_6)
FN:102,(anonymous_7)
FN:127,(anonymous_8)
FN:128,(anonymous_9)
FNF:10
FNH:0
FNDA:0,useStoreManagement
FNDA:0,(anonymous_1)
FNDA:0,(anonymous_2)
FNDA:0,(anonymous_3)
FNDA:0,(anonymous_4)
FNDA:0,(anonymous_5)
FNDA:0,(anonymous_6)
FNDA:0,(anonymous_7)
FNDA:0,(anonymous_8)
FNDA:0,(anonymous_9)
DA:10,0
DA:11,0
DA:12,0
DA:13,0
DA:14,0
DA:15,0
DA:16,0
DA:17,0
DA:18,0
DA:20,0
DA:21,0
DA:22,0
DA:23,0
DA:24,0
DA:25,0
DA:26,0
DA:27,0
DA:28,0
DA:29,0
DA:30,0
DA:32,0
DA:33,0
DA:37,0
DA:38,0
DA:39,0
DA:42,0
DA:46,0
DA:47,0
DA:49,0
DA:50,0
DA:51,0
DA:54,0
DA:55,0
DA:57,0
DA:58,0
DA:59,0
DA:61,0
DA:62,0
DA:63,0
DA:65,0
DA:66,0
DA:67,0
DA:69,0
DA:72,0
DA:73,0
DA:74,0
DA:76,0
DA:77,0
DA:79,0
DA:83,0
DA:84,0
DA:85,0
DA:86,0
DA:87,0
DA:89,0
DA:90,0
DA:92,0
DA:93,0
DA:94,0
DA:97,0
DA:98,0
DA:100,0
DA:102,0
DA:105,0
DA:107,0
DA:114,0
DA:116,0
DA:117,0
DA:120,0
DA:121,0
DA:123,0
DA:127,0
DA:128,0
DA:129,0
DA:130,0
DA:131,0
DA:133,0
DA:137,0
DA:141,0
LF:79
LH:0
BRDA:25,0,0,0
BRDA:25,0,1,0
BRDA:25,1,0,0
BRDA:25,1,1,0
BRDA:32,2,0,0
BRDA:32,2,1,0
BRDA:38,3,0,0
BRDA:38,3,1,0
BRDA:49,4,0,0
BRDA:49,4,1,0
BRDA:59,5,0,0
BRDA:59,5,1,0
BRDA:59,5,2,0
BRDA:61,6,0,0
BRDA:61,6,1,0
BRDA:63,7,0,0
BRDA:63,7,1,0
BRDA:73,8,0,0
BRDA:73,8,1,0
BRDA:76,9,0,0
BRDA:76,9,1,0
BRDA:94,10,0,0
BRDA:94,10,1,0
BRDA:98,11,0,0
BRDA:98,11,1,0
BRDA:102,12,0,0
BRDA:102,12,1,0
BRDA:102,12,2,0
BRDA:102,12,3,0
BRDA:129,13,0,0
BRDA:129,13,1,0
BRDA:129,13,2,0
BRDA:130,14,0,0
BRDA:130,14,1,0
BRDA:130,14,2,0
BRDA:131,15,0,0
BRDA:131,15,1,0
BRDA:131,15,2,0
BRDA:133,16,0,0
BRDA:133,16,1,0
BRDA:133,16,2,0
BRF:41
BRH:0
end_of_record
TN:
SF:features\partner-home\screens\PartnerHomeScreen.styles.ts
FNF:0
FNH:0
DA:4,0
LF:1
LH:0
BRF:0
BRH:0
end_of_record
TN:
SF:features\partner-home\screens\PartnerHomeScreen.tsx
FN:25,PartnerHomeScreen
FN:85,(anonymous_1)
FN:91,(anonymous_2)
FN:128,(anonymous_3)
FN:135,(anonymous_4)
FN:158,(anonymous_5)
FN:206,(anonymous_6)
FN:225,(anonymous_7)
FN:246,(anonymous_8)
FN:254,(anonymous_9)
FN:262,(anonymous_10)
FN:270,(anonymous_11)
FN:271,(anonymous_12)
FN:281,(anonymous_13)
FNF:14
FNH:0
FNDA:0,PartnerHomeScreen
FNDA:0,(anonymous_1)
FNDA:0,(anonymous_2)
FNDA:0,(anonymous_3)
FNDA:0,(anonymous_4)
FNDA:0,(anonymous_5)
FNDA:0,(anonymous_6)
FNDA:0,(anonymous_7)
FNDA:0,(anonymous_8)
FNDA:0,(anonymous_9)
FNDA:0,(anonymous_10)
FNDA:0,(anonymous_11)
FNDA:0,(anonymous_12)
FNDA:0,(anonymous_13)
DA:26,0
DA:27,0
DA:28,0
DA:29,0
DA:30,0
DA:31,0
DA:32,0
DA:35,0
DA:61,0
DA:64,0
DA:82,0
DA:85,0
DA:86,0
DA:87,0
DA:91,0
DA:92,0
DA:93,0
DA:98,0
DA:105,0
DA:125,0
DA:128,0
DA:129,0
DA:130,0
DA:131,0
DA:135,0
DA:136,0
DA:139,0
DA:159,0
DA:160,0
DA:161,0
DA:163,0
DA:164,0
DA:226,0
DA:247,0
DA:255,0
DA:263,0
DA:264,0
DA:271,0
DA:272,0
DA:278,0
DA:282,0
DA:283,0
LF:42
LH:0
BRDA:86,0,0,0
BRDA:86,0,1,0
BRDA:92,1,0,0
BRDA:92,1,1,0
BRDA:129,2,0,0
BRDA:129,2,1,0
BRDA:129,3,0,0
BRDA:129,3,1,0
BRDA:129,3,2,0
BRDA:129,3,3,0
BRDA:153,4,0,0
BRDA:153,4,1,0
BRDA:154,5,0,0
BRDA:154,5,1,0
BRDA:155,6,0,0
BRDA:155,6,1,0
BRDA:174,7,0,0
BRDA:174,7,1,0
BRDA:177,8,0,0
BRDA:177,8,1,0
BRDA:195,9,0,0
BRDA:195,9,1,0
BRDA:199,10,0,0
BRDA:199,10,1,0
BRDA:213,11,0,0
BRDA:213,11,1,0
BRDA:231,12,0,0
BRDA:231,12,1,0
BRDA:252,13,0,0
BRDA:252,13,1,0
BRDA:270,14,0,0
BRDA:270,14,1,0
BRDA:271,15,0,0
BRDA:271,15,1,0
BRDA:272,16,0,0
BRDA:272,16,1,0
BRDA:272,16,2,0
BRDA:272,16,3,0
BRDA:272,16,4,0
BRF:39
BRH:0
end_of_record
TN:
SF:features\partner-home\services\storeOperatorsApi.ts
FN:24,(anonymous_0)
FN:47,(anonymous_1)
FNF:2
FNH:0
FNDA:0,(anonymous_0)
FNDA:0,(anonymous_1)
DA:5,0
DA:19,0
DA:25,0
DA:27,0
DA:28,0
DA:32,0
DA:34,0
DA:36,0
DA:37,0
DA:39,0
DA:48,0
DA:50,0
DA:51,0
DA:54,0
DA:55,0
DA:65,0
DA:69,0
DA:71,0
DA:72,0
DA:76,0
DA:81,0
DA:82,0
LF:22
LH:0
BRDA:5,0,0,0
BRDA:5,0,1,0
BRDA:5,0,2,0
BRDA:32,1,0,0
BRDA:32,1,1,0
BRDA:36,2,0,0
BRDA:36,2,1,0
BRDA:50,3,0,0
BRDA:50,3,1,0
BRDA:69,4,0,0
BRDA:69,4,1,0
BRDA:69,4,2,0
BRDA:71,5,0,0
BRDA:71,5,1,0
BRF:14
BRH:0
end_of_record
TN:
SF:features\partners\types.ts
FNF:0
FNH:0
LF:0
LH:0
BRF:0
BRH:0
end_of_record
TN:
SF:features\partners\components\PartnerCard.tsx
FNF:0
FNH:0
LF:0
LH:0
BRF:0
BRH:0
end_of_record
TN:
SF:features\partners\components\PartnersGridView.tsx
FN:25,(anonymous_0)
FN:70,(anonymous_1)
FN:78,(anonymous_2)
FNF:3
FNH:0
FNDA:0,(anonymous_0)
FNDA:0,(anonymous_1)
FNDA:0,(anonymous_2)
DA:25,0
DA:31,0
DA:32,0
DA:33,0
DA:41,0
DA:42,0
DA:51,0
DA:52,0
DA:61,0
DA:71,0
DA:78,0
DA:117,0
LF:12
LH:0
BRDA:32,0,0,0
BRDA:32,0,1,0
BRDA:41,1,0,0
BRDA:41,1,1,0
BRDA:51,2,0,0
BRDA:51,2,1,0
BRDA:72,3,0,0
BRDA:72,3,1,0
BRDA:75,4,0,0
BRDA:75,4,1,0
BRDA:76,5,0,0
BRDA:76,5,1,0
BRDA:83,6,0,0
BRDA:83,6,1,0
BRDA:88,7,0,0
BRDA:88,7,1,0
BRDA:101,8,0,0
BRDA:101,8,1,0
BRDA:102,9,0,0
BRDA:102,9,1,0
BRDA:102,9,2,0
BRF:21
BRH:0
end_of_record
TN:
SF:features\partners\components\PartnersHeader.tsx
FN:14,(anonymous_0)
FN:49,(anonymous_1)
FN:69,(anonymous_2)
FN:89,(anonymous_3)
FNF:4
FNH:0
FNDA:0,(anonymous_0)
FNDA:0,(anonymous_1)
FNDA:0,(anonymous_2)
FNDA:0,(anonymous_3)
DA:14,0
DA:20,0
DA:50,0
DA:51,0
DA:70,0
DA:71,0
DA:90,0
DA:91,0
DA:113,0
LF:9
LH:0
BRDA:38,0,0,0
BRDA:38,0,1,0
BRDA:38,1,0,0
BRDA:38,1,1,0
BRDA:45,2,0,0
BRDA:45,2,1,0
BRDA:48,3,0,0
BRDA:48,3,1,0
BRDA:57,4,0,0
BRDA:57,4,1,0
BRDA:59,5,0,0
BRDA:59,5,1,0
BRDA:62,6,0,0
BRDA:62,6,1,0
BRDA:68,7,0,0
BRDA:68,7,1,0
BRDA:77,8,0,0
BRDA:77,8,1,0
BRDA:79,9,0,0
BRDA:79,9,1,0
BRDA:82,10,0,0
BRDA:82,10,1,0
BRDA:88,11,0,0
BRDA:88,11,1,0
BRDA:97,12,0,0
BRDA:97,12,1,0
BRDA:99,13,0,0
BRDA:99,13,1,0
BRDA:102,14,0,0
BRDA:102,14,1,0
BRF:30
BRH:0
end_of_record
TN:
SF:features\partners\components\PartnersListView.tsx
FN:25,(anonymous_0)
FN:70,(anonymous_1)
FN:74,(anonymous_2)
FNF:3
FNH:0
FNDA:0,(anonymous_0)
FNDA:0,(anonymous_1)
FNDA:0,(anonymous_2)
DA:25,0
DA:31,0
DA:32,0
DA:33,0
DA:41,0
DA:42,0
DA:51,0
DA:52,0
DA:61,0
DA:71,0
DA:74,0
DA:82,0
LF:12
LH:0
BRDA:32,0,0,0
BRDA:32,0,1,0
BRDA:41,1,0,0
BRDA:41,1,1,0
BRDA:51,2,0,0
BRDA:51,2,1,0
BRDA:72,3,0,0
BRDA:72,3,1,0
BRF:8
BRH:0
end_of_record
TN:
SF:features\partners\components\PartnersMapView.tsx
FN:32,(anonymous_0)
FN:53,(anonymous_1)
FN:58,(anonymous_2)
FN:67,(anonymous_3)
FN:78,(anonymous_4)
FN:131,(anonymous_5)
FNF:6
FNH:0
FNDA:0,(anonymous_0)
FNDA:0,(anonymous_1)
FNDA:0,(anonymous_2)
FNDA:0,(anonymous_3)
FNDA:0,(anonymous_4)
FNDA:0,(anonymous_5)
DA:32,0
DA:44,0
DA:45,0
DA:46,0
DA:50,0
DA:51,0
DA:53,0
DA:55,0
DA:58,0
DA:59,0
DA:60,0
DA:61,0
DA:65,0
DA:67,0
DA:68,0
DA:69,0
DA:78,0
DA:79,0
DA:80,0
DA:89,0
DA:90,0
DA:100,0
DA:101,0
DA:114,0
DA:132,0
DA:206,0
LF:26
LH:0
BRDA:60,0,0,0
BRDA:60,0,1,0
BRDA:60,1,0,0
BRDA:60,1,1,0
BRDA:68,2,0,0
BRDA:68,2,1,0
BRDA:79,3,0,0
BRDA:79,3,1,0
BRDA:89,4,0,0
BRDA:89,4,1,0
BRDA:100,5,0,0
BRDA:100,5,1,0
BRF:12
BRH:0
end_of_record
TN:
SF:features\partners\components\PartnersSearchSection.tsx
FN:15,(anonymous_0)
FN:22,(anonymous_1)
FN:49,(anonymous_2)
FN:60,(anonymous_3)
FN:65,(anonymous_4)
FNF:5
FNH:0
FNDA:0,(anonymous_0)
FNDA:0,(anonymous_1)
FNDA:0,(anonymous_2)
FNDA:0,(anonymous_3)
FNDA:0,(anonymous_4)
DA:15,0
DA:22,0
DA:23,0
DA:24,0
DA:25,0
DA:26,0
DA:27,0
DA:30,0
DA:49,0
DA:61,0
DA:62,0
DA:65,0
DA:102,0
LF:13
LH:0
BRDA:23,0,0,0
BRDA:23,0,1,0
BRDA:24,1,0,0
BRDA:24,1,1,0
BRDA:25,2,0,0
BRDA:25,2,1,0
BRDA:26,3,0,0
BRDA:26,3,1,0
BRDA:48,4,0,0
BRDA:48,4,1,0
BRDA:68,5,0,0
BRDA:68,5,1,0
BRF:12
BRH:0
end_of_record
TN:
SF:features\partners\hooks\usePartnerMap.ts
FN:6,(anonymous_0)
FN:18,(anonymous_1)
FN:42,(anonymous_2)
FN:58,(anonymous_3)
FN:90,(anonymous_4)
FNF:5
FNH:0
FNDA:0,(anonymous_0)
FNDA:0,(anonymous_1)
FNDA:0,(anonymous_2)
FNDA:0,(anonymous_3)
FNDA:0,(anonymous_4)
DA:6,0
DA:7,0
DA:8,0
DA:9,0
DA:10,0
DA:11,0
DA:18,0
DA:19,0
DA:20,0
DA:24,0
DA:29,0
DA:30,0
DA:35,0
DA:37,0
DA:38,0
DA:42,0
DA:43,0
DA:44,0
DA:45,0
DA:46,0
DA:47,0
DA:48,0
DA:50,0
DA:52,0
DA:53,0
DA:54,0
DA:58,0
DA:59,0
DA:60,0
DA:61,0
DA:62,0
DA:63,0
DA:64,0
DA:65,0
DA:67,0
DA:68,0
DA:69,0
DA:73,0
DA:74,0
DA:75,0
DA:78,0
DA:79,0
DA:82,0
DA:90,0
DA:91,0
DA:93,0
DA:94,0
DA:96,0
DA:100,0
LF:49
LH:0
BRDA:47,0,0,0
BRDA:47,0,1,0
BRDA:62,1,0,0
BRDA:62,1,1,0
BRDA:67,2,0,0
BRDA:67,2,1,0
BRDA:74,3,0,0
BRDA:74,3,1,0
BRDA:78,4,0,0
BRDA:78,4,1,0
BRF:10
BRH:0
end_of_record
TN:
SF:features\partners\hooks\usePartners.optimized.ts
FN:16,(anonymous_0)
FN:21,(anonymous_1)
FN:42,(anonymous_2)
FN:47,(anonymous_3)
FN:68,(anonymous_4)
FNF:5
FNH:0
FNDA:0,(anonymous_0)
FNDA:0,(anonymous_1)
FNDA:0,(anonymous_2)
FNDA:0,(anonymous_3)
FNDA:0,(anonymous_4)
DA:16,0
DA:18,0
DA:21,0
DA:22,0
DA:23,0
DA:25,0
DA:26,0
DA:27,0
DA:28,0
DA:30,0
DA:31,0
DA:32,0
DA:33,0
DA:34,0
DA:35,0
DA:37,0
DA:38,0
DA:42,0
DA:43,0
DA:47,0
DA:48,0
DA:57,0
DA:68,0
DA:69,0
DA:71,0
DA:72,0
DA:75,0
DA:76,0
DA:79,0
DA:82,0
LF:30
LH:0
BRDA:23,0,0,0
BRDA:23,0,1,0
BRDA:25,1,0,0
BRDA:25,1,1,0
BRDA:26,2,0,0
BRDA:26,2,1,0
BRDA:27,3,0,0
BRDA:27,3,1,0
BRDA:30,4,0,0
BRDA:30,4,1,0
BRDA:31,5,0,0
BRDA:31,5,1,0
BRDA:32,6,0,0
BRDA:32,6,1,0
BRDA:33,7,0,0
BRDA:33,7,1,0
BRDA:34,8,0,0
BRDA:34,8,1,0
BRDA:35,9,0,0
BRDA:35,9,1,0
BRDA:38,10,0,0
BRDA:38,10,1,0
BRDA:43,11,0,0
BRDA:43,11,1,0
BRDA:69,12,0,0
BRDA:69,12,1,0
BRDA:71,13,0,0
BRDA:71,13,1,0
BRDA:75,14,0,0
BRDA:75,14,1,0
BRDA:75,15,0,0
BRDA:75,15,1,0
BRDA:85,16,0,0
BRDA:85,16,1,0
BRF:34
BRH:0
end_of_record
TN:
SF:features\partners\hooks\usePartners.ts
FN:5,(anonymous_0)
FN:10,(anonymous_1)
FN:25,(anonymous_2)
FNF:3
FNH:0
FNDA:0,(anonymous_0)
FNDA:0,(anonymous_1)
FNDA:0,(anonymous_2)
DA:5,0
DA:6,0
DA:7,0
DA:8,0
DA:10,0
DA:11,0
DA:12,0
DA:13,0
DA:14,0
DA:15,0
DA:17,0
DA:18,0
DA:19,0
DA:21,0
DA:25,0
DA:26,0
DA:29,0
LF:17
LH:0
BRDA:14,0,0,0
BRDA:14,0,1,0
BRDA:17,1,0,0
BRDA:17,1,1,0
BRF:4
BRH:0
end_of_record
TN:
SF:features\partners\screens\PartnersScreen.tsx
FN:33,PartnersScreen
FN:63,(anonymous_1)
FN:67,(anonymous_2)
FN:70,(anonymous_3)
FN:79,(anonymous_4)
FN:94,(anonymous_5)
FN:99,(anonymous_6)
FN:110,(anonymous_7)
FN:111,(anonymous_8)
FN:113,(anonymous_9)
FN:124,(anonymous_10)
FN:135,(anonymous_11)
FN:139,(anonymous_12)
FN:143,(anonymous_13)
FN:167,(anonymous_14)
FN:195,(anonymous_15)
FN:219,(anonymous_16)
FN:297,(anonymous_17)
FN:318,(anonymous_18)
FN:326,(anonymous_19)
FN:332,(anonymous_20)
FN:338,(anonymous_21)
FN:500,(anonymous_22)
FN:518,(anonymous_23)
FN:526,(anonymous_24)
FN:527,(anonymous_25)
FN:544,(anonymous_26)
FN:574,(anonymous_27)
FN:575,(anonymous_28)
FN:641,(anonymous_29)
FNF:30
FNH:0
FNDA:0,PartnersScreen
FNDA:0,(anonymous_1)
FNDA:0,(anonymous_2)
FNDA:0,(anonymous_3)
FNDA:0,(anonymous_4)
FNDA:0,(anonymous_5)
FNDA:0,(anonymous_6)
FNDA:0,(anonymous_7)
FNDA:0,(anonymous_8)
FNDA:0,(anonymous_9)
FNDA:0,(anonymous_10)
FNDA:0,(anonymous_11)
FNDA:0,(anonymous_12)
FNDA:0,(anonymous_13)
FNDA:0,(anonymous_14)
FNDA:0,(anonymous_15)
FNDA:0,(anonymous_16)
FNDA:0,(anonymous_17)
FNDA:0,(anonymous_18)
FNDA:0,(anonymous_19)
FNDA:0,(anonymous_20)
FNDA:0,(anonymous_21)
FNDA:0,(anonymous_22)
FNDA:0,(anonymous_23)
FNDA:0,(anonymous_24)
FNDA:0,(anonymous_25)
FNDA:0,(anonymous_26)
FNDA:0,(anonymous_27)
FNDA:0,(anonymous_28)
FNDA:0,(anonymous_29)
DA:34,0
DA:35,0
DA:36,0
DA:37,0
DA:38,0
DA:39,0
DA:40,0
DA:41,0
DA:42,0
DA:43,0
DA:44,0
DA:45,0
DA:48,0
DA:49,0
DA:50,0
DA:51,0
DA:52,0
DA:60,0
DA:63,0
DA:64,0
DA:67,0
DA:68,0
DA:70,0
DA:71,0
DA:72,0
DA:73,0
DA:74,0
DA:75,0
DA:76,0
DA:78,0
DA:79,0
DA:80,0
DA:82,0
DA:83,0
DA:84,0
DA:87,0
DA:88,0
DA:93,0
DA:94,0
DA:95,0
DA:99,0
DA:100,0
DA:101,0
DA:109,0
DA:110,0
DA:111,0
DA:113,0
DA:115,0
DA:124,0
DA:125,0
DA:129,0
DA:132,0
DA:135,0
DA:136,0
DA:139,0
DA:140,0
DA:143,0
DA:145,0
DA:158,0
DA:161,0
DA:162,0
DA:167,0
DA:168,0
DA:169,0
DA:170,0
DA:174,0
DA:179,0
DA:180,0
DA:183,0
DA:189,0
DA:190,0
DA:195,0
DA:196,0
DA:197,0
DA:198,0
DA:199,0
DA:201,0
DA:202,0
DA:203,0
DA:205,0
DA:206,0
DA:213,0
DA:214,0
DA:219,0
DA:220,0
DA:222,0
DA:224,0
DA:226,0
DA:227,0
DA:228,0
DA:229,0
DA:230,0
DA:231,0
DA:233,0
DA:234,0
DA:239,0
DA:240,0
DA:245,0
DA:246,0
DA:247,0
DA:248,0
DA:249,0
DA:253,0
DA:258,0
DA:259,0
DA:262,0
DA:268,0
DA:269,0
DA:270,0
DA:271,0
DA:276,0
DA:277,0
DA:278,0
DA:281,0
DA:287,0
DA:295,0
DA:297,0
DA:298,0
DA:300,0
DA:302,0
DA:303,0
DA:304,0
DA:310,0
DA:313,0
DA:318,0
DA:319,0
DA:320,0
DA:326,0
DA:327,0
DA:328,0
DA:331,0
DA:334,0
DA:335,0
DA:339,0
DA:341,0
DA:342,0
DA:344,0
DA:346,0
DA:347,0
DA:348,0
DA:349,0
DA:377,0
DA:500,0
DA:501,0
DA:502,0
DA:503,0
DA:504,0
DA:506,0
DA:507,0
DA:508,0
DA:509,0
DA:511,0
DA:512,0
DA:514,0
DA:518,0
DA:519,0
DA:520,0
DA:521,0
DA:522,0
DA:526,0
DA:527,0
DA:528,0
DA:531,0
DA:544,0
DA:575,0
DA:576,0
DA:578,0
DA:579,0
DA:641,0
DA:955,0
LF:170
LH:0
BRDA:75,0,0,0
BRDA:75,0,1,0
BRDA:78,1,0,0
BRDA:78,1,1,0
BRDA:83,2,0,0
BRDA:83,2,1,0
BRDA:87,3,0,0
BRDA:87,3,1,0
BRDA:100,4,0,0
BRDA:100,4,1,0
BRDA:110,5,0,0
BRDA:110,5,1,0
BRDA:113,6,0,0
BRDA:113,6,1,0
BRDA:125,7,0,0
BRDA:125,7,1,0
BRDA:125,7,2,0
BRDA:129,8,0,0
BRDA:129,8,1,0
BRDA:132,9,0,0
BRDA:132,9,1,0
BRDA:161,10,0,0
BRDA:161,10,1,0
BRDA:201,11,0,0
BRDA:201,11,1,0
BRDA:227,12,0,0
BRDA:227,12,1,0
BRDA:233,13,0,0
BRDA:233,13,1,0
BRDA:246,14,0,0
BRDA:246,14,1,0
BRDA:276,15,0,0
BRDA:276,15,1,0
BRDA:303,16,0,0
BRDA:303,16,1,0
BRDA:303,17,0,0
BRDA:303,17,1,0
BRDA:319,18,0,0
BRDA:319,18,1,0
BRDA:327,19,0,0
BRDA:327,19,1,0
BRDA:335,20,0,0
BRDA:335,20,1,0
BRDA:335,20,2,0
BRDA:335,20,3,0
BRDA:341,21,0,0
BRDA:341,21,1,0
BRDA:342,22,0,0
BRDA:342,22,1,0
BRDA:344,23,0,0
BRDA:344,23,1,0
BRDA:344,24,0,0
BRDA:344,24,1,0
BRDA:346,25,0,0
[...]
DA:178,0
DA:181,0
DA:186,12
DA:187,11
DA:188,11
DA:189,11
DA:190,11
DA:193,0
DA:197,12
DA:204,1
DA:208,1
DA:216,1
DA:224,1
DA:232,1
DA:239,13
DA:246,0
DA:256,0
LF:70
LH:53
BRDA:31,0,0,5
BRDA:36,1,0,11
BRDA:42,2,0,12
BRDA:42,2,1,7
BRDA:43,3,0,12
BRDA:43,3,1,11
BRDA:55,4,0,0
BRDA:55,4,1,12
BRDA:79,5,0,0
BRDA:79,5,1,11
BRDA:84,6,0,1
BRDA:84,6,1,10
BRDA:94,7,0,0
BRDA:94,7,1,1
BRDA:102,8,0,2
BRDA:102,8,1,8
BRDA:108,9,0,7
BRDA:108,9,1,1
BRDA:108,10,0,8
BRDA:108,10,1,8
BRDA:120,11,0,0
BRDA:120,11,1,1
BRDA:120,12,0,1
BRDA:120,12,1,0
BRDA:132,13,0,0
BRDA:132,13,1,12
BRDA:132,14,0,12
BRDA:132,14,1,0
BRDA:132,14,2,0
BRDA:136,15,0,0
BRDA:136,15,1,0
BRDA:137,16,0,0
BRDA:137,16,1,0
BRDA:146,17,0,0
BRDA:146,17,1,1
BRDA:151,18,0,1
BRDA:151,18,1,0
BRDA:164,19,0,0
BRDA:171,20,0,0
BRDA:171,20,1,12
BRDA:172,21,0,0
BRDA:172,21,1,0
BRDA:176,22,0,0
BRDA:176,22,1,0
BRDA:186,23,0,11
BRDA:186,23,1,1
BRDA:186,24,0,12
BRDA:186,24,1,11
BRDA:189,25,0,11
BRDA:189,25,1,0
BRDA:211,26,0,1
BRDA:211,26,1,0
BRDA:219,27,0,1
BRDA:219,27,1,0
BRDA:227,28,0,1
BRDA:227,28,1,0
BRDA:241,29,0,0
BRDA:242,30,0,0
BRDA:249,31,0,0
BRDA:249,31,1,0
BRF:60
BRH:32
end_of_record
TN:
SF:services\shared\api.ts
FN:3,(anonymous_0)
FN:72,(anonymous_1)
FNF:2
FNH:1
FNDA:9,(anonymous_0)
FNDA:0,(anonymous_1)
DA:3,12
DA:9,9
DA:10,9
DA:13,9
DA:16,9
DA:22,9
DA:23,8
DA:24,8
DA:25,1
DA:26,1
DA:30,9
DA:35,9
DA:45,9
DA:46,1
DA:47,1
DA:48,1
DA:49,1
DA:51,0
DA:55,9
DA:56,9
DA:57,9
DA:59,9
DA:71,9
DA:72,1
DA:74,1
DA:84,1
DA:85,0
DA:93,1
DA:94,1
DA:97,8
DA:98,1
DA:99,1
DA:102,7
DA:103,7
DA:104,6
DA:106,6
DA:109,1
DA:110,1
DA:114,1
LF:39
LH:37
BRDA:5,0,0,6
BRDA:6,1,0,8
BRDA:9,2,0,9
BRDA:9,2,1,8
BRDA:22,3,0,8
BRDA:22,3,1,1
BRDA:22,4,0,9
BRDA:22,4,1,8
BRDA:25,5,0,1
BRDA:25,5,1,0
BRDA:37,6,0,9
BRDA:37,6,1,8
BRDA:39,7,0,9
BRDA:39,7,1,0
BRDA:41,8,0,1
BRDA:41,8,1,8
BRDA:41,9,0,1
BRDA:41,9,1,0
BRDA:41,10,0,0
BRDA:41,10,1,1
BRDA:45,11,0,1
BRDA:45,11,1,8
BRDA:45,12,0,9
BRDA:45,12,1,1
BRDA:71,13,0,1
BRDA:71,13,1,8
BRDA:78,14,0,1
BRDA:78,14,1,1
BRDA:84,15,0,0
BRDA:84,15,1,1
BRDA:87,16,0,0
BRDA:87,16,1,0
BRDA:97,17,0,1
BRDA:97,17,1,7
BRDA:103,18,0,6
BRDA:103,18,1,1
BRDA:103,19,0,7
BRDA:103,19,1,7
BRDA:112,20,0,0
BRDA:112,20,1,1
BRF:40
BRH:32
end_of_record
TN:
SF:services\shared\errors.ts
FN:56,(anonymous_0)
FN:80,(anonymous_1)
FN:96,(anonymous_2)
FN:130,createApiErrorFromResponse
FN:206,createApiErrorFromNetworkError
FN:249,isApiError
FN:256,isRetryableError
FNF:7
FNH:7
FNDA:16,(anonymous_0)
FNDA:1,(anonymous_1)
FNDA:2,(anonymous_2)
FNDA:4,createApiErrorFromResponse
FNDA:2,createApiErrorFromNetworkError
FNDA:4,isApiError
FNDA:4,isRetryableError
DA:63,16
DA:64,16
DA:65,16
DA:66,16
DA:67,16
DA:68,16
DA:69,16
DA:72,16
DA:73,16
DA:81,1
DA:97,2
DA:100,1
DA:102,0
DA:105,1
DA:107,0
DA:109,0
DA:111,0
DA:114,0
DA:118,0
DA:120,0
DA:122,0
DA:137,4
DA:138,4
DA:141,4
DA:143,1
DA:144,1
DA:146,1
DA:147,1
DA:149,0
DA:150,0
DA:152,1
DA:153,1
DA:155,0
DA:156,0
DA:158,0
DA:159,0
DA:161,1
DA:162,1
DA:163,1
DA:165,0
DA:166,0
DA:167,0
DA:169,0
DA:170,0
DA:171,0
DA:173,0
DA:174,0
DA:179,4
DA:180,4
DA:181,4
DA:182,1
DA:183,1
DA:191,3
DA:192,3
DA:200,4
DA:210,2
DA:212,2
DA:213,1
DA:222,1
DA:227,1
DA:237,0
DA:250,4
DA:257,4
LF:63
LH:40
BRDA:58,0,0,1
BRDA:61,1,0,8
BRDA:72,2,0,16
BRDA:72,2,1,0
BRDA:97,3,0,1
BRDA:97,3,1,1
BRDA:97,3,2,0
BRDA:97,3,3,1
BRDA:97,3,4,1
BRDA:97,3,5,0
BRDA:97,3,6,0
BRDA:97,3,7,0
BRDA:97,3,8,0
BRDA:97,3,9,0
BRDA:97,3,10,0
BRDA:97,3,11,0
BRDA:97,3,12,0
BRDA:97,3,13,0
BRDA:97,3,14,0
BRDA:114,4,0,0
BRDA:114,4,1,0
BRDA:122,5,0,0
BRDA:122,5,1,0
BRDA:138,6,0,4
BRDA:138,6,1,0
BRDA:141,7,0,1
BRDA:141,7,1,1
BRDA:141,7,2,0
BRDA:141,7,3,1
BRDA:141,7,4,0
BRDA:141,7,5,0
BRDA:141,7,6,1
BRDA:141,7,7,0
BRDA:141,7,8,0
BRDA:141,7,9,0
BRDA:173,8,0,0
BRDA:173,8,1,0
BRDA:179,9,0,4
BRDA:179,9,1,0
BRDA:182,10,0,1
BRDA:182,10,1,0
BRDA:182,10,2,0
BRDA:185,11,0,1
BRDA:185,11,1,0
BRDA:185,11,2,0
BRDA:210,12,0,2
BRDA:210,12,1,0
BRDA:212,13,0,1
BRDA:212,13,1,1
BRDA:212,14,0,2
BRDA:212,14,1,1
BRDA:222,15,0,1
BRDA:222,15,1,0
BRDA:223,16,0,1
BRDA:223,16,1,1
BRDA:223,16,2,0
BRDA:238,17,0,0
BRDA:238,17,1,0
BRDA:257,18,0,4
BRDA:257,18,1,4
BRF:60
BRH:25
end_of_record
TN:
SF:services\shared\index.ts
FNF:0
FNH:0
LF:0
LH:0
BRF:0
BRH:0
end_of_record
TN:
SF:utils\format.ts
FN:8,formatCurrency
FN:20,formatNumber
FN:30,formatDate
FN:43,formatDateTime
FN:56,formatRelativeDate
FN:97,formatDuration
FN:112,formatDistance
FN:123,formatFrenchPhone
FN:138,truncate
FN:148,capitalize
FN:156,formatPercent
FNF:11
FNH:11
FNDA:4,formatCurrency
FNDA:4,formatNumber
FNDA:4,formatDate
FNDA:1,formatDateTime
FNDA:7,formatRelativeDate
FNDA:6,formatDuration
FNDA:4,formatDistance
FNDA:3,formatFrenchPhone
FNDA:3,truncate
FNDA:3,capitalize
FNDA:2,formatPercent
DA:9,4
DA:21,4
DA:31,4
DA:32,4
DA:37,4
DA:44,1
DA:57,7
DA:58,7
DA:59,7
DA:61,7
DA:62,1
DA:65,6
DA:66,6
DA:67,1
DA:70,5
DA:71,5
DA:72,1
DA:75,4
DA:76,4
DA:77,1
DA:80,3
DA:81,3
DA:82,1
DA:85,2
DA:86,2
DA:87,1
DA:90,1
DA:91,1
DA:98,6
DA:99,2
DA:101,4
DA:102,4
DA:103,4
DA:104,2
DA:106,2
DA:113,4
DA:114,2
DA:116,2
DA:117,2
DA:124,3
DA:125,3
DA:126,1
DA:127,1
DA:129,2
DA:130,1
DA:132,1
DA:139,3
DA:140,1
DA:142,2
DA:149,3
DA:150,2
DA:157,2
LF:52
LH:52
BRDA:8,0,0,3
BRDA:20,1,0,2
BRDA:31,2,0,1
BRDA:31,2,1,3
BRDA:57,3,0,0
BRDA:57,3,1,7
BRDA:61,4,0,1
BRDA:61,4,1,6
BRDA:66,5,0,1
BRDA:66,5,1,5
BRDA:67,6,0,1
BRDA:67,6,1,0
BRDA:71,7,0,1
BRDA:71,7,1,4
BRDA:72,8,0,1
BRDA:72,8,1,0
BRDA:76,9,0,1
BRDA:76,9,1,3
BRDA:77,10,0,1
BRDA:77,10,1,0
BRDA:81,11,0,1
BRDA:81,11,1,2
BRDA:82,12,0,1
BRDA:82,12,1,0
BRDA:86,13,0,1
BRDA:86,13,1,1
BRDA:91,14,0,1
BRDA:91,14,1,0
BRDA:98,15,0,2
BRDA:98,15,1,4
BRDA:103,16,0,2
BRDA:103,16,1,2
BRDA:113,17,0,2
BRDA:113,17,1,2
BRDA:125,18,0,1
BRDA:125,18,1,2
BRDA:129,19,0,1
BRDA:129,19,1,1
BRDA:129,20,0,2
BRDA:129,20,1,1
BRDA:138,21,0,2
BRDA:139,22,0,1
BRDA:139,22,1,2
BRDA:149,23,0,1
BRDA:149,23,1,2
BRDA:156,24,0,1
BRF:46
BRH:40
end_of_record
TN:
SF:utils\helpers.ts
FN:8,delay
FN:9,(anonymous_1)
FN:15,retry
FN:42,debounce
FN:48,executedFunction
FN:49,(anonymous_5)
FN:64,throttle
FN:70,executedFunction
FN:74,(anonymous_8)
FN:82,isDefined
FN:89,defaultValue
FN:96,pickDefined
FN:109,omitNullish
FN:122,groupBy
FN:123,(anonymous_14)
FN:136,sortBy
FN:137,(anonymous_16)
FN:150,generateId
FN:159,shallowEqual
FNF:19
FNH:19
FNDA:3,delay
FNDA:3,(anonymous_1)
FNDA:3,retry
FNDA:1,debounce
FNDA:3,executedFunction
FNDA:1,(anonymous_5)
FNDA:1,throttle
FNDA:4,executedFunction
FNDA:1,(anonymous_8)
FNDA:14,isDefined
FNDA:4,defaultValue
FNDA:1,pickDefined
FNDA:1,omitNullish
FNDA:1,groupBy
FNDA:3,(anonymous_14)
FNDA:2,sortBy
FNDA:8,(anonymous_16)
FNDA:3,generateId
FNDA:9,shallowEqual
DA:9,3
DA:22,3
DA:24,3
DA:25,5
DA:26,5
DA:28,3
DA:29,3
DA:30,2
DA:31,2
DA:36,1
DA:46,1
DA:48,1
DA:49,3
DA:50,1
DA:51,1
DA:54,3
DA:55,2
DA:57,3
DA:70,1
DA:71,4
DA:72,2
DA:73,2
DA:74,2
DA:83,14
DA:90,4
DA:97,1
DA:98,1
DA:99,4
DA:100,2
DA:103,1
DA:110,1
DA:111,1
DA:112,6
DA:113,4
DA:116,1
DA:123,1
DA:124,3
DA:125,3
DA:126,2
DA:128,3
DA:129,3
DA:137,2
DA:138,8
DA:139,8
DA:141,8
DA:142,4
DA:143,0
DA:151,3
DA:152,3
DA:153,3
DA:160,9
DA:161,5
DA:162,4
DA:164,4
DA:165,4
DA:167,4
DA:169,3
DA:170,4
DA:171,2
DA:175,1
LF:60
LH:59
BRDA:17,0,0,0
BRDA:18,1,0,0
BRDA:19,2,0,3
BRDA:29,3,0,2
BRDA:29,3,1,1
BRDA:54,4,0,2
BRDA:54,4,1,1
BRDA:71,5,0,2
BRDA:71,5,1,2
BRDA:83,6,0,14
BRDA:83,6,1,11
BRDA:90,7,0,2
BRDA:90,7,1,2
BRDA:99,8,0,2
BRDA:99,8,1,2
BRDA:112,9,0,4
BRDA:112,9,1,2
BRDA:112,10,0,6
BRDA:112,10,1,5
BRDA:125,11,0,2
BRDA:125,11,1,1
BRDA:136,12,0,0
BRDA:141,13,0,4
BRDA:141,13,1,4
BRDA:141,14,0,2
BRDA:141,14,1,2
BRDA:142,15,0,4
BRDA:142,15,1,0
BRDA:142,16,0,2
BRDA:142,16,1,2
BRDA:150,17,0,2
BRDA:153,18,0,1
BRDA:153,18,1,2
BRDA:160,19,0,4
BRDA:160,19,1,5
BRDA:161,20,0,1
BRDA:161,20,1,4
BRDA:161,21,0,5
BRDA:161,21,1,4
BRDA:162,22,0,0
BRDA:162,22,1,4
BRDA:162,23,0,4
BRDA:162,23,1,4
BRDA:167,24,0,1
BRDA:167,24,1,3
BRDA:170,25,0,2
BRDA:170,25,1,2
BRDA:170,26,0,4
BRDA:170,26,1,3
BRF:49
BRH:44
end_of_record
TN:
SF:utils\index.ts
FNF:0
FNH:0
LF:0
LH:0
BRF:0
BRH:0
end_of_record
TN:
SF:utils\lazy-loading.tsx
FN:12,(anonymous_0)
FN:22,withSuspense
FN:26,SuspenseWrapper
FN:38,createLazyComponent
FNF:4
FNH:0
FNDA:0,(anonymous_0)
FNDA:0,withSuspense
FNDA:0,SuspenseWrapper
FNDA:0,createLazyComponent
DA:12,0
DA:13,0
DA:26,0
DA:27,0
DA:42,0
DA:43,0
DA:46,0
LF:7
LH:0
BRDA:12,0,0,0
BRDA:28,1,0,0
BRDA:28,1,1,0
BRF:3
BRH:0
end_of_record
TN:
SF:utils\logger.ts
FN:22,(anonymous_0)
FN:30,(anonymous_1)
FN:37,(anonymous_2)
FN:44,(anonymous_3)
FN:53,(anonymous_4)
FN:62,(anonymous_5)
FN:71,(anonymous_6)
FN:88,(anonymous_7)
FN:100,(anonymous_8)
FN:110,(anonymous_9)
FN:122,(anonymous_10)
FN:123,(anonymous_11)
FN:124,(anonymous_12)
FN:125,(anonymous_13)
FN:127,(anonymous_14)
FN:128,(anonymous_15)
FN:130,(anonymous_16)
FNF:17
FNH:17
FNDA:27,(anonymous_0)
FNDA:1,(anonymous_1)
FNDA:3,(anonymous_2)
FNDA:14,(anonymous_3)
FNDA:86,(anonymous_4)
FNDA:7,(anonymous_5)
FNDA:20,(anonymous_6)
FNDA:2,(anonymous_7)
FNDA:3,(anonymous_8)
FNDA:2,(anonymous_9)
FNDA:13,(anonymous_10)
FNDA:84,(anonymous_11)
FNDA:6,(anonymous_12)
FNDA:19,(anonymous_13)
FNDA:1,(anonymous_14)
FNDA:1,(anonymous_15)
FNDA:1,(anonymous_16)
DA:23,27
DA:24,27
DA:31,1
DA:38,3
DA:45,14
DA:46,12
DA:54,86
DA:55,83
DA:63,7
DA:64,7
DA:72,20
DA:73,19
DA:81,19
DA:89,2
DA:90,0
DA:101,3
DA:102,0
DA:103,0
DA:111,2
DA:112,2
DA:118,27
DA:121,27
DA:122,13
DA:123,84
DA:124,6
DA:125,19
DA:127,1
DA:129,1
DA:130,1
LF:29
LH:26
BRDA:23,0,0,27
BRDA:23,0,1,0
BRDA:24,1,0,27
BRDA:24,1,1,0
BRDA:45,2,0,12
BRDA:45,2,1,2
BRDA:45,3,0,14
BRDA:45,3,1,14
BRDA:46,4,0,12
BRDA:46,4,1,0
BRDA:54,5,0,83
BRDA:54,5,1,3
BRDA:54,6,0,86
BRDA:54,6,1,85
BRDA:55,7,0,83
BRDA:55,7,1,20
BRDA:63,8,0,7
BRDA:63,8,1,0
BRDA:63,9,0,7
BRDA:63,9,1,7
BRDA:64,10,0,7
BRDA:64,10,1,3
BRDA:72,11,0,19
BRDA:72,11,1,1
BRDA:72,12,0,20
BRDA:72,12,1,19
BRDA:75,13,0,14
BRDA:75,13,1,5
BRDA:89,14,0,0
BRDA:89,14,1,2
BRDA:89,15,0,2
BRDA:89,15,1,2
BRDA:101,16,0,0
BRDA:101,16,1,3
BRDA:101,17,0,3
BRDA:101,17,1,3
BRDA:102,18,0,0
BRDA:102,18,1,0
BRDA:102,19,0,0
BRDA:102,19,1,0
BRDA:111,20,0,2
BRDA:111,20,1,0
BRDA:111,21,0,2
BRDA:111,21,1,2
BRF:44
BRH:33
end_of_record
TN:
SF:utils\memoization.ts
FN:12,(anonymous_0)
FN:17,(anonymous_1)
FN:27,(anonymous_2)
FN:38,(anonymous_3)
FN:42,(anonymous_4)
FN:46,(anonymous_5)
FN:54,memoize
FN:60,(anonymous_7)
FN:76,memoizeWithTTL
FN:83,(anonymous_9)
FN:111,memoizedDebounce
FN:119,(anonymous_11)
FN:126,(anonymous_12)
FN:127,(anonymous_13)
FNF:14
FNH:0
FNDA:0,(anonymous_0)
FNDA:0,(anonymous_1)
FNDA:0,(anonymous_2)
FNDA:0,(anonymous_3)
FNDA:0,(anonymous_4)
FNDA:0,(anonymous_5)
FNDA:0,memoize
FNDA:0,(anonymous_7)
FNDA:0,memoizeWithTTL
FNDA:0,(anonymous_9)
FNDA:0,memoizedDebounce
FNDA:0,(anonymous_11)
FNDA:0,(anonymous_12)
FNDA:0,(anonymous_13)
DA:13,0
DA:14,0
DA:18,0
DA:19,0
DA:21,0
DA:22,0
DA:24,0
DA:28,0
DA:29,0
DA:30,0
DA:32,0
DA:33,0
DA:35,0
DA:39,0
DA:43,0
DA:47,0
DA:58,0
DA:60,0
DA:61,0
DA:62,0
DA:63,0
DA:64,0
DA:67,0
DA:68,0
DA:69,0
DA:81,0
DA:83,0
DA:84,0
DA:85,0
DA:87,0
DA:88,0
DA:91,0
DA:92,0
DA:95,0
DA:96,0
DA:97,0
DA:98,0
DA:99,0
DA:104,0
DA:115,0
DA:116,0
DA:117,0
DA:119,0
DA:120,0
DA:122,0
DA:123,0
DA:126,0
DA:127,0
DA:128,0
DA:129,0
DA:130,0
DA:132,0
DA:134,0
DA:135,0
DA:137,0
LF:55
LH:0
BRDA:12,0,0,0
BRDA:19,1,0,0
BRDA:19,1,1,0
BRDA:28,2,0,0
BRDA:28,2,1,0
BRDA:30,3,0,0
BRDA:30,3,1,0
BRDA:56,4,0,0
BRDA:63,5,0,0
BRDA:63,5,1,0
BRDA:78,6,0,0
BRDA:79,7,0,0
BRDA:87,8,0,0
BRDA:87,8,1,0
BRDA:87,9,0,0
BRDA:87,9,1,0
BRDA:95,10,0,0
BRDA:95,10,1,0
BRDA:98,11,0,0
BRDA:98,11,1,0
BRDA:113,12,0,0
BRDA:122,13,0,0
BRDA:122,13,1,0
BRDA:128,14,0,0
BRDA:128,14,1,0
BRDA:128,15,0,0
BRDA:128,15,1,0
BRDA:129,16,0,0
BRDA:129,16,1,0
BRF:29
BRH:0
end_of_record
TN:
SF:utils\offline-sync.ts
FN:54,(anonymous_0)
FN:60,(anonymous_1)
FN:68,(anonymous_2)
FN:90,(anonymous_3)
FN:106,(anonymous_4)
FN:146,(anonymous_5)
FN:210,(anonymous_6)
FN:241,(anonymous_7)
FN:242,(anonymous_8)
FN:248,(anonymous_9)
FN:264,(anonymous_10)
FN:275,(anonymous_11)
FN:295,(anonymous_12)
FN:318,(anonymous_13)
FN:327,(anonymous_14)
FNF:15
FNH:11
FNDA:3,(anonymous_0)
FNDA:0,(anonymous_1)
FNDA:0,(anonymous_2)
FNDA:0,(anonymous_3)
FNDA:3,(anonymous_4)
FNDA:9,(anonymous_5)
FNDA:5,(anonymous_6)
FNDA:4,(anonymous_7)
FNDA:5,(anonymous_8)
FNDA:3,(anonymous_9)
FNDA:8,(anonymous_10)
FNDA:5,(anonymous_11)
FNDA:1,(anonymous_12)
FNDA:1,(anonymous_13)
FNDA:0,(anonymous_14)
DA:11,1
DA:12,1
DA:13,1
DA:15,0
DA:18,1
DA:19,1
DA:46,1
DA:47,1
DA:48,1
DA:49,1
DA:56,3
DA:58,3
DA:60,3
DA:61,0
DA:62,0
DA:63,0
DA:68,3
DA:69,0
DA:70,0
DA:71,0
DA:72,0
DA:75,0
DA:80,3
DA:81,3
DA:82,3
DA:83,3
DA:86,0
DA:90,0
DA:91,0
DA:92,0
DA:97,3
DA:107,3
DA:115,3
DA:116,3
DA:118,3
DA:126,3
DA:127,3
DA:128,3
DA:129,3
DA:130,3
DA:133,0
DA:137,0
DA:140,3
DA:147,9
DA:148,4
DA:151,5
DA:152,5
DA:154,5
DA:155,5
DA:156,5
DA:157,5
DA:158,0
DA:159,0
DA:160,0
DA:163,0
DA:164,0
DA:165,0
DA:169,5
DA:170,5
DA:171,5
DA:173,5
DA:174,5
DA:175,5
DA:176,4
DA:177,4
DA:178,4
DA:180,1
DA:182,1
DA:183,0
DA:184,0
DA:185,0
DA:187,1
DA:196,5
DA:197,5
DA:199,5
DA:200,5
DA:211,5
DA:215,5
DA:216,0
DA:219,5
DA:221,5
DA:222,4
DA:224,0
DA:225,0
DA:227,0
DA:228,0
DA:230,0
DA:231,0
DA:233,0
DA:234,0
DA:242,5
DA:249,3
DA:250,3
DA:251,3
DA:252,3
DA:253,3
DA:256,0
DA:257,0
DA:265,8
DA:266,8
DA:268,0
DA:276,5
DA:277,5
DA:278,5
DA:282,5
DA:283,5
DA:284,5
DA:286,5
DA:288,0
DA:299,1
DA:300,1
DA:301,1
DA:302,1
DA:307,0
DA:308,0
DA:319,1
DA:320,1
DA:321,1
DA:328,0
DA:329,0
DA:330,0
DA:332,0
DA:333,0
DA:334,0
DA:340,1
LF:125
LH:80
BRDA:58,0,0,3
BRDA:58,0,1,0
BRDA:61,1,0,0
BRDA:61,1,1,0
BRDA:61,2,0,0
BRDA:61,2,1,0
BRDA:71,3,0,0
BRDA:71,3,1,0
BRDA:71,4,0,0
BRDA:71,4,1,0
BRDA:71,4,2,0
BRDA:82,5,0,3
BRDA:82,5,1,0
BRDA:82,6,0,3
BRDA:82,6,1,3
BRDA:91,7,0,0
BRDA:91,7,1,0
BRDA:91,8,0,0
BRDA:91,8,1,0
BRDA:112,9,0,3
BRDA:112,9,1,0
BRDA:126,10,0,3
BRDA:126,10,1,0
BRDA:129,11,0,3
BRDA:129,11,1,0
BRDA:147,12,0,4
BRDA:147,12,1,5
BRDA:147,13,0,9
BRDA:147,13,1,5
BRDA:154,14,0,5
BRDA:154,14,1,0
BRDA:157,15,0,0
BRDA:157,15,1,5
BRDA:182,16,0,0
BRDA:182,16,1,1
BRDA:215,17,0,0
BRDA:215,17,1,5
BRDA:219,18,0,5
BRDA:219,18,1,0
BRDA:219,18,2,0
BRDA:219,18,3,0
BRDA:219,18,4,0
BRDA:224,19,0,0
BRDA:224,19,1,0
BRDA:227,20,0,0
BRDA:227,20,1,0
BRDA:230,21,0,0
BRDA:230,21,1,0
BRDA:251,22,0,3
BRDA:251,22,1,0
BRDA:278,23,0,3
BRDA:278,23,1,2
BRDA:301,24,0,1
BRDA:301,24,1,0
BRDA:328,25,0,0
BRDA:328,25,1,0
BRDA:332,26,0,0
BRDA:332,26,1,0
BRF:58
BRH:20
end_of_record
TN:
SF:utils\performance.ts
FN:10,measurePerformance
FN:30,withPerformance
FN:34,(anonymous_2)
FN:35,(anonymous_3)
FN:42,requestIdleCallback
FN:53,cancelIdleCallback
FN:69,(anonymous_6)
FN:73,(anonymous_7)
FN:80,(anonymous_8)
FN:87,(anonymous_9)
FN:102,lazyLoad
FN:118,isMainThread
FN:131,(anonymous_12)
FN:135,(anonymous_13)
FN:136,(anonymous_14)
FN:137,(anonymous_15)
FN:150,(anonymous_16)
FN:167,(anonymous_17)
FN:169,(anonymous_18)
FNF:19
FNH:0
FNDA:0,measurePerformance
FNDA:0,withPerformance
FNDA:0,(anonymous_2)
FNDA:0,(anonymous_3)
FNDA:0,requestIdleCallback
FNDA:0,cancelIdleCallback
FNDA:0,(anonymous_6)
FNDA:0,(anonymous_7)
FNDA:0,(anonymous_8)
FNDA:0,(anonymous_9)
FNDA:0,lazyLoad
FNDA:0,isMainThread
FNDA:0,(anonymous_12)
FNDA:0,(anonymous_13)
FNDA:0,(anonymous_14)
FNDA:0,(anonymous_15)
FNDA:0,(anonymous_16)
FNDA:0,(anonymous_17)
FNDA:0,(anonymous_18)
DA:14,0
DA:15,0
DA:16,0
DA:17,0
DA:18,0
DA:19,0
DA:21,0
DA:22,0
DA:23,0
DA:34,0
DA:35,0
DA:43,0
DA:44,0
DA:47,0
DA:54,0
DA:55,0
DA:57,0
DA:65,0
DA:66,0
DA:70,0
DA:74,0
DA:76,0
DA:77,0
DA:80,0
DA:81,0
DA:82,0
DA:83,0
DA:88,0
DA:89,0
DA:90,0
DA:92,0
DA:93,0
DA:94,0
DA:103,0
DA:104,0
DA:105,0
DA:106,0
DA:107,0
DA:108,0
DA:110,0
DA:111,0
DA:120,0
DA:127,0
DA:128,0
DA:132,0
DA:136,0
DA:137,0
DA:138,0
DA:139,0
DA:140,0
DA:142,0
DA:146,0
DA:151,0
DA:152,0
DA:155,0
DA:156,0
DA:157,0
DA:158,0
DA:159,0
DA:161,0
DA:162,0
DA:168,0
DA:169,0
LF:63
LH:0
BRDA:43,0,0,0
BRDA:43,0,1,0
BRDA:43,1,0,0
BRDA:43,1,1,0
BRDA:47,2,0,0
BRDA:47,2,1,0
BRDA:54,3,0,0
BRDA:54,3,1,0
BRDA:54,4,0,0
BRDA:54,4,1,0
BRDA:69,5,0,0
BRDA:76,6,0,0
BRDA:76,6,1,0
BRDA:88,7,0,0
BRDA:88,7,1,0
BRDA:92,8,0,0
BRDA:92,8,1,0
BRDA:131,9,0,0
BRDA:151,10,0,0
BRDA:151,10,1,0
BRDA:151,11,0,0
BRDA:151,11,1,0
BRDA:157,12,0,0
BRDA:157,12,1,0
BRDA:168,13,0,0
BRDA:168,13,1,0
BRF:26
BRH:0
end_of_record
TN:
SF:utils\persistent-cache.ts
FN:35,(anonymous_0)
FN:76,(anonymous_1)
FN:105,(anonymous_2)
FN:126,(anonymous_3)
FN:151,(anonymous_4)
FN:194,(anonymous_5)
FN:206,(anonymous_6)
FN:221,(anonymous_7)
FN:225,(anonymous_8)
FN:236,(anonymous_9)
FN:248,(anonymous_10)
FN:258,(anonymous_11)
FNF:12
FNH:10
FNDA:3,(anonymous_0)
FNDA:2,(anonymous_1)
FNDA:1,(anonymous_2)
FNDA:1,(anonymous_3)
FNDA:1,(anonymous_4)
FNDA:6,(anonymous_5)
FNDA:2,(anonymous_6)
FNDA:2,(anonymous_7)
FNDA:2,(anonymous_8)
FNDA:3,(anonymous_9)
FNDA:0,(anonymous_10)
FNDA:0,(anonymous_11)
DA:9,1
DA:10,1
DA:28,1
DA:29,1
DA:30,1
DA:36,3
DA:38,3
DA:39,3
DA:40,1
DA:41,1
DA:45,2
DA:46,2
DA:48,2
DA:49,1
DA:50,1
DA:53,1
DA:56,1
DA:57,0
DA:58,0
DA:59,0
DA:63,1
DA:65,1
DA:66,1
DA:68,0
DA:69,0
DA:77,2
DA:78,2
DA:79,2
DA:87,2
DA:90,2
DA:91,2
DA:94,2
DA:96,2
DA:98,0
DA:106,1
DA:108,1
DA:111,1
DA:112,1
DA:115,1
DA:117,1
DA:119,0
DA:127,1
DA:128,1
DA:131,1
DA:132,1
DA:133,1
DA:134,3
DA:135,3
DA:140,1
DA:142,1
DA:144,0
DA:152,1
DA:153,1
DA:154,1
DA:155,0
DA:158,1
DA:159,1
DA:161,1
DA:162,2
DA:163,2
DA:165,2
DA:166,2
DA:167,2
DA:168,1
DA:169,1
DA:170,1
DA:171,1
DA:176,1
DA:177,1
DA:181,1
DA:182,1
DA:184,1
DA:186,0
DA:187,0
DA:195,6
DA:196,6
DA:197,6
DA:199,0
DA:207,2
DA:208,2
DA:209,2
DA:210,2
DA:211,2
DA:214,0
DA:222,2
DA:223,2
DA:224,2
DA:225,2
DA:226,2
DA:229,0
DA:238,3
DA:239,0
DA:240,0
DA:242,3
DA:249,0
DA:254,1
DA:257,1
DA:258,1
DA:259,0
LF:99
LH:81
BRDA:39,0,0,1
BRDA:39,0,1,2
BRDA:39,1,0,3
BRDA:39,1,1,1
BRDA:48,2,0,1
BRDA:48,2,1,1
BRDA:56,3,0,0
BRDA:56,3,1,1
BRDA:78,4,0,2
BRDA:78,4,1,1
BRDA:132,5,0,1
BRDA:132,5,1,0
BRDA:154,6,0,0
BRDA:154,6,1,1
BRDA:165,7,0,2
BRDA:165,7,1,0
BRDA:167,8,0,1
BRDA:167,8,1,1
BRDA:176,9,0,1
BRDA:176,9,1,0
BRDA:197,10,0,3
BRDA:197,10,1,3
BRDA:208,11,0,2
BRDA:208,11,1,0
BRDA:209,12,0,2
BRDA:209,12,1,0
BRDA:224,13,0,2
BRDA:224,13,1,0
BRDA:238,14,0,0
BRDA:238,14,1,3
BRDA:257,15,0,1
BRDA:257,15,1,0
BRF:32
BRH:22
end_of_record
TN:
SF:utils\responsive.ts
FN:14,(anonymous_0)
FN:24,(anonymous_1)
FN:35,(anonymous_2)
FN:45,(anonymous_3)
FN:61,(anonymous_4)
FN:70,(anonymous_5)
FN:77,(anonymous_6)
FN:88,(anonymous_7)
FN:95,(anonymous_8)
FN:102,(anonymous_9)
FN:113,(anonymous_10)
FN:124,(anonymous_11)
FN:133,(anonymous_12)
FNF:13
FNH:0
FNDA:0,(anonymous_0)
FNDA:0,(anonymous_1)
FNDA:0,(anonymous_2)
FNDA:0,(anonymous_3)
FNDA:0,(anonymous_4)
FNDA:0,(anonymous_5)
FNDA:0,(anonymous_6)
FNDA:0,(anonymous_7)
FNDA:0,(anonymous_8)
FNDA:0,(anonymous_9)
FNDA:0,(anonymous_10)
FNDA:0,(anonymous_11)
FNDA:0,(anonymous_12)
DA:3,0
DA:6,0
DA:7,0
DA:14,0
DA:15,0
DA:16,0
DA:24,0
DA:25,0
DA:26,0
DA:35,0
DA:36,0
DA:37,0
DA:45,0
DA:46,0
DA:47,0
DA:50,0
DA:51,0
DA:53,0
DA:61,0
DA:62,0
DA:70,0
DA:71,0
DA:77,0
DA:78,0
DA:79,0
DA:88,0
DA:89,0
DA:95,0
DA:96,0
DA:102,0
DA:113,0
DA:114,0
DA:115,0
DA:116,0
DA:124,0
DA:125,0
DA:133,0
DA:134,0
LF:38
LH:0
BRDA:50,0,0,0
BRDA:50,0,1,0
BRDA:80,1,0,0
BRDA:80,1,1,0
BRDA:80,1,2,0
BRDA:80,1,3,0
BRF:6
BRH:0
end_of_record
TN:
SF:utils\validation.ts
FN:8,isValidEmail
FN:16,isValidPassword
FN:28,isValidFrenchPhone
FN:39,isValidDate
FN:47,isPastDate
FN:57,isFutureDate
FN:67,isNotEmpty
FN:74,isInRange
FN:81,isValidUrl
FN:93,isValidFrenchPostalCode
FNF:10
FNH:10
FNDA:8,isValidEmail
FNDA:6,isValidPassword
FNDA:8,isValidFrenchPhone
FNDA:10,isValidDate
FNDA:3,isPastDate
FNDA:3,isFutureDate
FNDA:6,isNotEmpty
FNDA:5,isInRange
FNDA:5,isValidUrl
FNDA:5,isValidFrenchPostalCode
DA:9,8
DA:10,8
DA:17,6
DA:18,6
DA:19,6
DA:20,6
DA:22,6
DA:30,8
DA:32,8
DA:33,8
DA:40,10
DA:41,10
DA:48,3
DA:49,2
DA:50,2
DA:51,2
DA:58,3
DA:59,2
DA:60,2
DA:61,2
DA:68,6
DA:75,5
DA:82,5
DA:83,5
DA:84,3
DA:86,2
DA:94,5
DA:95,5
DA:101,1
LF:29
LH:29
BRDA:22,0,0,6
BRDA:22,0,1,5
BRDA:22,0,2,4
BRDA:22,0,3,3
BRDA:41,1,0,10
BRDA:41,1,1,10
BRDA:48,2,0,1
BRDA:48,2,1,2
BRDA:58,3,0,1
BRDA:58,3,1,2
BRDA:68,4,0,6
BRDA:68,4,1,5
BRDA:68,4,2,4
BRDA:75,5,0,5
BRDA:75,5,1,4
BRF:15
BRH:15
end_of_record
